
===========================================================================
report_checks -path_delay min (Hold)
============================================================================
======================= Fastest Corner ===================================

Startpoint: _18_ (rising edge-triggered flip-flop clocked by core_clock)
Endpoint: _19_ (rising edge-triggered flip-flop clocked by core_clock)
Path Group: core_clock
Path Type: min
Corner: Fastest

Fanout     Cap    Slew   Delay    Time   Description
-----------------------------------------------------------------------------
                          0.00    0.00   clock core_clock (rise edge)
                          0.00    0.00   clock source latency
     1    0.01    0.00    0.00    0.00 ^ clk (in)
                                         clk (net)
                  0.00    0.00    0.00 ^ clkbuf_0_clk/A (sky130_fd_sc_hd__clkbuf_16)
     2    0.02    0.03    0.08    0.08 ^ clkbuf_0_clk/X (sky130_fd_sc_hd__clkbuf_16)
                                         clknet_0_clk (net)
                  0.03    0.00    0.08 ^ clkbuf_1_1__f_clk/A (sky130_fd_sc_hd__clkbuf_16)
     2    0.01    0.02    0.07    0.15 ^ clkbuf_1_1__f_clk/X (sky130_fd_sc_hd__clkbuf_16)
                                         clknet_1_1__leaf_clk (net)
                  0.02    0.00    0.15 ^ _18_/CLK (sky130_fd_sc_hd__dfrtp_2)
     6    0.02    0.09    0.26    0.41 ^ _18_/Q (sky130_fd_sc_hd__dfrtp_2)
                                         net2 (net)
                  0.09    0.00    0.41 ^ _12_/A (sky130_fd_sc_hd__xor2_1)
     1    0.00    0.02    0.04    0.46 v _12_/X (sky130_fd_sc_hd__xor2_1)
                                         _01_ (net)
                  0.02    0.00    0.46 v _19_/D (sky130_fd_sc_hd__dfrtp_1)
                                  0.46   data arrival time

                          0.00    0.00   clock core_clock (rise edge)
                          0.00    0.00   clock source latency
     1    0.01    0.00    0.00    0.00 ^ clk (in)
                                         clk (net)
                  0.00    0.00    0.00 ^ clkbuf_0_clk/A (sky130_fd_sc_hd__clkbuf_16)
     2    0.02    0.03    0.08    0.08 ^ clkbuf_0_clk/X (sky130_fd_sc_hd__clkbuf_16)
                                         clknet_0_clk (net)
                  0.03    0.00    0.08 ^ clkbuf_1_1__f_clk/A (sky130_fd_sc_hd__clkbuf_16)
     2    0.01    0.02    0.07    0.15 ^ clkbuf_1_1__f_clk/X (sky130_fd_sc_hd__clkbuf_16)
                                         clknet_1_1__leaf_clk (net)
                  0.02    0.00    0.15 ^ _19_/CLK (sky130_fd_sc_hd__dfrtp_1)
                          0.00    0.15   clock reconvergence pessimism
                         -0.03    0.12   library hold time
                                  0.12   data required time
-----------------------------------------------------------------------------
                                  0.12   data required time
                                 -0.46   data arrival time
-----------------------------------------------------------------------------
                                  0.34   slack (MET)


Startpoint: _21_ (rising edge-triggered flip-flop clocked by core_clock)
Endpoint: _21_ (rising edge-triggered flip-flop clocked by core_clock)
Path Group: core_clock
Path Type: min
Corner: Fastest

Fanout     Cap    Slew   Delay    Time   Description
-----------------------------------------------------------------------------
                          0.00    0.00   clock core_clock (rise edge)
                          0.00    0.00   clock source latency
     1    0.01    0.00    0.00    0.00 ^ clk (in)
                                         clk (net)
                  0.00    0.00    0.00 ^ clkbuf_0_clk/A (sky130_fd_sc_hd__clkbuf_16)
     2    0.02    0.03    0.08    0.08 ^ clkbuf_0_clk/X (sky130_fd_sc_hd__clkbuf_16)
                                         clknet_0_clk (net)
                  0.03    0.00    0.08 ^ clkbuf_1_0__f_clk/A (sky130_fd_sc_hd__clkbuf_16)
     3    0.01    0.02    0.08    0.15 ^ clkbuf_1_0__f_clk/X (sky130_fd_sc_hd__clkbuf_16)
                                         clknet_1_0__leaf_clk (net)
                  0.02    0.00    0.15 ^ _21_/CLK (sky130_fd_sc_hd__dfrtp_1)
     3    0.02    0.12    0.26    0.41 ^ _21_/Q (sky130_fd_sc_hd__dfrtp_1)
                                         net5 (net)
                  0.12    0.00    0.41 ^ _17_/A (sky130_fd_sc_hd__xnor2_1)
     1    0.00    0.03    0.05    0.47 v _17_/Y (sky130_fd_sc_hd__xnor2_1)
                                         _03_ (net)
                  0.03    0.00    0.47 v _21_/D (sky130_fd_sc_hd__dfrtp_1)
                                  0.47   data arrival time

                          0.00    0.00   clock core_clock (rise edge)
                          0.00    0.00   clock source latency
     1    0.01    0.00    0.00    0.00 ^ clk (in)
                                         clk (net)
                  0.00    0.00    0.00 ^ clkbuf_0_clk/A (sky130_fd_sc_hd__clkbuf_16)
     2    0.02    0.03    0.08    0.08 ^ clkbuf_0_clk/X (sky130_fd_sc_hd__clkbuf_16)
                                         clknet_0_clk (net)
                  0.03    0.00    0.08 ^ clkbuf_1_0__f_clk/A (sky130_fd_sc_hd__clkbuf_16)
     3    0.01    0.02    0.08    0.15 ^ clkbuf_1_0__f_clk/X (sky130_fd_sc_hd__clkbuf_16)
                                         clknet_1_0__leaf_clk (net)
                  0.02    0.00    0.15 ^ _21_/CLK (sky130_fd_sc_hd__dfrtp_1)
                          0.00    0.15   clock reconvergence pessimism
                         -0.03    0.12   library hold time
                                  0.12   data required time
-----------------------------------------------------------------------------
                                  0.12   data required time
                                 -0.47   data arrival time
-----------------------------------------------------------------------------
                                  0.35   slack (MET)


Startpoint: _18_ (rising edge-triggered flip-flop clocked by core_clock)
Endpoint: _18_ (rising edge-triggered flip-flop clocked by core_clock)
Path Group: core_clock
Path Type: min
Corner: Fastest

Fanout     Cap    Slew   Delay    Time   Description
-----------------------------------------------------------------------------
                          0.00    0.00   clock core_clock (rise edge)
                          0.00    0.00   clock source latency
     1    0.01    0.00    0.00    0.00 ^ clk (in)
                                         clk (net)
                  0.00    0.00    0.00 ^ clkbuf_0_clk/A (sky130_fd_sc_hd__clkbuf_16)
     2    0.02    0.03    0.08    0.08 ^ clkbuf_0_clk/X (sky130_fd_sc_hd__clkbuf_16)
                                         clknet_0_clk (net)
                  0.03    0.00    0.08 ^ clkbuf_1_1__f_clk/A (sky130_fd_sc_hd__clkbuf_16)
     2    0.01    0.02    0.07    0.15 ^ clkbuf_1_1__f_clk/X (sky130_fd_sc_hd__clkbuf_16)
                                         clknet_1_1__leaf_clk (net)
                  0.02    0.00    0.15 ^ _18_/CLK (sky130_fd_sc_hd__dfrtp_2)
     6    0.02    0.09    0.26    0.41 ^ _18_/Q (sky130_fd_sc_hd__dfrtp_2)
                                         net2 (net)
                  0.09    0.00    0.41 ^ _10_/A_N (sky130_fd_sc_hd__and2b_1)
     1    0.01    0.03    0.12    0.54 v _10_/X (sky130_fd_sc_hd__and2b_1)
                                         _04_ (net)
                  0.03    0.00    0.54 v _11_/A (sky130_fd_sc_hd__clkbuf_1)
     1    0.00    0.02    0.06    0.59 v _11_/X (sky130_fd_sc_hd__clkbuf_1)
                                         _00_ (net)
                  0.02    0.00    0.59 v _18_/D (sky130_fd_sc_hd__dfrtp_2)
                                  0.59   data arrival time

                          0.00    0.00   clock core_clock (rise edge)
                          0.00    0.00   clock source latency
     1    0.01    0.00    0.00    0.00 ^ clk (in)
                                         clk (net)
                  0.00    0.00    0.00 ^ clkbuf_0_clk/A (sky130_fd_sc_hd__clkbuf_16)
     2    0.02    0.03    0.08    0.08 ^ clkbuf_0_clk/X (sky130_fd_sc_hd__clkbuf_16)
                                         clknet_0_clk (net)
                  0.03    0.00    0.08 ^ clkbuf_1_1__f_clk/A (sky130_fd_sc_hd__clkbuf_16)
     2    0.01    0.02    0.07    0.15 ^ clkbuf_1_1__f_clk/X (sky130_fd_sc_hd__clkbuf_16)
                                         clknet_1_1__leaf_clk (net)
                  0.02    0.00    0.15 ^ _18_/CLK (sky130_fd_sc_hd__dfrtp_2)
                          0.00    0.15   clock reconvergence pessimism
                         -0.03    0.13   library hold time
                                  0.13   data required time
-----------------------------------------------------------------------------
                                  0.13   data required time
                                 -0.59   data arrival time
-----------------------------------------------------------------------------
                                  0.47   slack (MET)


Startpoint: _20_ (rising edge-triggered flip-flop clocked by core_clock)
Endpoint: _20_ (rising edge-triggered flip-flop clocked by core_clock)
Path Group: core_clock
Path Type: min
Corner: Fastest

Fanout     Cap    Slew   Delay    Time   Description
-----------------------------------------------------------------------------
                          0.00    0.00   clock core_clock (rise edge)
                          0.00    0.00   clock source latency
     1    0.01    0.00    0.00    0.00 ^ clk (in)
                                         clk (net)
                  0.00    0.00    0.00 ^ clkbuf_0_clk/A (sky130_fd_sc_hd__clkbuf_16)
     2    0.02    0.03    0.08    0.08 ^ clkbuf_0_clk/X (sky130_fd_sc_hd__clkbuf_16)
                                         clknet_0_clk (net)
                  0.03    0.00    0.08 ^ clkbuf_1_0__f_clk/A (sky130_fd_sc_hd__clkbuf_16)
     3    0.01    0.02    0.08    0.15 ^ clkbuf_1_0__f_clk/X (sky130_fd_sc_hd__clkbuf_16)
                                         clknet_1_0__leaf_clk (net)
                  0.02    0.00    0.15 ^ _20_/CLK (sky130_fd_sc_hd__dfrtp_1)
     4    0.02    0.11    0.25    0.41 ^ _20_/Q (sky130_fd_sc_hd__dfrtp_1)
                                         net4 (net)
                  0.11    0.00    0.41 ^ _14_/B1 (sky130_fd_sc_hd__a21o_1)
     1    0.01    0.05    0.07    0.48 ^ _14_/X (sky130_fd_sc_hd__a21o_1)
                                         _06_ (net)
                  0.05    0.00    0.48 ^ _15_/C (sky130_fd_sc_hd__and3_1)
     1    0.01    0.06    0.12    0.59 ^ _15_/X (sky130_fd_sc_hd__and3_1)
                                         _07_ (net)
                  0.06    0.00    0.59 ^ _16_/A (sky130_fd_sc_hd__clkbuf_1)
     1    0.00    0.05    0.07    0.66 ^ _16_/X (sky130_fd_sc_hd__clkbuf_1)
                                         _02_ (net)
                  0.05    0.00    0.66 ^ _20_/D (sky130_fd_sc_hd__dfrtp_1)
                                  0.66   data arrival time

                          0.00    0.00   clock core_clock (rise edge)
                          0.00    0.00   clock source latency
     1    0.01    0.00    0.00    0.00 ^ clk (in)
                                         clk (net)
                  0.00    0.00    0.00 ^ clkbuf_0_clk/A (sky130_fd_sc_hd__clkbuf_16)
     2    0.02    0.03    0.08    0.08 ^ clkbuf_0_clk/X (sky130_fd_sc_hd__clkbuf_16)
                                         clknet_0_clk (net)
                  0.03    0.00    0.08 ^ clkbuf_1_0__f_clk/A (sky130_fd_sc_hd__clkbuf_16)
     3    0.01    0.02    0.08    0.15 ^ clkbuf_1_0__f_clk/X (sky130_fd_sc_hd__clkbuf_16)
                                         clknet_1_0__leaf_clk (net)
                  0.02    0.00    0.15 ^ _20_/CLK (sky130_fd_sc_hd__dfrtp_1)
                          0.00    0.15   clock reconvergence pessimism
                         -0.02    0.13   library hold time
                                  0.13   data required time
-----------------------------------------------------------------------------
                                  0.13   data required time
                                 -0.66   data arrival time
-----------------------------------------------------------------------------
                                  0.53   slack (MET)



worst slack corner Fastest: 0.3370
======================= Slowest Corner ===================================

Startpoint: _18_ (rising edge-triggered flip-flop clocked by core_clock)
Endpoint: _19_ (rising edge-triggered flip-flop clocked by core_clock)
Path Group: core_clock
Path Type: min
Corner: Slowest

Fanout     Cap    Slew   Delay    Time   Description
-----------------------------------------------------------------------------
                          0.00    0.00   clock core_clock (rise edge)
                          0.00    0.00   clock source latency
     1    0.01    0.00    0.00    0.00 ^ clk (in)
                                         clk (net)
                  0.00    0.00    0.00 ^ clkbuf_0_clk/A (sky130_fd_sc_hd__clkbuf_16)
     2    0.02    0.07    0.19    0.19 ^ clkbuf_0_clk/X (sky130_fd_sc_hd__clkbuf_16)
                                         clknet_0_clk (net)
                  0.07    0.00    0.19 ^ clkbuf_1_1__f_clk/A (sky130_fd_sc_hd__clkbuf_16)
     2    0.01    0.05    0.20    0.39 ^ clkbuf_1_1__f_clk/X (sky130_fd_sc_hd__clkbuf_16)
                                         clknet_1_1__leaf_clk (net)
                  0.05    0.00    0.39 ^ _18_/CLK (sky130_fd_sc_hd__dfrtp_2)
     6    0.02    0.20    0.80    1.19 ^ _18_/Q (sky130_fd_sc_hd__dfrtp_2)
                                         net2 (net)
                  0.20    0.00    1.19 ^ _12_/A (sky130_fd_sc_hd__xor2_1)
     1    0.00    0.06    0.17    1.37 v _12_/X (sky130_fd_sc_hd__xor2_1)
                                         _01_ (net)
                  0.06    0.00    1.37 v _19_/D (sky130_fd_sc_hd__dfrtp_1)
                                  1.37   data arrival time

                          0.00    0.00   clock core_clock (rise edge)
                          0.00    0.00   clock source latency
     1    0.01    0.00    0.00    0.00 ^ clk (in)
                                         clk (net)
                  0.00    0.00    0.00 ^ clkbuf_0_clk/A (sky130_fd_sc_hd__clkbuf_16)
     2    0.02    0.07    0.19    0.19 ^ clkbuf_0_clk/X (sky130_fd_sc_hd__clkbuf_16)
                                         clknet_0_clk (net)
                  0.07    0.00    0.19 ^ clkbuf_1_1__f_clk/A (sky130_fd_sc_hd__clkbuf_16)
     2    0.01    0.05    0.20    0.39 ^ clkbuf_1_1__f_clk/X (sky130_fd_sc_hd__clkbuf_16)
                                         clknet_1_1__leaf_clk (net)
                  0.05    0.00    0.39 ^ _19_/CLK (sky130_fd_sc_hd__dfrtp_1)
                          0.00    0.39   clock reconvergence pessimism
                         -0.10    0.29   library hold time
                                  0.29   data required time
-----------------------------------------------------------------------------
                                  0.29   data required time
                                 -1.37   data arrival time
-----------------------------------------------------------------------------
                                  1.08   slack (MET)


Startpoint: _21_ (rising edge-triggered flip-flop clocked by core_clock)
Endpoint: _21_ (rising edge-triggered flip-flop clocked by core_clock)
Path Group: core_clock
Path Type: min
Corner: Slowest

Fanout     Cap    Slew   Delay    Time   Description
-----------------------------------------------------------------------------
                          0.00    0.00   clock core_clock (rise edge)
                          0.00    0.00   clock source latency
     1    0.01    0.00    0.00    0.00 ^ clk (in)
                                         clk (net)
                  0.00    0.00    0.00 ^ clkbuf_0_clk/A (sky130_fd_sc_hd__clkbuf_16)
     2    0.02    0.07    0.19    0.19 ^ clkbuf_0_clk/X (sky130_fd_sc_hd__clkbuf_16)
                                         clknet_0_clk (net)
                  0.07    0.00    0.19 ^ clkbuf_1_0__f_clk/A (sky130_fd_sc_hd__clkbuf_16)
     3    0.01    0.05    0.20    0.39 ^ clkbuf_1_0__f_clk/X (sky130_fd_sc_hd__clkbuf_16)
                                         clknet_1_0__leaf_clk (net)
                  0.05    0.00    0.39 ^ _21_/CLK (sky130_fd_sc_hd__dfrtp_1)
     3    0.02    0.24    0.77    1.16 ^ _21_/Q (sky130_fd_sc_hd__dfrtp_1)
                                         net5 (net)
                  0.24    0.00    1.17 ^ _17_/A (sky130_fd_sc_hd__xnor2_1)
     1    0.00    0.09    0.21    1.38 v _17_/Y (sky130_fd_sc_hd__xnor2_1)
                                         _03_ (net)
                  0.09    0.00    1.38 v _21_/D (sky130_fd_sc_hd__dfrtp_1)
                                  1.38   data arrival time

                          0.00    0.00   clock core_clock (rise edge)
                          0.00    0.00   clock source latency
     1    0.01    0.00    0.00    0.00 ^ clk (in)
                                         clk (net)
                  0.00    0.00    0.00 ^ clkbuf_0_clk/A (sky130_fd_sc_hd__clkbuf_16)
     2    0.02    0.07    0.19    0.19 ^ clkbuf_0_clk/X (sky130_fd_sc_hd__clkbuf_16)
                                         clknet_0_clk (net)
                  0.07    0.00    0.19 ^ clkbuf_1_0__f_clk/A (sky130_fd_sc_hd__clkbuf_16)
     3    0.01    0.05    0.20    0.39 ^ clkbuf_1_0__f_clk/X (sky130_fd_sc_hd__clkbuf_16)
                                         clknet_1_0__leaf_clk (net)
                  0.05    0.00    0.39 ^ _21_/CLK (sky130_fd_sc_hd__dfrtp_1)
                          0.00    0.39   clock reconvergence pessimism
                         -0.11    0.29   library hold time
                                  0.29   data required time
-----------------------------------------------------------------------------
                                  0.29   data required time
                                 -1.38   data arrival time
-----------------------------------------------------------------------------
                                  1.09   slack (MET)


Startpoint: _18_ (rising edge-triggered flip-flop clocked by core_clock)
Endpoint: _18_ (rising edge-triggered flip-flop clocked by core_clock)
Path Group: core_clock
Path Type: min
Corner: Slowest

Fanout     Cap    Slew   Delay    Time   Description
-----------------------------------------------------------------------------
                          0.00    0.00   clock core_clock (rise edge)
                          0.00    0.00   clock source latency
     1    0.01    0.00    0.00    0.00 ^ clk (in)
                                         clk (net)
                  0.00    0.00    0.00 ^ clkbuf_0_clk/A (sky130_fd_sc_hd__clkbuf_16)
     2    0.02    0.07    0.19    0.19 ^ clkbuf_0_clk/X (sky130_fd_sc_hd__clkbuf_16)
                                         clknet_0_clk (net)
                  0.07    0.00    0.19 ^ clkbuf_1_1__f_clk/A (sky130_fd_sc_hd__clkbuf_16)
     2    0.01    0.05    0.20    0.39 ^ clkbuf_1_1__f_clk/X (sky130_fd_sc_hd__clkbuf_16)
                                         clknet_1_1__leaf_clk (net)
                  0.05    0.00    0.39 ^ _18_/CLK (sky130_fd_sc_hd__dfrtp_2)
     6    0.02    0.20    0.80    1.19 ^ _18_/Q (sky130_fd_sc_hd__dfrtp_2)
                                         net2 (net)
                  0.20    0.00    1.19 ^ _10_/A_N (sky130_fd_sc_hd__and2b_1)
     1    0.00    0.08    0.43    1.63 v _10_/X (sky130_fd_sc_hd__and2b_1)
                                         _04_ (net)
                  0.08    0.00    1.63 v _11_/A (sky130_fd_sc_hd__clkbuf_1)
     1    0.00    0.05    0.17    1.80 v _11_/X (sky130_fd_sc_hd__clkbuf_1)
                                         _00_ (net)
                  0.05    0.00    1.80 v _18_/D (sky130_fd_sc_hd__dfrtp_2)
                                  1.80   data arrival time

                          0.00    0.00   clock core_clock (rise edge)
                          0.00    0.00   clock source latency
     1    0.01    0.00    0.00    0.00 ^ clk (in)
                                         clk (net)
                  0.00    0.00    0.00 ^ clkbuf_0_clk/A (sky130_fd_sc_hd__clkbuf_16)
     2    0.02    0.07    0.19    0.19 ^ clkbuf_0_clk/X (sky130_fd_sc_hd__clkbuf_16)
                                         clknet_0_clk (net)
                  0.07    0.00    0.19 ^ clkbuf_1_1__f_clk/A (sky130_fd_sc_hd__clkbuf_16)
     2    0.01    0.05    0.20    0.39 ^ clkbuf_1_1__f_clk/X (sky130_fd_sc_hd__clkbuf_16)
                                         clknet_1_1__leaf_clk (net)
                  0.05    0.00    0.39 ^ _18_/CLK (sky130_fd_sc_hd__dfrtp_2)
                          0.00    0.39   clock reconvergence pessimism
                         -0.09    0.30   library hold time
                                  0.30   data required time
-----------------------------------------------------------------------------
                                  0.30   data required time
                                 -1.80   data arrival time
-----------------------------------------------------------------------------
                                  1.49   slack (MET)


Startpoint: _20_ (rising edge-triggered flip-flop clocked by core_clock)
Endpoint: _20_ (rising edge-triggered flip-flop clocked by core_clock)
Path Group: core_clock
Path Type: min
Corner: Slowest

Fanout     Cap    Slew   Delay    Time   Description
-----------------------------------------------------------------------------
                          0.00    0.00   clock core_clock (rise edge)
                          0.00    0.00   clock source latency
     1    0.01    0.00    0.00    0.00 ^ clk (in)
                                         clk (net)
                  0.00    0.00    0.00 ^ clkbuf_0_clk/A (sky130_fd_sc_hd__clkbuf_16)
     2    0.02    0.07    0.19    0.19 ^ clkbuf_0_clk/X (sky130_fd_sc_hd__clkbuf_16)
                                         clknet_0_clk (net)
                  0.07    0.00    0.19 ^ clkbuf_1_0__f_clk/A (sky130_fd_sc_hd__clkbuf_16)
     3    0.01    0.05    0.20    0.39 ^ clkbuf_1_0__f_clk/X (sky130_fd_sc_hd__clkbuf_16)
                                         clknet_1_0__leaf_clk (net)
                  0.05    0.00    0.39 ^ _20_/CLK (sky130_fd_sc_hd__dfrtp_1)
     4    0.01    0.22    0.76    1.15 ^ _20_/Q (sky130_fd_sc_hd__dfrtp_1)
                                         net4 (net)
                  0.22    0.00    1.15 ^ _14_/B1 (sky130_fd_sc_hd__a21o_1)
     1    0.01    0.10    0.24    1.39 ^ _14_/X (sky130_fd_sc_hd__a21o_1)
                                         _06_ (net)
                  0.10    0.00    1.39 ^ _15_/C (sky130_fd_sc_hd__and3_1)
     1    0.01    0.15    0.37    1.76 ^ _15_/X (sky130_fd_sc_hd__and3_1)
                                         _07_ (net)
                  0.15    0.00    1.76 ^ _16_/A (sky130_fd_sc_hd__clkbuf_1)
     1    0.00    0.10    0.20    1.96 ^ _16_/X (sky130_fd_sc_hd__clkbuf_1)
                                         _02_ (net)
                  0.10    0.00    1.96 ^ _20_/D (sky130_fd_sc_hd__dfrtp_1)
                                  1.96   data arrival time

                          0.00    0.00   clock core_clock (rise edge)
                          0.00    0.00   clock source latency
     1    0.01    0.00    0.00    0.00 ^ clk (in)
                                         clk (net)
                  0.00    0.00    0.00 ^ clkbuf_0_clk/A (sky130_fd_sc_hd__clkbuf_16)
     2    0.02    0.07    0.19    0.19 ^ clkbuf_0_clk/X (sky130_fd_sc_hd__clkbuf_16)
                                         clknet_0_clk (net)
                  0.07    0.00    0.19 ^ clkbuf_1_0__f_clk/A (sky130_fd_sc_hd__clkbuf_16)
     3    0.01    0.05    0.20    0.39 ^ clkbuf_1_0__f_clk/X (sky130_fd_sc_hd__clkbuf_16)
                                         clknet_1_0__leaf_clk (net)
                  0.05    0.00    0.39 ^ _20_/CLK (sky130_fd_sc_hd__dfrtp_1)
                          0.00    0.39   clock reconvergence pessimism
                         -0.09    0.31   library hold time
                                  0.31   data required time
-----------------------------------------------------------------------------
                                  0.31   data required time
                                 -1.96   data arrival time
-----------------------------------------------------------------------------
                                  1.65   slack (MET)



worst slack corner Slowest: 1.0782
======================= Typical Corner ===================================

Startpoint: _18_ (rising edge-triggered flip-flop clocked by core_clock)
Endpoint: _19_ (rising edge-triggered flip-flop clocked by core_clock)
Path Group: core_clock
Path Type: min
Corner: Typical

Fanout     Cap    Slew   Delay    Time   Description
-----------------------------------------------------------------------------
                          0.00    0.00   clock core_clock (rise edge)
                          0.00    0.00   clock source latency
     1    0.01    0.00    0.00    0.00 ^ clk (in)
                                         clk (net)
                  0.00    0.00    0.00 ^ clkbuf_0_clk/A (sky130_fd_sc_hd__clkbuf_16)
     2    0.02    0.04    0.11    0.11 ^ clkbuf_0_clk/X (sky130_fd_sc_hd__clkbuf_16)
                                         clknet_0_clk (net)
                  0.04    0.00    0.11 ^ clkbuf_1_1__f_clk/A (sky130_fd_sc_hd__clkbuf_16)
     2    0.01    0.03    0.11    0.22 ^ clkbuf_1_1__f_clk/X (sky130_fd_sc_hd__clkbuf_16)
                                         clknet_1_1__leaf_clk (net)
                  0.03    0.00    0.22 ^ _18_/CLK (sky130_fd_sc_hd__dfrtp_2)
     6    0.02    0.13    0.41    0.63 ^ _18_/Q (sky130_fd_sc_hd__dfrtp_2)
                                         net2 (net)
                  0.13    0.00    0.63 ^ _12_/A (sky130_fd_sc_hd__xor2_1)
     1    0.00    0.04    0.08    0.71 v _12_/X (sky130_fd_sc_hd__xor2_1)
                                         _01_ (net)
                  0.04    0.00    0.71 v _19_/D (sky130_fd_sc_hd__dfrtp_1)
                                  0.71   data arrival time

                          0.00    0.00   clock core_clock (rise edge)
                          0.00    0.00   clock source latency
     1    0.01    0.00    0.00    0.00 ^ clk (in)
                                         clk (net)
                  0.00    0.00    0.00 ^ clkbuf_0_clk/A (sky130_fd_sc_hd__clkbuf_16)
     2    0.02    0.04    0.11    0.11 ^ clkbuf_0_clk/X (sky130_fd_sc_hd__clkbuf_16)
                                         clknet_0_clk (net)
                  0.04    0.00    0.11 ^ clkbuf_1_1__f_clk/A (sky130_fd_sc_hd__clkbuf_16)
     2    0.01    0.03    0.11    0.22 ^ clkbuf_1_1__f_clk/X (sky130_fd_sc_hd__clkbuf_16)
                                         clknet_1_1__leaf_clk (net)
                  0.03    0.00    0.22 ^ _19_/CLK (sky130_fd_sc_hd__dfrtp_1)
                          0.00    0.22   clock reconvergence pessimism
                         -0.05    0.18   library hold time
                                  0.18   data required time
-----------------------------------------------------------------------------
                                  0.18   data required time
                                 -0.71   data arrival time
-----------------------------------------------------------------------------
                                  0.53   slack (MET)


Startpoint: _21_ (rising edge-triggered flip-flop clocked by core_clock)
Endpoint: _21_ (rising edge-triggered flip-flop clocked by core_clock)
Path Group: core_clock
Path Type: min
Corner: Typical

Fanout     Cap    Slew   Delay    Time   Description
-----------------------------------------------------------------------------
                          0.00    0.00   clock core_clock (rise edge)
                          0.00    0.00   clock source latency
     1    0.01    0.00    0.00    0.00 ^ clk (in)
                                         clk (net)
                  0.00    0.00    0.00 ^ clkbuf_0_clk/A (sky130_fd_sc_hd__clkbuf_16)
     2    0.02    0.04    0.11    0.11 ^ clkbuf_0_clk/X (sky130_fd_sc_hd__clkbuf_16)
                                         clknet_0_clk (net)
                  0.04    0.00    0.11 ^ clkbuf_1_0__f_clk/A (sky130_fd_sc_hd__clkbuf_16)
     3    0.01    0.03    0.11    0.22 ^ clkbuf_1_0__f_clk/X (sky130_fd_sc_hd__clkbuf_16)
                                         clknet_1_0__leaf_clk (net)
                  0.03    0.00    0.22 ^ _21_/CLK (sky130_fd_sc_hd__dfrtp_1)
     3    0.02    0.15    0.40    0.62 ^ _21_/Q (sky130_fd_sc_hd__dfrtp_1)
                                         net5 (net)
                  0.15    0.00    0.62 ^ _17_/A (sky130_fd_sc_hd__xnor2_1)
     1    0.00    0.04    0.10    0.72 v _17_/Y (sky130_fd_sc_hd__xnor2_1)
                                         _03_ (net)
                  0.04    0.00    0.72 v _21_/D (sky130_fd_sc_hd__dfrtp_1)
                                  0.72   data arrival time

                          0.00    0.00   clock core_clock (rise edge)
                          0.00    0.00   clock source latency
     1    0.01    0.00    0.00    0.00 ^ clk (in)
                                         clk (net)
                  0.00    0.00    0.00 ^ clkbuf_0_clk/A (sky130_fd_sc_hd__clkbuf_16)
     2    0.02    0.04    0.11    0.11 ^ clkbuf_0_clk/X (sky130_fd_sc_hd__clkbuf_16)
                                         clknet_0_clk (net)
                  0.04    0.00    0.11 ^ clkbuf_1_0__f_clk/A (sky130_fd_sc_hd__clkbuf_16)
     3    0.01    0.03    0.11    0.22 ^ clkbuf_1_0__f_clk/X (sky130_fd_sc_hd__clkbuf_16)
                                         clknet_1_0__leaf_clk (net)
                  0.03    0.00    0.22 ^ _21_/CLK (sky130_fd_sc_hd__dfrtp_1)
                          0.00    0.22   clock reconvergence pessimism
                         -0.05    0.18   library hold time
                                  0.18   data required time
-----------------------------------------------------------------------------
                                  0.18   data required time
                                 -0.72   data arrival time
-----------------------------------------------------------------------------
                                  0.54   slack (MET)


Startpoint: _18_ (rising edge-triggered flip-flop clocked by core_clock)
Endpoint: _18_ (rising edge-triggered flip-flop clocked by core_clock)
Path Group: core_clock
Path Type: min
Corner: Typical

Fanout     Cap    Slew   Delay    Time   Description
-----------------------------------------------------------------------------
                          0.00    0.00   clock core_clock (rise edge)
                          0.00    0.00   clock source latency
     1    0.01    0.00    0.00    0.00 ^ clk (in)
                                         clk (net)
                  0.00    0.00    0.00 ^ clkbuf_0_clk/A (sky130_fd_sc_hd__clkbuf_16)
     2    0.02    0.04    0.11    0.11 ^ clkbuf_0_clk/X (sky130_fd_sc_hd__clkbuf_16)
                                         clknet_0_clk (net)
                  0.04    0.00    0.11 ^ clkbuf_1_1__f_clk/A (sky130_fd_sc_hd__clkbuf_16)
     2    0.01    0.03    0.11    0.22 ^ clkbuf_1_1__f_clk/X (sky130_fd_sc_hd__clkbuf_16)
                                         clknet_1_1__leaf_clk (net)
                  0.03    0.00    0.22 ^ _18_/CLK (sky130_fd_sc_hd__dfrtp_2)
     6    0.02    0.13    0.41    0.63 ^ _18_/Q (sky130_fd_sc_hd__dfrtp_2)
                                         net2 (net)
                  0.13    0.00    0.63 ^ _10_/A_N (sky130_fd_sc_hd__and2b_1)
     1    0.01    0.04    0.20    0.83 v _10_/X (sky130_fd_sc_hd__and2b_1)
                                         _04_ (net)
                  0.04    0.00    0.83 v _11_/A (sky130_fd_sc_hd__clkbuf_1)
     1    0.00    0.03    0.09    0.92 v _11_/X (sky130_fd_sc_hd__clkbuf_1)
                                         _00_ (net)
                  0.03    0.00    0.92 v _18_/D (sky130_fd_sc_hd__dfrtp_2)
                                  0.92   data arrival time

                          0.00    0.00   clock core_clock (rise edge)
                          0.00    0.00   clock source latency
     1    0.01    0.00    0.00    0.00 ^ clk (in)
                                         clk (net)
                  0.00    0.00    0.00 ^ clkbuf_0_clk/A (sky130_fd_sc_hd__clkbuf_16)
     2    0.02    0.04    0.11    0.11 ^ clkbuf_0_clk/X (sky130_fd_sc_hd__clkbuf_16)
                                         clknet_0_clk (net)
                  0.04    0.00    0.11 ^ clkbuf_1_1__f_clk/A (sky130_fd_sc_hd__clkbuf_16)
     2    0.01    0.03    0.11    0.22 ^ clkbuf_1_1__f_clk/X (sky130_fd_sc_hd__clkbuf_16)
                                         clknet_1_1__leaf_clk (net)
                  0.03    0.00    0.22 ^ _18_/CLK (sky130_fd_sc_hd__dfrtp_2)
                          0.00    0.22   clock reconvergence pessimism
                         -0.04    0.18   library hold time
                                  0.18   data required time
-----------------------------------------------------------------------------
                                  0.18   data required time
                                 -0.92   data arrival time
-----------------------------------------------------------------------------
                                  0.74   slack (MET)


Startpoint: _20_ (rising edge-triggered flip-flop clocked by core_clock)
Endpoint: _20_ (rising edge-triggered flip-flop clocked by core_clock)
Path Group: core_clock
Path Type: min
Corner: Typical

Fanout     Cap    Slew   Delay    Time   Description
-----------------------------------------------------------------------------
                          0.00    0.00   clock core_clock (rise edge)
                          0.00    0.00   clock source latency
     1    0.01    0.00    0.00    0.00 ^ clk (in)
                                         clk (net)
                  0.00    0.00    0.00 ^ clkbuf_0_clk/A (sky130_fd_sc_hd__clkbuf_16)
     2    0.02    0.04    0.11    0.11 ^ clkbuf_0_clk/X (sky130_fd_sc_hd__clkbuf_16)
                                         clknet_0_clk (net)
                  0.04    0.00    0.11 ^ clkbuf_1_0__f_clk/A (sky130_fd_sc_hd__clkbuf_16)
     3    0.01    0.03    0.11    0.22 ^ clkbuf_1_0__f_clk/X (sky130_fd_sc_hd__clkbuf_16)
                                         clknet_1_0__leaf_clk (net)
                  0.03    0.00    0.22 ^ _20_/CLK (sky130_fd_sc_hd__dfrtp_1)
     4    0.01    0.14    0.39    0.61 ^ _20_/Q (sky130_fd_sc_hd__dfrtp_1)
                                         net4 (net)
                  0.14    0.00    0.61 ^ _14_/B1 (sky130_fd_sc_hd__a21o_1)
     1    0.01    0.07    0.12    0.73 ^ _14_/X (sky130_fd_sc_hd__a21o_1)
                                         _06_ (net)
                  0.07    0.00    0.74 ^ _15_/C (sky130_fd_sc_hd__and3_1)
     1    0.01    0.09    0.19    0.92 ^ _15_/X (sky130_fd_sc_hd__and3_1)
                                         _07_ (net)
                  0.09    0.00    0.92 ^ _16_/A (sky130_fd_sc_hd__clkbuf_1)
     1    0.00    0.06    0.11    1.03 ^ _16_/X (sky130_fd_sc_hd__clkbuf_1)
                                         _02_ (net)
                  0.06    0.00    1.03 ^ _20_/D (sky130_fd_sc_hd__dfrtp_1)
                                  1.03   data arrival time

                          0.00    0.00   clock core_clock (rise edge)
                          0.00    0.00   clock source latency
     1    0.01    0.00    0.00    0.00 ^ clk (in)
                                         clk (net)
                  0.00    0.00    0.00 ^ clkbuf_0_clk/A (sky130_fd_sc_hd__clkbuf_16)
     2    0.02    0.04    0.11    0.11 ^ clkbuf_0_clk/X (sky130_fd_sc_hd__clkbuf_16)
                                         clknet_0_clk (net)
                  0.04    0.00    0.11 ^ clkbuf_1_0__f_clk/A (sky130_fd_sc_hd__clkbuf_16)
     3    0.01    0.03    0.11    0.22 ^ clkbuf_1_0__f_clk/X (sky130_fd_sc_hd__clkbuf_16)
                                         clknet_1_0__leaf_clk (net)
                  0.03    0.00    0.22 ^ _20_/CLK (sky130_fd_sc_hd__dfrtp_1)
                          0.00    0.22   clock reconvergence pessimism
                         -0.04    0.18   library hold time
                                  0.18   data required time
-----------------------------------------------------------------------------
                                  0.18   data required time
                                 -1.03   data arrival time
-----------------------------------------------------------------------------
                                  0.84   slack (MET)



worst slack corner Typical: 0.5310
