OpenROAD b16bda7e82721d10566ff7e2b68f1ff0be9f9e38 
Features included (+) or not (-): +Charts +GPU +GUI +Python
This program is licensed under the BSD-3 license. See the LICENSE file for details.
Components of this program may be licensed under more restrictive licenses which must be honored.
define_corners Typical
read_liberty -corner Typical /home/ceyhun/.volare/sky130A/libs.ref/sky130_fd_sc_hd/lib/sky130_fd_sc_hd__tt_025C_1v80.lib
Using 1e-12 for capacitance...
Using 1e+03 for resistance...
Using 1e-09 for time...
Using 1e+00 for voltage...
Using 1e-03 for current...
Using 1e-09 for power...
Using 1e-06 for distance...
[INFO]: Reading ODB at '/openlane/lab3/runs/RUN_2025.05.19_13.29.44/results/placement/counter.odb'…
Reading design constraints file at '/openlane/lab3/src/counter.sdc'…
[INFO]: Setting RC values...
min_report

===========================================================================
report_checks -path_delay min (Hold)
============================================================================
======================= Typical Corner ===================================

Startpoint: _18_ (rising edge-triggered flip-flop clocked by core_clock)
Endpoint: _19_ (rising edge-triggered flip-flop clocked by core_clock)
Path Group: core_clock
Path Type: min

Fanout     Cap    Slew   Delay    Time   Description
-----------------------------------------------------------------------------
                  0.00    0.00    0.00   clock core_clock (rise edge)
                          0.00    0.00   clock network delay (ideal)
                  0.00    0.00    0.00 ^ _18_/CLK (sky130_fd_sc_hd__dfrtp_2)
     6    0.02    0.11    0.38    0.38 ^ _18_/Q (sky130_fd_sc_hd__dfrtp_2)
                                         net2 (net)
                  0.11    0.00    0.38 ^ _12_/A (sky130_fd_sc_hd__xor2_1)
     1    0.00    0.03    0.07    0.45 v _12_/X (sky130_fd_sc_hd__xor2_1)
                                         _01_ (net)
                  0.03    0.00    0.45 v _19_/D (sky130_fd_sc_hd__dfrtp_1)
                                  0.45   data arrival time

                  0.00    0.00    0.00   clock core_clock (rise edge)
                          0.00    0.00   clock network delay (ideal)
                          0.00    0.00   clock reconvergence pessimism
                                  0.00 ^ _19_/CLK (sky130_fd_sc_hd__dfrtp_1)
                         -0.05   -0.05   library hold time
                                 -0.05   data required time
-----------------------------------------------------------------------------
                                 -0.05   data required time
                                 -0.45   data arrival time
-----------------------------------------------------------------------------
                                  0.51   slack (MET)


Startpoint: _21_ (rising edge-triggered flip-flop clocked by core_clock)
Endpoint: _21_ (rising edge-triggered flip-flop clocked by core_clock)
Path Group: core_clock
Path Type: min

Fanout     Cap    Slew   Delay    Time   Description
-----------------------------------------------------------------------------
                  0.00    0.00    0.00   clock core_clock (rise edge)
                          0.00    0.00   clock network delay (ideal)
                  0.00    0.00    0.00 ^ _21_/CLK (sky130_fd_sc_hd__dfrtp_1)
     3    0.01    0.13    0.37    0.37 ^ _21_/Q (sky130_fd_sc_hd__dfrtp_1)
                                         net5 (net)
                  0.13    0.00    0.37 ^ _17_/A (sky130_fd_sc_hd__xnor2_1)
     1    0.00    0.04    0.09    0.46 v _17_/Y (sky130_fd_sc_hd__xnor2_1)
                                         _03_ (net)
                  0.04    0.00    0.46 v _21_/D (sky130_fd_sc_hd__dfrtp_1)
                                  0.46   data arrival time

                  0.00    0.00    0.00   clock core_clock (rise edge)
                          0.00    0.00   clock network delay (ideal)
                          0.00    0.00   clock reconvergence pessimism
                                  0.00 ^ _21_/CLK (sky130_fd_sc_hd__dfrtp_1)
                         -0.05   -0.05   library hold time
                                 -0.05   data required time
-----------------------------------------------------------------------------
                                 -0.05   data required time
                                 -0.46   data arrival time
-----------------------------------------------------------------------------
                                  0.51   slack (MET)


Startpoint: _18_ (rising edge-triggered flip-flop clocked by core_clock)
Endpoint: _18_ (rising edge-triggered flip-flop clocked by core_clock)
Path Group: core_clock
Path Type: min

Fanout     Cap    Slew   Delay    Time   Description
-----------------------------------------------------------------------------
                  0.00    0.00    0.00   clock core_clock (rise edge)
                          0.00    0.00   clock network delay (ideal)
                  0.00    0.00    0.00 ^ _18_/CLK (sky130_fd_sc_hd__dfrtp_2)
     6    0.02    0.11    0.38    0.38 ^ _18_/Q (sky130_fd_sc_hd__dfrtp_2)
                                         net2 (net)
                  0.11    0.00    0.38 ^ _10_/A_N (sky130_fd_sc_hd__and2b_1)
     1    0.00    0.04    0.19    0.57 v _10_/X (sky130_fd_sc_hd__and2b_1)
                                         _04_ (net)
                  0.04    0.00    0.57 v _11_/A (sky130_fd_sc_hd__clkbuf_1)
     1    0.00    0.02    0.08    0.65 v _11_/X (sky130_fd_sc_hd__clkbuf_1)
                                         _00_ (net)
                  0.02    0.00    0.65 v _18_/D (sky130_fd_sc_hd__dfrtp_2)
                                  0.65   data arrival time

                  0.00    0.00    0.00   clock core_clock (rise edge)
                          0.00    0.00   clock network delay (ideal)
                          0.00    0.00   clock reconvergence pessimism
                                  0.00 ^ _18_/CLK (sky130_fd_sc_hd__dfrtp_2)
                         -0.04   -0.04   library hold time
                                 -0.04   data required time
-----------------------------------------------------------------------------
                                 -0.04   data required time
                                 -0.65   data arrival time
-----------------------------------------------------------------------------
                                  0.70   slack (MET)


Startpoint: _20_ (rising edge-triggered flip-flop clocked by core_clock)
Endpoint: _20_ (rising edge-triggered flip-flop clocked by core_clock)
Path Group: core_clock
Path Type: min

Fanout     Cap    Slew   Delay    Time   Description
-----------------------------------------------------------------------------
                  0.00    0.00    0.00   clock core_clock (rise edge)
                          0.00    0.00   clock network delay (ideal)
                  0.00    0.00    0.00 ^ _20_/CLK (sky130_fd_sc_hd__dfrtp_1)
     4    0.01    0.11    0.36    0.36 ^ _20_/Q (sky130_fd_sc_hd__dfrtp_1)
                                         net4 (net)
                  0.11    0.00    0.36 ^ _14_/B1 (sky130_fd_sc_hd__a21o_1)
     1    0.00    0.05    0.11    0.46 ^ _14_/X (sky130_fd_sc_hd__a21o_1)
                                         _06_ (net)
                  0.05    0.00    0.46 ^ _15_/C (sky130_fd_sc_hd__and3_1)
     1    0.01    0.07    0.16    0.63 ^ _15_/X (sky130_fd_sc_hd__and3_1)
                                         _07_ (net)
                  0.07    0.00    0.63 ^ _16_/A (sky130_fd_sc_hd__clkbuf_1)
     1    0.00    0.05    0.09    0.72 ^ _16_/X (sky130_fd_sc_hd__clkbuf_1)
                                         _02_ (net)
                  0.05    0.00    0.72 ^ _20_/D (sky130_fd_sc_hd__dfrtp_1)
                                  0.72   data arrival time

                  0.00    0.00    0.00   clock core_clock (rise edge)
                          0.00    0.00   clock network delay (ideal)
                          0.00    0.00   clock reconvergence pessimism
                                  0.00 ^ _20_/CLK (sky130_fd_sc_hd__dfrtp_1)
                         -0.04   -0.04   library hold time
                                 -0.04   data required time
-----------------------------------------------------------------------------
                                 -0.04   data required time
                                 -0.72   data arrival time
-----------------------------------------------------------------------------
                                  0.76   slack (MET)



worst slack corner Typical: 0.5063
min_report_end
max_report

===========================================================================
report_checks -path_delay max (Setup)
============================================================================
======================= Typical Corner ===================================

Startpoint: _18_ (rising edge-triggered flip-flop clocked by core_clock)
Endpoint: _18_ (rising edge-triggered flip-flop clocked by core_clock)
Path Group: core_clock
Path Type: max

Fanout     Cap    Slew   Delay    Time   Description
-----------------------------------------------------------------------------
                  0.00    0.00    0.00   clock core_clock (rise edge)
                          0.00    0.00   clock network delay (ideal)
                  0.00    0.00    0.00 ^ _18_/CLK (sky130_fd_sc_hd__dfrtp_2)
     6    0.02    0.08    0.41    0.41 v _18_/Q (sky130_fd_sc_hd__dfrtp_2)
                                         net2 (net)
                  0.08    0.00    0.41 v _09_/B (sky130_fd_sc_hd__or4b_1)
     2    0.01    0.11    0.54    0.95 v _09_/X (sky130_fd_sc_hd__or4b_1)
                                         _08_ (net)
                  0.11    0.00    0.95 v _10_/B (sky130_fd_sc_hd__and2b_1)
     1    0.00    0.04    0.18    1.14 v _10_/X (sky130_fd_sc_hd__and2b_1)
                                         _04_ (net)
                  0.04    0.00    1.14 v _11_/A (sky130_fd_sc_hd__clkbuf_1)
     1    0.00    0.02    0.08    1.22 v _11_/X (sky130_fd_sc_hd__clkbuf_1)
                                         _00_ (net)
                  0.02    0.00    1.22 v _18_/D (sky130_fd_sc_hd__dfrtp_2)
                                  1.22   data arrival time

                  0.00   10.00   10.00   clock core_clock (rise edge)
                          0.00   10.00   clock network delay (ideal)
                          0.00   10.00   clock reconvergence pessimism
                                 10.00 ^ _18_/CLK (sky130_fd_sc_hd__dfrtp_2)
                         -0.12    9.88   library setup time
                                  9.88   data required time
-----------------------------------------------------------------------------
                                  9.88   data required time
                                 -1.22   data arrival time
-----------------------------------------------------------------------------
                                  8.67   slack (MET)


Startpoint: _18_ (rising edge-triggered flip-flop clocked by core_clock)
Endpoint: _20_ (rising edge-triggered flip-flop clocked by core_clock)
Path Group: core_clock
Path Type: max

Fanout     Cap    Slew   Delay    Time   Description
-----------------------------------------------------------------------------
                  0.00    0.00    0.00   clock core_clock (rise edge)
                          0.00    0.00   clock network delay (ideal)
                  0.00    0.00    0.00 ^ _18_/CLK (sky130_fd_sc_hd__dfrtp_2)
     6    0.02    0.08    0.41    0.41 v _18_/Q (sky130_fd_sc_hd__dfrtp_2)
                                         net2 (net)
                  0.08    0.00    0.41 v _09_/B (sky130_fd_sc_hd__or4b_1)
     2    0.01    0.11    0.54    0.95 v _09_/X (sky130_fd_sc_hd__or4b_1)
                                         _08_ (net)
                  0.11    0.00    0.95 v _15_/A (sky130_fd_sc_hd__and3_1)
     1    0.00    0.05    0.18    1.13 v _15_/X (sky130_fd_sc_hd__and3_1)
                                         _07_ (net)
                  0.05    0.00    1.13 v _16_/A (sky130_fd_sc_hd__clkbuf_1)
     1    0.00    0.03    0.09    1.22 v _16_/X (sky130_fd_sc_hd__clkbuf_1)
                                         _02_ (net)
                  0.03    0.00    1.22 v _20_/D (sky130_fd_sc_hd__dfrtp_1)
                                  1.22   data arrival time

                  0.00   10.00   10.00   clock core_clock (rise edge)
                          0.00   10.00   clock network delay (ideal)
                          0.00   10.00   clock reconvergence pessimism
                                 10.00 ^ _20_/CLK (sky130_fd_sc_hd__dfrtp_1)
                         -0.12    9.88   library setup time
                                  9.88   data required time
-----------------------------------------------------------------------------
                                  9.88   data required time
                                 -1.22   data arrival time
-----------------------------------------------------------------------------
                                  8.67   slack (MET)


Startpoint: _19_ (rising edge-triggered flip-flop clocked by core_clock)
Endpoint: _21_ (rising edge-triggered flip-flop clocked by core_clock)
Path Group: core_clock
Path Type: max

Fanout     Cap    Slew   Delay    Time   Description
-----------------------------------------------------------------------------
                  0.00    0.00    0.00   clock core_clock (rise edge)
                          0.00    0.00   clock network delay (ideal)
                  0.00    0.00    0.00 ^ _19_/CLK (sky130_fd_sc_hd__dfrtp_1)
     5    0.02    0.15    0.38    0.38 ^ _19_/Q (sky130_fd_sc_hd__dfrtp_1)
                                         net3 (net)
                  0.15    0.00    0.38 ^ _13_/C (sky130_fd_sc_hd__nand3_1)
     2    0.01    0.10    0.13    0.52 v _13_/Y (sky130_fd_sc_hd__nand3_1)
                                         _05_ (net)
                  0.10    0.00    0.52 v _17_/B (sky130_fd_sc_hd__xnor2_1)
     1    0.00    0.05    0.15    0.66 v _17_/Y (sky130_fd_sc_hd__xnor2_1)
                                         _03_ (net)
                  0.05    0.00    0.66 v _21_/D (sky130_fd_sc_hd__dfrtp_1)
                                  0.66   data arrival time

                  0.00   10.00   10.00   clock core_clock (rise edge)
                          0.00   10.00   clock network delay (ideal)
                          0.00   10.00   clock reconvergence pessimism
                                 10.00 ^ _21_/CLK (sky130_fd_sc_hd__dfrtp_1)
                         -0.13    9.87   library setup time
                                  9.87   data required time
-----------------------------------------------------------------------------
                                  9.87   data required time
                                 -0.66   data arrival time
-----------------------------------------------------------------------------
                                  9.21   slack (MET)


Startpoint: _18_ (rising edge-triggered flip-flop clocked by core_clock)
Endpoint: _19_ (rising edge-triggered flip-flop clocked by core_clock)
Path Group: core_clock
Path Type: max

Fanout     Cap    Slew   Delay    Time   Description
-----------------------------------------------------------------------------
                  0.00    0.00    0.00   clock core_clock (rise edge)
                          0.00    0.00   clock network delay (ideal)
                  0.00    0.00    0.00 ^ _18_/CLK (sky130_fd_sc_hd__dfrtp_2)
     6    0.02    0.08    0.41    0.41 v _18_/Q (sky130_fd_sc_hd__dfrtp_2)
                                         net2 (net)
                  0.08    0.00    0.41 v _12_/A (sky130_fd_sc_hd__xor2_1)
     1    0.00    0.06    0.16    0.58 v _12_/X (sky130_fd_sc_hd__xor2_1)
                                         _01_ (net)
                  0.06    0.00    0.58 v _19_/D (sky130_fd_sc_hd__dfrtp_1)
                                  0.58   data arrival time

                  0.00   10.00   10.00   clock core_clock (rise edge)
                          0.00   10.00   clock network delay (ideal)
                          0.00   10.00   clock reconvergence pessimism
                                 10.00 ^ _19_/CLK (sky130_fd_sc_hd__dfrtp_1)
                         -0.13    9.87   library setup time
                                  9.87   data required time
-----------------------------------------------------------------------------
                                  9.87   data required time
                                 -0.58   data arrival time
-----------------------------------------------------------------------------
                                  9.29   slack (MET)



worst slack corner Typical: 8.6664
max_report_end
checks_report

===========================================================================
report_checks -unconstrained
===========================================================================
======================= Typical Corner ===================================

Startpoint: _18_ (rising edge-triggered flip-flop clocked by core_clock)
Endpoint: _18_ (rising edge-triggered flip-flop clocked by core_clock)
Path Group: core_clock
Path Type: max

Fanout     Cap    Slew   Delay    Time   Description
-----------------------------------------------------------------------------
                  0.00    0.00    0.00   clock core_clock (rise edge)
                          0.00    0.00   clock network delay (ideal)
                  0.00    0.00    0.00 ^ _18_/CLK (sky130_fd_sc_hd__dfrtp_2)
     6    0.02    0.08    0.41    0.41 v _18_/Q (sky130_fd_sc_hd__dfrtp_2)
                                         net2 (net)
                  0.08    0.00    0.41 v _09_/B (sky130_fd_sc_hd__or4b_1)
     2    0.01    0.11    0.54    0.95 v _09_/X (sky130_fd_sc_hd__or4b_1)
                                         _08_ (net)
                  0.11    0.00    0.95 v _10_/B (sky130_fd_sc_hd__and2b_1)
     1    0.00    0.04    0.18    1.14 v _10_/X (sky130_fd_sc_hd__and2b_1)
                                         _04_ (net)
                  0.04    0.00    1.14 v _11_/A (sky130_fd_sc_hd__clkbuf_1)
     1    0.00    0.02    0.08    1.22 v _11_/X (sky130_fd_sc_hd__clkbuf_1)
                                         _00_ (net)
                  0.02    0.00    1.22 v _18_/D (sky130_fd_sc_hd__dfrtp_2)
                                  1.22   data arrival time

                  0.00   10.00   10.00   clock core_clock (rise edge)
                          0.00   10.00   clock network delay (ideal)
                          0.00   10.00   clock reconvergence pessimism
                                 10.00 ^ _18_/CLK (sky130_fd_sc_hd__dfrtp_2)
                         -0.12    9.88   library setup time
                                  9.88   data required time
-----------------------------------------------------------------------------
                                  9.88   data required time
                                 -1.22   data arrival time
-----------------------------------------------------------------------------
                                  8.67   slack (MET)




===========================================================================
report_checks --slack_max -0.01
============================================================================
======================= Typical Corner ===================================

No paths found.


===========================================================================
 report_check_types -max_slew -max_cap -max_fanout -violators
============================================================================
======================= Typical Corner ===================================


max slew violations count Typical: 0
max fanout violations count Typical: 0
max cap violations count Typical: 0

===========================================================================
report_parasitic_annotation -report_unannotated
============================================================================
Found 1 unannotated drivers.
 clk
Found 0 partially unannotated drivers.

===========================================================================
max slew violation count 0
max fanout violation count 0
max cap violation count 0
============================================================================

===========================================================================
check_setup -verbose -unconstrained_endpoints -multiple_clock -no_clock -no_input_delay -loops -generated_clocks
===========================================================================
Warning: There is 1 input port missing set_input_delay.
  rst
Warning: There are 4 unconstrained endpoints.
  count[0]
  count[1]
  count[2]
  count[3]
checks_report_end
power_report

===========================================================================
 report_power
============================================================================
======================= Typical Corner ===================================

Group                  Internal  Switching    Leakage      Total
                          Power      Power      Power      Power (Watts)
----------------------------------------------------------------
Sequential             1.65e-05   0.00e+00   4.68e-11   1.65e-05 100.0%
Combinational          8.60e-16   2.74e-15   2.62e-11   2.62e-11   0.0%
Clock                  0.00e+00   0.00e+00   8.42e-11   8.42e-11   0.0%
Macro                  0.00e+00   0.00e+00   0.00e+00   0.00e+00   0.0%
Pad                    0.00e+00   0.00e+00   0.00e+00   0.00e+00   0.0%
----------------------------------------------------------------
Total                  1.65e-05   2.74e-15   1.57e-10   1.65e-05 100.0%
                         100.0%       0.0%       0.0%

power_report_end
skew_report

===========================================================================
report_clock_skew
============================================================================
Clock core_clock
   0.00 source latency _18_/CLK ^
   0.00 target latency _18_/CLK ^
   0.00 CRPR
--------------
   0.00 setup skew

skew_report_end
summary_report

===========================================================================
report_tns
============================================================================
tns 0.00

===========================================================================
report_wns
============================================================================
wns 0.00

===========================================================================
report_worst_slack -max (Setup)
============================================================================
worst slack 8.67

===========================================================================
report_worst_slack -min (Hold)
============================================================================
worst slack 0.51
summary_report_end
area_report

===========================================================================
report_design_area
============================================================================
Design area 190 u^2 23% utilization.
area_report_end
check_nonpropagated_clocks
core_clock
check_nonpropagated_clocks_end
[WARNING] Did not save OpenROAD database!
Writing SDF to '/openlane/lab3/runs/RUN_2025.05.19_13.29.44/results/signoff/counter.sdf'…
