Wed May 21 14:16:44 +0000 2025 - Executing "{openroad -exit -no_init -python /openlane/scripts/odbpy/lefutil.py get_metal_layers -o /openlane/lab3/runs/RUN_2025.05.21_14.16.44/tmp/layers.list /home/talha/.volare/sky130A/libs.ref/sky130_fd_sc_hd/techlef/sky130_fd_sc_hd__nom.tlef}"

Wed May 21 14:16:44 +0000 2025 - Executing "{/openlane/scripts/mergeLef.py -o /openlane/lab3/runs/RUN_2025.05.21_14.16.44/tmp/merged.nom.lef -i /home/talha/.volare/sky130A/libs.ref/sky130_fd_sc_hd/techlef/sky130_fd_sc_hd__nom.tlef {/home/talha/.volare/sky130A/libs.ref/sky130_fd_sc_hd/lef/sky130_ef_sc_hd.lef /home/talha/.volare/sky130A/libs.ref/sky130_fd_sc_hd/lef/sky130_fd_sc_hd.lef} |& tee /dev/null}"

Wed May 21 14:16:44 +0000 2025 - Executing "{/openlane/scripts/mergeLef.py -o /openlane/lab3/runs/RUN_2025.05.21_14.16.44/tmp/merged.min.lef -i /home/talha/.volare/sky130A/libs.ref/sky130_fd_sc_hd/techlef/sky130_fd_sc_hd__min.tlef {/home/talha/.volare/sky130A/libs.ref/sky130_fd_sc_hd/lef/sky130_ef_sc_hd.lef /home/talha/.volare/sky130A/libs.ref/sky130_fd_sc_hd/lef/sky130_fd_sc_hd.lef} |& tee /dev/null}"

Wed May 21 14:16:44 +0000 2025 - Executing "{/openlane/scripts/mergeLef.py -o /openlane/lab3/runs/RUN_2025.05.21_14.16.44/tmp/merged.max.lef -i /home/talha/.volare/sky130A/libs.ref/sky130_fd_sc_hd/techlef/sky130_fd_sc_hd__max.tlef {/home/talha/.volare/sky130A/libs.ref/sky130_fd_sc_hd/lef/sky130_ef_sc_hd.lef /home/talha/.volare/sky130A/libs.ref/sky130_fd_sc_hd/lef/sky130_fd_sc_hd.lef} |& tee /dev/null}"

Wed May 21 14:16:44 +0000 2025 - Executing "{python3 /openlane/scripts/mergeLib.py --output /openlane/lab3/runs/RUN_2025.05.21_14.16.44/tmp/synthesis/merged.lib --name sky130A_merged /home/talha/.volare/sky130A/libs.ref/sky130_fd_sc_hd/lib/sky130_fd_sc_hd__tt_025C_1v80.lib}"

Wed May 21 14:16:45 +0000 2025 - Executing "{python3 /openlane/scripts/libtrim.py --cell-file /openlane/lab3/runs/RUN_2025.05.21_14.16.44/tmp/synthesis/trimmed.lib.exclude.list --output /openlane/lab3/runs/RUN_2025.05.21_14.16.44/tmp/synthesis/trimmed.lib /openlane/lab3/runs/RUN_2025.05.21_14.16.44/tmp/synthesis/merged.lib}"

Wed May 21 14:16:45 +0000 2025 - Executing "{python3 /openlane/scripts/libtrim.py --cell-file /openlane/lab3/runs/RUN_2025.05.21_14.16.44/tmp/cts/cts.lib.exclude.list --output /openlane/lab3/runs/RUN_2025.05.21_14.16.44/tmp/cts/cts.lib /home/talha/.volare/sky130A/libs.ref/sky130_fd_sc_hd/lib/sky130_fd_sc_hd__tt_025C_1v80.lib}"

Wed May 21 14:16:45 +0000 2025 - Executing "{python3 /openlane/scripts/libtrim.py --cell-file /openlane/lab3/runs/RUN_2025.05.21_14.16.44/tmp/cts/cts-fastest.lib.exclude.list --output /openlane/lab3/runs/RUN_2025.05.21_14.16.44/tmp/cts/cts-fastest.lib /home/talha/.volare/sky130A/libs.ref/sky130_fd_sc_hd/lib/sky130_fd_sc_hd__ff_n40C_1v95.lib}"

Wed May 21 14:16:46 +0000 2025 - Executing "{python3 /openlane/scripts/libtrim.py --cell-file /openlane/lab3/runs/RUN_2025.05.21_14.16.44/tmp/cts/cts-slowest.lib.exclude.list --output /openlane/lab3/runs/RUN_2025.05.21_14.16.44/tmp/cts/cts-slowest.lib /home/talha/.volare/sky130A/libs.ref/sky130_fd_sc_hd/lib/sky130_fd_sc_hd__ss_100C_1v60.lib}"

Wed May 21 14:16:46 +0000 2025 - Executing "{python3 /openlane/scripts/new_tracks.py -i /home/talha/.volare/sky130A/libs.tech/openlane/sky130_fd_sc_hd/tracks.info -o /openlane/lab3/runs/RUN_2025.05.21_14.16.44/tmp/routing/config.tracks}"

Wed May 21 14:16:46 +0000 2025 - Executing "{echo {OpenLane e73fb3c57e687a0023fcd4dcfd1566ecd478362a} > /openlane/lab3/runs/RUN_2025.05.21_14.16.44/OPENLANE_COMMIT}"

Wed May 21 14:16:46 +0000 2025 - Executing "{yosys -c /openlane/scripts/yosys/blackbox.tcl}"

Wed May 21 14:16:46 +0000 2025 - Executing "{verilator -Wall --lint-only --Wno-DECLFILENAME --top-module counter /openlane/lab3/runs/RUN_2025.05.21_14.16.44/tmp/synthesis/blackbox/sky130_fd_sc_hd__blackbox.v /openlane/lab3/src/counter.v -Wno-fatal --relative-includes |& tee /openlane/lab3/runs/RUN_2025.05.21_14.16.44/logs/synthesis/linter.log /dev/null}"

Wed May 21 14:16:46 +0000 2025 - Executing "{sed -E {s/^([[:space:]]+)pg_pin(.*)/\1pin\2\n\1    direction : "inout";/g} /home/talha/.volare/sky130A/libs.ref/sky130_fd_sc_hd/lib/sky130_fd_sc_hd__tt_025C_1v80.lib > /openlane/lab3/runs/RUN_2025.05.21_14.16.44/tmp/synthesis/1-sky130_fd_sc_hd__tt_025C_1v80.no_pg.lib}"

Wed May 21 14:16:46 +0000 2025 - Executing "{sed -E {s/^([[:space:]]+)pg_pin(.*)/\1pin\2\n\1    direction : "inout";/g} /openlane/lab3/runs/RUN_2025.05.21_14.16.44/tmp/synthesis/trimmed.lib > /openlane/lab3/runs/RUN_2025.05.21_14.16.44/tmp/synthesis/1-trimmed.no_pg.lib}"

Wed May 21 14:16:47 +0000 2025 - Executing "yosys -c /openlane/scripts/yosys/synth.tcl |& tee /dev/null /openlane/lab3/runs/RUN_2025.05.21_14.16.44/logs/synthesis/1-synthesis.log"

Wed May 21 14:16:47 +0000 2025 - Executing "{yosys -c /openlane/scripts/yosys/synth.tcl |& tee /dev/null /openlane/lab3/runs/RUN_2025.05.21_14.16.44/logs/synthesis/1-synthesis.log}"

Wed May 21 14:16:47 +0000 2025 - Executing "{sed -i.bak -e {s/\(set ::env(CURRENT_NETLIST)\).*/\1 \/openlane\/lab3\/runs\/RUN_2025.05.21_14.16.44\/results\/synthesis\/counter.v/} /openlane/lab3/runs/RUN_2025.05.21_14.16.44/config.tcl}"

Wed May 21 14:16:47 +0000 2025 - Executing "{sed -i.bak /defparam/d /openlane/lab3/runs/RUN_2025.05.21_14.16.44/results/synthesis/counter.v}"

Wed May 21 14:16:47 +0000 2025 - Executing "sta -exit -no_init /openlane/scripts/openroad/sta/multi_corner.tcl |& tee /dev/null /openlane/lab3/runs/RUN_2025.05.21_14.16.44/logs/synthesis/2-sta.log"

Wed May 21 14:16:47 +0000 2025 - Executing "{sta -exit -no_init /openlane/scripts/openroad/sta/multi_corner.tcl |& tee /dev/null /openlane/lab3/runs/RUN_2025.05.21_14.16.44/logs/synthesis/2-sta.log}"

Wed May 21 14:16:48 +0000 2025 - Executing "openroad -exit /openlane/scripts/openroad/floorplan.tcl |& tee /dev/null /openlane/lab3/runs/RUN_2025.05.21_14.16.44/logs/floorplan/3-initial_fp.log"

Wed May 21 14:16:48 +0000 2025 - Executing "{openroad -exit /openlane/scripts/openroad/floorplan.tcl |& tee /dev/null /openlane/lab3/runs/RUN_2025.05.21_14.16.44/logs/floorplan/3-initial_fp.log}"

Wed May 21 14:16:48 +0000 2025 - Executing "{openroad -exit -no_init -python /openlane/scripts/odbpy/defutil.py extract_core_dims --output-data /openlane/lab3/runs/RUN_2025.05.21_14.16.44/tmp/dimensions.txt --input-lef /openlane/lab3/runs/RUN_2025.05.21_14.16.44/tmp/merged.nom.lef /openlane/lab3/runs/RUN_2025.05.21_14.16.44/tmp/floorplan/3-initial_fp.def}"

Wed May 21 14:16:49 +0000 2025 - Executing "{openroad -exit -no_init -python /openlane/scripts/odbpy/io_place.py --config /openlane/lab3/pin_order.cfg --hor-layer met3 --ver-layer met2 --ver-width-mult 2 --hor-width-mult 2 --hor-extension 0 --ver-extension 0 --length 4 --unmatched-error --input-lef /openlane/lab3/runs/RUN_2025.05.21_14.16.44/tmp/merged.nom.lef --output-def /openlane/lab3/runs/RUN_2025.05.21_14.16.44/tmp/floorplan/4-io.def --output /openlane/lab3/runs/RUN_2025.05.21_14.16.44/tmp/floorplan/4-io.odb /openlane/lab3/runs/RUN_2025.05.21_14.16.44/tmp/floorplan/3-initial_fp.odb |& tee /dev/null /openlane/lab3/runs/RUN_2025.05.21_14.16.44/logs/floorplan/4-place_io.log}"

Wed May 21 14:16:49 +0000 2025 - Executing "openroad -exit /openlane/scripts/openroad/tapcell.tcl |& tee /dev/null /openlane/lab3/runs/RUN_2025.05.21_14.16.44/logs/floorplan/5-tap.log"

Wed May 21 14:16:49 +0000 2025 - Executing "{openroad -exit /openlane/scripts/openroad/tapcell.tcl |& tee /dev/null /openlane/lab3/runs/RUN_2025.05.21_14.16.44/logs/floorplan/5-tap.log}"

Wed May 21 14:16:50 +0000 2025 - Executing "openroad -exit /openlane/scripts/openroad/pdn.tcl |& tee /dev/null /openlane/lab3/runs/RUN_2025.05.21_14.16.44/logs/floorplan/6-pdn.log"

Wed May 21 14:16:50 +0000 2025 - Executing "{openroad -exit /openlane/scripts/openroad/pdn.tcl |& tee /dev/null /openlane/lab3/runs/RUN_2025.05.21_14.16.44/logs/floorplan/6-pdn.log}"

Wed May 21 14:16:50 +0000 2025 - Executing "{openroad -exit -no_init -python /openlane/scripts/odbpy/random_place.py --input-lef /openlane/lab3/runs/RUN_2025.05.21_14.16.44/tmp/merged.nom.lef --output-def /openlane/lab3/runs/RUN_2025.05.21_14.16.44/tmp/placement/7-global.def --output /openlane/lab3/runs/RUN_2025.05.21_14.16.44/tmp/placement/7-global.odb /openlane/lab3/runs/RUN_2025.05.21_14.16.44/results/floorplan/counter.odb |& tee /dev/null /openlane/lab3/runs/RUN_2025.05.21_14.16.44/logs/placement/7-global.log}"

Wed May 21 14:16:50 +0000 2025 - Executing "openroad -exit /openlane/scripts/openroad/resizer.tcl |& tee /dev/null /openlane/lab3/runs/RUN_2025.05.21_14.16.44/logs/placement/8-resizer.log"

Wed May 21 14:16:50 +0000 2025 - Executing "{openroad -exit /openlane/scripts/openroad/resizer.tcl |& tee /dev/null /openlane/lab3/runs/RUN_2025.05.21_14.16.44/logs/placement/8-resizer.log}"

Wed May 21 14:16:52 +0000 2025 - Executing "{sed -i.bak -e {s/\(set ::env(CURRENT_NETLIST)\).*/\1 \/openlane\/lab3\/runs\/RUN_2025.05.21_14.16.44\/tmp\/placement\/8-resizer.nl.v/} /openlane/lab3/runs/RUN_2025.05.21_14.16.44/config.tcl}"

Wed May 21 14:16:52 +0000 2025 - Executing "openroad -exit /openlane/scripts/openroad/dpl.tcl |& tee /dev/null /openlane/lab3/runs/RUN_2025.05.21_14.16.44/logs/placement/9-detailed.log"

Wed May 21 14:16:52 +0000 2025 - Executing "{openroad -exit /openlane/scripts/openroad/dpl.tcl |& tee /dev/null /openlane/lab3/runs/RUN_2025.05.21_14.16.44/logs/placement/9-detailed.log}"

Wed May 21 14:16:52 +0000 2025 - Executing "{sed -i.bak -e {s/\(set ::env(CURRENT_NETLIST)\).*/\1 \/openlane\/lab3\/runs\/RUN_2025.05.21_14.16.44\/results\/placement\/counter.nl.v/} /openlane/lab3/runs/RUN_2025.05.21_14.16.44/config.tcl}"

Wed May 21 14:16:52 +0000 2025 - Executing "openroad -exit /openlane/scripts/openroad/sta/multi_corner.tcl |& tee /dev/null /openlane/lab3/runs/RUN_2025.05.21_14.16.44/logs/placement/10-dpl_sta.log"

Wed May 21 14:16:52 +0000 2025 - Executing "{openroad -exit /openlane/scripts/openroad/sta/multi_corner.tcl |& tee /dev/null /openlane/lab3/runs/RUN_2025.05.21_14.16.44/logs/placement/10-dpl_sta.log}"

Wed May 21 14:16:53 +0000 2025 - Executing "openroad -exit /openlane/scripts/openroad/cts.tcl |& tee /dev/null /openlane/lab3/runs/RUN_2025.05.21_14.16.44/logs/cts/11-cts.log"

Wed May 21 14:16:53 +0000 2025 - Executing "{openroad -exit /openlane/scripts/openroad/cts.tcl |& tee /dev/null /openlane/lab3/runs/RUN_2025.05.21_14.16.44/logs/cts/11-cts.log}"

Wed May 21 14:16:57 +0000 2025 - Executing "openroad -exit /openlane/scripts/openroad/sta/multi_corner.tcl |& tee /dev/null /openlane/lab3/runs/RUN_2025.05.21_14.16.44/logs/cts/12-cts_sta.log"

Wed May 21 14:16:57 +0000 2025 - Executing "{openroad -exit /openlane/scripts/openroad/sta/multi_corner.tcl |& tee /dev/null /openlane/lab3/runs/RUN_2025.05.21_14.16.44/logs/cts/12-cts_sta.log}"

Wed May 21 14:16:58 +0000 2025 - Executing "openroad -exit /openlane/scripts/openroad/resizer_timing.tcl |& tee /dev/null /openlane/lab3/runs/RUN_2025.05.21_14.16.44/logs/cts/13-resizer.log"

Wed May 21 14:16:58 +0000 2025 - Executing "{openroad -exit /openlane/scripts/openroad/resizer_timing.tcl |& tee /dev/null /openlane/lab3/runs/RUN_2025.05.21_14.16.44/logs/cts/13-resizer.log}"

Wed May 21 14:16:59 +0000 2025 - Executing "{sed -i.bak -e {s/\(set ::env(CURRENT_NETLIST)\).*/\1 \/openlane\/lab3\/runs\/RUN_2025.05.21_14.16.44\/tmp\/cts\/13-counter.resized.nl.v/} /openlane/lab3/runs/RUN_2025.05.21_14.16.44/config.tcl}"

Wed May 21 14:16:59 +0000 2025 - Executing "openroad -exit /openlane/scripts/openroad/resizer_routing_design.tcl |& tee /dev/null /openlane/lab3/runs/RUN_2025.05.21_14.16.44/logs/routing/14-resizer_design.log"

Wed May 21 14:16:59 +0000 2025 - Executing "{openroad -exit /openlane/scripts/openroad/resizer_routing_design.tcl |& tee /dev/null /openlane/lab3/runs/RUN_2025.05.21_14.16.44/logs/routing/14-resizer_design.log}"

Wed May 21 14:17:01 +0000 2025 - Executing "{sed -i.bak -e {s/\(set ::env(CURRENT_NETLIST)\).*/\1 \/openlane\/lab3\/runs\/RUN_2025.05.21_14.16.44\/tmp\/14-counter.nl.v/} /openlane/lab3/runs/RUN_2025.05.21_14.16.44/config.tcl}"

Wed May 21 14:17:01 +0000 2025 - Executing "openroad -exit /openlane/scripts/openroad/sta/multi_corner.tcl |& tee /dev/null /openlane/lab3/runs/RUN_2025.05.21_14.16.44/logs/routing/15-rsz_design_sta.log"

Wed May 21 14:17:01 +0000 2025 - Executing "{openroad -exit /openlane/scripts/openroad/sta/multi_corner.tcl |& tee /dev/null /openlane/lab3/runs/RUN_2025.05.21_14.16.44/logs/routing/15-rsz_design_sta.log}"

Wed May 21 14:17:01 +0000 2025 - Executing "openroad -exit /openlane/scripts/openroad/resizer_routing_timing.tcl |& tee /dev/null /openlane/lab3/runs/RUN_2025.05.21_14.16.44/logs/routing/16-resizer_timing.log"

Wed May 21 14:17:01 +0000 2025 - Executing "{openroad -exit /openlane/scripts/openroad/resizer_routing_timing.tcl |& tee /dev/null /openlane/lab3/runs/RUN_2025.05.21_14.16.44/logs/routing/16-resizer_timing.log}"

Wed May 21 14:17:03 +0000 2025 - Executing "{sed -i.bak -e {s/\(set ::env(CURRENT_NETLIST)\).*/\1 \/openlane\/lab3\/runs\/RUN_2025.05.21_14.16.44\/tmp\/16-counter.nl.v/} /openlane/lab3/runs/RUN_2025.05.21_14.16.44/config.tcl}"

Wed May 21 14:17:03 +0000 2025 - Executing "openroad -exit /openlane/scripts/openroad/sta/multi_corner.tcl |& tee /dev/null /openlane/lab3/runs/RUN_2025.05.21_14.16.44/logs/routing/17-rsz_timing_sta.log"

Wed May 21 14:17:03 +0000 2025 - Executing "{openroad -exit /openlane/scripts/openroad/sta/multi_corner.tcl |& tee /dev/null /openlane/lab3/runs/RUN_2025.05.21_14.16.44/logs/routing/17-rsz_timing_sta.log}"

Wed May 21 14:17:03 +0000 2025 - Executing "openroad -exit /openlane/scripts/openroad/repair_antennas.tcl |& tee /dev/null /openlane/lab3/runs/RUN_2025.05.21_14.16.44/logs/routing/18-global.log"

Wed May 21 14:17:03 +0000 2025 - Executing "{openroad -exit /openlane/scripts/openroad/repair_antennas.tcl |& tee /dev/null /openlane/lab3/runs/RUN_2025.05.21_14.16.44/logs/routing/18-global.log}"

Wed May 21 14:17:04 +0000 2025 - Executing "openroad -exit /openlane/scripts/openroad/write_views.tcl |& tee /dev/null /openlane/lab3/runs/RUN_2025.05.21_14.16.44/logs/routing/18-global_write_netlist.log"

Wed May 21 14:17:04 +0000 2025 - Executing "{openroad -exit /openlane/scripts/openroad/write_views.tcl |& tee /dev/null /openlane/lab3/runs/RUN_2025.05.21_14.16.44/logs/routing/18-global_write_netlist.log}"

Wed May 21 14:17:04 +0000 2025 - Executing "{sed -i.bak -e {s/\(set ::env(CURRENT_NETLIST)\).*/\1 \/openlane\/lab3\/runs\/RUN_2025.05.21_14.16.44\/tmp\/routing\/global.nl.v/} /openlane/lab3/runs/RUN_2025.05.21_14.16.44/config.tcl}"

Wed May 21 14:17:04 +0000 2025 - Executing "openroad -exit /openlane/scripts/openroad/sta/multi_corner.tcl |& tee /dev/null /openlane/lab3/runs/RUN_2025.05.21_14.16.44/logs/routing/20-grt_sta.log"

Wed May 21 14:17:04 +0000 2025 - Executing "{openroad -exit /openlane/scripts/openroad/sta/multi_corner.tcl |& tee /dev/null /openlane/lab3/runs/RUN_2025.05.21_14.16.44/logs/routing/20-grt_sta.log}"

Wed May 21 14:17:05 +0000 2025 - Executing "openroad -exit /openlane/scripts/openroad/fill.tcl |& tee /dev/null /openlane/lab3/runs/RUN_2025.05.21_14.16.44/logs/routing/21-fill.log"

Wed May 21 14:17:05 +0000 2025 - Executing "{openroad -exit /openlane/scripts/openroad/fill.tcl |& tee /dev/null /openlane/lab3/runs/RUN_2025.05.21_14.16.44/logs/routing/21-fill.log}"

Wed May 21 14:17:05 +0000 2025 - Executing "{sed -i.bak -e {s/\(set ::env(CURRENT_NETLIST)\).*/\1 \/openlane\/lab3\/runs\/RUN_2025.05.21_14.16.44\/tmp\/routing\/21-fill.nl.v/} /openlane/lab3/runs/RUN_2025.05.21_14.16.44/config.tcl}"

Wed May 21 14:17:05 +0000 2025 - Executing "openroad -exit -metrics /openlane/lab3/runs/RUN_2025.05.21_14.16.44/reports/routing/22-drt_metrics.json /openlane/scripts/openroad/droute.tcl |& tee /dev/null /openlane/lab3/runs/RUN_2025.05.21_14.16.44/logs/routing/22-detailed.log"

Wed May 21 14:17:05 +0000 2025 - Executing "{openroad -exit -metrics /openlane/lab3/runs/RUN_2025.05.21_14.16.44/reports/routing/22-drt_metrics.json /openlane/scripts/openroad/droute.tcl |& tee /dev/null /openlane/lab3/runs/RUN_2025.05.21_14.16.44/logs/routing/22-detailed.log}"

Wed May 21 14:17:09 +0000 2025 - Executing "{sed -i.bak -e {s/\(set ::env(CURRENT_NETLIST)\).*/\1 \/openlane\/lab3\/runs\/RUN_2025.05.21_14.16.44\/results\/routing\/counter.nl.v/} /openlane/lab3/runs/RUN_2025.05.21_14.16.44/config.tcl}"

Wed May 21 14:17:09 +0000 2025 - Executing "{python3 /openlane/scripts/drc_rosetta.py tr to_klayout -o /openlane/lab3/runs/RUN_2025.05.21_14.16.44/reports/routing/drt.klayout.xml --design-name counter /openlane/lab3/runs/RUN_2025.05.21_14.16.44/reports/routing/drt.drc}"

Wed May 21 14:17:09 +0000 2025 - Executing "{openroad -exit -no_init -python /openlane/scripts/odbpy/wire_lengths.py --report-out /openlane/lab3/runs/RUN_2025.05.21_14.16.44/reports/routing/23-wire_lengths.csv --input-lef /openlane/lab3/runs/RUN_2025.05.21_14.16.44/tmp/merged.nom.lef --output-def /openlane/lab3/runs/RUN_2025.05.21_14.16.44/results/routing/counter.def --output /openlane/lab3/runs/RUN_2025.05.21_14.16.44/results/routing/counter.odb /openlane/lab3/runs/RUN_2025.05.21_14.16.44/results/routing/counter.odb |& tee /dev/null /openlane/lab3/runs/RUN_2025.05.21_14.16.44/logs/routing/23-wire_lengths.log}"

Wed May 21 14:17:10 +0000 2025 - Executing "openroad -exit /openlane/scripts/openroad/rcx.tcl |& tee /dev/null /openlane/lab3/runs/RUN_2025.05.21_14.16.44/logs/signoff/24-parasitics_extraction.min.log"

Wed May 21 14:17:10 +0000 2025 - Executing "{openroad -exit /openlane/scripts/openroad/rcx.tcl |& tee /dev/null /openlane/lab3/runs/RUN_2025.05.21_14.16.44/logs/signoff/24-parasitics_extraction.min.log}"

Wed May 21 14:17:10 +0000 2025 - Executing "sta -exit -no_init /openlane/scripts/openroad/sta/multi_corner.tcl |& tee /dev/null /openlane/lab3/runs/RUN_2025.05.21_14.16.44/logs/signoff/25-rcx_mcsta.min.log"

Wed May 21 14:17:10 +0000 2025 - Executing "{sta -exit -no_init /openlane/scripts/openroad/sta/multi_corner.tcl |& tee /dev/null /openlane/lab3/runs/RUN_2025.05.21_14.16.44/logs/signoff/25-rcx_mcsta.min.log}"

Wed May 21 14:17:12 +0000 2025 - Executing "openroad -exit /openlane/scripts/openroad/rcx.tcl |& tee /dev/null /openlane/lab3/runs/RUN_2025.05.21_14.16.44/logs/signoff/26-parasitics_extraction.max.log"

Wed May 21 14:17:12 +0000 2025 - Executing "{openroad -exit /openlane/scripts/openroad/rcx.tcl |& tee /dev/null /openlane/lab3/runs/RUN_2025.05.21_14.16.44/logs/signoff/26-parasitics_extraction.max.log}"

Wed May 21 14:17:12 +0000 2025 - Executing "sta -exit -no_init /openlane/scripts/openroad/sta/multi_corner.tcl |& tee /dev/null /openlane/lab3/runs/RUN_2025.05.21_14.16.44/logs/signoff/27-rcx_mcsta.max.log"

Wed May 21 14:17:12 +0000 2025 - Executing "{sta -exit -no_init /openlane/scripts/openroad/sta/multi_corner.tcl |& tee /dev/null /openlane/lab3/runs/RUN_2025.05.21_14.16.44/logs/signoff/27-rcx_mcsta.max.log}"

Wed May 21 14:17:13 +0000 2025 - Executing "openroad -exit /openlane/scripts/openroad/rcx.tcl |& tee /dev/null /openlane/lab3/runs/RUN_2025.05.21_14.16.44/logs/signoff/28-parasitics_extraction.nom.log"

Wed May 21 14:17:13 +0000 2025 - Executing "{openroad -exit /openlane/scripts/openroad/rcx.tcl |& tee /dev/null /openlane/lab3/runs/RUN_2025.05.21_14.16.44/logs/signoff/28-parasitics_extraction.nom.log}"

Wed May 21 14:17:14 +0000 2025 - Executing "sta -exit -no_init /openlane/scripts/openroad/sta/multi_corner.tcl |& tee /dev/null /openlane/lab3/runs/RUN_2025.05.21_14.16.44/logs/signoff/29-rcx_mcsta.nom.log"

Wed May 21 14:17:14 +0000 2025 - Executing "{sta -exit -no_init /openlane/scripts/openroad/sta/multi_corner.tcl |& tee /dev/null /openlane/lab3/runs/RUN_2025.05.21_14.16.44/logs/signoff/29-rcx_mcsta.nom.log}"

Wed May 21 14:17:16 +0000 2025 - Executing "openroad -exit /openlane/scripts/openroad/irdrop.tcl |& tee /dev/null /openlane/lab3/runs/RUN_2025.05.21_14.16.44/logs/signoff/30-irdrop.log"

Wed May 21 14:17:16 +0000 2025 - Executing "{openroad -exit /openlane/scripts/openroad/irdrop.tcl |& tee /dev/null /openlane/lab3/runs/RUN_2025.05.21_14.16.44/logs/signoff/30-irdrop.log}"

Wed May 21 14:17:16 +0000 2025 - Executing "magic -noconsole -dnull -rcfile /home/talha/.volare/sky130A/libs.tech/magic/sky130A.magicrc < /openlane/scripts/magic/wrapper.tcl |& tee /dev/null /openlane/lab3/runs/RUN_2025.05.21_14.16.44/logs/signoff/31-gdsii.log"

Wed May 21 14:17:16 +0000 2025 - Executing "{magic -noconsole -dnull -rcfile /home/talha/.volare/sky130A/libs.tech/magic/sky130A.magicrc < /openlane/scripts/magic/wrapper.tcl |& tee /dev/null /openlane/lab3/runs/RUN_2025.05.21_14.16.44/logs/signoff/31-gdsii.log}"

Wed May 21 14:17:17 +0000 2025 - Executing "magic -noconsole -dnull -rcfile /home/talha/.volare/sky130A/libs.tech/magic/sky130A.magicrc < /openlane/scripts/magic/wrapper.tcl |& tee /dev/null /openlane/lab3/runs/RUN_2025.05.21_14.16.44/logs/signoff/31-gds_ptrs.log"

Wed May 21 14:17:17 +0000 2025 - Executing "{magic -noconsole -dnull -rcfile /home/talha/.volare/sky130A/libs.tech/magic/sky130A.magicrc < /openlane/scripts/magic/wrapper.tcl |& tee /dev/null /openlane/lab3/runs/RUN_2025.05.21_14.16.44/logs/signoff/31-gds_ptrs.log}"

Wed May 21 14:17:17 +0000 2025 - Executing "{sed -i.bak -n {/^<< properties >>/,/^<< end >>/p} /openlane/lab3/runs/RUN_2025.05.21_14.16.44/tmp/signoff/gds_ptrs.mag}"

Wed May 21 14:17:17 +0000 2025 - Executing "magic -noconsole -dnull -rcfile /home/talha/.volare/sky130A/libs.tech/magic/sky130A.magicrc < /openlane/scripts/magic/wrapper.tcl |& tee /dev/null /openlane/lab3/runs/RUN_2025.05.21_14.16.44/logs/signoff/31-lef.log"

Wed May 21 14:17:17 +0000 2025 - Executing "{magic -noconsole -dnull -rcfile /home/talha/.volare/sky130A/libs.tech/magic/sky130A.magicrc < /openlane/scripts/magic/wrapper.tcl |& tee /dev/null /openlane/lab3/runs/RUN_2025.05.21_14.16.44/logs/signoff/31-lef.log}"

Wed May 21 14:17:17 +0000 2025 - Executing "magic -noconsole -dnull -rcfile /home/talha/.volare/sky130A/libs.tech/magic/sky130A.magicrc < /openlane/scripts/magic/wrapper.tcl |& tee /dev/null /openlane/lab3/runs/RUN_2025.05.21_14.16.44/logs/signoff/31-maglef.log"

Wed May 21 14:17:17 +0000 2025 - Executing "{magic -noconsole -dnull -rcfile /home/talha/.volare/sky130A/libs.tech/magic/sky130A.magicrc < /openlane/scripts/magic/wrapper.tcl |& tee /dev/null /openlane/lab3/runs/RUN_2025.05.21_14.16.44/logs/signoff/31-maglef.log}"

Wed May 21 14:17:17 +0000 2025 - Executing "{python3 /openlane/scripts/klayout/stream_out.py --output /openlane/lab3/runs/RUN_2025.05.21_14.16.44/results/signoff/counter.klayout.gds --lyt /home/talha/.volare/sky130A/libs.tech/klayout/tech/sky130A.lyt --lym /home/talha/.volare/sky130A/libs.tech/klayout/tech/sky130A.map --lyp /home/talha/.volare/sky130A/libs.tech/klayout/tech/sky130A.lyp --top counter --with-gds-file /home/talha/.volare/sky130A/libs.ref/sky130_fd_sc_hd/gds/sky130_fd_sc_hd.gds --input-lef /openlane/lab3/runs/RUN_2025.05.21_14.16.44/tmp/merged.nom.lef /openlane/lab3/runs/RUN_2025.05.21_14.16.44/results/routing/counter.def |& tee /dev/null /openlane/lab3/runs/RUN_2025.05.21_14.16.44/logs/signoff/32-gdsii-klayout.log}"

Wed May 21 14:17:18 +0000 2025 - Executing "{klayout -b -r /openlane/scripts/klayout/xor.drc -rd a=/openlane/lab3/runs/RUN_2025.05.21_14.16.44/results/signoff/counter.gds -rd b=/openlane/lab3/runs/RUN_2025.05.21_14.16.44/results/signoff/counter.klayout.gds -rd jobs=1 -rd rdb_out=/openlane/lab3/runs/RUN_2025.05.21_14.16.44/reports/signoff/33-xor.xml -rd ignore=81/14 -rd rpt_out=/openlane/lab3/runs/RUN_2025.05.21_14.16.44/reports/signoff/33-xor.rpt |& tee /dev/null /openlane/lab3/runs/RUN_2025.05.21_14.16.44/logs/signoff/33-xor.log}"

Wed May 21 14:17:18 +0000 2025 - Executing "magic -noconsole -dnull -rcfile /home/talha/.volare/sky130A/libs.tech/magic/sky130A.magicrc < /openlane/scripts/magic/wrapper.tcl |& tee /dev/null /openlane/lab3/runs/RUN_2025.05.21_14.16.44/logs/signoff/34-spice.log"

Wed May 21 14:17:18 +0000 2025 - Executing "{magic -noconsole -dnull -rcfile /home/talha/.volare/sky130A/libs.tech/magic/sky130A.magicrc < /openlane/scripts/magic/wrapper.tcl |& tee /dev/null /openlane/lab3/runs/RUN_2025.05.21_14.16.44/logs/signoff/34-spice.log}"

Wed May 21 14:17:19 +0000 2025 - Executing "{openroad -exit -no_init -python /openlane/scripts/odbpy/power_utils.py write_powered_def --output /openlane/lab3/runs/RUN_2025.05.21_14.16.44/tmp/signoff/34-counter.p.def --input-lef /openlane/lab3/runs/RUN_2025.05.21_14.16.44/tmp/merged.nom.lef --power-port VPWR --ground-port VGND --powered-netlist {} /openlane/lab3/runs/RUN_2025.05.21_14.16.44/results/routing/counter.def |& tee /dev/null /openlane/lab3/runs/RUN_2025.05.21_14.16.44/logs/signoff/35-write_powered_def.log}"

Wed May 21 14:17:19 +0000 2025 - Executing "openroad -exit /openlane/scripts/openroad/write_views.tcl |& tee /dev/null /openlane/lab3/runs/RUN_2025.05.21_14.16.44/logs/signoff/35-write_powered_verilog.log"

Wed May 21 14:17:19 +0000 2025 - Executing "{openroad -exit /openlane/scripts/openroad/write_views.tcl |& tee /dev/null /openlane/lab3/runs/RUN_2025.05.21_14.16.44/logs/signoff/35-write_powered_verilog.log}"

Wed May 21 14:17:19 +0000 2025 - Executing "{sed -i.bak -e {s/\(set ::env(CURRENT_NETLIST)\).*/\1 \/openlane\/lab3\/runs\/RUN_2025.05.21_14.16.44\/tmp\/signoff\/34-counter.nl.v/} /openlane/lab3/runs/RUN_2025.05.21_14.16.44/config.tcl}"

Wed May 21 14:17:20 +0000 2025 - Executing "{netgen -batch source /openlane/lab3/runs/RUN_2025.05.21_14.16.44/tmp/signoff/37-setup_file.lef.lvs |& tee /dev/null /openlane/lab3/runs/RUN_2025.05.21_14.16.44/logs/signoff/37-lvs.lef.log}"

Wed May 21 14:17:20 +0000 2025 - Executing "magic -noconsole -dnull -rcfile /home/talha/.volare/sky130A/libs.tech/magic/sky130A.magicrc < /openlane/scripts/magic/wrapper.tcl |& tee /dev/null /openlane/lab3/runs/RUN_2025.05.21_14.16.44/logs/signoff/38-drc.log"

Wed May 21 14:17:20 +0000 2025 - Executing "{magic -noconsole -dnull -rcfile /home/talha/.volare/sky130A/libs.tech/magic/sky130A.magicrc < /openlane/scripts/magic/wrapper.tcl |& tee /dev/null /openlane/lab3/runs/RUN_2025.05.21_14.16.44/logs/signoff/38-drc.log}"

Wed May 21 14:17:20 +0000 2025 - Executing "{python3 /openlane/scripts/drc_rosetta.py magic to_tcl -o /openlane/lab3/runs/RUN_2025.05.21_14.16.44/reports/signoff/drc.tcl /openlane/lab3/runs/RUN_2025.05.21_14.16.44/reports/signoff/drc.rpt}"

Wed May 21 14:17:20 +0000 2025 - Executing "{python3 /openlane/scripts/drc_rosetta.py magic to_tr -o /openlane/lab3/runs/RUN_2025.05.21_14.16.44/reports/signoff/drc.tr /openlane/lab3/runs/RUN_2025.05.21_14.16.44/reports/signoff/drc.rpt}"

Wed May 21 14:17:21 +0000 2025 - Executing "{python3 /openlane/scripts/drc_rosetta.py tr to_klayout -o /openlane/lab3/runs/RUN_2025.05.21_14.16.44/reports/signoff/drc.klayout.xml --design-name counter /openlane/lab3/runs/RUN_2025.05.21_14.16.44/reports/signoff/drc.tr}"

Wed May 21 14:17:21 +0000 2025 - Executing "{python3 /openlane/scripts/drc_rosetta.py magic to_rdb -o /openlane/lab3/runs/RUN_2025.05.21_14.16.44/reports/signoff/drc.rdb /openlane/lab3/runs/RUN_2025.05.21_14.16.44/reports/signoff/drc.rpt}"

Wed May 21 14:17:21 +0000 2025 - Executing "{klayout -b -zz -r /home/talha/.volare/sky130A/libs.tech/klayout/drc/sky130A_mr.drc -rd topcell=counter -rd input=/openlane/lab3/runs/RUN_2025.05.21_14.16.44/results/signoff/counter.gds -rd report=/openlane/lab3/runs/RUN_2025.05.21_14.16.44/reports/signoff/violations.xml -rd feol=true -rd beol=true -rd floating_metal=false -rd seal=true -rd thread=1 |& tee /dev/null /openlane/lab3/runs/RUN_2025.05.21_14.16.44/logs/signoff/39-drc-klayout.log}"

Wed May 21 14:17:22 +0000 2025 - Executing "{python3 /openlane/scripts/klayout/xml_drc_report_to_json.py --xml-file /openlane/lab3/runs/RUN_2025.05.21_14.16.44/reports/signoff/violations.xml --json-file /openlane/lab3/runs/RUN_2025.05.21_14.16.44/reports/signoff/violations.json}"

Wed May 21 14:17:22 +0000 2025 - Executing "openroad -exit /openlane/scripts/openroad/antenna_check.tcl |& tee /dev/null /openlane/lab3/runs/RUN_2025.05.21_14.16.44/logs/signoff/40-arc.log"

Wed May 21 14:17:22 +0000 2025 - Executing "{openroad -exit /openlane/scripts/openroad/antenna_check.tcl |& tee /dev/null /openlane/lab3/runs/RUN_2025.05.21_14.16.44/logs/signoff/40-arc.log}"

Wed May 21 14:17:22 +0000 2025 - Executing "{python3 /openlane/scripts/extract_antenna_violators.py --output /openlane/lab3/runs/RUN_2025.05.21_14.16.44/reports/signoff/40-antenna_violators.rpt --plain-out /openlane/lab3/runs/RUN_2025.05.21_14.16.44/reports/signoff/40-antenna_violators_pins.txt /openlane/lab3/runs/RUN_2025.05.21_14.16.44/logs/signoff/40-arc.log}"

Wed May 21 14:17:23 +0000 2025 - Executing "{python3 /openlane/scripts/write_runtime.py --conclude --seconds --time-in 1747661423 {flow completed}}"

Wed May 21 14:17:23 +0000 2025 - Executing "{python3 /openlane/scripts/generate_reports.py -d /openlane/lab3 --design_name counter --tag RUN_2025.05.21_14.16.44 --output_file /openlane/lab3/runs/RUN_2025.05.21_14.16.44/reports/metrics.csv --man_report /openlane/lab3/runs/RUN_2025.05.21_14.16.44/reports/manufacturability.rpt --run_path /openlane/lab3/runs/RUN_2025.05.21_14.16.44}"

