
===========================================================================
report_checks -path_delay min (Hold)
============================================================================
======================= Fastest Corner ===================================

Startpoint: B[5] (input port clocked by __VIRTUAL_CLK__)
Endpoint: OUT[5] (output port clocked by __VIRTUAL_CLK__)
Path Group: __VIRTUAL_CLK__
Path Type: min
Corner: Fastest

Fanout     Cap    Slew   Delay    Time   Description
-----------------------------------------------------------------------------
                  0.00    0.00    0.00   clock __VIRTUAL_CLK__ (rise edge)
                          0.00    0.00   clock network delay (ideal)
                          2.00    2.00 ^ input external delay
     1    0.00    0.01    0.01    2.01 ^ B[5] (in)
                                         B[5] (net)
                  0.01    0.00    2.01 ^ input14/A (sky130_fd_sc_hd__buf_2)
     5    0.05    0.18    0.16    2.16 ^ input14/X (sky130_fd_sc_hd__buf_2)
                                         net14 (net)
                  0.18    0.01    2.17 ^ _233_/A1 (sky130_fd_sc_hd__a311o_1)
     1    0.01    0.09    0.14    2.31 ^ _233_/X (sky130_fd_sc_hd__a311o_1)
                                         _161_ (net)
                  0.09    0.00    2.31 ^ _267_/B1 (sky130_fd_sc_hd__a211o_1)
     1    0.01    0.08    0.10    2.41 ^ _267_/X (sky130_fd_sc_hd__a211o_1)
                                         net25 (net)
                  0.08    0.00    2.41 ^ output25/A (sky130_fd_sc_hd__buf_2)
     1    0.03    0.13    0.14    2.55 ^ output25/X (sky130_fd_sc_hd__buf_2)
                                         OUT[5] (net)
                  0.13    0.00    2.55 ^ OUT[5] (out)
                                  2.55   data arrival time

                  0.00    0.00    0.00   clock __VIRTUAL_CLK__ (rise edge)
                          0.00    0.00   clock network delay (ideal)
                          0.25    0.25   clock uncertainty
                          0.00    0.25   clock reconvergence pessimism
                         -2.00   -1.75   output external delay
                                 -1.75   data required time
-----------------------------------------------------------------------------
                                 -1.75   data required time
                                 -2.55   data arrival time
-----------------------------------------------------------------------------
                                  4.30   slack (MET)


Startpoint: A[0] (input port clocked by __VIRTUAL_CLK__)
Endpoint: OUT[0] (output port clocked by __VIRTUAL_CLK__)
Path Group: __VIRTUAL_CLK__
Path Type: min
Corner: Fastest

Fanout     Cap    Slew   Delay    Time   Description
-----------------------------------------------------------------------------
                  0.00    0.00    0.00   clock __VIRTUAL_CLK__ (rise edge)
                          0.00    0.00   clock network delay (ideal)
                          2.00    2.00 v input external delay
     1    0.00    0.00    0.00    2.00 v A[0] (in)
                                         A[0] (net)
                  0.00    0.00    2.00 v input1/A (sky130_fd_sc_hd__buf_1)
     2    0.02    0.07    0.08    2.09 v input1/X (sky130_fd_sc_hd__buf_1)
                                         net1 (net)
                  0.07    0.00    2.09 v _190_/A (sky130_fd_sc_hd__clkbuf_4)
    10    0.07    0.10    0.16    2.25 v _190_/X (sky130_fd_sc_hd__clkbuf_4)
                                         _118_ (net)
                  0.10    0.00    2.26 v _307_/A2 (sky130_fd_sc_hd__a31o_1)
     1    0.02    0.07    0.20    2.46 v _307_/X (sky130_fd_sc_hd__a31o_1)
                                         net20 (net)
                  0.07    0.00    2.46 v output20/A (sky130_fd_sc_hd__buf_2)
     1    0.04    0.06    0.13    2.59 v output20/X (sky130_fd_sc_hd__buf_2)
                                         OUT[0] (net)
                  0.06    0.00    2.59 v OUT[0] (out)
                                  2.59   data arrival time

                  0.00    0.00    0.00   clock __VIRTUAL_CLK__ (rise edge)
                          0.00    0.00   clock network delay (ideal)
                          0.25    0.25   clock uncertainty
                          0.00    0.25   clock reconvergence pessimism
                         -2.00   -1.75   output external delay
                                 -1.75   data required time
-----------------------------------------------------------------------------
                                 -1.75   data required time
                                 -2.59   data arrival time
-----------------------------------------------------------------------------
                                  4.34   slack (MET)


Startpoint: OPCODE[2] (input port clocked by __VIRTUAL_CLK__)
Endpoint: OUT[7] (output port clocked by __VIRTUAL_CLK__)
Path Group: __VIRTUAL_CLK__
Path Type: min
Corner: Fastest

Fanout     Cap    Slew   Delay    Time   Description
-----------------------------------------------------------------------------
                  0.00    0.00    0.00   clock __VIRTUAL_CLK__ (rise edge)
                          0.00    0.00   clock network delay (ideal)
                          2.00    2.00 v input external delay
     1    0.00    0.00    0.00    2.00 v OPCODE[2] (in)
                                         OPCODE[2] (net)
                  0.00    0.00    2.00 v input19/A (sky130_fd_sc_hd__clkbuf_4)
     6    0.07    0.10    0.14    2.14 v input19/X (sky130_fd_sc_hd__clkbuf_4)
                                         net19 (net)
                  0.10    0.01    2.15 v _265_/A (sky130_fd_sc_hd__and3_2)
     7    0.05    0.10    0.20    2.34 v _265_/X (sky130_fd_sc_hd__and3_2)
                                         _023_ (net)
                  0.10    0.01    2.35 v _302_/A1 (sky130_fd_sc_hd__a31o_1)
     1    0.00    0.02    0.13    2.48 v _302_/X (sky130_fd_sc_hd__a31o_1)
                                         net27 (net)
                  0.02    0.00    2.48 v output27/A (sky130_fd_sc_hd__buf_2)
     1    0.03    0.06    0.11    2.59 v output27/X (sky130_fd_sc_hd__buf_2)
                                         OUT[7] (net)
                  0.06    0.00    2.59 v OUT[7] (out)
                                  2.59   data arrival time

                  0.00    0.00    0.00   clock __VIRTUAL_CLK__ (rise edge)
                          0.00    0.00   clock network delay (ideal)
                          0.25    0.25   clock uncertainty
                          0.00    0.25   clock reconvergence pessimism
                         -2.00   -1.75   output external delay
                                 -1.75   data required time
-----------------------------------------------------------------------------
                                 -1.75   data required time
                                 -2.59   data arrival time
-----------------------------------------------------------------------------
                                  4.34   slack (MET)


Startpoint: A[6] (input port clocked by __VIRTUAL_CLK__)
Endpoint: OUT[6] (output port clocked by __VIRTUAL_CLK__)
Path Group: __VIRTUAL_CLK__
Path Type: min
Corner: Fastest

Fanout     Cap    Slew   Delay    Time   Description
-----------------------------------------------------------------------------
                  0.00    0.00    0.00   clock __VIRTUAL_CLK__ (rise edge)
                          0.00    0.00   clock network delay (ideal)
                          2.00    2.00 ^ input external delay
     1    0.00    0.01    0.01    2.01 ^ A[6] (in)
                                         A[6] (net)
                  0.01    0.00    2.01 ^ input7/A (sky130_fd_sc_hd__buf_2)
     5    0.05    0.17    0.15    2.15 ^ input7/X (sky130_fd_sc_hd__buf_2)
                                         net7 (net)
                  0.17    0.01    2.16 ^ _289_/A1 (sky130_fd_sc_hd__o211ai_2)
     1    0.02    0.08    0.10    2.26 v _289_/Y (sky130_fd_sc_hd__o211ai_2)
                                         _046_ (net)
                  0.08    0.00    2.26 v _290_/B1 (sky130_fd_sc_hd__a31o_1)
     1    0.02    0.06    0.12    2.38 v _290_/X (sky130_fd_sc_hd__a31o_1)
                                         _047_ (net)
                  0.06    0.00    2.38 v _291_/B1 (sky130_fd_sc_hd__a21o_1)
     1    0.02    0.07    0.12    2.50 v _291_/X (sky130_fd_sc_hd__a21o_1)
                                         net26 (net)
                  0.07    0.00    2.50 v output26/A (sky130_fd_sc_hd__buf_2)
     1    0.03    0.06    0.13    2.63 v output26/X (sky130_fd_sc_hd__buf_2)
                                         OUT[6] (net)
                  0.06    0.00    2.63 v OUT[6] (out)
                                  2.63   data arrival time

                  0.00    0.00    0.00   clock __VIRTUAL_CLK__ (rise edge)
                          0.00    0.00   clock network delay (ideal)
                          0.25    0.25   clock uncertainty
                          0.00    0.25   clock reconvergence pessimism
                         -2.00   -1.75   output external delay
                                 -1.75   data required time
-----------------------------------------------------------------------------
                                 -1.75   data required time
                                 -2.63   data arrival time
-----------------------------------------------------------------------------
                                  4.38   slack (MET)


Startpoint: OPCODE[2] (input port clocked by __VIRTUAL_CLK__)
Endpoint: OUT[2] (output port clocked by __VIRTUAL_CLK__)
Path Group: __VIRTUAL_CLK__
Path Type: min
Corner: Fastest

Fanout     Cap    Slew   Delay    Time   Description
-----------------------------------------------------------------------------
                  0.00    0.00    0.00   clock __VIRTUAL_CLK__ (rise edge)
                          0.00    0.00   clock network delay (ideal)
                          2.00    2.00 v input external delay
     1    0.00    0.00    0.00    2.00 v OPCODE[2] (in)
                                         OPCODE[2] (net)
                  0.00    0.00    2.00 v input19/A (sky130_fd_sc_hd__clkbuf_4)
     6    0.07    0.10    0.14    2.14 v input19/X (sky130_fd_sc_hd__clkbuf_4)
                                         net19 (net)
                  0.10    0.01    2.15 v _265_/A (sky130_fd_sc_hd__and3_2)
     7    0.05    0.10    0.20    2.34 v _265_/X (sky130_fd_sc_hd__and3_2)
                                         _023_ (net)
                  0.10    0.00    2.35 v _326_/A2 (sky130_fd_sc_hd__a31o_1)
     1    0.02    0.06    0.19    2.53 v _326_/X (sky130_fd_sc_hd__a31o_1)
                                         net22 (net)
                  0.06    0.00    2.54 v output22/A (sky130_fd_sc_hd__buf_2)
     1    0.03    0.06    0.12    2.66 v output22/X (sky130_fd_sc_hd__buf_2)
                                         OUT[2] (net)
                  0.06    0.00    2.66 v OUT[2] (out)
                                  2.66   data arrival time

                  0.00    0.00    0.00   clock __VIRTUAL_CLK__ (rise edge)
                          0.00    0.00   clock network delay (ideal)
                          0.25    0.25   clock uncertainty
                          0.00    0.25   clock reconvergence pessimism
                         -2.00   -1.75   output external delay
                                 -1.75   data required time
-----------------------------------------------------------------------------
                                 -1.75   data required time
                                 -2.66   data arrival time
-----------------------------------------------------------------------------
                                  4.41   slack (MET)


Startpoint: OPCODE[2] (input port clocked by __VIRTUAL_CLK__)
Endpoint: OUT[3] (output port clocked by __VIRTUAL_CLK__)
Path Group: __VIRTUAL_CLK__
Path Type: min
Corner: Fastest

Fanout     Cap    Slew   Delay    Time   Description
-----------------------------------------------------------------------------
                  0.00    0.00    0.00   clock __VIRTUAL_CLK__ (rise edge)
                          0.00    0.00   clock network delay (ideal)
                          2.00    2.00 v input external delay
     1    0.00    0.00    0.00    2.00 v OPCODE[2] (in)
                                         OPCODE[2] (net)
                  0.00    0.00    2.00 v input19/A (sky130_fd_sc_hd__clkbuf_4)
     6    0.07    0.10    0.14    2.14 v input19/X (sky130_fd_sc_hd__clkbuf_4)
                                         net19 (net)
                  0.10    0.01    2.15 v _170_/A (sky130_fd_sc_hd__inv_2)
     2    0.04    0.14    0.13    2.28 ^ _170_/Y (sky130_fd_sc_hd__inv_2)
                                         _098_ (net)
                  0.14    0.00    2.28 ^ _172_/A (sky130_fd_sc_hd__nor2_4)
     8    0.06    0.07    0.07    2.35 v _172_/Y (sky130_fd_sc_hd__nor2_4)
                                         _100_ (net)
                  0.08    0.01    2.36 v _335_/B2 (sky130_fd_sc_hd__a221o_1)
     1    0.02    0.08    0.21    2.57 v _335_/X (sky130_fd_sc_hd__a221o_1)
                                         net23 (net)
                  0.08    0.00    2.58 v output23/A (sky130_fd_sc_hd__buf_2)
     1    0.03    0.06    0.13    2.70 v output23/X (sky130_fd_sc_hd__buf_2)
                                         OUT[3] (net)
                  0.06    0.00    2.71 v OUT[3] (out)
                                  2.71   data arrival time

                  0.00    0.00    0.00   clock __VIRTUAL_CLK__ (rise edge)
                          0.00    0.00   clock network delay (ideal)
                          0.25    0.25   clock uncertainty
                          0.00    0.25   clock reconvergence pessimism
                         -2.00   -1.75   output external delay
                                 -1.75   data required time
-----------------------------------------------------------------------------
                                 -1.75   data required time
                                 -2.71   data arrival time
-----------------------------------------------------------------------------
                                  4.46   slack (MET)


Startpoint: A[4] (input port clocked by __VIRTUAL_CLK__)
Endpoint: OUT[4] (output port clocked by __VIRTUAL_CLK__)
Path Group: __VIRTUAL_CLK__
Path Type: min
Corner: Fastest

Fanout     Cap    Slew   Delay    Time   Description
-----------------------------------------------------------------------------
                  0.00    0.00    0.00   clock __VIRTUAL_CLK__ (rise edge)
                          0.00    0.00   clock network delay (ideal)
                          2.00    2.00 ^ input external delay
     1    0.00    0.02    0.01    2.01 ^ A[4] (in)
                                         A[4] (net)
                  0.02    0.00    2.01 ^ input5/A (sky130_fd_sc_hd__clkbuf_4)
     6    0.06    0.14    0.15    2.16 ^ input5/X (sky130_fd_sc_hd__clkbuf_4)
                                         net5 (net)
                  0.14    0.01    2.17 ^ _341_/A2 (sky130_fd_sc_hd__a31o_1)
     1    0.02    0.16    0.18    2.35 ^ _341_/X (sky130_fd_sc_hd__a31o_1)
                                         _092_ (net)
                  0.16    0.00    2.35 ^ _346_/B (sky130_fd_sc_hd__or3_1)
     1    0.02    0.15    0.16    2.51 ^ _346_/X (sky130_fd_sc_hd__or3_1)
                                         _097_ (net)
                  0.15    0.00    2.51 ^ _347_/A (sky130_fd_sc_hd__clkbuf_1)
     1    0.01    0.07    0.08    2.60 ^ _347_/X (sky130_fd_sc_hd__clkbuf_1)
                                         net24 (net)
                  0.07    0.00    2.60 ^ output24/A (sky130_fd_sc_hd__buf_2)
     1    0.03    0.13    0.14    2.74 ^ output24/X (sky130_fd_sc_hd__buf_2)
                                         OUT[4] (net)
                  0.13    0.00    2.74 ^ OUT[4] (out)
                                  2.74   data arrival time

                  0.00    0.00    0.00   clock __VIRTUAL_CLK__ (rise edge)
                          0.00    0.00   clock network delay (ideal)
                          0.25    0.25   clock uncertainty
                          0.00    0.25   clock reconvergence pessimism
                         -2.00   -1.75   output external delay
                                 -1.75   data required time
-----------------------------------------------------------------------------
                                 -1.75   data required time
                                 -2.74   data arrival time
-----------------------------------------------------------------------------
                                  4.49   slack (MET)


Startpoint: A[1] (input port clocked by __VIRTUAL_CLK__)
Endpoint: OUT[1] (output port clocked by __VIRTUAL_CLK__)
Path Group: __VIRTUAL_CLK__
Path Type: min
Corner: Fastest

Fanout     Cap    Slew   Delay    Time   Description
-----------------------------------------------------------------------------
                  0.00    0.00    0.00   clock __VIRTUAL_CLK__ (rise edge)
                          0.00    0.00   clock network delay (ideal)
                          2.00    2.00 ^ input external delay
     1    0.00    0.02    0.01    2.01 ^ A[1] (in)
                                         A[1] (net)
                  0.02    0.00    2.01 ^ input2/A (sky130_fd_sc_hd__clkbuf_2)
     4    0.04    0.16    0.14    2.15 ^ input2/X (sky130_fd_sc_hd__clkbuf_2)
                                         net2 (net)
                  0.16    0.00    2.15 ^ _173_/A (sky130_fd_sc_hd__clkbuf_4)
    10    0.08    0.17    0.20    2.35 ^ _173_/X (sky130_fd_sc_hd__clkbuf_4)
                                         _101_ (net)
                  0.18    0.01    2.36 ^ _312_/A1 (sky130_fd_sc_hd__a31o_1)
     1    0.01    0.06    0.11    2.47 ^ _312_/X (sky130_fd_sc_hd__a31o_1)
                                         _066_ (net)
                  0.06    0.00    2.47 ^ _317_/B (sky130_fd_sc_hd__or4b_1)
     1    0.01    0.04    0.08    2.55 ^ _317_/X (sky130_fd_sc_hd__or4b_1)
                                         _071_ (net)
                  0.04    0.00    2.55 ^ _318_/A (sky130_fd_sc_hd__clkbuf_1)
     1    0.01    0.08    0.08    2.64 ^ _318_/X (sky130_fd_sc_hd__clkbuf_1)
                                         net21 (net)
                  0.08    0.00    2.64 ^ output21/A (sky130_fd_sc_hd__buf_2)
     1    0.03    0.13    0.14    2.78 ^ output21/X (sky130_fd_sc_hd__buf_2)
                                         OUT[1] (net)
                  0.13    0.00    2.78 ^ OUT[1] (out)
                                  2.78   data arrival time

                  0.00    0.00    0.00   clock __VIRTUAL_CLK__ (rise edge)
                          0.00    0.00   clock network delay (ideal)
                          0.25    0.25   clock uncertainty
                          0.00    0.25   clock reconvergence pessimism
                         -2.00   -1.75   output external delay
                                 -1.75   data required time
-----------------------------------------------------------------------------
                                 -1.75   data required time
                                 -2.78   data arrival time
-----------------------------------------------------------------------------
                                  4.53   slack (MET)



worst slack corner Fastest: 4.3033
======================= Slowest Corner ===================================

Startpoint: B[5] (input port clocked by __VIRTUAL_CLK__)
Endpoint: OUT[5] (output port clocked by __VIRTUAL_CLK__)
Path Group: __VIRTUAL_CLK__
Path Type: min
Corner: Slowest

Fanout     Cap    Slew   Delay    Time   Description
-----------------------------------------------------------------------------
                  0.00    0.00    0.00   clock __VIRTUAL_CLK__ (rise edge)
                          0.00    0.00   clock network delay (ideal)
                          2.00    2.00 ^ input external delay
     1    0.00    0.03    0.01    2.01 ^ B[5] (in)
                                         B[5] (net)
                  0.03    0.00    2.01 ^ input14/A (sky130_fd_sc_hd__buf_2)
     5    0.05    0.38    0.38    2.39 ^ input14/X (sky130_fd_sc_hd__buf_2)
                                         net14 (net)
                  0.38    0.01    2.40 ^ _233_/A1 (sky130_fd_sc_hd__a311o_1)
     1    0.01    0.19    0.50    2.90 ^ _233_/X (sky130_fd_sc_hd__a311o_1)
                                         _161_ (net)
                  0.19    0.00    2.91 ^ _267_/B1 (sky130_fd_sc_hd__a211o_1)
     1    0.01    0.16    0.28    3.18 ^ _267_/X (sky130_fd_sc_hd__a211o_1)
                                         net25 (net)
                  0.16    0.00    3.18 ^ output25/A (sky130_fd_sc_hd__buf_2)
     1    0.03    0.28    0.37    3.55 ^ output25/X (sky130_fd_sc_hd__buf_2)
                                         OUT[5] (net)
                  0.28    0.00    3.55 ^ OUT[5] (out)
                                  3.55   data arrival time

                  0.00    0.00    0.00   clock __VIRTUAL_CLK__ (rise edge)
                          0.00    0.00   clock network delay (ideal)
                          0.25    0.25   clock uncertainty
                          0.00    0.25   clock reconvergence pessimism
                         -2.00   -1.75   output external delay
                                 -1.75   data required time
-----------------------------------------------------------------------------
                                 -1.75   data required time
                                 -3.55   data arrival time
-----------------------------------------------------------------------------
                                  5.30   slack (MET)


Startpoint: A[0] (input port clocked by __VIRTUAL_CLK__)
Endpoint: OUT[0] (output port clocked by __VIRTUAL_CLK__)
Path Group: __VIRTUAL_CLK__
Path Type: min
Corner: Slowest

Fanout     Cap    Slew   Delay    Time   Description
-----------------------------------------------------------------------------
                  0.00    0.00    0.00   clock __VIRTUAL_CLK__ (rise edge)
                          0.00    0.00   clock network delay (ideal)
                          2.00    2.00 v input external delay
     1    0.00    0.02    0.01    2.01 v A[0] (in)
                                         A[0] (net)
                  0.02    0.00    2.01 v input1/A (sky130_fd_sc_hd__buf_1)
     2    0.02    0.20    0.24    2.25 v input1/X (sky130_fd_sc_hd__buf_1)
                                         net1 (net)
                  0.20    0.00    2.25 v _190_/A (sky130_fd_sc_hd__clkbuf_4)
    10    0.07    0.25    0.45    2.70 v _190_/X (sky130_fd_sc_hd__clkbuf_4)
                                         _118_ (net)
                  0.25    0.00    2.71 v _307_/A2 (sky130_fd_sc_hd__a31o_1)
     1    0.02    0.21    0.56    3.27 v _307_/X (sky130_fd_sc_hd__a31o_1)
                                         net20 (net)
                  0.21    0.00    3.27 v output20/A (sky130_fd_sc_hd__buf_2)
     1    0.04    0.17    0.39    3.66 v output20/X (sky130_fd_sc_hd__buf_2)
                                         OUT[0] (net)
                  0.17    0.00    3.67 v OUT[0] (out)
                                  3.67   data arrival time

                  0.00    0.00    0.00   clock __VIRTUAL_CLK__ (rise edge)
                          0.00    0.00   clock network delay (ideal)
                          0.25    0.25   clock uncertainty
                          0.00    0.25   clock reconvergence pessimism
                         -2.00   -1.75   output external delay
                                 -1.75   data required time
-----------------------------------------------------------------------------
                                 -1.75   data required time
                                 -3.67   data arrival time
-----------------------------------------------------------------------------
                                  5.42   slack (MET)


Startpoint: OPCODE[2] (input port clocked by __VIRTUAL_CLK__)
Endpoint: OUT[7] (output port clocked by __VIRTUAL_CLK__)
Path Group: __VIRTUAL_CLK__
Path Type: min
Corner: Slowest

Fanout     Cap    Slew   Delay    Time   Description
-----------------------------------------------------------------------------
                  0.00    0.00    0.00   clock __VIRTUAL_CLK__ (rise edge)
                          0.00    0.00   clock network delay (ideal)
                          2.00    2.00 v input external delay
     1    0.00    0.02    0.01    2.01 v OPCODE[2] (in)
                                         OPCODE[2] (net)
                  0.02    0.00    2.01 v input19/A (sky130_fd_sc_hd__clkbuf_4)
     6    0.07    0.25    0.36    2.37 v input19/X (sky130_fd_sc_hd__clkbuf_4)
                                         net19 (net)
                  0.25    0.01    2.38 v _265_/A (sky130_fd_sc_hd__and3_2)
     7    0.05    0.26    0.62    3.00 v _265_/X (sky130_fd_sc_hd__and3_2)
                                         _023_ (net)
                  0.26    0.01    3.01 v _302_/A1 (sky130_fd_sc_hd__a31o_1)
     1    0.00    0.07    0.39    3.40 v _302_/X (sky130_fd_sc_hd__a31o_1)
                                         net27 (net)
                  0.07    0.00    3.40 v output27/A (sky130_fd_sc_hd__buf_2)
     1    0.03    0.17    0.33    3.73 v output27/X (sky130_fd_sc_hd__buf_2)
                                         OUT[7] (net)
                  0.17    0.00    3.73 v OUT[7] (out)
                                  3.73   data arrival time

                  0.00    0.00    0.00   clock __VIRTUAL_CLK__ (rise edge)
                          0.00    0.00   clock network delay (ideal)
                          0.25    0.25   clock uncertainty
                          0.00    0.25   clock reconvergence pessimism
                         -2.00   -1.75   output external delay
                                 -1.75   data required time
-----------------------------------------------------------------------------
                                 -1.75   data required time
                                 -3.73   data arrival time
-----------------------------------------------------------------------------
                                  5.48   slack (MET)


Startpoint: OPCODE[2] (input port clocked by __VIRTUAL_CLK__)
Endpoint: OUT[2] (output port clocked by __VIRTUAL_CLK__)
Path Group: __VIRTUAL_CLK__
Path Type: min
Corner: Slowest

Fanout     Cap    Slew   Delay    Time   Description
-----------------------------------------------------------------------------
                  0.00    0.00    0.00   clock __VIRTUAL_CLK__ (rise edge)
                          0.00    0.00   clock network delay (ideal)
                          2.00    2.00 v input external delay
     1    0.00    0.02    0.01    2.01 v OPCODE[2] (in)
                                         OPCODE[2] (net)
                  0.02    0.00    2.01 v input19/A (sky130_fd_sc_hd__clkbuf_4)
     6    0.07    0.25    0.36    2.37 v input19/X (sky130_fd_sc_hd__clkbuf_4)
                                         net19 (net)
                  0.25    0.01    2.38 v _265_/A (sky130_fd_sc_hd__and3_2)
     7    0.05    0.26    0.62    3.00 v _265_/X (sky130_fd_sc_hd__and3_2)
                                         _023_ (net)
                  0.26    0.00    3.00 v _326_/A2 (sky130_fd_sc_hd__a31o_1)
     1    0.02    0.17    0.54    3.54 v _326_/X (sky130_fd_sc_hd__a31o_1)
                                         net22 (net)
                  0.17    0.00    3.54 v output22/A (sky130_fd_sc_hd__buf_2)
     1    0.03    0.17    0.37    3.91 v output22/X (sky130_fd_sc_hd__buf_2)
                                         OUT[2] (net)
                  0.17    0.00    3.91 v OUT[2] (out)
                                  3.91   data arrival time

                  0.00    0.00    0.00   clock __VIRTUAL_CLK__ (rise edge)
                          0.00    0.00   clock network delay (ideal)
                          0.25    0.25   clock uncertainty
                          0.00    0.25   clock reconvergence pessimism
                         -2.00   -1.75   output external delay
                                 -1.75   data required time
-----------------------------------------------------------------------------
                                 -1.75   data required time
                                 -3.91   data arrival time
-----------------------------------------------------------------------------
                                  5.66   slack (MET)


Startpoint: A[6] (input port clocked by __VIRTUAL_CLK__)
Endpoint: OUT[6] (output port clocked by __VIRTUAL_CLK__)
Path Group: __VIRTUAL_CLK__
Path Type: min
Corner: Slowest

Fanout     Cap    Slew   Delay    Time   Description
-----------------------------------------------------------------------------
                  0.00    0.00    0.00   clock __VIRTUAL_CLK__ (rise edge)
                          0.00    0.00   clock network delay (ideal)
                          2.00    2.00 v input external delay
     1    0.00    0.02    0.01    2.01 v A[6] (in)
                                         A[6] (net)
                  0.02    0.00    2.01 v input7/A (sky130_fd_sc_hd__buf_2)
     5    0.04    0.21    0.33    2.34 v input7/X (sky130_fd_sc_hd__buf_2)
                                         net7 (net)
                  0.21    0.01    2.35 v _289_/A1 (sky130_fd_sc_hd__o211ai_2)
     1    0.02    0.22    0.49    2.84 ^ _289_/Y (sky130_fd_sc_hd__o211ai_2)
                                         _046_ (net)
                  0.22    0.00    2.84 ^ _290_/B1 (sky130_fd_sc_hd__a31o_1)
     1    0.02    0.26    0.35    3.19 ^ _290_/X (sky130_fd_sc_hd__a31o_1)
                                         _047_ (net)
                  0.26    0.00    3.19 ^ _291_/B1 (sky130_fd_sc_hd__a21o_1)
     1    0.02    0.31    0.37    3.57 ^ _291_/X (sky130_fd_sc_hd__a21o_1)
                                         net26 (net)
                  0.31    0.00    3.57 ^ output26/A (sky130_fd_sc_hd__buf_2)
     1    0.03    0.27    0.43    4.00 ^ output26/X (sky130_fd_sc_hd__buf_2)
                                         OUT[6] (net)
                  0.27    0.00    4.00 ^ OUT[6] (out)
                                  4.00   data arrival time

                  0.00    0.00    0.00   clock __VIRTUAL_CLK__ (rise edge)
                          0.00    0.00   clock network delay (ideal)
                          0.25    0.25   clock uncertainty
                          0.00    0.25   clock reconvergence pessimism
                         -2.00   -1.75   output external delay
                                 -1.75   data required time
-----------------------------------------------------------------------------
                                 -1.75   data required time
                                 -4.00   data arrival time
-----------------------------------------------------------------------------
                                  5.75   slack (MET)


Startpoint: A[4] (input port clocked by __VIRTUAL_CLK__)
Endpoint: OUT[4] (output port clocked by __VIRTUAL_CLK__)
Path Group: __VIRTUAL_CLK__
Path Type: min
Corner: Slowest

Fanout     Cap    Slew   Delay    Time   Description
-----------------------------------------------------------------------------
                  0.00    0.00    0.00   clock __VIRTUAL_CLK__ (rise edge)
                          0.00    0.00   clock network delay (ideal)
                          2.00    2.00 ^ input external delay
     1    0.00    0.04    0.02    2.02 ^ A[4] (in)
                                         A[4] (net)
                  0.04    0.00    2.02 ^ input5/A (sky130_fd_sc_hd__clkbuf_4)
     6    0.06    0.30    0.38    2.40 ^ input5/X (sky130_fd_sc_hd__clkbuf_4)
                                         net5 (net)
                  0.30    0.01    2.40 ^ _341_/A2 (sky130_fd_sc_hd__a31o_1)
     1    0.02    0.35    0.56    2.96 ^ _341_/X (sky130_fd_sc_hd__a31o_1)
                                         _092_ (net)
                  0.35    0.00    2.96 ^ _346_/B (sky130_fd_sc_hd__or3_1)
     1    0.02    0.32    0.45    3.41 ^ _346_/X (sky130_fd_sc_hd__or3_1)
                                         _097_ (net)
                  0.32    0.00    3.41 ^ _347_/A (sky130_fd_sc_hd__clkbuf_1)
     1    0.01    0.15    0.28    3.69 ^ _347_/X (sky130_fd_sc_hd__clkbuf_1)
                                         net24 (net)
                  0.15    0.00    3.69 ^ output24/A (sky130_fd_sc_hd__buf_2)
     1    0.03    0.27    0.36    4.06 ^ output24/X (sky130_fd_sc_hd__buf_2)
                                         OUT[4] (net)
                  0.27    0.00    4.06 ^ OUT[4] (out)
                                  4.06   data arrival time

                  0.00    0.00    0.00   clock __VIRTUAL_CLK__ (rise edge)
                          0.00    0.00   clock network delay (ideal)
                          0.25    0.25   clock uncertainty
                          0.00    0.25   clock reconvergence pessimism
                         -2.00   -1.75   output external delay
                                 -1.75   data required time
-----------------------------------------------------------------------------
                                 -1.75   data required time
                                 -4.06   data arrival time
-----------------------------------------------------------------------------
                                  5.81   slack (MET)


Startpoint: OPCODE[2] (input port clocked by __VIRTUAL_CLK__)
Endpoint: OUT[3] (output port clocked by __VIRTUAL_CLK__)
Path Group: __VIRTUAL_CLK__
Path Type: min
Corner: Slowest

Fanout     Cap    Slew   Delay    Time   Description
-----------------------------------------------------------------------------
                  0.00    0.00    0.00   clock __VIRTUAL_CLK__ (rise edge)
                          0.00    0.00   clock network delay (ideal)
                          2.00    2.00 v input external delay
     1    0.00    0.02    0.01    2.01 v OPCODE[2] (in)
                                         OPCODE[2] (net)
                  0.02    0.00    2.01 v input19/A (sky130_fd_sc_hd__clkbuf_4)
     6    0.07    0.25    0.36    2.37 v input19/X (sky130_fd_sc_hd__clkbuf_4)
                                         net19 (net)
                  0.25    0.01    2.38 v _170_/A (sky130_fd_sc_hd__inv_2)
     2    0.04    0.29    0.31    2.69 ^ _170_/Y (sky130_fd_sc_hd__inv_2)
                                         _098_ (net)
                  0.29    0.00    2.70 ^ _172_/A (sky130_fd_sc_hd__nor2_4)
     8    0.06    0.15    0.23    2.92 v _172_/Y (sky130_fd_sc_hd__nor2_4)
                                         _100_ (net)
                  0.15    0.01    2.93 v _335_/B2 (sky130_fd_sc_hd__a221o_1)
     1    0.02    0.23    0.74    3.68 v _335_/X (sky130_fd_sc_hd__a221o_1)
                                         net23 (net)
                  0.23    0.00    3.68 v output23/A (sky130_fd_sc_hd__buf_2)
     1    0.03    0.17    0.40    4.08 v output23/X (sky130_fd_sc_hd__buf_2)
                                         OUT[3] (net)
                  0.17    0.00    4.08 v OUT[3] (out)
                                  4.08   data arrival time

                  0.00    0.00    0.00   clock __VIRTUAL_CLK__ (rise edge)
                          0.00    0.00   clock network delay (ideal)
                          0.25    0.25   clock uncertainty
                          0.00    0.25   clock reconvergence pessimism
                         -2.00   -1.75   output external delay
                                 -1.75   data required time
-----------------------------------------------------------------------------
                                 -1.75   data required time
                                 -4.08   data arrival time
-----------------------------------------------------------------------------
                                  5.83   slack (MET)


Startpoint: A[1] (input port clocked by __VIRTUAL_CLK__)
Endpoint: OUT[1] (output port clocked by __VIRTUAL_CLK__)
Path Group: __VIRTUAL_CLK__
Path Type: min
Corner: Slowest

Fanout     Cap    Slew   Delay    Time   Description
-----------------------------------------------------------------------------
                  0.00    0.00    0.00   clock __VIRTUAL_CLK__ (rise edge)
                          0.00    0.00   clock network delay (ideal)
                          2.00    2.00 v input external delay
     1    0.00    0.02    0.01    2.01 v A[1] (in)
                                         A[1] (net)
                  0.02    0.00    2.01 v input2/A (sky130_fd_sc_hd__clkbuf_2)
     4    0.04    0.25    0.31    2.32 v input2/X (sky130_fd_sc_hd__clkbuf_2)
                                         net2 (net)
                  0.25    0.00    2.32 v _173_/A (sky130_fd_sc_hd__clkbuf_4)
    10    0.07    0.27    0.48    2.80 v _173_/X (sky130_fd_sc_hd__clkbuf_4)
                                         _101_ (net)
                  0.27    0.01    2.80 v _313_/A (sky130_fd_sc_hd__nor2_1)
     1    0.01    0.38    0.41    3.22 ^ _313_/Y (sky130_fd_sc_hd__nor2_1)
                                         _067_ (net)
                  0.38    0.00    3.22 ^ _317_/C (sky130_fd_sc_hd__or4b_1)
     1    0.00    0.09    0.31    3.52 ^ _317_/X (sky130_fd_sc_hd__or4b_1)
                                         _071_ (net)
                  0.09    0.00    3.52 ^ _318_/A (sky130_fd_sc_hd__clkbuf_1)
     1    0.01    0.17    0.22    3.74 ^ _318_/X (sky130_fd_sc_hd__clkbuf_1)
                                         net21 (net)
                  0.17    0.00    3.74 ^ output21/A (sky130_fd_sc_hd__buf_2)
     1    0.03    0.27    0.37    4.11 ^ output21/X (sky130_fd_sc_hd__buf_2)
                                         OUT[1] (net)
                  0.27    0.00    4.12 ^ OUT[1] (out)
                                  4.12   data arrival time

                  0.00    0.00    0.00   clock __VIRTUAL_CLK__ (rise edge)
                          0.00    0.00   clock network delay (ideal)
                          0.25    0.25   clock uncertainty
                          0.00    0.25   clock reconvergence pessimism
                         -2.00   -1.75   output external delay
                                 -1.75   data required time
-----------------------------------------------------------------------------
                                 -1.75   data required time
                                 -4.12   data arrival time
-----------------------------------------------------------------------------
                                  5.87   slack (MET)



worst slack corner Slowest: 5.3029
======================= Typical Corner ===================================

Startpoint: B[5] (input port clocked by __VIRTUAL_CLK__)
Endpoint: OUT[5] (output port clocked by __VIRTUAL_CLK__)
Path Group: __VIRTUAL_CLK__
Path Type: min
Corner: Typical

Fanout     Cap    Slew   Delay    Time   Description
-----------------------------------------------------------------------------
                  0.00    0.00    0.00   clock __VIRTUAL_CLK__ (rise edge)
                          0.00    0.00   clock network delay (ideal)
                          2.00    2.00 ^ input external delay
     1    0.00    0.02    0.01    2.01 ^ B[5] (in)
                                         B[5] (net)
                  0.02    0.00    2.01 ^ input14/A (sky130_fd_sc_hd__buf_2)
     5    0.05    0.24    0.22    2.23 ^ input14/X (sky130_fd_sc_hd__buf_2)
                                         net14 (net)
                  0.24    0.01    2.24 ^ _233_/A1 (sky130_fd_sc_hd__a311o_1)
     1    0.01    0.12    0.24    2.48 ^ _233_/X (sky130_fd_sc_hd__a311o_1)
                                         _161_ (net)
                  0.12    0.00    2.48 ^ _267_/B1 (sky130_fd_sc_hd__a211o_1)
     1    0.01    0.10    0.15    2.64 ^ _267_/X (sky130_fd_sc_hd__a211o_1)
                                         net25 (net)
                  0.10    0.00    2.64 ^ output25/A (sky130_fd_sc_hd__buf_2)
     1    0.03    0.17    0.21    2.84 ^ output25/X (sky130_fd_sc_hd__buf_2)
                                         OUT[5] (net)
                  0.17    0.00    2.85 ^ OUT[5] (out)
                                  2.85   data arrival time

                  0.00    0.00    0.00   clock __VIRTUAL_CLK__ (rise edge)
                          0.00    0.00   clock network delay (ideal)
                          0.25    0.25   clock uncertainty
                          0.00    0.25   clock reconvergence pessimism
                         -2.00   -1.75   output external delay
                                 -1.75   data required time
-----------------------------------------------------------------------------
                                 -1.75   data required time
                                 -2.85   data arrival time
-----------------------------------------------------------------------------
                                  4.60   slack (MET)


Startpoint: A[0] (input port clocked by __VIRTUAL_CLK__)
Endpoint: OUT[0] (output port clocked by __VIRTUAL_CLK__)
Path Group: __VIRTUAL_CLK__
Path Type: min
Corner: Typical

Fanout     Cap    Slew   Delay    Time   Description
-----------------------------------------------------------------------------
                  0.00    0.00    0.00   clock __VIRTUAL_CLK__ (rise edge)
                          0.00    0.00   clock network delay (ideal)
                          2.00    2.00 v input external delay
     1    0.00    0.01    0.00    2.00 v A[0] (in)
                                         A[0] (net)
                  0.01    0.00    2.00 v input1/A (sky130_fd_sc_hd__buf_1)
     2    0.02    0.10    0.13    2.13 v input1/X (sky130_fd_sc_hd__buf_1)
                                         net1 (net)
                  0.10    0.00    2.13 v _190_/A (sky130_fd_sc_hd__clkbuf_4)
    10    0.07    0.14    0.24    2.38 v _190_/X (sky130_fd_sc_hd__clkbuf_4)
                                         _118_ (net)
                  0.14    0.00    2.38 v _307_/A2 (sky130_fd_sc_hd__a31o_1)
     1    0.02    0.12    0.30    2.68 v _307_/X (sky130_fd_sc_hd__a31o_1)
                                         net20 (net)
                  0.12    0.00    2.69 v output20/A (sky130_fd_sc_hd__buf_2)
     1    0.04    0.09    0.20    2.89 v output20/X (sky130_fd_sc_hd__buf_2)
                                         OUT[0] (net)
                  0.09    0.00    2.89 v OUT[0] (out)
                                  2.89   data arrival time

                  0.00    0.00    0.00   clock __VIRTUAL_CLK__ (rise edge)
                          0.00    0.00   clock network delay (ideal)
                          0.25    0.25   clock uncertainty
                          0.00    0.25   clock reconvergence pessimism
                         -2.00   -1.75   output external delay
                                 -1.75   data required time
-----------------------------------------------------------------------------
                                 -1.75   data required time
                                 -2.89   data arrival time
-----------------------------------------------------------------------------
                                  4.64   slack (MET)


Startpoint: OPCODE[2] (input port clocked by __VIRTUAL_CLK__)
Endpoint: OUT[7] (output port clocked by __VIRTUAL_CLK__)
Path Group: __VIRTUAL_CLK__
Path Type: min
Corner: Typical

Fanout     Cap    Slew   Delay    Time   Description
-----------------------------------------------------------------------------
                  0.00    0.00    0.00   clock __VIRTUAL_CLK__ (rise edge)
                          0.00    0.00   clock network delay (ideal)
                          2.00    2.00 v input external delay
     1    0.00    0.01    0.00    2.00 v OPCODE[2] (in)
                                         OPCODE[2] (net)
                  0.01    0.00    2.00 v input19/A (sky130_fd_sc_hd__clkbuf_4)
     6    0.07    0.14    0.20    2.21 v input19/X (sky130_fd_sc_hd__clkbuf_4)
                                         net19 (net)
                  0.14    0.01    2.22 v _265_/A (sky130_fd_sc_hd__and3_2)
     7    0.05    0.14    0.30    2.52 v _265_/X (sky130_fd_sc_hd__and3_2)
                                         _023_ (net)
                  0.14    0.01    2.52 v _302_/A1 (sky130_fd_sc_hd__a31o_1)
     1    0.00    0.04    0.20    2.73 v _302_/X (sky130_fd_sc_hd__a31o_1)
                                         net27 (net)
                  0.04    0.00    2.73 v output27/A (sky130_fd_sc_hd__buf_2)
     1    0.03    0.09    0.17    2.89 v output27/X (sky130_fd_sc_hd__buf_2)
                                         OUT[7] (net)
                  0.09    0.00    2.90 v OUT[7] (out)
                                  2.90   data arrival time

                  0.00    0.00    0.00   clock __VIRTUAL_CLK__ (rise edge)
                          0.00    0.00   clock network delay (ideal)
                          0.25    0.25   clock uncertainty
                          0.00    0.25   clock reconvergence pessimism
                         -2.00   -1.75   output external delay
                                 -1.75   data required time
-----------------------------------------------------------------------------
                                 -1.75   data required time
                                 -2.90   data arrival time
-----------------------------------------------------------------------------
                                  4.65   slack (MET)


Startpoint: OPCODE[2] (input port clocked by __VIRTUAL_CLK__)
Endpoint: OUT[2] (output port clocked by __VIRTUAL_CLK__)
Path Group: __VIRTUAL_CLK__
Path Type: min
Corner: Typical

Fanout     Cap    Slew   Delay    Time   Description
-----------------------------------------------------------------------------
                  0.00    0.00    0.00   clock __VIRTUAL_CLK__ (rise edge)
                          0.00    0.00   clock network delay (ideal)
                          2.00    2.00 v input external delay
     1    0.00    0.01    0.00    2.00 v OPCODE[2] (in)
                                         OPCODE[2] (net)
                  0.01    0.00    2.00 v input19/A (sky130_fd_sc_hd__clkbuf_4)
     6    0.07    0.14    0.20    2.21 v input19/X (sky130_fd_sc_hd__clkbuf_4)
                                         net19 (net)
                  0.14    0.01    2.22 v _265_/A (sky130_fd_sc_hd__and3_2)
     7    0.05    0.14    0.30    2.52 v _265_/X (sky130_fd_sc_hd__and3_2)
                                         _023_ (net)
                  0.14    0.00    2.52 v _326_/A2 (sky130_fd_sc_hd__a31o_1)
     1    0.02    0.10    0.28    2.80 v _326_/X (sky130_fd_sc_hd__a31o_1)
                                         net22 (net)
                  0.10    0.00    2.80 v output22/A (sky130_fd_sc_hd__buf_2)
     1    0.03    0.09    0.19    3.00 v output22/X (sky130_fd_sc_hd__buf_2)
                                         OUT[2] (net)
                  0.09    0.00    3.00 v OUT[2] (out)
                                  3.00   data arrival time

                  0.00    0.00    0.00   clock __VIRTUAL_CLK__ (rise edge)
                          0.00    0.00   clock network delay (ideal)
                          0.25    0.25   clock uncertainty
                          0.00    0.25   clock reconvergence pessimism
                         -2.00   -1.75   output external delay
                                 -1.75   data required time
-----------------------------------------------------------------------------
                                 -1.75   data required time
                                 -3.00   data arrival time
-----------------------------------------------------------------------------
                                  4.75   slack (MET)


Startpoint: A[5] (input port clocked by __VIRTUAL_CLK__)
Endpoint: OUT[6] (output port clocked by __VIRTUAL_CLK__)
Path Group: __VIRTUAL_CLK__
Path Type: min
Corner: Typical

Fanout     Cap    Slew   Delay    Time   Description
-----------------------------------------------------------------------------
                  0.00    0.00    0.00   clock __VIRTUAL_CLK__ (rise edge)
                          0.00    0.00   clock network delay (ideal)
                          2.00    2.00 v input external delay
     1    0.00    0.01    0.00    2.00 v A[5] (in)
                                         A[5] (net)
                  0.01    0.00    2.00 v input6/A (sky130_fd_sc_hd__buf_2)
     6    0.05    0.12    0.17    2.18 v input6/X (sky130_fd_sc_hd__buf_2)
                                         net6 (net)
                  0.12    0.01    2.18 v _261_/A (sky130_fd_sc_hd__nand2_2)
     3    0.03    0.18    0.17    2.36 ^ _261_/Y (sky130_fd_sc_hd__nand2_2)
                                         _019_ (net)
                  0.18    0.00    2.36 ^ _274_/A1 (sky130_fd_sc_hd__a31o_1)
     1    0.01    0.08    0.18    2.54 ^ _274_/X (sky130_fd_sc_hd__a31o_1)
                                         _031_ (net)
                  0.08    0.00    2.55 ^ _275_/B (sky130_fd_sc_hd__nand2_1)
     1    0.01    0.10    0.11    2.65 v _275_/Y (sky130_fd_sc_hd__nand2_1)
                                         _032_ (net)
                  0.10    0.00    2.65 v _291_/A1 (sky130_fd_sc_hd__a21o_1)
     1    0.02    0.11    0.24    2.89 v _291_/X (sky130_fd_sc_hd__a21o_1)
                                         net26 (net)
                  0.11    0.00    2.89 v output26/A (sky130_fd_sc_hd__buf_2)
     1    0.03    0.09    0.20    3.09 v output26/X (sky130_fd_sc_hd__buf_2)
                                         OUT[6] (net)
                  0.09    0.00    3.09 v OUT[6] (out)
                                  3.09   data arrival time

                  0.00    0.00    0.00   clock __VIRTUAL_CLK__ (rise edge)
                          0.00    0.00   clock network delay (ideal)
                          0.25    0.25   clock uncertainty
                          0.00    0.25   clock reconvergence pessimism
                         -2.00   -1.75   output external delay
                                 -1.75   data required time
-----------------------------------------------------------------------------
                                 -1.75   data required time
                                 -3.09   data arrival time
-----------------------------------------------------------------------------
                                  4.84   slack (MET)


Startpoint: A[4] (input port clocked by __VIRTUAL_CLK__)
Endpoint: OUT[4] (output port clocked by __VIRTUAL_CLK__)
Path Group: __VIRTUAL_CLK__
Path Type: min
Corner: Typical

Fanout     Cap    Slew   Delay    Time   Description
-----------------------------------------------------------------------------
                  0.00    0.00    0.00   clock __VIRTUAL_CLK__ (rise edge)
                          0.00    0.00   clock network delay (ideal)
                          2.00    2.00 ^ input external delay
     1    0.00    0.02    0.01    2.01 ^ A[4] (in)
                                         A[4] (net)
                  0.02    0.00    2.01 ^ input5/A (sky130_fd_sc_hd__clkbuf_4)
     6    0.06    0.19    0.22    2.23 ^ input5/X (sky130_fd_sc_hd__clkbuf_4)
                                         net5 (net)
                  0.19    0.01    2.24 ^ _341_/A2 (sky130_fd_sc_hd__a31o_1)
     1    0.02    0.22    0.28    2.52 ^ _341_/X (sky130_fd_sc_hd__a31o_1)
                                         _092_ (net)
                  0.22    0.00    2.52 ^ _346_/B (sky130_fd_sc_hd__or3_1)
     1    0.02    0.20    0.25    2.77 ^ _346_/X (sky130_fd_sc_hd__or3_1)
                                         _097_ (net)
                  0.20    0.00    2.77 ^ _347_/A (sky130_fd_sc_hd__clkbuf_1)
     1    0.01    0.09    0.14    2.91 ^ _347_/X (sky130_fd_sc_hd__clkbuf_1)
                                         net24 (net)
                  0.09    0.00    2.91 ^ output24/A (sky130_fd_sc_hd__buf_2)
     1    0.03    0.17    0.20    3.12 ^ output24/X (sky130_fd_sc_hd__buf_2)
                                         OUT[4] (net)
                  0.17    0.00    3.12 ^ OUT[4] (out)
                                  3.12   data arrival time

                  0.00    0.00    0.00   clock __VIRTUAL_CLK__ (rise edge)
                          0.00    0.00   clock network delay (ideal)
                          0.25    0.25   clock uncertainty
                          0.00    0.25   clock reconvergence pessimism
                         -2.00   -1.75   output external delay
                                 -1.75   data required time
-----------------------------------------------------------------------------
                                 -1.75   data required time
                                 -3.12   data arrival time
-----------------------------------------------------------------------------
                                  4.87   slack (MET)


Startpoint: OPCODE[2] (input port clocked by __VIRTUAL_CLK__)
Endpoint: OUT[3] (output port clocked by __VIRTUAL_CLK__)
Path Group: __VIRTUAL_CLK__
Path Type: min
Corner: Typical

Fanout     Cap    Slew   Delay    Time   Description
-----------------------------------------------------------------------------
                  0.00    0.00    0.00   clock __VIRTUAL_CLK__ (rise edge)
                          0.00    0.00   clock network delay (ideal)
                          2.00    2.00 v input external delay
     1    0.00    0.01    0.00    2.00 v OPCODE[2] (in)
                                         OPCODE[2] (net)
                  0.01    0.00    2.00 v input19/A (sky130_fd_sc_hd__clkbuf_4)
     6    0.07    0.14    0.20    2.21 v input19/X (sky130_fd_sc_hd__clkbuf_4)
                                         net19 (net)
                  0.14    0.01    2.21 v _170_/A (sky130_fd_sc_hd__inv_2)
     2    0.04    0.18    0.18    2.40 ^ _170_/Y (sky130_fd_sc_hd__inv_2)
                                         _098_ (net)
                  0.18    0.00    2.40 ^ _172_/A (sky130_fd_sc_hd__nor2_4)
     8    0.06    0.10    0.11    2.51 v _172_/Y (sky130_fd_sc_hd__nor2_4)
                                         _100_ (net)
                  0.10    0.01    2.52 v _335_/B2 (sky130_fd_sc_hd__a221o_1)
     1    0.02    0.13    0.40    2.92 v _335_/X (sky130_fd_sc_hd__a221o_1)
                                         net23 (net)
                  0.13    0.00    2.93 v output23/A (sky130_fd_sc_hd__buf_2)
     1    0.03    0.09    0.21    3.13 v output23/X (sky130_fd_sc_hd__buf_2)
                                         OUT[3] (net)
                  0.09    0.00    3.13 v OUT[3] (out)
                                  3.13   data arrival time

                  0.00    0.00    0.00   clock __VIRTUAL_CLK__ (rise edge)
                          0.00    0.00   clock network delay (ideal)
                          0.25    0.25   clock uncertainty
                          0.00    0.25   clock reconvergence pessimism
                         -2.00   -1.75   output external delay
                                 -1.75   data required time
-----------------------------------------------------------------------------
                                 -1.75   data required time
                                 -3.13   data arrival time
-----------------------------------------------------------------------------
                                  4.88   slack (MET)


Startpoint: A[1] (input port clocked by __VIRTUAL_CLK__)
Endpoint: OUT[1] (output port clocked by __VIRTUAL_CLK__)
Path Group: __VIRTUAL_CLK__
Path Type: min
Corner: Typical

Fanout     Cap    Slew   Delay    Time   Description
-----------------------------------------------------------------------------
                  0.00    0.00    0.00   clock __VIRTUAL_CLK__ (rise edge)
                          0.00    0.00   clock network delay (ideal)
                          2.00    2.00 v input external delay
     1    0.00    0.01    0.00    2.00 v A[1] (in)
                                         A[1] (net)
                  0.01    0.00    2.00 v input2/A (sky130_fd_sc_hd__clkbuf_2)
     4    0.04    0.14    0.17    2.17 v input2/X (sky130_fd_sc_hd__clkbuf_2)
                                         net2 (net)
                  0.14    0.00    2.17 v _173_/A (sky130_fd_sc_hd__clkbuf_4)
    10    0.07    0.15    0.26    2.44 v _173_/X (sky130_fd_sc_hd__clkbuf_4)
                                         _101_ (net)
                  0.15    0.01    2.44 v _313_/A (sky130_fd_sc_hd__nor2_1)
     1    0.01    0.23    0.24    2.68 ^ _313_/Y (sky130_fd_sc_hd__nor2_1)
                                         _067_ (net)
                  0.23    0.00    2.68 ^ _317_/C (sky130_fd_sc_hd__or4b_1)
     1    0.01    0.06    0.15    2.83 ^ _317_/X (sky130_fd_sc_hd__or4b_1)
                                         _071_ (net)
                  0.06    0.00    2.83 ^ _318_/A (sky130_fd_sc_hd__clkbuf_1)
     1    0.01    0.11    0.12    2.96 ^ _318_/X (sky130_fd_sc_hd__clkbuf_1)
                                         net21 (net)
                  0.11    0.00    2.96 ^ output21/A (sky130_fd_sc_hd__buf_2)
     1    0.03    0.17    0.21    3.17 ^ output21/X (sky130_fd_sc_hd__buf_2)
                                         OUT[1] (net)
                  0.17    0.00    3.17 ^ OUT[1] (out)
                                  3.17   data arrival time

                  0.00    0.00    0.00   clock __VIRTUAL_CLK__ (rise edge)
                          0.00    0.00   clock network delay (ideal)
                          0.25    0.25   clock uncertainty
                          0.00    0.25   clock reconvergence pessimism
                         -2.00   -1.75   output external delay
                                 -1.75   data required time
-----------------------------------------------------------------------------
                                 -1.75   data required time
                                 -3.17   data arrival time
-----------------------------------------------------------------------------
                                  4.92   slack (MET)



worst slack corner Typical: 4.5960
