
===========================================================================
report_checks -path_delay max (Setup)
============================================================================
======================= Fastest Corner ===================================

Startpoint: B[0] (input port clocked by __VIRTUAL_CLK__)
Endpoint: OUT[5] (output port clocked by __VIRTUAL_CLK__)
Path Group: __VIRTUAL_CLK__
Path Type: max
Corner: Fastest

Fanout     Cap    Slew   Delay    Time   Description
-----------------------------------------------------------------------------
                  0.00    0.00    0.00   clock __VIRTUAL_CLK__ (rise edge)
                          0.00    0.00   clock network delay (ideal)
                          2.00    2.00 ^ input external delay
     1    0.00    0.01    0.01    2.01 ^ B[0] (in)
                                         B[0] (net)
                  0.01    0.00    2.01 ^ input9/A (sky130_fd_sc_hd__dlymetal6s2s_1)
     4    0.04    0.27    0.23    2.24 ^ input9/X (sky130_fd_sc_hd__dlymetal6s2s_1)
                                         net9 (net)
                  0.27    0.00    2.24 ^ _184_/A (sky130_fd_sc_hd__buf_4)
    10    0.08    0.17    0.21    2.45 ^ _184_/X (sky130_fd_sc_hd__buf_4)
                                         _112_ (net)
                  0.18    0.01    2.47 ^ _185_/B2 (sky130_fd_sc_hd__a22oi_4)
     3    0.04    0.09    0.08    2.55 v _185_/Y (sky130_fd_sc_hd__a22oi_4)
                                         _113_ (net)
                  0.09    0.00    2.55 v _192_/C (sky130_fd_sc_hd__or3_1)
     2    0.02    0.12    0.28    2.84 v _192_/X (sky130_fd_sc_hd__or3_1)
                                         _120_ (net)
                  0.12    0.00    2.84 v _197_/A1 (sky130_fd_sc_hd__a21o_1)
     2    0.02    0.06    0.17    3.02 v _197_/X (sky130_fd_sc_hd__a21o_1)
                                         _125_ (net)
                  0.06    0.00    3.02 v _199_/A3 (sky130_fd_sc_hd__a31o_1)
     2    0.02    0.08    0.21    3.23 v _199_/X (sky130_fd_sc_hd__a31o_1)
                                         _127_ (net)
                  0.08    0.00    3.23 v _201_/B (sky130_fd_sc_hd__xor2_2)
     2    0.03    0.25    0.24    3.47 ^ _201_/X (sky130_fd_sc_hd__xor2_2)
                                         _129_ (net)
                  0.25    0.00    3.48 ^ _210_/A (sky130_fd_sc_hd__nand3_2)
     3    0.03    0.15    0.15    3.62 v _210_/Y (sky130_fd_sc_hd__nand3_2)
                                         _138_ (net)
                  0.15    0.00    3.62 v _220_/B (sky130_fd_sc_hd__and3_1)
     1    0.02    0.08    0.21    3.83 v _220_/X (sky130_fd_sc_hd__and3_1)
                                         _148_ (net)
                  0.08    0.00    3.83 v _221_/B (sky130_fd_sc_hd__nor2_1)
     1    0.02    0.26    0.23    4.07 ^ _221_/Y (sky130_fd_sc_hd__nor2_1)
                                         _149_ (net)
                  0.26    0.00    4.07 ^ _267_/A2 (sky130_fd_sc_hd__a211o_1)
     1    0.01    0.08    0.14    4.21 ^ _267_/X (sky130_fd_sc_hd__a211o_1)
                                         net25 (net)
                  0.08    0.00    4.21 ^ output25/A (sky130_fd_sc_hd__buf_2)
     1    0.03    0.13    0.16    4.37 ^ output25/X (sky130_fd_sc_hd__buf_2)
                                         OUT[5] (net)
                  0.13    0.00    4.37 ^ OUT[5] (out)
                                  4.37   data arrival time

                  0.00   10.00   10.00   clock __VIRTUAL_CLK__ (rise edge)
                          0.00   10.00   clock network delay (ideal)
                         -0.25    9.75   clock uncertainty
                          0.00    9.75   clock reconvergence pessimism
                         -2.00    7.75   output external delay
                                  7.75   data required time
-----------------------------------------------------------------------------
                                  7.75   data required time
                                 -4.37   data arrival time
-----------------------------------------------------------------------------
                                  3.38   slack (MET)


Startpoint: OPCODE[0] (input port clocked by __VIRTUAL_CLK__)
Endpoint: OUT[6] (output port clocked by __VIRTUAL_CLK__)
Path Group: __VIRTUAL_CLK__
Path Type: max
Corner: Fastest

Fanout     Cap    Slew   Delay    Time   Description
-----------------------------------------------------------------------------
                  0.00    0.00    0.00   clock __VIRTUAL_CLK__ (rise edge)
                          0.00    0.00   clock network delay (ideal)
                          2.00    2.00 v input external delay
     1    0.00    0.01    0.00    2.00 v OPCODE[0] (in)
                                         OPCODE[0] (net)
                  0.01    0.00    2.00 v input17/A (sky130_fd_sc_hd__clkbuf_2)
     5    0.04    0.11    0.13    2.13 v input17/X (sky130_fd_sc_hd__clkbuf_2)
                                         net17 (net)
                  0.11    0.00    2.14 v _235_/A_N (sky130_fd_sc_hd__nand3b_4)
     7    0.04    0.11    0.19    2.33 v _235_/Y (sky130_fd_sc_hd__nand3b_4)
                                         _163_ (net)
                  0.11    0.01    2.33 v rebuffer1/A (sky130_fd_sc_hd__dlygate4sd1_1)
     2    0.01    0.04    0.20    2.53 v rebuffer1/X (sky130_fd_sc_hd__dlygate4sd1_1)
                                         net28 (net)
                  0.04    0.00    2.53 v _239_/A1 (sky130_fd_sc_hd__a21oi_2)
     2    0.03    0.31    0.27    2.81 ^ _239_/Y (sky130_fd_sc_hd__a21oi_2)
                                         _167_ (net)
                  0.31    0.00    2.81 ^ _248_/B (sky130_fd_sc_hd__or3_1)
     1    0.01    0.05    0.11    2.92 ^ _248_/X (sky130_fd_sc_hd__or3_1)
                                         _006_ (net)
                  0.05    0.00    2.92 ^ _249_/B (sky130_fd_sc_hd__and2_2)
     2    0.04    0.15    0.19    3.11 ^ _249_/X (sky130_fd_sc_hd__and2_2)
                                         _007_ (net)
                  0.15    0.00    3.11 ^ _250_/B1 (sky130_fd_sc_hd__o21ai_4)
     4    0.03    0.08    0.07    3.18 v _250_/Y (sky130_fd_sc_hd__o21ai_4)
                                         _008_ (net)
                  0.08    0.00    3.18 v _257_/A2 (sky130_fd_sc_hd__a311o_4)
     5    0.04    0.09    0.31    3.50 v _257_/X (sky130_fd_sc_hd__a311o_4)
                                         _015_ (net)
                  0.09    0.01    3.51 v _276_/A3 (sky130_fd_sc_hd__a311oi_4)
     3    0.03    0.31    0.35    3.85 ^ _276_/Y (sky130_fd_sc_hd__a311oi_4)
                                         _033_ (net)
                  0.31    0.00    3.85 ^ _277_/A_N (sky130_fd_sc_hd__and2b_1)
     1    0.01    0.06    0.16    4.02 v _277_/X (sky130_fd_sc_hd__and2b_1)
                                         _034_ (net)
                  0.06    0.00    4.02 v _291_/A2 (sky130_fd_sc_hd__a21o_1)
     1    0.02    0.08    0.18    4.20 v _291_/X (sky130_fd_sc_hd__a21o_1)
                                         net26 (net)
                  0.08    0.00    4.20 v output26/A (sky130_fd_sc_hd__buf_2)
     1    0.03    0.06    0.14    4.34 v output26/X (sky130_fd_sc_hd__buf_2)
                                         OUT[6] (net)
                  0.06    0.00    4.35 v OUT[6] (out)
                                  4.35   data arrival time

                  0.00   10.00   10.00   clock __VIRTUAL_CLK__ (rise edge)
                          0.00   10.00   clock network delay (ideal)
                         -0.25    9.75   clock uncertainty
                          0.00    9.75   clock reconvergence pessimism
                         -2.00    7.75   output external delay
                                  7.75   data required time
-----------------------------------------------------------------------------
                                  7.75   data required time
                                 -4.35   data arrival time
-----------------------------------------------------------------------------
                                  3.40   slack (MET)


Startpoint: B[0] (input port clocked by __VIRTUAL_CLK__)
Endpoint: OUT[4] (output port clocked by __VIRTUAL_CLK__)
Path Group: __VIRTUAL_CLK__
Path Type: max
Corner: Fastest

Fanout     Cap    Slew   Delay    Time   Description
-----------------------------------------------------------------------------
                  0.00    0.00    0.00   clock __VIRTUAL_CLK__ (rise edge)
                          0.00    0.00   clock network delay (ideal)
                          2.00    2.00 ^ input external delay
     1    0.00    0.01    0.01    2.01 ^ B[0] (in)
                                         B[0] (net)
                  0.01    0.00    2.01 ^ input9/A (sky130_fd_sc_hd__dlymetal6s2s_1)
     4    0.04    0.27    0.23    2.24 ^ input9/X (sky130_fd_sc_hd__dlymetal6s2s_1)
                                         net9 (net)
                  0.27    0.00    2.24 ^ _184_/A (sky130_fd_sc_hd__buf_4)
    10    0.08    0.17    0.21    2.45 ^ _184_/X (sky130_fd_sc_hd__buf_4)
                                         _112_ (net)
                  0.18    0.01    2.47 ^ _185_/B2 (sky130_fd_sc_hd__a22oi_4)
     3    0.04    0.09    0.08    2.55 v _185_/Y (sky130_fd_sc_hd__a22oi_4)
                                         _113_ (net)
                  0.09    0.00    2.55 v _192_/C (sky130_fd_sc_hd__or3_1)
     2    0.02    0.12    0.28    2.84 v _192_/X (sky130_fd_sc_hd__or3_1)
                                         _120_ (net)
                  0.12    0.00    2.84 v _197_/A1 (sky130_fd_sc_hd__a21o_1)
     2    0.02    0.06    0.17    3.02 v _197_/X (sky130_fd_sc_hd__a21o_1)
                                         _125_ (net)
                  0.06    0.00    3.02 v _199_/A3 (sky130_fd_sc_hd__a31o_1)
     2    0.02    0.08    0.21    3.23 v _199_/X (sky130_fd_sc_hd__a31o_1)
                                         _127_ (net)
                  0.08    0.00    3.23 v _201_/B (sky130_fd_sc_hd__xor2_2)
     2    0.03    0.25    0.24    3.47 ^ _201_/X (sky130_fd_sc_hd__xor2_2)
                                         _129_ (net)
                  0.25    0.00    3.48 ^ _210_/A (sky130_fd_sc_hd__nand3_2)
     3    0.03    0.15    0.15    3.62 v _210_/Y (sky130_fd_sc_hd__nand3_2)
                                         _138_ (net)
                  0.15    0.00    3.62 v _345_/A1 (sky130_fd_sc_hd__a31o_1)
     1    0.02    0.07    0.20    3.82 v _345_/X (sky130_fd_sc_hd__a31o_1)
                                         _096_ (net)
                  0.07    0.00    3.83 v _346_/C (sky130_fd_sc_hd__or3_1)
     1    0.02    0.11    0.27    4.09 v _346_/X (sky130_fd_sc_hd__or3_1)
                                         _097_ (net)
                  0.11    0.00    4.10 v _347_/A (sky130_fd_sc_hd__clkbuf_1)
     1    0.01    0.04    0.10    4.20 v _347_/X (sky130_fd_sc_hd__clkbuf_1)
                                         net24 (net)
                  0.04    0.00    4.20 v output24/A (sky130_fd_sc_hd__buf_2)
     1    0.03    0.06    0.12    4.32 v output24/X (sky130_fd_sc_hd__buf_2)
                                         OUT[4] (net)
                  0.06    0.00    4.33 v OUT[4] (out)
                                  4.33   data arrival time

                  0.00   10.00   10.00   clock __VIRTUAL_CLK__ (rise edge)
                          0.00   10.00   clock network delay (ideal)
                         -0.25    9.75   clock uncertainty
                          0.00    9.75   clock reconvergence pessimism
                         -2.00    7.75   output external delay
                                  7.75   data required time
-----------------------------------------------------------------------------
                                  7.75   data required time
                                 -4.33   data arrival time
-----------------------------------------------------------------------------
                                  3.42   slack (MET)


Startpoint: OPCODE[0] (input port clocked by __VIRTUAL_CLK__)
Endpoint: OUT[7] (output port clocked by __VIRTUAL_CLK__)
Path Group: __VIRTUAL_CLK__
Path Type: max
Corner: Fastest

Fanout     Cap    Slew   Delay    Time   Description
-----------------------------------------------------------------------------
                  0.00    0.00    0.00   clock __VIRTUAL_CLK__ (rise edge)
                          0.00    0.00   clock network delay (ideal)
                          2.00    2.00 v input external delay
     1    0.00    0.01    0.00    2.00 v OPCODE[0] (in)
                                         OPCODE[0] (net)
                  0.01    0.00    2.00 v input17/A (sky130_fd_sc_hd__clkbuf_2)
     5    0.04    0.11    0.13    2.13 v input17/X (sky130_fd_sc_hd__clkbuf_2)
                                         net17 (net)
                  0.11    0.00    2.14 v _235_/A_N (sky130_fd_sc_hd__nand3b_4)
     7    0.04    0.11    0.19    2.33 v _235_/Y (sky130_fd_sc_hd__nand3b_4)
                                         _163_ (net)
                  0.11    0.01    2.33 v rebuffer1/A (sky130_fd_sc_hd__dlygate4sd1_1)
     2    0.01    0.04    0.20    2.53 v rebuffer1/X (sky130_fd_sc_hd__dlygate4sd1_1)
                                         net28 (net)
                  0.04    0.00    2.53 v _239_/A1 (sky130_fd_sc_hd__a21oi_2)
     2    0.03    0.31    0.27    2.81 ^ _239_/Y (sky130_fd_sc_hd__a21oi_2)
                                         _167_ (net)
                  0.31    0.00    2.81 ^ _248_/B (sky130_fd_sc_hd__or3_1)
     1    0.01    0.05    0.11    2.92 ^ _248_/X (sky130_fd_sc_hd__or3_1)
                                         _006_ (net)
                  0.05    0.00    2.92 ^ _249_/B (sky130_fd_sc_hd__and2_2)
     2    0.04    0.15    0.19    3.11 ^ _249_/X (sky130_fd_sc_hd__and2_2)
                                         _007_ (net)
                  0.15    0.00    3.11 ^ _250_/B1 (sky130_fd_sc_hd__o21ai_4)
     4    0.03    0.08    0.07    3.18 v _250_/Y (sky130_fd_sc_hd__o21ai_4)
                                         _008_ (net)
                  0.08    0.00    3.18 v _257_/A2 (sky130_fd_sc_hd__a311o_4)
     5    0.04    0.09    0.31    3.50 v _257_/X (sky130_fd_sc_hd__a311o_4)
                                         _015_ (net)
                  0.09    0.01    3.51 v _276_/A3 (sky130_fd_sc_hd__a311oi_4)
     3    0.03    0.31    0.35    3.85 ^ _276_/Y (sky130_fd_sc_hd__a311oi_4)
                                         _033_ (net)
                  0.31    0.00    3.85 ^ _295_/A2 (sky130_fd_sc_hd__o21ai_1)
     1    0.01    0.11    0.11    3.96 v _295_/Y (sky130_fd_sc_hd__o21ai_1)
                                         _051_ (net)
                  0.11    0.00    3.96 v _302_/A2 (sky130_fd_sc_hd__a31o_1)
     1    0.00    0.03    0.17    4.13 v _302_/X (sky130_fd_sc_hd__a31o_1)
                                         net27 (net)
                  0.03    0.00    4.13 v output27/A (sky130_fd_sc_hd__buf_2)
     1    0.03    0.06    0.12    4.26 v output27/X (sky130_fd_sc_hd__buf_2)
                                         OUT[7] (net)
                  0.06    0.00    4.26 v OUT[7] (out)
                                  4.26   data arrival time

                  0.00   10.00   10.00   clock __VIRTUAL_CLK__ (rise edge)
                          0.00   10.00   clock network delay (ideal)
                         -0.25    9.75   clock uncertainty
                          0.00    9.75   clock reconvergence pessimism
                         -2.00    7.75   output external delay
                                  7.75   data required time
-----------------------------------------------------------------------------
                                  7.75   data required time
                                 -4.26   data arrival time
-----------------------------------------------------------------------------
                                  3.49   slack (MET)


Startpoint: B[0] (input port clocked by __VIRTUAL_CLK__)
Endpoint: OUT[3] (output port clocked by __VIRTUAL_CLK__)
Path Group: __VIRTUAL_CLK__
Path Type: max
Corner: Fastest

Fanout     Cap    Slew   Delay    Time   Description
-----------------------------------------------------------------------------
                  0.00    0.00    0.00   clock __VIRTUAL_CLK__ (rise edge)
                          0.00    0.00   clock network delay (ideal)
                          2.00    2.00 ^ input external delay
     1    0.00    0.01    0.01    2.01 ^ B[0] (in)
                                         B[0] (net)
                  0.01    0.00    2.01 ^ input9/A (sky130_fd_sc_hd__dlymetal6s2s_1)
     4    0.04    0.27    0.23    2.24 ^ input9/X (sky130_fd_sc_hd__dlymetal6s2s_1)
                                         net9 (net)
                  0.27    0.00    2.24 ^ _184_/A (sky130_fd_sc_hd__buf_4)
    10    0.08    0.17    0.21    2.45 ^ _184_/X (sky130_fd_sc_hd__buf_4)
                                         _112_ (net)
                  0.17    0.01    2.46 ^ _242_/A (sky130_fd_sc_hd__and3_1)
     2    0.02    0.17    0.22    2.68 ^ _242_/X (sky130_fd_sc_hd__and3_1)
                                         _000_ (net)
                  0.17    0.00    2.68 ^ _244_/A1 (sky130_fd_sc_hd__o21a_2)
     4    0.05    0.19    0.23    2.91 ^ _244_/X (sky130_fd_sc_hd__o21a_2)
                                         _002_ (net)
                  0.19    0.00    2.91 ^ _247_/A_N (sky130_fd_sc_hd__and3b_2)
     3    0.03    0.08    0.20    3.11 v _247_/X (sky130_fd_sc_hd__and3b_2)
                                         _005_ (net)
                  0.08    0.00    3.11 v _250_/A2 (sky130_fd_sc_hd__o21ai_4)
     4    0.03    0.20    0.20    3.31 ^ _250_/Y (sky130_fd_sc_hd__o21ai_4)
                                         _008_ (net)
                  0.20    0.00    3.32 ^ _328_/B (sky130_fd_sc_hd__nand2_1)
     1    0.01    0.08    0.08    3.40 v _328_/Y (sky130_fd_sc_hd__nand2_1)
                                         _080_ (net)
                  0.08    0.00    3.40 v _329_/B (sky130_fd_sc_hd__xnor2_1)
     1    0.01    0.23    0.23    3.62 ^ _329_/Y (sky130_fd_sc_hd__xnor2_1)
                                         _081_ (net)
                  0.23    0.00    3.63 ^ _335_/A2 (sky130_fd_sc_hd__a221o_1)
     1    0.02    0.15    0.20    3.82 ^ _335_/X (sky130_fd_sc_hd__a221o_1)
                                         net23 (net)
                  0.15    0.00    3.83 ^ output23/A (sky130_fd_sc_hd__buf_2)
     1    0.03    0.13    0.17    4.00 ^ output23/X (sky130_fd_sc_hd__buf_2)
                                         OUT[3] (net)
                  0.13    0.00    4.00 ^ OUT[3] (out)
                                  4.00   data arrival time

                  0.00   10.00   10.00   clock __VIRTUAL_CLK__ (rise edge)
                          0.00   10.00   clock network delay (ideal)
                         -0.25    9.75   clock uncertainty
                          0.00    9.75   clock reconvergence pessimism
                         -2.00    7.75   output external delay
                                  7.75   data required time
-----------------------------------------------------------------------------
                                  7.75   data required time
                                 -4.00   data arrival time
-----------------------------------------------------------------------------
                                  3.75   slack (MET)


Startpoint: B[0] (input port clocked by __VIRTUAL_CLK__)
Endpoint: OUT[1] (output port clocked by __VIRTUAL_CLK__)
Path Group: __VIRTUAL_CLK__
Path Type: max
Corner: Fastest

Fanout     Cap    Slew   Delay    Time   Description
-----------------------------------------------------------------------------
                  0.00    0.00    0.00   clock __VIRTUAL_CLK__ (rise edge)
                          0.00    0.00   clock network delay (ideal)
                          2.00    2.00 ^ input external delay
     1    0.00    0.01    0.01    2.01 ^ B[0] (in)
                                         B[0] (net)
                  0.01    0.00    2.01 ^ input9/A (sky130_fd_sc_hd__dlymetal6s2s_1)
     4    0.04    0.27    0.23    2.24 ^ input9/X (sky130_fd_sc_hd__dlymetal6s2s_1)
                                         net9 (net)
                  0.27    0.00    2.24 ^ _184_/A (sky130_fd_sc_hd__buf_4)
    10    0.08    0.17    0.21    2.45 ^ _184_/X (sky130_fd_sc_hd__buf_4)
                                         _112_ (net)
                  0.17    0.01    2.46 ^ _242_/A (sky130_fd_sc_hd__and3_1)
     2    0.02    0.17    0.22    2.68 ^ _242_/X (sky130_fd_sc_hd__and3_1)
                                         _000_ (net)
                  0.17    0.00    2.68 ^ _244_/A1 (sky130_fd_sc_hd__o21a_2)
     4    0.05    0.19    0.23    2.91 ^ _244_/X (sky130_fd_sc_hd__o21a_2)
                                         _002_ (net)
                  0.19    0.00    2.91 ^ _314_/A_N (sky130_fd_sc_hd__and2b_1)
     1    0.03    0.09    0.19    3.11 v _314_/X (sky130_fd_sc_hd__and2b_1)
                                         _068_ (net)
                  0.09    0.00    3.11 v _315_/A (sky130_fd_sc_hd__nor2_1)
     1    0.01    0.18    0.18    3.29 ^ _315_/Y (sky130_fd_sc_hd__nor2_1)
                                         _069_ (net)
                  0.18    0.00    3.29 ^ _316_/B (sky130_fd_sc_hd__or3b_1)
     1    0.02    0.14    0.17    3.47 ^ _316_/X (sky130_fd_sc_hd__or3b_1)
                                         _070_ (net)
                  0.14    0.00    3.47 ^ _317_/D_N (sky130_fd_sc_hd__or4b_1)
     1    0.00    0.06    0.27    3.74 v _317_/X (sky130_fd_sc_hd__or4b_1)
                                         _071_ (net)
                  0.06    0.00    3.74 v _318_/A (sky130_fd_sc_hd__clkbuf_1)
     1    0.01    0.04    0.09    3.83 v _318_/X (sky130_fd_sc_hd__clkbuf_1)
                                         net21 (net)
                  0.04    0.00    3.83 v output21/A (sky130_fd_sc_hd__buf_2)
     1    0.03    0.06    0.13    3.96 v output21/X (sky130_fd_sc_hd__buf_2)
                                         OUT[1] (net)
                  0.06    0.00    3.96 v OUT[1] (out)
                                  3.96   data arrival time

                  0.00   10.00   10.00   clock __VIRTUAL_CLK__ (rise edge)
                          0.00   10.00   clock network delay (ideal)
                         -0.25    9.75   clock uncertainty
                          0.00    9.75   clock reconvergence pessimism
                         -2.00    7.75   output external delay
                                  7.75   data required time
-----------------------------------------------------------------------------
                                  7.75   data required time
                                 -3.96   data arrival time
-----------------------------------------------------------------------------
                                  3.79   slack (MET)


Startpoint: OPCODE[0] (input port clocked by __VIRTUAL_CLK__)
Endpoint: OUT[2] (output port clocked by __VIRTUAL_CLK__)
Path Group: __VIRTUAL_CLK__
Path Type: max
Corner: Fastest

Fanout     Cap    Slew   Delay    Time   Description
-----------------------------------------------------------------------------
                  0.00    0.00    0.00   clock __VIRTUAL_CLK__ (rise edge)
                          0.00    0.00   clock network delay (ideal)
                          2.00    2.00 v input external delay
     1    0.00    0.01    0.00    2.00 v OPCODE[0] (in)
                                         OPCODE[0] (net)
                  0.01    0.00    2.00 v input17/A (sky130_fd_sc_hd__clkbuf_2)
     5    0.04    0.11    0.13    2.13 v input17/X (sky130_fd_sc_hd__clkbuf_2)
                                         net17 (net)
                  0.11    0.00    2.14 v _235_/A_N (sky130_fd_sc_hd__nand3b_4)
     7    0.04    0.11    0.19    2.33 v _235_/Y (sky130_fd_sc_hd__nand3b_4)
                                         _163_ (net)
                  0.11    0.01    2.33 v rebuffer1/A (sky130_fd_sc_hd__dlygate4sd1_1)
     2    0.01    0.04    0.20    2.53 v rebuffer1/X (sky130_fd_sc_hd__dlygate4sd1_1)
                                         net28 (net)
                  0.04    0.00    2.53 v _239_/A1 (sky130_fd_sc_hd__a21oi_2)
     2    0.03    0.31    0.27    2.81 ^ _239_/Y (sky130_fd_sc_hd__a21oi_2)
                                         _167_ (net)
                  0.31    0.00    2.81 ^ _241_/A1 (sky130_fd_sc_hd__o21ai_4)
     4    0.04    0.10    0.10    2.91 v _241_/Y (sky130_fd_sc_hd__o21ai_4)
                                         _169_ (net)
                  0.10    0.01    2.91 v _249_/A (sky130_fd_sc_hd__and2_2)
     2    0.04    0.08    0.20    3.11 v _249_/X (sky130_fd_sc_hd__and2_2)
                                         _007_ (net)
                  0.08    0.00    3.11 v _319_/A (sky130_fd_sc_hd__or3_1)
     1    0.01    0.08    0.29    3.40 v _319_/X (sky130_fd_sc_hd__or3_1)
                                         _072_ (net)
                  0.08    0.00    3.40 v _326_/A3 (sky130_fd_sc_hd__a31o_1)
     1    0.02    0.07    0.21    3.61 v _326_/X (sky130_fd_sc_hd__a31o_1)
                                         net22 (net)
                  0.07    0.00    3.61 v output22/A (sky130_fd_sc_hd__buf_2)
     1    0.03    0.06    0.14    3.75 v output22/X (sky130_fd_sc_hd__buf_2)
                                         OUT[2] (net)
                  0.06    0.00    3.75 v OUT[2] (out)
                                  3.75   data arrival time

                  0.00   10.00   10.00   clock __VIRTUAL_CLK__ (rise edge)
                          0.00   10.00   clock network delay (ideal)
                         -0.25    9.75   clock uncertainty
                          0.00    9.75   clock reconvergence pessimism
                         -2.00    7.75   output external delay
                                  7.75   data required time
-----------------------------------------------------------------------------
                                  7.75   data required time
                                 -3.75   data arrival time
-----------------------------------------------------------------------------
                                  4.00   slack (MET)


Startpoint: OPCODE[0] (input port clocked by __VIRTUAL_CLK__)
Endpoint: OUT[0] (output port clocked by __VIRTUAL_CLK__)
Path Group: __VIRTUAL_CLK__
Path Type: max
Corner: Fastest

Fanout     Cap    Slew   Delay    Time   Description
-----------------------------------------------------------------------------
                  0.00    0.00    0.00   clock __VIRTUAL_CLK__ (rise edge)
                          0.00    0.00   clock network delay (ideal)
                          2.00    2.00 v input external delay
     1    0.00    0.01    0.00    2.00 v OPCODE[0] (in)
                                         OPCODE[0] (net)
                  0.01    0.00    2.00 v input17/A (sky130_fd_sc_hd__clkbuf_2)
     5    0.04    0.11    0.13    2.13 v input17/X (sky130_fd_sc_hd__clkbuf_2)
                                         net17 (net)
                  0.11    0.01    2.14 v _171_/A (sky130_fd_sc_hd__or2_2)
     4    0.04    0.10    0.28    2.42 v _171_/X (sky130_fd_sc_hd__or2_2)
                                         _099_ (net)
                  0.10    0.00    2.42 v _224_/B (sky130_fd_sc_hd__or2_1)
     1    0.00    0.04    0.15    2.58 v _224_/X (sky130_fd_sc_hd__or2_1)
                                         _152_ (net)
                  0.04    0.00    2.58 v _225_/A (sky130_fd_sc_hd__clkbuf_4)
     8    0.06    0.09    0.16    2.73 v _225_/X (sky130_fd_sc_hd__clkbuf_4)
                                         _153_ (net)
                  0.09    0.01    2.74 v _306_/A2 (sky130_fd_sc_hd__o21ai_1)
     1    0.01    0.19    0.20    2.94 ^ _306_/Y (sky130_fd_sc_hd__o21ai_1)
                                         _061_ (net)
                  0.19    0.00    2.94 ^ _307_/B1 (sky130_fd_sc_hd__a31o_1)
     1    0.02    0.16    0.16    3.10 ^ _307_/X (sky130_fd_sc_hd__a31o_1)
                                         net20 (net)
                  0.16    0.00    3.10 ^ output20/A (sky130_fd_sc_hd__buf_2)
     1    0.04    0.13    0.17    3.27 ^ output20/X (sky130_fd_sc_hd__buf_2)
                                         OUT[0] (net)
                  0.13    0.00    3.27 ^ OUT[0] (out)
                                  3.27   data arrival time

                  0.00   10.00   10.00   clock __VIRTUAL_CLK__ (rise edge)
                          0.00   10.00   clock network delay (ideal)
                         -0.25    9.75   clock uncertainty
                          0.00    9.75   clock reconvergence pessimism
                         -2.00    7.75   output external delay
                                  7.75   data required time
-----------------------------------------------------------------------------
                                  7.75   data required time
                                 -3.27   data arrival time
-----------------------------------------------------------------------------
                                  4.48   slack (MET)



worst slack corner Fastest: 3.3826
======================= Slowest Corner ===================================

Startpoint: B[0] (input port clocked by __VIRTUAL_CLK__)
Endpoint: OUT[4] (output port clocked by __VIRTUAL_CLK__)
Path Group: __VIRTUAL_CLK__
Path Type: max
Corner: Slowest

Fanout     Cap    Slew   Delay    Time   Description
-----------------------------------------------------------------------------
                  0.00    0.00    0.00   clock __VIRTUAL_CLK__ (rise edge)
                          0.00    0.00   clock network delay (ideal)
                          2.00    2.00 ^ input external delay
     1    0.00    0.03    0.02    2.02 ^ B[0] (in)
                                         B[0] (net)
                  0.03    0.00    2.02 ^ input9/A (sky130_fd_sc_hd__dlymetal6s2s_1)
     4    0.04    0.55    0.51    2.52 ^ input9/X (sky130_fd_sc_hd__dlymetal6s2s_1)
                                         net9 (net)
                  0.55    0.00    2.52 ^ _184_/A (sky130_fd_sc_hd__buf_4)
    10    0.08    0.36    0.65    3.18 ^ _184_/X (sky130_fd_sc_hd__buf_4)
                                         _112_ (net)
                  0.36    0.01    3.19 ^ _185_/B2 (sky130_fd_sc_hd__a22oi_4)
     3    0.04    0.24    0.31    3.50 v _185_/Y (sky130_fd_sc_hd__a22oi_4)
                                         _113_ (net)
                  0.24    0.00    3.51 v _192_/C (sky130_fd_sc_hd__or3_1)
     2    0.02    0.32    1.06    4.57 v _192_/X (sky130_fd_sc_hd__or3_1)
                                         _120_ (net)
                  0.32    0.00    4.57 v _197_/A1 (sky130_fd_sc_hd__a21o_1)
     2    0.02    0.16    0.52    5.09 v _197_/X (sky130_fd_sc_hd__a21o_1)
                                         _125_ (net)
                  0.16    0.00    5.09 v _199_/A3 (sky130_fd_sc_hd__a31o_1)
     2    0.02    0.22    0.60    5.69 v _199_/X (sky130_fd_sc_hd__a31o_1)
                                         _127_ (net)
                  0.22    0.00    5.70 v _201_/B (sky130_fd_sc_hd__xor2_2)
     2    0.03    0.53    0.57    6.27 ^ _201_/X (sky130_fd_sc_hd__xor2_2)
                                         _129_ (net)
                  0.53    0.00    6.27 ^ _210_/A (sky130_fd_sc_hd__nand3_2)
     3    0.03    0.43    0.56    6.83 v _210_/Y (sky130_fd_sc_hd__nand3_2)
                                         _138_ (net)
                  0.43    0.00    6.83 v _345_/A1 (sky130_fd_sc_hd__a31o_1)
     1    0.02    0.17    0.61    7.44 v _345_/X (sky130_fd_sc_hd__a31o_1)
                                         _096_ (net)
                  0.17    0.00    7.44 v _346_/C (sky130_fd_sc_hd__or3_1)
     1    0.02    0.31    1.02    8.46 v _346_/X (sky130_fd_sc_hd__or3_1)
                                         _097_ (net)
                  0.31    0.00    8.46 v _347_/A (sky130_fd_sc_hd__clkbuf_1)
     1    0.01    0.10    0.31    8.78 v _347_/X (sky130_fd_sc_hd__clkbuf_1)
                                         net24 (net)
                  0.10    0.00    8.78 v output24/A (sky130_fd_sc_hd__buf_2)
     1    0.03    0.17    0.37    9.15 v output24/X (sky130_fd_sc_hd__buf_2)
                                         OUT[4] (net)
                  0.17    0.00    9.15 v OUT[4] (out)
                                  9.15   data arrival time

                  0.00   10.00   10.00   clock __VIRTUAL_CLK__ (rise edge)
                          0.00   10.00   clock network delay (ideal)
                         -0.25    9.75   clock uncertainty
                          0.00    9.75   clock reconvergence pessimism
                         -2.00    7.75   output external delay
                                  7.75   data required time
-----------------------------------------------------------------------------
                                  7.75   data required time
                                 -9.15   data arrival time
-----------------------------------------------------------------------------
                                 -1.40   slack (VIOLATED)


Startpoint: B[0] (input port clocked by __VIRTUAL_CLK__)
Endpoint: OUT[5] (output port clocked by __VIRTUAL_CLK__)
Path Group: __VIRTUAL_CLK__
Path Type: max
Corner: Slowest

Fanout     Cap    Slew   Delay    Time   Description
-----------------------------------------------------------------------------
                  0.00    0.00    0.00   clock __VIRTUAL_CLK__ (rise edge)
                          0.00    0.00   clock network delay (ideal)
                          2.00    2.00 ^ input external delay
     1    0.00    0.03    0.02    2.02 ^ B[0] (in)
                                         B[0] (net)
                  0.03    0.00    2.02 ^ input9/A (sky130_fd_sc_hd__dlymetal6s2s_1)
     4    0.04    0.55    0.51    2.52 ^ input9/X (sky130_fd_sc_hd__dlymetal6s2s_1)
                                         net9 (net)
                  0.55    0.00    2.52 ^ _184_/A (sky130_fd_sc_hd__buf_4)
    10    0.08    0.36    0.65    3.18 ^ _184_/X (sky130_fd_sc_hd__buf_4)
                                         _112_ (net)
                  0.36    0.01    3.19 ^ _185_/B2 (sky130_fd_sc_hd__a22oi_4)
     3    0.04    0.24    0.31    3.50 v _185_/Y (sky130_fd_sc_hd__a22oi_4)
                                         _113_ (net)
                  0.24    0.00    3.51 v _192_/C (sky130_fd_sc_hd__or3_1)
     2    0.02    0.32    1.06    4.57 v _192_/X (sky130_fd_sc_hd__or3_1)
                                         _120_ (net)
                  0.32    0.00    4.57 v _197_/A1 (sky130_fd_sc_hd__a21o_1)
     2    0.02    0.16    0.52    5.09 v _197_/X (sky130_fd_sc_hd__a21o_1)
                                         _125_ (net)
                  0.16    0.00    5.09 v _199_/A3 (sky130_fd_sc_hd__a31o_1)
     2    0.02    0.22    0.60    5.69 v _199_/X (sky130_fd_sc_hd__a31o_1)
                                         _127_ (net)
                  0.22    0.00    5.70 v _201_/B (sky130_fd_sc_hd__xor2_2)
     2    0.03    0.53    0.57    6.27 ^ _201_/X (sky130_fd_sc_hd__xor2_2)
                                         _129_ (net)
                  0.53    0.00    6.27 ^ _210_/A (sky130_fd_sc_hd__nand3_2)
     3    0.03    0.43    0.56    6.83 v _210_/Y (sky130_fd_sc_hd__nand3_2)
                                         _138_ (net)
                  0.43    0.00    6.83 v _220_/B (sky130_fd_sc_hd__and3_1)
     1    0.02    0.21    0.68    7.51 v _220_/X (sky130_fd_sc_hd__and3_1)
                                         _148_ (net)
                  0.21    0.00    7.52 v _221_/B (sky130_fd_sc_hd__nor2_1)
     1    0.02    0.61    0.59    8.10 ^ _221_/Y (sky130_fd_sc_hd__nor2_1)
                                         _149_ (net)
                  0.61    0.00    8.11 ^ _267_/A2 (sky130_fd_sc_hd__a211o_1)
     1    0.01    0.17    0.53    8.63 ^ _267_/X (sky130_fd_sc_hd__a211o_1)
                                         net25 (net)
                  0.17    0.00    8.63 ^ output25/A (sky130_fd_sc_hd__buf_2)
     1    0.03    0.28    0.41    9.04 ^ output25/X (sky130_fd_sc_hd__buf_2)
                                         OUT[5] (net)
                  0.28    0.00    9.05 ^ OUT[5] (out)
                                  9.05   data arrival time

                  0.00   10.00   10.00   clock __VIRTUAL_CLK__ (rise edge)
                          0.00   10.00   clock network delay (ideal)
                         -0.25    9.75   clock uncertainty
                          0.00    9.75   clock reconvergence pessimism
                         -2.00    7.75   output external delay
                                  7.75   data required time
-----------------------------------------------------------------------------
                                  7.75   data required time
                                 -9.05   data arrival time
-----------------------------------------------------------------------------
                                 -1.30   slack (VIOLATED)


Startpoint: B[0] (input port clocked by __VIRTUAL_CLK__)
Endpoint: OUT[6] (output port clocked by __VIRTUAL_CLK__)
Path Group: __VIRTUAL_CLK__
Path Type: max
Corner: Slowest

Fanout     Cap    Slew   Delay    Time   Description
-----------------------------------------------------------------------------
                  0.00    0.00    0.00   clock __VIRTUAL_CLK__ (rise edge)
                          0.00    0.00   clock network delay (ideal)
                          2.00    2.00 v input external delay
     1    0.00    0.02    0.01    2.01 v B[0] (in)
                                         B[0] (net)
                  0.02    0.00    2.01 v input9/A (sky130_fd_sc_hd__dlymetal6s2s_1)
     4    0.03    0.34    0.50    2.51 v input9/X (sky130_fd_sc_hd__dlymetal6s2s_1)
                                         net9 (net)
                  0.34    0.00    2.51 v _234_/A (sky130_fd_sc_hd__or2_4)
     4    0.04    0.17    0.73    3.24 v _234_/X (sky130_fd_sc_hd__or2_4)
                                         _162_ (net)
                  0.17    0.01    3.25 v _236_/A3 (sky130_fd_sc_hd__o31a_2)
     3    0.04    0.24    0.81    4.06 v _236_/X (sky130_fd_sc_hd__o31a_2)
                                         _164_ (net)
                  0.24    0.01    4.06 v _268_/A3 (sky130_fd_sc_hd__o31a_1)
     2    0.03    0.31    0.78    4.84 v _268_/X (sky130_fd_sc_hd__o31a_1)
                                         _025_ (net)
                  0.31    0.00    4.85 v _269_/B (sky130_fd_sc_hd__xnor2_2)
     2    0.02    0.52    0.58    5.43 ^ _269_/Y (sky130_fd_sc_hd__xnor2_2)
                                         _026_ (net)
                  0.52    0.00    5.43 ^ _271_/B (sky130_fd_sc_hd__nor2_1)
     1    0.02    0.26    0.43    5.87 v _271_/Y (sky130_fd_sc_hd__nor2_1)
                                         _028_ (net)
                  0.26    0.00    5.87 v _272_/B (sky130_fd_sc_hd__or2_1)
     2    0.02    0.23    0.72    6.59 v _272_/X (sky130_fd_sc_hd__or2_1)
                                         _029_ (net)
                  0.23    0.00    6.59 v _276_/C1 (sky130_fd_sc_hd__a311oi_4)
     3    0.03    0.62    0.66    7.26 ^ _276_/Y (sky130_fd_sc_hd__a311oi_4)
                                         _033_ (net)
                  0.62    0.00    7.26 ^ _277_/A_N (sky130_fd_sc_hd__and2b_1)
     1    0.01    0.15    0.66    7.92 v _277_/X (sky130_fd_sc_hd__and2b_1)
                                         _034_ (net)
                  0.15    0.00    7.92 v _291_/A2 (sky130_fd_sc_hd__a21o_1)
     1    0.02    0.21    0.51    8.44 v _291_/X (sky130_fd_sc_hd__a21o_1)
                                         net26 (net)
                  0.21    0.00    8.44 v output26/A (sky130_fd_sc_hd__buf_2)
     1    0.03    0.17    0.43    8.87 v output26/X (sky130_fd_sc_hd__buf_2)
                                         OUT[6] (net)
                  0.17    0.00    8.87 v OUT[6] (out)
                                  8.87   data arrival time

                  0.00   10.00   10.00   clock __VIRTUAL_CLK__ (rise edge)
                          0.00   10.00   clock network delay (ideal)
                         -0.25    9.75   clock uncertainty
                          0.00    9.75   clock reconvergence pessimism
                         -2.00    7.75   output external delay
                                  7.75   data required time
-----------------------------------------------------------------------------
                                  7.75   data required time
                                 -8.87   data arrival time
-----------------------------------------------------------------------------
                                 -1.12   slack (VIOLATED)


Startpoint: B[0] (input port clocked by __VIRTUAL_CLK__)
Endpoint: OUT[7] (output port clocked by __VIRTUAL_CLK__)
Path Group: __VIRTUAL_CLK__
Path Type: max
Corner: Slowest

Fanout     Cap    Slew   Delay    Time   Description
-----------------------------------------------------------------------------
                  0.00    0.00    0.00   clock __VIRTUAL_CLK__ (rise edge)
                          0.00    0.00   clock network delay (ideal)
                          2.00    2.00 v input external delay
     1    0.00    0.02    0.01    2.01 v B[0] (in)
                                         B[0] (net)
                  0.02    0.00    2.01 v input9/A (sky130_fd_sc_hd__dlymetal6s2s_1)
     4    0.03    0.34    0.50    2.51 v input9/X (sky130_fd_sc_hd__dlymetal6s2s_1)
                                         net9 (net)
                  0.34    0.00    2.51 v _234_/A (sky130_fd_sc_hd__or2_4)
     4    0.04    0.17    0.73    3.24 v _234_/X (sky130_fd_sc_hd__or2_4)
                                         _162_ (net)
                  0.17    0.01    3.25 v _236_/A3 (sky130_fd_sc_hd__o31a_2)
     3    0.04    0.24    0.81    4.06 v _236_/X (sky130_fd_sc_hd__o31a_2)
                                         _164_ (net)
                  0.24    0.01    4.06 v _268_/A3 (sky130_fd_sc_hd__o31a_1)
     2    0.03    0.31    0.78    4.84 v _268_/X (sky130_fd_sc_hd__o31a_1)
                                         _025_ (net)
                  0.31    0.00    4.85 v _269_/B (sky130_fd_sc_hd__xnor2_2)
     2    0.02    0.52    0.58    5.43 ^ _269_/Y (sky130_fd_sc_hd__xnor2_2)
                                         _026_ (net)
                  0.52    0.00    5.43 ^ _271_/B (sky130_fd_sc_hd__nor2_1)
     1    0.02    0.26    0.43    5.87 v _271_/Y (sky130_fd_sc_hd__nor2_1)
                                         _028_ (net)
                  0.26    0.00    5.87 v _272_/B (sky130_fd_sc_hd__or2_1)
     2    0.02    0.23    0.72    6.59 v _272_/X (sky130_fd_sc_hd__or2_1)
                                         _029_ (net)
                  0.23    0.00    6.59 v _276_/C1 (sky130_fd_sc_hd__a311oi_4)
     3    0.03    0.62    0.66    7.26 ^ _276_/Y (sky130_fd_sc_hd__a311oi_4)
                                         _033_ (net)
                  0.62    0.00    7.26 ^ _295_/A2 (sky130_fd_sc_hd__o21ai_1)
     1    0.01    0.31    0.46    7.72 v _295_/Y (sky130_fd_sc_hd__o21ai_1)
                                         _051_ (net)
                  0.31    0.00    7.72 v _302_/A2 (sky130_fd_sc_hd__a31o_1)
     1    0.00    0.08    0.51    8.22 v _302_/X (sky130_fd_sc_hd__a31o_1)
                                         net27 (net)
                  0.08    0.00    8.23 v output27/A (sky130_fd_sc_hd__buf_2)
     1    0.03    0.17    0.37    8.59 v output27/X (sky130_fd_sc_hd__buf_2)
                                         OUT[7] (net)
                  0.17    0.00    8.59 v OUT[7] (out)
                                  8.59   data arrival time

                  0.00   10.00   10.00   clock __VIRTUAL_CLK__ (rise edge)
                          0.00   10.00   clock network delay (ideal)
                         -0.25    9.75   clock uncertainty
                          0.00    9.75   clock reconvergence pessimism
                         -2.00    7.75   output external delay
                                  7.75   data required time
-----------------------------------------------------------------------------
                                  7.75   data required time
                                 -8.59   data arrival time
-----------------------------------------------------------------------------
                                 -0.84   slack (VIOLATED)


Startpoint: B[0] (input port clocked by __VIRTUAL_CLK__)
Endpoint: OUT[1] (output port clocked by __VIRTUAL_CLK__)
Path Group: __VIRTUAL_CLK__
Path Type: max
Corner: Slowest

Fanout     Cap    Slew   Delay    Time   Description
-----------------------------------------------------------------------------
                  0.00    0.00    0.00   clock __VIRTUAL_CLK__ (rise edge)
                          0.00    0.00   clock network delay (ideal)
                          2.00    2.00 ^ input external delay
     1    0.00    0.03    0.02    2.02 ^ B[0] (in)
                                         B[0] (net)
                  0.03    0.00    2.02 ^ input9/A (sky130_fd_sc_hd__dlymetal6s2s_1)
     4    0.04    0.55    0.51    2.52 ^ input9/X (sky130_fd_sc_hd__dlymetal6s2s_1)
                                         net9 (net)
                  0.55    0.00    2.52 ^ _184_/A (sky130_fd_sc_hd__buf_4)
    10    0.08    0.36    0.65    3.18 ^ _184_/X (sky130_fd_sc_hd__buf_4)
                                         _112_ (net)
                  0.36    0.01    3.18 ^ _242_/A (sky130_fd_sc_hd__and3_1)
     2    0.02    0.36    0.64    3.83 ^ _242_/X (sky130_fd_sc_hd__and3_1)
                                         _000_ (net)
                  0.36    0.00    3.83 ^ _244_/A1 (sky130_fd_sc_hd__o21a_2)
     4    0.05    0.40    0.66    4.49 ^ _244_/X (sky130_fd_sc_hd__o21a_2)
                                         _002_ (net)
                  0.40    0.00    4.49 ^ _314_/A_N (sky130_fd_sc_hd__and2b_1)
     1    0.03    0.26    0.68    5.17 v _314_/X (sky130_fd_sc_hd__and2b_1)
                                         _068_ (net)
                  0.26    0.00    5.18 v _315_/A (sky130_fd_sc_hd__nor2_1)
     1    0.01    0.41    0.47    5.65 ^ _315_/Y (sky130_fd_sc_hd__nor2_1)
                                         _069_ (net)
                  0.41    0.00    5.65 ^ _316_/B (sky130_fd_sc_hd__or3b_1)
     1    0.02    0.29    0.50    6.14 ^ _316_/X (sky130_fd_sc_hd__or3b_1)
                                         _070_ (net)
                  0.29    0.00    6.15 ^ _317_/D_N (sky130_fd_sc_hd__or4b_1)
     1    0.00    0.20    1.20    7.34 v _317_/X (sky130_fd_sc_hd__or4b_1)
                                         _071_ (net)
                  0.20    0.00    7.34 v _318_/A (sky130_fd_sc_hd__clkbuf_1)
     1    0.01    0.11    0.28    7.63 v _318_/X (sky130_fd_sc_hd__clkbuf_1)
                                         net21 (net)
                  0.11    0.00    7.63 v output21/A (sky130_fd_sc_hd__buf_2)
     1    0.03    0.17    0.38    8.01 v output21/X (sky130_fd_sc_hd__buf_2)
                                         OUT[1] (net)
                  0.17    0.00    8.01 v OUT[1] (out)
                                  8.01   data arrival time

                  0.00   10.00   10.00   clock __VIRTUAL_CLK__ (rise edge)
                          0.00   10.00   clock network delay (ideal)
                         -0.25    9.75   clock uncertainty
                          0.00    9.75   clock reconvergence pessimism
                         -2.00    7.75   output external delay
                                  7.75   data required time
-----------------------------------------------------------------------------
                                  7.75   data required time
                                 -8.01   data arrival time
-----------------------------------------------------------------------------
                                 -0.26   slack (VIOLATED)


Startpoint: B[0] (input port clocked by __VIRTUAL_CLK__)
Endpoint: OUT[3] (output port clocked by __VIRTUAL_CLK__)
Path Group: __VIRTUAL_CLK__
Path Type: max
Corner: Slowest

Fanout     Cap    Slew   Delay    Time   Description
-----------------------------------------------------------------------------
                  0.00    0.00    0.00   clock __VIRTUAL_CLK__ (rise edge)
                          0.00    0.00   clock network delay (ideal)
                          2.00    2.00 ^ input external delay
     1    0.00    0.03    0.02    2.02 ^ B[0] (in)
                                         B[0] (net)
                  0.03    0.00    2.02 ^ input9/A (sky130_fd_sc_hd__dlymetal6s2s_1)
     4    0.04    0.55    0.51    2.52 ^ input9/X (sky130_fd_sc_hd__dlymetal6s2s_1)
                                         net9 (net)
                  0.55    0.00    2.52 ^ _184_/A (sky130_fd_sc_hd__buf_4)
    10    0.08    0.36    0.65    3.18 ^ _184_/X (sky130_fd_sc_hd__buf_4)
                                         _112_ (net)
                  0.36    0.01    3.18 ^ _242_/A (sky130_fd_sc_hd__and3_1)
     2    0.02    0.36    0.64    3.83 ^ _242_/X (sky130_fd_sc_hd__and3_1)
                                         _000_ (net)
                  0.36    0.00    3.83 ^ _244_/A1 (sky130_fd_sc_hd__o21a_2)
     4    0.05    0.40    0.66    4.49 ^ _244_/X (sky130_fd_sc_hd__o21a_2)
                                         _002_ (net)
                  0.40    0.00    4.49 ^ _247_/A_N (sky130_fd_sc_hd__and3b_2)
     3    0.03    0.19    0.71    5.20 v _247_/X (sky130_fd_sc_hd__and3b_2)
                                         _005_ (net)
                  0.19    0.00    5.20 v _250_/A2 (sky130_fd_sc_hd__o21ai_4)
     4    0.03    0.43    0.48    5.68 ^ _250_/Y (sky130_fd_sc_hd__o21ai_4)
                                         _008_ (net)
                  0.43    0.00    5.69 ^ _328_/B (sky130_fd_sc_hd__nand2_1)
     1    0.01    0.23    0.34    6.03 v _328_/Y (sky130_fd_sc_hd__nand2_1)
                                         _080_ (net)
                  0.23    0.00    6.03 v _329_/B (sky130_fd_sc_hd__xnor2_1)
     1    0.01    0.25    0.41    6.44 v _329_/Y (sky130_fd_sc_hd__xnor2_1)
                                         _081_ (net)
                  0.25    0.00    6.44 v _335_/A2 (sky130_fd_sc_hd__a221o_1)
     1    0.02    0.24    0.91    7.36 v _335_/X (sky130_fd_sc_hd__a221o_1)
                                         net23 (net)
                  0.24    0.00    7.36 v output23/A (sky130_fd_sc_hd__buf_2)
     1    0.03    0.17    0.44    7.80 v output23/X (sky130_fd_sc_hd__buf_2)
                                         OUT[3] (net)
                  0.17    0.00    7.80 v OUT[3] (out)
                                  7.80   data arrival time

                  0.00   10.00   10.00   clock __VIRTUAL_CLK__ (rise edge)
                          0.00   10.00   clock network delay (ideal)
                         -0.25    9.75   clock uncertainty
                          0.00    9.75   clock reconvergence pessimism
                         -2.00    7.75   output external delay
                                  7.75   data required time
-----------------------------------------------------------------------------
                                  7.75   data required time
                                 -7.80   data arrival time
-----------------------------------------------------------------------------
                                 -0.05   slack (VIOLATED)


Startpoint: OPCODE[0] (input port clocked by __VIRTUAL_CLK__)
Endpoint: OUT[2] (output port clocked by __VIRTUAL_CLK__)
Path Group: __VIRTUAL_CLK__
Path Type: max
Corner: Slowest

Fanout     Cap    Slew   Delay    Time   Description
-----------------------------------------------------------------------------
                  0.00    0.00    0.00   clock __VIRTUAL_CLK__ (rise edge)
                          0.00    0.00   clock network delay (ideal)
                          2.00    2.00 v input external delay
     1    0.00    0.02    0.01    2.01 v OPCODE[0] (in)
                                         OPCODE[0] (net)
                  0.02    0.00    2.01 v input17/A (sky130_fd_sc_hd__clkbuf_2)
     5    0.04    0.28    0.36    2.37 v input17/X (sky130_fd_sc_hd__clkbuf_2)
                                         net17 (net)
                  0.28    0.00    2.37 v _235_/A_N (sky130_fd_sc_hd__nand3b_4)
     7    0.04    0.33    0.58    2.95 v _235_/Y (sky130_fd_sc_hd__nand3b_4)
                                         _163_ (net)
                  0.33    0.01    2.96 v rebuffer1/A (sky130_fd_sc_hd__dlygate4sd1_1)
     2    0.01    0.10    0.66    3.62 v rebuffer1/X (sky130_fd_sc_hd__dlygate4sd1_1)
                                         net28 (net)
                  0.10    0.00    3.62 v _239_/A1 (sky130_fd_sc_hd__a21oi_2)
     2    0.03    0.68    0.65    4.27 ^ _239_/Y (sky130_fd_sc_hd__a21oi_2)
                                         _167_ (net)
                  0.68    0.00    4.27 ^ _241_/A1 (sky130_fd_sc_hd__o21ai_4)
     4    0.04    0.24    0.44    4.71 v _241_/Y (sky130_fd_sc_hd__o21ai_4)
                                         _169_ (net)
                  0.24    0.01    4.72 v _249_/A (sky130_fd_sc_hd__and2_2)
     2    0.04    0.21    0.61    5.33 v _249_/X (sky130_fd_sc_hd__and2_2)
                                         _007_ (net)
                  0.21    0.00    5.33 v _319_/A (sky130_fd_sc_hd__or3_1)
     1    0.01    0.25    1.11    6.44 v _319_/X (sky130_fd_sc_hd__or3_1)
                                         _072_ (net)
                  0.25    0.00    6.44 v _326_/A3 (sky130_fd_sc_hd__a31o_1)
     1    0.02    0.18    0.61    7.05 v _326_/X (sky130_fd_sc_hd__a31o_1)
                                         net22 (net)
                  0.18    0.00    7.05 v output22/A (sky130_fd_sc_hd__buf_2)
     1    0.03    0.17    0.42    7.46 v output22/X (sky130_fd_sc_hd__buf_2)
                                         OUT[2] (net)
                  0.17    0.00    7.46 v OUT[2] (out)
                                  7.46   data arrival time

                  0.00   10.00   10.00   clock __VIRTUAL_CLK__ (rise edge)
                          0.00   10.00   clock network delay (ideal)
                         -0.25    9.75   clock uncertainty
                          0.00    9.75   clock reconvergence pessimism
                         -2.00    7.75   output external delay
                                  7.75   data required time
-----------------------------------------------------------------------------
                                  7.75   data required time
                                 -7.46   data arrival time
-----------------------------------------------------------------------------
                                  0.29   slack (MET)


Startpoint: OPCODE[0] (input port clocked by __VIRTUAL_CLK__)
Endpoint: OUT[0] (output port clocked by __VIRTUAL_CLK__)
Path Group: __VIRTUAL_CLK__
Path Type: max
Corner: Slowest

Fanout     Cap    Slew   Delay    Time   Description
-----------------------------------------------------------------------------
                  0.00    0.00    0.00   clock __VIRTUAL_CLK__ (rise edge)
                          0.00    0.00   clock network delay (ideal)
                          2.00    2.00 v input external delay
     1    0.00    0.02    0.01    2.01 v OPCODE[0] (in)
                                         OPCODE[0] (net)
                  0.02    0.00    2.01 v input17/A (sky130_fd_sc_hd__clkbuf_2)
     5    0.04    0.28    0.36    2.37 v input17/X (sky130_fd_sc_hd__clkbuf_2)
                                         net17 (net)
                  0.28    0.01    2.37 v _171_/A (sky130_fd_sc_hd__or2_2)
     4    0.04    0.26    0.99    3.37 v _171_/X (sky130_fd_sc_hd__or2_2)
                                         _099_ (net)
                  0.26    0.00    3.37 v _224_/B (sky130_fd_sc_hd__or2_1)
     1    0.00    0.11    0.58    3.95 v _224_/X (sky130_fd_sc_hd__or2_1)
                                         _152_ (net)
                  0.11    0.00    3.95 v _225_/A (sky130_fd_sc_hd__clkbuf_4)
     8    0.06    0.23    0.43    4.38 v _225_/X (sky130_fd_sc_hd__clkbuf_4)
                                         _153_ (net)
                  0.23    0.01    4.39 v _306_/A2 (sky130_fd_sc_hd__o21ai_1)
     1    0.01    0.44    0.49    4.88 ^ _306_/Y (sky130_fd_sc_hd__o21ai_1)
                                         _061_ (net)
                  0.44    0.00    4.88 ^ _307_/B1 (sky130_fd_sc_hd__a31o_1)
     1    0.02    0.35    0.53    5.41 ^ _307_/X (sky130_fd_sc_hd__a31o_1)
                                         net20 (net)
                  0.35    0.00    5.41 ^ output20/A (sky130_fd_sc_hd__buf_2)
     1    0.04    0.28    0.49    5.91 ^ output20/X (sky130_fd_sc_hd__buf_2)
                                         OUT[0] (net)
                  0.28    0.00    5.91 ^ OUT[0] (out)
                                  5.91   data arrival time

                  0.00   10.00   10.00   clock __VIRTUAL_CLK__ (rise edge)
                          0.00   10.00   clock network delay (ideal)
                         -0.25    9.75   clock uncertainty
                          0.00    9.75   clock reconvergence pessimism
                         -2.00    7.75   output external delay
                                  7.75   data required time
-----------------------------------------------------------------------------
                                  7.75   data required time
                                 -5.91   data arrival time
-----------------------------------------------------------------------------
                                  1.84   slack (MET)



worst slack corner Slowest: -1.4035
======================= Typical Corner ===================================

Startpoint: B[0] (input port clocked by __VIRTUAL_CLK__)
Endpoint: OUT[5] (output port clocked by __VIRTUAL_CLK__)
Path Group: __VIRTUAL_CLK__
Path Type: max
Corner: Typical

Fanout     Cap    Slew   Delay    Time   Description
-----------------------------------------------------------------------------
                  0.00    0.00    0.00   clock __VIRTUAL_CLK__ (rise edge)
                          0.00    0.00   clock network delay (ideal)
                          2.00    2.00 ^ input external delay
     1    0.00    0.02    0.01    2.01 ^ B[0] (in)
                                         B[0] (net)
                  0.02    0.00    2.01 ^ input9/A (sky130_fd_sc_hd__dlymetal6s2s_1)
     4    0.04    0.36    0.31    2.32 ^ input9/X (sky130_fd_sc_hd__dlymetal6s2s_1)
                                         net9 (net)
                  0.36    0.00    2.33 ^ _184_/A (sky130_fd_sc_hd__buf_4)
    10    0.08    0.23    0.34    2.67 ^ _184_/X (sky130_fd_sc_hd__buf_4)
                                         _112_ (net)
                  0.23    0.01    2.68 ^ _185_/B2 (sky130_fd_sc_hd__a22oi_4)
     3    0.04    0.13    0.15    2.83 v _185_/Y (sky130_fd_sc_hd__a22oi_4)
                                         _113_ (net)
                  0.13    0.00    2.83 v _192_/C (sky130_fd_sc_hd__or3_1)
     2    0.02    0.17    0.48    3.31 v _192_/X (sky130_fd_sc_hd__or3_1)
                                         _120_ (net)
                  0.17    0.00    3.31 v _197_/A1 (sky130_fd_sc_hd__a21o_1)
     2    0.02    0.09    0.27    3.58 v _197_/X (sky130_fd_sc_hd__a21o_1)
                                         _125_ (net)
                  0.09    0.00    3.58 v _199_/A3 (sky130_fd_sc_hd__a31o_1)
     2    0.02    0.12    0.33    3.90 v _199_/X (sky130_fd_sc_hd__a31o_1)
                                         _127_ (net)
                  0.12    0.00    3.91 v _201_/B (sky130_fd_sc_hd__xor2_2)
     2    0.03    0.34    0.34    4.25 ^ _201_/X (sky130_fd_sc_hd__xor2_2)
                                         _129_ (net)
                  0.34    0.00    4.25 ^ _210_/A (sky130_fd_sc_hd__nand3_2)
     3    0.03    0.22    0.26    4.51 v _210_/Y (sky130_fd_sc_hd__nand3_2)
                                         _138_ (net)
                  0.22    0.00    4.51 v _220_/B (sky130_fd_sc_hd__and3_1)
     1    0.02    0.11    0.33    4.84 v _220_/X (sky130_fd_sc_hd__and3_1)
                                         _148_ (net)
                  0.11    0.00    4.84 v _221_/B (sky130_fd_sc_hd__nor2_1)
     1    0.02    0.37    0.34    5.18 ^ _221_/Y (sky130_fd_sc_hd__nor2_1)
                                         _149_ (net)
                  0.37    0.00    5.18 ^ _267_/A2 (sky130_fd_sc_hd__a211o_1)
     1    0.01    0.10    0.24    5.42 ^ _267_/X (sky130_fd_sc_hd__a211o_1)
                                         net25 (net)
                  0.10    0.00    5.42 ^ output25/A (sky130_fd_sc_hd__buf_2)
     1    0.03    0.17    0.23    5.65 ^ output25/X (sky130_fd_sc_hd__buf_2)
                                         OUT[5] (net)
                  0.17    0.00    5.66 ^ OUT[5] (out)
                                  5.66   data arrival time

                  0.00   10.00   10.00   clock __VIRTUAL_CLK__ (rise edge)
                          0.00   10.00   clock network delay (ideal)
                         -0.25    9.75   clock uncertainty
                          0.00    9.75   clock reconvergence pessimism
                         -2.00    7.75   output external delay
                                  7.75   data required time
-----------------------------------------------------------------------------
                                  7.75   data required time
                                 -5.66   data arrival time
-----------------------------------------------------------------------------
                                  2.09   slack (MET)


Startpoint: B[0] (input port clocked by __VIRTUAL_CLK__)
Endpoint: OUT[4] (output port clocked by __VIRTUAL_CLK__)
Path Group: __VIRTUAL_CLK__
Path Type: max
Corner: Typical

Fanout     Cap    Slew   Delay    Time   Description
-----------------------------------------------------------------------------
                  0.00    0.00    0.00   clock __VIRTUAL_CLK__ (rise edge)
                          0.00    0.00   clock network delay (ideal)
                          2.00    2.00 ^ input external delay
     1    0.00    0.02    0.01    2.01 ^ B[0] (in)
                                         B[0] (net)
                  0.02    0.00    2.01 ^ input9/A (sky130_fd_sc_hd__dlymetal6s2s_1)
     4    0.04    0.36    0.31    2.32 ^ input9/X (sky130_fd_sc_hd__dlymetal6s2s_1)
                                         net9 (net)
                  0.36    0.00    2.33 ^ _184_/A (sky130_fd_sc_hd__buf_4)
    10    0.08    0.23    0.34    2.67 ^ _184_/X (sky130_fd_sc_hd__buf_4)
                                         _112_ (net)
                  0.23    0.01    2.68 ^ _185_/B2 (sky130_fd_sc_hd__a22oi_4)
     3    0.04    0.13    0.15    2.83 v _185_/Y (sky130_fd_sc_hd__a22oi_4)
                                         _113_ (net)
                  0.13    0.00    2.83 v _192_/C (sky130_fd_sc_hd__or3_1)
     2    0.02    0.17    0.48    3.31 v _192_/X (sky130_fd_sc_hd__or3_1)
                                         _120_ (net)
                  0.17    0.00    3.31 v _197_/A1 (sky130_fd_sc_hd__a21o_1)
     2    0.02    0.09    0.27    3.58 v _197_/X (sky130_fd_sc_hd__a21o_1)
                                         _125_ (net)
                  0.09    0.00    3.58 v _199_/A3 (sky130_fd_sc_hd__a31o_1)
     2    0.02    0.12    0.33    3.90 v _199_/X (sky130_fd_sc_hd__a31o_1)
                                         _127_ (net)
                  0.12    0.00    3.91 v _201_/B (sky130_fd_sc_hd__xor2_2)
     2    0.03    0.34    0.34    4.25 ^ _201_/X (sky130_fd_sc_hd__xor2_2)
                                         _129_ (net)
                  0.34    0.00    4.25 ^ _210_/A (sky130_fd_sc_hd__nand3_2)
     3    0.03    0.22    0.26    4.51 v _210_/Y (sky130_fd_sc_hd__nand3_2)
                                         _138_ (net)
                  0.22    0.00    4.51 v _345_/A1 (sky130_fd_sc_hd__a31o_1)
     1    0.02    0.09    0.31    4.82 v _345_/X (sky130_fd_sc_hd__a31o_1)
                                         _096_ (net)
                  0.09    0.00    4.83 v _346_/C (sky130_fd_sc_hd__or3_1)
     1    0.02    0.16    0.45    5.28 v _346_/X (sky130_fd_sc_hd__or3_1)
                                         _097_ (net)
                  0.16    0.00    5.28 v _347_/A (sky130_fd_sc_hd__clkbuf_1)
     1    0.01    0.05    0.16    5.44 v _347_/X (sky130_fd_sc_hd__clkbuf_1)
                                         net24 (net)
                  0.05    0.00    5.44 v output24/A (sky130_fd_sc_hd__buf_2)
     1    0.03    0.09    0.19    5.63 v output24/X (sky130_fd_sc_hd__buf_2)
                                         OUT[4] (net)
                  0.09    0.00    5.63 v OUT[4] (out)
                                  5.63   data arrival time

                  0.00   10.00   10.00   clock __VIRTUAL_CLK__ (rise edge)
                          0.00   10.00   clock network delay (ideal)
                         -0.25    9.75   clock uncertainty
                          0.00    9.75   clock reconvergence pessimism
                         -2.00    7.75   output external delay
                                  7.75   data required time
-----------------------------------------------------------------------------
                                  7.75   data required time
                                 -5.63   data arrival time
-----------------------------------------------------------------------------
                                  2.12   slack (MET)


Startpoint: OPCODE[0] (input port clocked by __VIRTUAL_CLK__)
Endpoint: OUT[6] (output port clocked by __VIRTUAL_CLK__)
Path Group: __VIRTUAL_CLK__
Path Type: max
Corner: Typical

Fanout     Cap    Slew   Delay    Time   Description
-----------------------------------------------------------------------------
                  0.00    0.00    0.00   clock __VIRTUAL_CLK__ (rise edge)
                          0.00    0.00   clock network delay (ideal)
                          2.00    2.00 v input external delay
     1    0.00    0.01    0.01    2.01 v OPCODE[0] (in)
                                         OPCODE[0] (net)
                  0.01    0.00    2.01 v input17/A (sky130_fd_sc_hd__clkbuf_2)
     5    0.04    0.16    0.19    2.20 v input17/X (sky130_fd_sc_hd__clkbuf_2)
                                         net17 (net)
                  0.16    0.00    2.20 v _235_/A_N (sky130_fd_sc_hd__nand3b_4)
     7    0.04    0.16    0.29    2.50 v _235_/Y (sky130_fd_sc_hd__nand3b_4)
                                         _163_ (net)
                  0.16    0.01    2.50 v rebuffer1/A (sky130_fd_sc_hd__dlygate4sd1_1)
     2    0.01    0.05    0.31    2.82 v rebuffer1/X (sky130_fd_sc_hd__dlygate4sd1_1)
                                         net28 (net)
                  0.05    0.00    2.82 v _239_/A1 (sky130_fd_sc_hd__a21oi_2)
     2    0.03    0.42    0.39    3.21 ^ _239_/Y (sky130_fd_sc_hd__a21oi_2)
                                         _167_ (net)
                  0.42    0.00    3.21 ^ _248_/B (sky130_fd_sc_hd__or3_1)
     1    0.01    0.07    0.20    3.41 ^ _248_/X (sky130_fd_sc_hd__or3_1)
                                         _006_ (net)
                  0.07    0.00    3.41 ^ _249_/B (sky130_fd_sc_hd__and2_2)
     2    0.04    0.20    0.28    3.69 ^ _249_/X (sky130_fd_sc_hd__and2_2)
                                         _007_ (net)
                  0.20    0.00    3.70 ^ _250_/B1 (sky130_fd_sc_hd__o21ai_4)
     4    0.03    0.11    0.15    3.84 v _250_/Y (sky130_fd_sc_hd__o21ai_4)
                                         _008_ (net)
                  0.11    0.00    3.84 v _257_/A2 (sky130_fd_sc_hd__a311o_4)
     5    0.04    0.12    0.49    4.33 v _257_/X (sky130_fd_sc_hd__a311o_4)
                                         _015_ (net)
                  0.12    0.01    4.34 v _276_/A3 (sky130_fd_sc_hd__a311oi_4)
     3    0.03    0.40    0.49    4.83 ^ _276_/Y (sky130_fd_sc_hd__a311oi_4)
                                         _033_ (net)
                  0.40    0.00    4.83 ^ _277_/A_N (sky130_fd_sc_hd__and2b_1)
     1    0.01    0.08    0.29    5.12 v _277_/X (sky130_fd_sc_hd__and2b_1)
                                         _034_ (net)
                  0.08    0.00    5.12 v _291_/A2 (sky130_fd_sc_hd__a21o_1)
     1    0.02    0.11    0.27    5.40 v _291_/X (sky130_fd_sc_hd__a21o_1)
                                         net26 (net)
                  0.11    0.00    5.40 v output26/A (sky130_fd_sc_hd__buf_2)
     1    0.03    0.09    0.22    5.62 v output26/X (sky130_fd_sc_hd__buf_2)
                                         OUT[6] (net)
                  0.09    0.00    5.62 v OUT[6] (out)
                                  5.62   data arrival time

                  0.00   10.00   10.00   clock __VIRTUAL_CLK__ (rise edge)
                          0.00   10.00   clock network delay (ideal)
                         -0.25    9.75   clock uncertainty
                          0.00    9.75   clock reconvergence pessimism
                         -2.00    7.75   output external delay
                                  7.75   data required time
-----------------------------------------------------------------------------
                                  7.75   data required time
                                 -5.62   data arrival time
-----------------------------------------------------------------------------
                                  2.13   slack (MET)


Startpoint: OPCODE[0] (input port clocked by __VIRTUAL_CLK__)
Endpoint: OUT[7] (output port clocked by __VIRTUAL_CLK__)
Path Group: __VIRTUAL_CLK__
Path Type: max
Corner: Typical

Fanout     Cap    Slew   Delay    Time   Description
-----------------------------------------------------------------------------
                  0.00    0.00    0.00   clock __VIRTUAL_CLK__ (rise edge)
                          0.00    0.00   clock network delay (ideal)
                          2.00    2.00 v input external delay
     1    0.00    0.01    0.01    2.01 v OPCODE[0] (in)
                                         OPCODE[0] (net)
                  0.01    0.00    2.01 v input17/A (sky130_fd_sc_hd__clkbuf_2)
     5    0.04    0.16    0.19    2.20 v input17/X (sky130_fd_sc_hd__clkbuf_2)
                                         net17 (net)
                  0.16    0.00    2.20 v _235_/A_N (sky130_fd_sc_hd__nand3b_4)
     7    0.04    0.16    0.29    2.50 v _235_/Y (sky130_fd_sc_hd__nand3b_4)
                                         _163_ (net)
                  0.16    0.01    2.50 v rebuffer1/A (sky130_fd_sc_hd__dlygate4sd1_1)
     2    0.01    0.05    0.31    2.82 v rebuffer1/X (sky130_fd_sc_hd__dlygate4sd1_1)
                                         net28 (net)
                  0.05    0.00    2.82 v _239_/A1 (sky130_fd_sc_hd__a21oi_2)
     2    0.03    0.42    0.39    3.21 ^ _239_/Y (sky130_fd_sc_hd__a21oi_2)
                                         _167_ (net)
                  0.42    0.00    3.21 ^ _248_/B (sky130_fd_sc_hd__or3_1)
     1    0.01    0.07    0.20    3.41 ^ _248_/X (sky130_fd_sc_hd__or3_1)
                                         _006_ (net)
                  0.07    0.00    3.41 ^ _249_/B (sky130_fd_sc_hd__and2_2)
     2    0.04    0.20    0.28    3.69 ^ _249_/X (sky130_fd_sc_hd__and2_2)
                                         _007_ (net)
                  0.20    0.00    3.70 ^ _250_/B1 (sky130_fd_sc_hd__o21ai_4)
     4    0.03    0.11    0.15    3.84 v _250_/Y (sky130_fd_sc_hd__o21ai_4)
                                         _008_ (net)
                  0.11    0.00    3.84 v _257_/A2 (sky130_fd_sc_hd__a311o_4)
     5    0.04    0.12    0.49    4.33 v _257_/X (sky130_fd_sc_hd__a311o_4)
                                         _015_ (net)
                  0.12    0.01    4.34 v _276_/A3 (sky130_fd_sc_hd__a311oi_4)
     3    0.03    0.40    0.49    4.83 ^ _276_/Y (sky130_fd_sc_hd__a311oi_4)
                                         _033_ (net)
                  0.40    0.00    4.83 ^ _295_/A2 (sky130_fd_sc_hd__o21ai_1)
     1    0.01    0.17    0.20    5.03 v _295_/Y (sky130_fd_sc_hd__o21ai_1)
                                         _051_ (net)
                  0.17    0.00    5.04 v _302_/A2 (sky130_fd_sc_hd__a31o_1)
     1    0.00    0.04    0.27    5.31 v _302_/X (sky130_fd_sc_hd__a31o_1)
                                         net27 (net)
                  0.04    0.00    5.31 v output27/A (sky130_fd_sc_hd__buf_2)
     1    0.03    0.09    0.19    5.49 v output27/X (sky130_fd_sc_hd__buf_2)
                                         OUT[7] (net)
                  0.09    0.00    5.50 v OUT[7] (out)
                                  5.50   data arrival time

                  0.00   10.00   10.00   clock __VIRTUAL_CLK__ (rise edge)
                          0.00   10.00   clock network delay (ideal)
                         -0.25    9.75   clock uncertainty
                          0.00    9.75   clock reconvergence pessimism
                         -2.00    7.75   output external delay
                                  7.75   data required time
-----------------------------------------------------------------------------
                                  7.75   data required time
                                 -5.50   data arrival time
-----------------------------------------------------------------------------
                                  2.25   slack (MET)


Startpoint: B[0] (input port clocked by __VIRTUAL_CLK__)
Endpoint: OUT[3] (output port clocked by __VIRTUAL_CLK__)
Path Group: __VIRTUAL_CLK__
Path Type: max
Corner: Typical

Fanout     Cap    Slew   Delay    Time   Description
-----------------------------------------------------------------------------
                  0.00    0.00    0.00   clock __VIRTUAL_CLK__ (rise edge)
                          0.00    0.00   clock network delay (ideal)
                          2.00    2.00 ^ input external delay
     1    0.00    0.02    0.01    2.01 ^ B[0] (in)
                                         B[0] (net)
                  0.02    0.00    2.01 ^ input9/A (sky130_fd_sc_hd__dlymetal6s2s_1)
     4    0.04    0.36    0.31    2.32 ^ input9/X (sky130_fd_sc_hd__dlymetal6s2s_1)
                                         net9 (net)
                  0.36    0.00    2.33 ^ _184_/A (sky130_fd_sc_hd__buf_4)
    10    0.08    0.23    0.34    2.67 ^ _184_/X (sky130_fd_sc_hd__buf_4)
                                         _112_ (net)
                  0.23    0.01    2.67 ^ _242_/A (sky130_fd_sc_hd__and3_1)
     2    0.02    0.23    0.34    3.02 ^ _242_/X (sky130_fd_sc_hd__and3_1)
                                         _000_ (net)
                  0.23    0.00    3.02 ^ _244_/A1 (sky130_fd_sc_hd__o21a_2)
     4    0.05    0.25    0.35    3.37 ^ _244_/X (sky130_fd_sc_hd__o21a_2)
                                         _002_ (net)
                  0.25    0.00    3.37 ^ _247_/A_N (sky130_fd_sc_hd__and3b_2)
     3    0.03    0.11    0.33    3.70 v _247_/X (sky130_fd_sc_hd__and3b_2)
                                         _005_ (net)
                  0.11    0.00    3.70 v _250_/A2 (sky130_fd_sc_hd__o21ai_4)
     4    0.03    0.27    0.28    3.99 ^ _250_/Y (sky130_fd_sc_hd__o21ai_4)
                                         _008_ (net)
                  0.27    0.00    3.99 ^ _328_/B (sky130_fd_sc_hd__nand2_1)
     1    0.01    0.12    0.15    4.14 v _328_/Y (sky130_fd_sc_hd__nand2_1)
                                         _080_ (net)
                  0.12    0.00    4.15 v _329_/B (sky130_fd_sc_hd__xnor2_1)
     1    0.01    0.12    0.22    4.36 v _329_/Y (sky130_fd_sc_hd__xnor2_1)
                                         _081_ (net)
                  0.12    0.00    4.36 v _335_/A2 (sky130_fd_sc_hd__a221o_1)
     1    0.02    0.13    0.48    4.84 v _335_/X (sky130_fd_sc_hd__a221o_1)
                                         net23 (net)
                  0.13    0.00    4.84 v output23/A (sky130_fd_sc_hd__buf_2)
     1    0.03    0.09    0.23    5.07 v output23/X (sky130_fd_sc_hd__buf_2)
                                         OUT[3] (net)
                  0.09    0.00    5.07 v OUT[3] (out)
                                  5.07   data arrival time

                  0.00   10.00   10.00   clock __VIRTUAL_CLK__ (rise edge)
                          0.00   10.00   clock network delay (ideal)
                         -0.25    9.75   clock uncertainty
                          0.00    9.75   clock reconvergence pessimism
                         -2.00    7.75   output external delay
                                  7.75   data required time
-----------------------------------------------------------------------------
                                  7.75   data required time
                                 -5.07   data arrival time
-----------------------------------------------------------------------------
                                  2.68   slack (MET)


Startpoint: B[0] (input port clocked by __VIRTUAL_CLK__)
Endpoint: OUT[1] (output port clocked by __VIRTUAL_CLK__)
Path Group: __VIRTUAL_CLK__
Path Type: max
Corner: Typical

Fanout     Cap    Slew   Delay    Time   Description
-----------------------------------------------------------------------------
                  0.00    0.00    0.00   clock __VIRTUAL_CLK__ (rise edge)
                          0.00    0.00   clock network delay (ideal)
                          2.00    2.00 ^ input external delay
     1    0.00    0.02    0.01    2.01 ^ B[0] (in)
                                         B[0] (net)
                  0.02    0.00    2.01 ^ input9/A (sky130_fd_sc_hd__dlymetal6s2s_1)
     4    0.04    0.36    0.31    2.32 ^ input9/X (sky130_fd_sc_hd__dlymetal6s2s_1)
                                         net9 (net)
                  0.36    0.00    2.33 ^ _184_/A (sky130_fd_sc_hd__buf_4)
    10    0.08    0.23    0.34    2.67 ^ _184_/X (sky130_fd_sc_hd__buf_4)
                                         _112_ (net)
                  0.23    0.01    2.67 ^ _242_/A (sky130_fd_sc_hd__and3_1)
     2    0.02    0.23    0.34    3.02 ^ _242_/X (sky130_fd_sc_hd__and3_1)
                                         _000_ (net)
                  0.23    0.00    3.02 ^ _244_/A1 (sky130_fd_sc_hd__o21a_2)
     4    0.05    0.25    0.35    3.37 ^ _244_/X (sky130_fd_sc_hd__o21a_2)
                                         _002_ (net)
                  0.25    0.00    3.37 ^ _314_/A_N (sky130_fd_sc_hd__and2b_1)
     1    0.03    0.13    0.32    3.69 v _314_/X (sky130_fd_sc_hd__and2b_1)
                                         _068_ (net)
                  0.13    0.00    3.70 v _315_/A (sky130_fd_sc_hd__nor2_1)
     1    0.01    0.25    0.27    3.96 ^ _315_/Y (sky130_fd_sc_hd__nor2_1)
                                         _069_ (net)
                  0.25    0.00    3.96 ^ _316_/B (sky130_fd_sc_hd__or3b_1)
     1    0.02    0.19    0.27    4.23 ^ _316_/X (sky130_fd_sc_hd__or3b_1)
                                         _070_ (net)
                  0.19    0.00    4.23 ^ _317_/D_N (sky130_fd_sc_hd__or4b_1)
     1    0.00    0.10    0.49    4.73 v _317_/X (sky130_fd_sc_hd__or4b_1)
                                         _071_ (net)
                  0.10    0.00    4.73 v _318_/A (sky130_fd_sc_hd__clkbuf_1)
     1    0.01    0.06    0.14    4.87 v _318_/X (sky130_fd_sc_hd__clkbuf_1)
                                         net21 (net)
                  0.06    0.00    4.87 v output21/A (sky130_fd_sc_hd__buf_2)
     1    0.03    0.09    0.19    5.06 v output21/X (sky130_fd_sc_hd__buf_2)
                                         OUT[1] (net)
                  0.09    0.00    5.06 v OUT[1] (out)
                                  5.06   data arrival time

                  0.00   10.00   10.00   clock __VIRTUAL_CLK__ (rise edge)
                          0.00   10.00   clock network delay (ideal)
                         -0.25    9.75   clock uncertainty
                          0.00    9.75   clock reconvergence pessimism
                         -2.00    7.75   output external delay
                                  7.75   data required time
-----------------------------------------------------------------------------
                                  7.75   data required time
                                 -5.06   data arrival time
-----------------------------------------------------------------------------
                                  2.69   slack (MET)


Startpoint: OPCODE[0] (input port clocked by __VIRTUAL_CLK__)
Endpoint: OUT[2] (output port clocked by __VIRTUAL_CLK__)
Path Group: __VIRTUAL_CLK__
Path Type: max
Corner: Typical

Fanout     Cap    Slew   Delay    Time   Description
-----------------------------------------------------------------------------
                  0.00    0.00    0.00   clock __VIRTUAL_CLK__ (rise edge)
                          0.00    0.00   clock network delay (ideal)
                          2.00    2.00 v input external delay
     1    0.00    0.01    0.01    2.01 v OPCODE[0] (in)
                                         OPCODE[0] (net)
                  0.01    0.00    2.01 v input17/A (sky130_fd_sc_hd__clkbuf_2)
     5    0.04    0.16    0.19    2.20 v input17/X (sky130_fd_sc_hd__clkbuf_2)
                                         net17 (net)
                  0.16    0.00    2.20 v _235_/A_N (sky130_fd_sc_hd__nand3b_4)
     7    0.04    0.16    0.29    2.50 v _235_/Y (sky130_fd_sc_hd__nand3b_4)
                                         _163_ (net)
                  0.16    0.01    2.50 v rebuffer1/A (sky130_fd_sc_hd__dlygate4sd1_1)
     2    0.01    0.05    0.31    2.82 v rebuffer1/X (sky130_fd_sc_hd__dlygate4sd1_1)
                                         net28 (net)
                  0.05    0.00    2.82 v _239_/A1 (sky130_fd_sc_hd__a21oi_2)
     2    0.03    0.42    0.39    3.21 ^ _239_/Y (sky130_fd_sc_hd__a21oi_2)
                                         _167_ (net)
                  0.42    0.00    3.21 ^ _241_/A1 (sky130_fd_sc_hd__o21ai_4)
     4    0.04    0.13    0.19    3.40 v _241_/Y (sky130_fd_sc_hd__o21ai_4)
                                         _169_ (net)
                  0.14    0.01    3.40 v _249_/A (sky130_fd_sc_hd__and2_2)
     2    0.04    0.11    0.30    3.70 v _249_/X (sky130_fd_sc_hd__and2_2)
                                         _007_ (net)
                  0.11    0.00    3.71 v _319_/A (sky130_fd_sc_hd__or3_1)
     1    0.01    0.12    0.48    4.19 v _319_/X (sky130_fd_sc_hd__or3_1)
                                         _072_ (net)
                  0.12    0.00    4.19 v _326_/A3 (sky130_fd_sc_hd__a31o_1)
     1    0.02    0.10    0.32    4.51 v _326_/X (sky130_fd_sc_hd__a31o_1)
                                         net22 (net)
                  0.10    0.00    4.51 v output22/A (sky130_fd_sc_hd__buf_2)
     1    0.03    0.09    0.21    4.73 v output22/X (sky130_fd_sc_hd__buf_2)
                                         OUT[2] (net)
                  0.09    0.00    4.73 v OUT[2] (out)
                                  4.73   data arrival time

                  0.00   10.00   10.00   clock __VIRTUAL_CLK__ (rise edge)
                          0.00   10.00   clock network delay (ideal)
                         -0.25    9.75   clock uncertainty
                          0.00    9.75   clock reconvergence pessimism
                         -2.00    7.75   output external delay
                                  7.75   data required time
-----------------------------------------------------------------------------
                                  7.75   data required time
                                 -4.73   data arrival time
-----------------------------------------------------------------------------
                                  3.02   slack (MET)


Startpoint: OPCODE[0] (input port clocked by __VIRTUAL_CLK__)
Endpoint: OUT[0] (output port clocked by __VIRTUAL_CLK__)
Path Group: __VIRTUAL_CLK__
Path Type: max
Corner: Typical

Fanout     Cap    Slew   Delay    Time   Description
-----------------------------------------------------------------------------
                  0.00    0.00    0.00   clock __VIRTUAL_CLK__ (rise edge)
                          0.00    0.00   clock network delay (ideal)
                          2.00    2.00 v input external delay
     1    0.00    0.01    0.01    2.01 v OPCODE[0] (in)
                                         OPCODE[0] (net)
                  0.01    0.00    2.01 v input17/A (sky130_fd_sc_hd__clkbuf_2)
     5    0.04    0.16    0.19    2.20 v input17/X (sky130_fd_sc_hd__clkbuf_2)
                                         net17 (net)
                  0.16    0.01    2.21 v _171_/A (sky130_fd_sc_hd__or2_2)
     4    0.04    0.13    0.46    2.66 v _171_/X (sky130_fd_sc_hd__or2_2)
                                         _099_ (net)
                  0.13    0.00    2.67 v _224_/B (sky130_fd_sc_hd__or2_1)
     1    0.00    0.05    0.25    2.92 v _224_/X (sky130_fd_sc_hd__or2_1)
                                         _152_ (net)
                  0.05    0.00    2.92 v _225_/A (sky130_fd_sc_hd__clkbuf_4)
     8    0.06    0.13    0.24    3.16 v _225_/X (sky130_fd_sc_hd__clkbuf_4)
                                         _153_ (net)
                  0.13    0.01    3.16 v _306_/A2 (sky130_fd_sc_hd__o21ai_1)
     1    0.01    0.26    0.28    3.45 ^ _306_/Y (sky130_fd_sc_hd__o21ai_1)
                                         _061_ (net)
                  0.26    0.00    3.45 ^ _307_/B1 (sky130_fd_sc_hd__a31o_1)
     1    0.02    0.21    0.28    3.73 ^ _307_/X (sky130_fd_sc_hd__a31o_1)
                                         net20 (net)
                  0.21    0.00    3.73 ^ output20/A (sky130_fd_sc_hd__buf_2)
     1    0.04    0.18    0.27    4.00 ^ output20/X (sky130_fd_sc_hd__buf_2)
                                         OUT[0] (net)
                  0.18    0.00    4.00 ^ OUT[0] (out)
                                  4.00   data arrival time

                  0.00   10.00   10.00   clock __VIRTUAL_CLK__ (rise edge)
                          0.00   10.00   clock network delay (ideal)
                         -0.25    9.75   clock uncertainty
                          0.00    9.75   clock reconvergence pessimism
                         -2.00    7.75   output external delay
                                  7.75   data required time
-----------------------------------------------------------------------------
                                  7.75   data required time
                                 -4.00   data arrival time
-----------------------------------------------------------------------------
                                  3.75   slack (MET)



worst slack corner Typical: 2.0945
