
===========================================================================
 report_power
============================================================================
======================= Fastest Corner ===================================

Group                  Internal  Switching    Leakage      Total
                          Power      Power      Power      Power (Watts)
----------------------------------------------------------------
Sequential             0.00e+00   0.00e+00   0.00e+00   0.00e+00   0.0%
Combinational          5.23e-05   1.53e-04   1.84e-09   2.05e-04 100.0%
Clock                  0.00e+00   0.00e+00   7.09e-10   7.09e-10   0.0%
Macro                  0.00e+00   0.00e+00   0.00e+00   0.00e+00   0.0%
Pad                    0.00e+00   0.00e+00   0.00e+00   0.00e+00   0.0%
----------------------------------------------------------------
Total                  5.23e-05   1.53e-04   2.55e-09   2.05e-04 100.0%
                          25.5%      74.5%       0.0%

======================= Slowest Corner ===================================

Group                  Internal  Switching    Leakage      Total
                          Power      Power      Power      Power (Watts)
----------------------------------------------------------------
Sequential             0.00e+00   0.00e+00   0.00e+00   0.00e+00   0.0%
Combinational          3.79e-05   1.02e-04   1.04e-06   1.41e-04 100.0%
Clock                  0.00e+00   0.00e+00   7.09e-10   7.09e-10   0.0%
Macro                  0.00e+00   0.00e+00   0.00e+00   0.00e+00   0.0%
Pad                    0.00e+00   0.00e+00   0.00e+00   0.00e+00   0.0%
----------------------------------------------------------------
Total                  3.79e-05   1.02e-04   1.04e-06   1.41e-04 100.0%
                          26.8%      72.4%       0.7%

======================= Typical Corner ===================================

Group                  Internal  Switching    Leakage      Total
                          Power      Power      Power      Power (Watts)
----------------------------------------------------------------
Sequential             0.00e+00   0.00e+00   0.00e+00   0.00e+00   0.0%
Combinational          4.76e-05   1.30e-04   8.10e-10   1.77e-04 100.0%
Clock                  0.00e+00   0.00e+00   7.09e-10   7.09e-10   0.0%
Macro                  0.00e+00   0.00e+00   0.00e+00   0.00e+00   0.0%
Pad                    0.00e+00   0.00e+00   0.00e+00   0.00e+00   0.0%
----------------------------------------------------------------
Total                  4.76e-05   1.30e-04   1.52e-09   1.77e-04 100.0%
                          26.9%      73.1%       0.0%

