
===========================================================================
 report_power
============================================================================
======================= Fastest Corner ===================================

Group                  Internal  Switching    Leakage      Total
                          Power      Power      Power      Power (Watts)
----------------------------------------------------------------
Sequential             0.00e+00   0.00e+00   0.00e+00   0.00e+00   0.0%
Combinational          5.22e-05   1.33e-04   1.84e-09   1.85e-04 100.0%
Clock                  0.00e+00   0.00e+00   7.09e-10   7.09e-10   0.0%
Macro                  0.00e+00   0.00e+00   0.00e+00   0.00e+00   0.0%
Pad                    0.00e+00   0.00e+00   0.00e+00   0.00e+00   0.0%
----------------------------------------------------------------
Total                  5.22e-05   1.33e-04   2.55e-09   1.85e-04 100.0%
                          28.2%      71.8%       0.0%

======================= Slowest Corner ===================================

Group                  Internal  Switching    Leakage      Total
                          Power      Power      Power      Power (Watts)
----------------------------------------------------------------
Sequential             0.00e+00   0.00e+00   0.00e+00   0.00e+00   0.0%
Combinational          3.79e-05   8.90e-05   1.04e-06   1.28e-04 100.0%
Clock                  0.00e+00   0.00e+00   7.09e-10   7.09e-10   0.0%
Macro                  0.00e+00   0.00e+00   0.00e+00   0.00e+00   0.0%
Pad                    0.00e+00   0.00e+00   0.00e+00   0.00e+00   0.0%
----------------------------------------------------------------
Total                  3.79e-05   8.90e-05   1.04e-06   1.28e-04 100.0%
                          29.6%      69.6%       0.8%

======================= Typical Corner ===================================

Group                  Internal  Switching    Leakage      Total
                          Power      Power      Power      Power (Watts)
----------------------------------------------------------------
Sequential             0.00e+00   0.00e+00   0.00e+00   0.00e+00   0.0%
Combinational          4.76e-05   1.13e-04   8.10e-10   1.61e-04 100.0%
Clock                  0.00e+00   0.00e+00   7.09e-10   7.09e-10   0.0%
Macro                  0.00e+00   0.00e+00   0.00e+00   0.00e+00   0.0%
Pad                    0.00e+00   0.00e+00   0.00e+00   0.00e+00   0.0%
----------------------------------------------------------------
Total                  4.76e-05   1.13e-04   1.52e-09   1.61e-04 100.0%
                          29.7%      70.3%       0.0%

