
===========================================================================
report_checks -unconstrained
===========================================================================
======================= Fastest Corner ===================================

Startpoint: OPCODE[0] (input port clocked by __VIRTUAL_CLK__)
Endpoint: OUT[6] (output port clocked by __VIRTUAL_CLK__)
Path Group: __VIRTUAL_CLK__
Path Type: max
Corner: Fastest

Fanout     Cap    Slew   Delay    Time   Description
-----------------------------------------------------------------------------
                  0.00    0.00    0.00   clock __VIRTUAL_CLK__ (rise edge)
                          0.00    0.00   clock network delay (ideal)
                          2.00    2.00 v input external delay
     1    0.00    0.00    0.00    2.00 v OPCODE[0] (in)
                                         OPCODE[0] (net)
                  0.00    0.00    2.00 v input17/A (sky130_fd_sc_hd__clkbuf_2)
     5    0.04    0.09    0.12    2.13 v input17/X (sky130_fd_sc_hd__clkbuf_2)
                                         net17 (net)
                  0.09    0.00    2.13 v _235_/A_N (sky130_fd_sc_hd__nand3b_4)
     7    0.04    0.10    0.18    2.30 v _235_/Y (sky130_fd_sc_hd__nand3b_4)
                                         _163_ (net)
                  0.10    0.00    2.31 v rebuffer1/A (sky130_fd_sc_hd__dlygate4sd1_1)
     2    0.01    0.03    0.19    2.50 v rebuffer1/X (sky130_fd_sc_hd__dlygate4sd1_1)
                                         net28 (net)
                  0.03    0.00    2.50 v _239_/A1 (sky130_fd_sc_hd__a21oi_2)
     2    0.03    0.27    0.25    2.74 ^ _239_/Y (sky130_fd_sc_hd__a21oi_2)
                                         _167_ (net)
                  0.27    0.00    2.74 ^ _248_/B (sky130_fd_sc_hd__or3_1)
     1    0.01    0.05    0.11    2.85 ^ _248_/X (sky130_fd_sc_hd__or3_1)
                                         _006_ (net)
                  0.05    0.00    2.85 ^ _249_/B (sky130_fd_sc_hd__and2_2)
     2    0.03    0.14    0.17    3.03 ^ _249_/X (sky130_fd_sc_hd__and2_2)
                                         _007_ (net)
                  0.14    0.00    3.03 ^ _250_/B1 (sky130_fd_sc_hd__o21ai_4)
     4    0.03    0.07    0.06    3.09 v _250_/Y (sky130_fd_sc_hd__o21ai_4)
                                         _008_ (net)
                  0.07    0.00    3.09 v _257_/A2 (sky130_fd_sc_hd__a311o_4)
     5    0.04    0.08    0.31    3.39 v _257_/X (sky130_fd_sc_hd__a311o_4)
                                         _015_ (net)
                  0.08    0.00    3.40 v _276_/A3 (sky130_fd_sc_hd__a311oi_4)
     3    0.02    0.28    0.32    3.72 ^ _276_/Y (sky130_fd_sc_hd__a311oi_4)
                                         _033_ (net)
                  0.28    0.00    3.72 ^ _277_/A_N (sky130_fd_sc_hd__and2b_1)
     1    0.01    0.05    0.16    3.87 v _277_/X (sky130_fd_sc_hd__and2b_1)
                                         _034_ (net)
                  0.05    0.00    3.88 v _291_/A2 (sky130_fd_sc_hd__a21o_1)
     1    0.02    0.07    0.17    4.04 v _291_/X (sky130_fd_sc_hd__a21o_1)
                                         net26 (net)
                  0.07    0.00    4.04 v output26/A (sky130_fd_sc_hd__buf_2)
     1    0.03    0.06    0.14    4.18 v output26/X (sky130_fd_sc_hd__buf_2)
                                         OUT[6] (net)
                  0.06    0.00    4.18 v OUT[6] (out)
                                  4.18   data arrival time

                  0.00   10.00   10.00   clock __VIRTUAL_CLK__ (rise edge)
                          0.00   10.00   clock network delay (ideal)
                         -0.25    9.75   clock uncertainty
                          0.00    9.75   clock reconvergence pessimism
                         -2.00    7.75   output external delay
                                  7.75   data required time
-----------------------------------------------------------------------------
                                  7.75   data required time
                                 -4.18   data arrival time
-----------------------------------------------------------------------------
                                  3.57   slack (MET)



======================= Slowest Corner ===================================

Startpoint: B[0] (input port clocked by __VIRTUAL_CLK__)
Endpoint: OUT[4] (output port clocked by __VIRTUAL_CLK__)
Path Group: __VIRTUAL_CLK__
Path Type: max
Corner: Slowest

Fanout     Cap    Slew   Delay    Time   Description
-----------------------------------------------------------------------------
                  0.00    0.00    0.00   clock __VIRTUAL_CLK__ (rise edge)
                          0.00    0.00   clock network delay (ideal)
                          2.00    2.00 ^ input external delay
     1    0.00    0.03    0.01    2.01 ^ B[0] (in)
                                         B[0] (net)
                  0.03    0.00    2.01 ^ input9/A (sky130_fd_sc_hd__dlymetal6s2s_1)
     4    0.03    0.46    0.45    2.46 ^ input9/X (sky130_fd_sc_hd__dlymetal6s2s_1)
                                         net9 (net)
                  0.46    0.00    2.46 ^ _184_/A (sky130_fd_sc_hd__buf_4)
    10    0.07    0.32    0.59    3.05 ^ _184_/X (sky130_fd_sc_hd__buf_4)
                                         _112_ (net)
                  0.32    0.00    3.05 ^ _185_/B2 (sky130_fd_sc_hd__a22oi_4)
     3    0.03    0.21    0.28    3.33 v _185_/Y (sky130_fd_sc_hd__a22oi_4)
                                         _113_ (net)
                  0.21    0.00    3.34 v _192_/C (sky130_fd_sc_hd__or3_1)
     2    0.02    0.28    1.01    4.35 v _192_/X (sky130_fd_sc_hd__or3_1)
                                         _120_ (net)
                  0.28    0.00    4.35 v _197_/A1 (sky130_fd_sc_hd__a21o_1)
     2    0.01    0.14    0.48    4.83 v _197_/X (sky130_fd_sc_hd__a21o_1)
                                         _125_ (net)
                  0.14    0.00    4.83 v _199_/A3 (sky130_fd_sc_hd__a31o_1)
     2    0.02    0.20    0.58    5.41 v _199_/X (sky130_fd_sc_hd__a31o_1)
                                         _127_ (net)
                  0.20    0.00    5.41 v _201_/B (sky130_fd_sc_hd__xor2_2)
     2    0.02    0.46    0.51    5.92 ^ _201_/X (sky130_fd_sc_hd__xor2_2)
                                         _129_ (net)
                  0.46    0.00    5.92 ^ _210_/A (sky130_fd_sc_hd__nand3_2)
     3    0.02    0.37    0.48    6.40 v _210_/Y (sky130_fd_sc_hd__nand3_2)
                                         _138_ (net)
                  0.37    0.00    6.40 v _345_/A1 (sky130_fd_sc_hd__a31o_1)
     1    0.01    0.15    0.57    6.97 v _345_/X (sky130_fd_sc_hd__a31o_1)
                                         _096_ (net)
                  0.15    0.00    6.97 v _346_/C (sky130_fd_sc_hd__or3_1)
     1    0.02    0.27    0.98    7.95 v _346_/X (sky130_fd_sc_hd__or3_1)
                                         _097_ (net)
                  0.27    0.00    7.95 v _347_/A (sky130_fd_sc_hd__clkbuf_1)
     1    0.01    0.08    0.29    8.24 v _347_/X (sky130_fd_sc_hd__clkbuf_1)
                                         net24 (net)
                  0.08    0.00    8.24 v output24/A (sky130_fd_sc_hd__buf_2)
     1    0.03    0.17    0.37    8.61 v output24/X (sky130_fd_sc_hd__buf_2)
                                         OUT[4] (net)
                  0.17    0.00    8.61 v OUT[4] (out)
                                  8.61   data arrival time

                  0.00   10.00   10.00   clock __VIRTUAL_CLK__ (rise edge)
                          0.00   10.00   clock network delay (ideal)
                         -0.25    9.75   clock uncertainty
                          0.00    9.75   clock reconvergence pessimism
                         -2.00    7.75   output external delay
                                  7.75   data required time
-----------------------------------------------------------------------------
                                  7.75   data required time
                                 -8.61   data arrival time
-----------------------------------------------------------------------------
                                 -0.86   slack (VIOLATED)



======================= Typical Corner ===================================

Startpoint: OPCODE[0] (input port clocked by __VIRTUAL_CLK__)
Endpoint: OUT[6] (output port clocked by __VIRTUAL_CLK__)
Path Group: __VIRTUAL_CLK__
Path Type: max
Corner: Typical

Fanout     Cap    Slew   Delay    Time   Description
-----------------------------------------------------------------------------
                  0.00    0.00    0.00   clock __VIRTUAL_CLK__ (rise edge)
                          0.00    0.00   clock network delay (ideal)
                          2.00    2.00 v input external delay
     1    0.00    0.01    0.00    2.00 v OPCODE[0] (in)
                                         OPCODE[0] (net)
                  0.01    0.00    2.00 v input17/A (sky130_fd_sc_hd__clkbuf_2)
     5    0.04    0.13    0.18    2.19 v input17/X (sky130_fd_sc_hd__clkbuf_2)
                                         net17 (net)
                  0.13    0.00    2.19 v _235_/A_N (sky130_fd_sc_hd__nand3b_4)
     7    0.04    0.14    0.27    2.46 v _235_/Y (sky130_fd_sc_hd__nand3b_4)
                                         _163_ (net)
                  0.14    0.00    2.46 v rebuffer1/A (sky130_fd_sc_hd__dlygate4sd1_1)
     2    0.01    0.05    0.30    2.77 v rebuffer1/X (sky130_fd_sc_hd__dlygate4sd1_1)
                                         net28 (net)
                  0.05    0.00    2.77 v _239_/A1 (sky130_fd_sc_hd__a21oi_2)
     2    0.03    0.37    0.35    3.11 ^ _239_/Y (sky130_fd_sc_hd__a21oi_2)
                                         _167_ (net)
                  0.37    0.00    3.12 ^ _248_/B (sky130_fd_sc_hd__or3_1)
     1    0.00    0.06    0.19    3.30 ^ _248_/X (sky130_fd_sc_hd__or3_1)
                                         _006_ (net)
                  0.06    0.00    3.31 ^ _249_/B (sky130_fd_sc_hd__and2_2)
     2    0.03    0.18    0.26    3.57 ^ _249_/X (sky130_fd_sc_hd__and2_2)
                                         _007_ (net)
                  0.18    0.00    3.57 ^ _250_/B1 (sky130_fd_sc_hd__o21ai_4)
     4    0.03    0.09    0.13    3.70 v _250_/Y (sky130_fd_sc_hd__o21ai_4)
                                         _008_ (net)
                  0.09    0.00    3.70 v _257_/A2 (sky130_fd_sc_hd__a311o_4)
     5    0.04    0.11    0.48    4.17 v _257_/X (sky130_fd_sc_hd__a311o_4)
                                         _015_ (net)
                  0.11    0.00    4.18 v _276_/A3 (sky130_fd_sc_hd__a311oi_4)
     3    0.02    0.37    0.45    4.63 ^ _276_/Y (sky130_fd_sc_hd__a311oi_4)
                                         _033_ (net)
                  0.37    0.00    4.63 ^ _277_/A_N (sky130_fd_sc_hd__and2b_1)
     1    0.01    0.07    0.28    4.91 v _277_/X (sky130_fd_sc_hd__and2b_1)
                                         _034_ (net)
                  0.07    0.00    4.91 v _291_/A2 (sky130_fd_sc_hd__a21o_1)
     1    0.02    0.09    0.25    5.17 v _291_/X (sky130_fd_sc_hd__a21o_1)
                                         net26 (net)
                  0.09    0.00    5.17 v output26/A (sky130_fd_sc_hd__buf_2)
     1    0.03    0.09    0.21    5.38 v output26/X (sky130_fd_sc_hd__buf_2)
                                         OUT[6] (net)
                  0.09    0.00    5.38 v OUT[6] (out)
                                  5.38   data arrival time

                  0.00   10.00   10.00   clock __VIRTUAL_CLK__ (rise edge)
                          0.00   10.00   clock network delay (ideal)
                         -0.25    9.75   clock uncertainty
                          0.00    9.75   clock reconvergence pessimism
                         -2.00    7.75   output external delay
                                  7.75   data required time
-----------------------------------------------------------------------------
                                  7.75   data required time
                                 -5.38   data arrival time
-----------------------------------------------------------------------------
                                  2.37   slack (MET)




===========================================================================
report_checks --slack_max -0.01
============================================================================
======================= Fastest Corner ===================================

No paths found.

======================= Slowest Corner ===================================

Startpoint: B[0] (input port clocked by __VIRTUAL_CLK__)
Endpoint: OUT[4] (output port clocked by __VIRTUAL_CLK__)
Path Group: __VIRTUAL_CLK__
Path Type: max
Corner: Slowest

Fanout     Cap    Slew   Delay    Time   Description
-----------------------------------------------------------------------------
                  0.00    0.00    0.00   clock __VIRTUAL_CLK__ (rise edge)
                          0.00    0.00   clock network delay (ideal)
                          2.00    2.00 ^ input external delay
     1    0.00    0.03    0.01    2.01 ^ B[0] (in)
                                         B[0] (net)
                  0.03    0.00    2.01 ^ input9/A (sky130_fd_sc_hd__dlymetal6s2s_1)
     4    0.03    0.46    0.45    2.46 ^ input9/X (sky130_fd_sc_hd__dlymetal6s2s_1)
                                         net9 (net)
                  0.46    0.00    2.46 ^ _184_/A (sky130_fd_sc_hd__buf_4)
    10    0.07    0.32    0.59    3.05 ^ _184_/X (sky130_fd_sc_hd__buf_4)
                                         _112_ (net)
                  0.32    0.00    3.05 ^ _185_/B2 (sky130_fd_sc_hd__a22oi_4)
     3    0.03    0.21    0.28    3.33 v _185_/Y (sky130_fd_sc_hd__a22oi_4)
                                         _113_ (net)
                  0.21    0.00    3.34 v _192_/C (sky130_fd_sc_hd__or3_1)
     2    0.02    0.28    1.01    4.35 v _192_/X (sky130_fd_sc_hd__or3_1)
                                         _120_ (net)
                  0.28    0.00    4.35 v _197_/A1 (sky130_fd_sc_hd__a21o_1)
     2    0.01    0.14    0.48    4.83 v _197_/X (sky130_fd_sc_hd__a21o_1)
                                         _125_ (net)
                  0.14    0.00    4.83 v _199_/A3 (sky130_fd_sc_hd__a31o_1)
     2    0.02    0.20    0.58    5.41 v _199_/X (sky130_fd_sc_hd__a31o_1)
                                         _127_ (net)
                  0.20    0.00    5.41 v _201_/B (sky130_fd_sc_hd__xor2_2)
     2    0.02    0.46    0.51    5.92 ^ _201_/X (sky130_fd_sc_hd__xor2_2)
                                         _129_ (net)
                  0.46    0.00    5.92 ^ _210_/A (sky130_fd_sc_hd__nand3_2)
     3    0.02    0.37    0.48    6.40 v _210_/Y (sky130_fd_sc_hd__nand3_2)
                                         _138_ (net)
                  0.37    0.00    6.40 v _345_/A1 (sky130_fd_sc_hd__a31o_1)
     1    0.01    0.15    0.57    6.97 v _345_/X (sky130_fd_sc_hd__a31o_1)
                                         _096_ (net)
                  0.15    0.00    6.97 v _346_/C (sky130_fd_sc_hd__or3_1)
     1    0.02    0.27    0.98    7.95 v _346_/X (sky130_fd_sc_hd__or3_1)
                                         _097_ (net)
                  0.27    0.00    7.95 v _347_/A (sky130_fd_sc_hd__clkbuf_1)
     1    0.01    0.08    0.29    8.24 v _347_/X (sky130_fd_sc_hd__clkbuf_1)
                                         net24 (net)
                  0.08    0.00    8.24 v output24/A (sky130_fd_sc_hd__buf_2)
     1    0.03    0.17    0.37    8.61 v output24/X (sky130_fd_sc_hd__buf_2)
                                         OUT[4] (net)
                  0.17    0.00    8.61 v OUT[4] (out)
                                  8.61   data arrival time

                  0.00   10.00   10.00   clock __VIRTUAL_CLK__ (rise edge)
                          0.00   10.00   clock network delay (ideal)
                         -0.25    9.75   clock uncertainty
                          0.00    9.75   clock reconvergence pessimism
                         -2.00    7.75   output external delay
                                  7.75   data required time
-----------------------------------------------------------------------------
                                  7.75   data required time
                                 -8.61   data arrival time
-----------------------------------------------------------------------------
                                 -0.86   slack (VIOLATED)



======================= Typical Corner ===================================

No paths found.


===========================================================================
 report_check_types -max_slew -max_cap -max_fanout -violators
============================================================================
======================= Fastest Corner ===================================


max slew violations count Fastest: 0
max fanout violations count Fastest: 0
max cap violations count Fastest: 0
======================= Slowest Corner ===================================

max slew

Pin                                    Limit    Slew   Slack
------------------------------------------------------------
_340_/B                                 0.75    0.78   -0.03 (VIOLATED)
_298_/B1                                0.75    0.78   -0.03 (VIOLATED)
_232_/B1                                0.75    0.78   -0.03 (VIOLATED)
_322_/B1                                0.75    0.78   -0.03 (VIOLATED)
_228_/Y                                 0.75    0.78   -0.03 (VIOLATED)
_309_/B1                                0.75    0.78   -0.03 (VIOLATED)
_332_/B1                                0.75    0.78   -0.03 (VIOLATED)
_216_/Y                                 0.75    0.75   -0.00 (VIOLATED)
_218_/A                                 0.75    0.75   -0.00 (VIOLATED)
_282_/B1                                0.75    0.75   -0.00 (VIOLATED)


max slew violations count Slowest: 10
max fanout violations count Slowest: 0
max cap violations count Slowest: 0
======================= Typical Corner ===================================


max slew violations count Typical: 0
max fanout violations count Typical: 0
max cap violations count Typical: 0

===========================================================================
report_parasitic_annotation -report_unannotated
============================================================================
Found 0 unannotated drivers.
Found 0 partially unannotated drivers.

===========================================================================
max slew violation count 10
max fanout violation count 0
max cap violation count 0
============================================================================

===========================================================================
check_setup -verbose -unconstrained_endpoints -multiple_clock -no_clock -no_input_delay -loops -generated_clocks
===========================================================================
