
===========================================================================
report_checks -path_delay min (Hold)
============================================================================
======================= Typical Corner ===================================

Startpoint: A[5] (input port clocked by __VIRTUAL_CLK__)
Endpoint: OUT[5] (output port clocked by __VIRTUAL_CLK__)
Path Group: __VIRTUAL_CLK__
Path Type: min

Fanout     Cap    Slew   Delay    Time   Description
-----------------------------------------------------------------------------
                  0.00    0.00    0.00   clock __VIRTUAL_CLK__ (rise edge)
                          0.00    0.00   clock network delay (ideal)
                          2.00    2.00 ^ input external delay
     1    0.00    0.02    0.01    2.01 ^ A[5] (in)
                                         A[5] (net)
                  0.02    0.00    2.01 ^ input6/A (sky130_fd_sc_hd__buf_2)
     6    0.02    0.13    0.15    2.16 ^ input6/X (sky130_fd_sc_hd__buf_2)
                                         net6 (net)
                  0.13    0.00    2.16 ^ _233_/A2 (sky130_fd_sc_hd__a311o_1)
     1    0.01    0.08    0.20    2.36 ^ _233_/X (sky130_fd_sc_hd__a311o_1)
                                         _161_ (net)
                  0.08    0.00    2.36 ^ _267_/B1 (sky130_fd_sc_hd__a211o_1)
     1    0.00    0.03    0.09    2.45 ^ _267_/X (sky130_fd_sc_hd__a211o_1)
                                         net25 (net)
                  0.03    0.00    2.45 ^ output25/A (sky130_fd_sc_hd__buf_2)
     1    0.04    0.18    0.19    2.64 ^ output25/X (sky130_fd_sc_hd__buf_2)
                                         OUT[5] (net)
                  0.18    0.00    2.64 ^ OUT[5] (out)
                                  2.64   data arrival time

                  0.00    0.00    0.00   clock __VIRTUAL_CLK__ (rise edge)
                          0.00    0.00   clock network delay (ideal)
                          0.25    0.25   clock uncertainty
                          0.00    0.25   clock reconvergence pessimism
                         -2.00   -1.75   output external delay
                                 -1.75   data required time
-----------------------------------------------------------------------------
                                 -1.75   data required time
                                 -2.64   data arrival time
-----------------------------------------------------------------------------
                                  4.39   slack (MET)


Startpoint: B[4] (input port clocked by __VIRTUAL_CLK__)
Endpoint: OUT[4] (output port clocked by __VIRTUAL_CLK__)
Path Group: __VIRTUAL_CLK__
Path Type: min

Fanout     Cap    Slew   Delay    Time   Description
-----------------------------------------------------------------------------
                  0.00    0.00    0.00   clock __VIRTUAL_CLK__ (rise edge)
                          0.00    0.00   clock network delay (ideal)
                          2.00    2.00 ^ input external delay
     1    0.00    0.02    0.01    2.01 ^ B[4] (in)
                                         B[4] (net)
                  0.02    0.00    2.01 ^ input13/A (sky130_fd_sc_hd__clkbuf_4)
     6    0.03    0.10    0.16    2.16 ^ input13/X (sky130_fd_sc_hd__clkbuf_4)
                                         net13 (net)
                  0.10    0.00    2.16 ^ _341_/A1 (sky130_fd_sc_hd__a31o_1)
     1    0.00    0.03    0.12    2.29 ^ _341_/X (sky130_fd_sc_hd__a31o_1)
                                         _092_ (net)
                  0.03    0.00    2.29 ^ _346_/B (sky130_fd_sc_hd__or3_1)
     1    0.00    0.03    0.08    2.37 ^ _346_/X (sky130_fd_sc_hd__or3_1)
                                         _097_ (net)
                  0.03    0.00    2.37 ^ _347_/A (sky130_fd_sc_hd__clkbuf_1)
     1    0.00    0.07    0.09    2.46 ^ _347_/X (sky130_fd_sc_hd__clkbuf_1)
                                         net24 (net)
                  0.07    0.00    2.46 ^ output24/A (sky130_fd_sc_hd__buf_2)
     1    0.03    0.17    0.19    2.65 ^ output24/X (sky130_fd_sc_hd__buf_2)
                                         OUT[4] (net)
                  0.17    0.00    2.65 ^ OUT[4] (out)
                                  2.65   data arrival time

                  0.00    0.00    0.00   clock __VIRTUAL_CLK__ (rise edge)
                          0.00    0.00   clock network delay (ideal)
                          0.25    0.25   clock uncertainty
                          0.00    0.25   clock reconvergence pessimism
                         -2.00   -1.75   output external delay
                                 -1.75   data required time
-----------------------------------------------------------------------------
                                 -1.75   data required time
                                 -2.65   data arrival time
-----------------------------------------------------------------------------
                                  4.40   slack (MET)


Startpoint: B[0] (input port clocked by __VIRTUAL_CLK__)
Endpoint: OUT[0] (output port clocked by __VIRTUAL_CLK__)
Path Group: __VIRTUAL_CLK__
Path Type: min

Fanout     Cap    Slew   Delay    Time   Description
-----------------------------------------------------------------------------
                  0.00    0.00    0.00   clock __VIRTUAL_CLK__ (rise edge)
                          0.00    0.00   clock network delay (ideal)
                          2.00    2.00 v input external delay
     1    0.00    0.01    0.00    2.00 v B[0] (in)
                                         B[0] (net)
                  0.01    0.00    2.00 v input9/A (sky130_fd_sc_hd__dlymetal6s2s_1)
     4    0.01    0.06    0.13    2.13 v input9/X (sky130_fd_sc_hd__dlymetal6s2s_1)
                                         net9 (net)
                  0.06    0.00    2.13 v _184_/A (sky130_fd_sc_hd__buf_4)
    10    0.03    0.05    0.16    2.29 v _184_/X (sky130_fd_sc_hd__buf_4)
                                         _112_ (net)
                  0.05    0.00    2.29 v _307_/A1 (sky130_fd_sc_hd__a31o_1)
     1    0.01    0.07    0.20    2.49 v _307_/X (sky130_fd_sc_hd__a31o_1)
                                         net20 (net)
                  0.07    0.00    2.49 v output20/A (sky130_fd_sc_hd__buf_2)
     1    0.04    0.09    0.18    2.68 v output20/X (sky130_fd_sc_hd__buf_2)
                                         OUT[0] (net)
                  0.09    0.00    2.68 v OUT[0] (out)
                                  2.68   data arrival time

                  0.00    0.00    0.00   clock __VIRTUAL_CLK__ (rise edge)
                          0.00    0.00   clock network delay (ideal)
                          0.25    0.25   clock uncertainty
                          0.00    0.25   clock reconvergence pessimism
                         -2.00   -1.75   output external delay
                                 -1.75   data required time
-----------------------------------------------------------------------------
                                 -1.75   data required time
                                 -2.68   data arrival time
-----------------------------------------------------------------------------
                                  4.43   slack (MET)


Startpoint: A[6] (input port clocked by __VIRTUAL_CLK__)
Endpoint: OUT[6] (output port clocked by __VIRTUAL_CLK__)
Path Group: __VIRTUAL_CLK__
Path Type: min

Fanout     Cap    Slew   Delay    Time   Description
-----------------------------------------------------------------------------
                  0.00    0.00    0.00   clock __VIRTUAL_CLK__ (rise edge)
                          0.00    0.00   clock network delay (ideal)
                          2.00    2.00 v input external delay
     1    0.00    0.01    0.01    2.01 v A[6] (in)
                                         A[6] (net)
                  0.01    0.00    2.01 v input7/A (sky130_fd_sc_hd__buf_2)
     5    0.03    0.07    0.14    2.15 v input7/X (sky130_fd_sc_hd__buf_2)
                                         net7 (net)
                  0.07    0.00    2.15 v _289_/A1 (sky130_fd_sc_hd__o211ai_2)
     1    0.00    0.04    0.15    2.30 ^ _289_/Y (sky130_fd_sc_hd__o211ai_2)
                                         _046_ (net)
                  0.04    0.00    2.30 ^ _290_/B1 (sky130_fd_sc_hd__a31o_1)
     1    0.01    0.06    0.10    2.40 ^ _290_/X (sky130_fd_sc_hd__a31o_1)
                                         _047_ (net)
                  0.06    0.00    2.40 ^ _291_/B1 (sky130_fd_sc_hd__a21o_1)
     1    0.01    0.07    0.10    2.50 ^ _291_/X (sky130_fd_sc_hd__a21o_1)
                                         net26 (net)
                  0.07    0.00    2.50 ^ output26/A (sky130_fd_sc_hd__buf_2)
     1    0.03    0.17    0.20    2.70 ^ output26/X (sky130_fd_sc_hd__buf_2)
                                         OUT[6] (net)
                  0.17    0.00    2.70 ^ OUT[6] (out)
                                  2.70   data arrival time

                  0.00    0.00    0.00   clock __VIRTUAL_CLK__ (rise edge)
                          0.00    0.00   clock network delay (ideal)
                          0.25    0.25   clock uncertainty
                          0.00    0.25   clock reconvergence pessimism
                         -2.00   -1.75   output external delay
                                 -1.75   data required time
-----------------------------------------------------------------------------
                                 -1.75   data required time
                                 -2.70   data arrival time
-----------------------------------------------------------------------------
                                  4.45   slack (MET)


Startpoint: OPCODE[2] (input port clocked by __VIRTUAL_CLK__)
Endpoint: OUT[7] (output port clocked by __VIRTUAL_CLK__)
Path Group: __VIRTUAL_CLK__
Path Type: min

Fanout     Cap    Slew   Delay    Time   Description
-----------------------------------------------------------------------------
                  0.00    0.00    0.00   clock __VIRTUAL_CLK__ (rise edge)
                          0.00    0.00   clock network delay (ideal)
                          2.00    2.00 v input external delay
     1    0.00    0.01    0.00    2.00 v OPCODE[2] (in)
                                         OPCODE[2] (net)
                  0.01    0.00    2.00 v input19/A (sky130_fd_sc_hd__clkbuf_4)
     6    0.02    0.06    0.14    2.15 v input19/X (sky130_fd_sc_hd__clkbuf_4)
                                         net19 (net)
                  0.06    0.00    2.15 v _265_/A (sky130_fd_sc_hd__and3_2)
     7    0.03    0.09    0.23    2.37 v _265_/X (sky130_fd_sc_hd__and3_2)
                                         _023_ (net)
                  0.09    0.00    2.38 v _302_/A1 (sky130_fd_sc_hd__a31o_1)
     1    0.00    0.03    0.17    2.55 v _302_/X (sky130_fd_sc_hd__a31o_1)
                                         net27 (net)
                  0.03    0.00    2.55 v output27/A (sky130_fd_sc_hd__buf_2)
     1    0.03    0.09    0.16    2.71 v output27/X (sky130_fd_sc_hd__buf_2)
                                         OUT[7] (net)
                  0.09    0.00    2.71 v OUT[7] (out)
                                  2.71   data arrival time

                  0.00    0.00    0.00   clock __VIRTUAL_CLK__ (rise edge)
                          0.00    0.00   clock network delay (ideal)
                          0.25    0.25   clock uncertainty
                          0.00    0.25   clock reconvergence pessimism
                         -2.00   -1.75   output external delay
                                 -1.75   data required time
-----------------------------------------------------------------------------
                                 -1.75   data required time
                                 -2.71   data arrival time
-----------------------------------------------------------------------------
                                  4.46   slack (MET)


Startpoint: OPCODE[2] (input port clocked by __VIRTUAL_CLK__)
Endpoint: OUT[2] (output port clocked by __VIRTUAL_CLK__)
Path Group: __VIRTUAL_CLK__
Path Type: min

Fanout     Cap    Slew   Delay    Time   Description
-----------------------------------------------------------------------------
                  0.00    0.00    0.00   clock __VIRTUAL_CLK__ (rise edge)
                          0.00    0.00   clock network delay (ideal)
                          2.00    2.00 v input external delay
     1    0.00    0.01    0.00    2.00 v OPCODE[2] (in)
                                         OPCODE[2] (net)
                  0.01    0.00    2.00 v input19/A (sky130_fd_sc_hd__clkbuf_4)
     6    0.02    0.06    0.14    2.15 v input19/X (sky130_fd_sc_hd__clkbuf_4)
                                         net19 (net)
                  0.06    0.00    2.15 v _170_/A (sky130_fd_sc_hd__inv_2)
     2    0.01    0.07    0.08    2.22 ^ _170_/Y (sky130_fd_sc_hd__inv_2)
                                         _098_ (net)
                  0.07    0.00    2.22 ^ _172_/A (sky130_fd_sc_hd__nor2_4)
     8    0.04    0.05    0.06    2.29 v _172_/Y (sky130_fd_sc_hd__nor2_4)
                                         _100_ (net)
                  0.05    0.00    2.29 v _320_/B1 (sky130_fd_sc_hd__o21ai_1)
     1    0.00    0.07    0.07    2.35 ^ _320_/Y (sky130_fd_sc_hd__o21ai_1)
                                         _073_ (net)
                  0.07    0.00    2.35 ^ _325_/A2 (sky130_fd_sc_hd__o21bai_1)
     1    0.00    0.03    0.06    2.41 v _325_/Y (sky130_fd_sc_hd__o21bai_1)
                                         _078_ (net)
                  0.03    0.00    2.41 v _326_/B1 (sky130_fd_sc_hd__a31o_1)
     1    0.01    0.06    0.19    2.60 v _326_/X (sky130_fd_sc_hd__a31o_1)
                                         net22 (net)
                  0.06    0.00    2.60 v output22/A (sky130_fd_sc_hd__buf_2)
     1    0.04    0.09    0.18    2.79 v output22/X (sky130_fd_sc_hd__buf_2)
                                         OUT[2] (net)
                  0.09    0.00    2.79 v OUT[2] (out)
                                  2.79   data arrival time

                  0.00    0.00    0.00   clock __VIRTUAL_CLK__ (rise edge)
                          0.00    0.00   clock network delay (ideal)
                          0.25    0.25   clock uncertainty
                          0.00    0.25   clock reconvergence pessimism
                         -2.00   -1.75   output external delay
                                 -1.75   data required time
-----------------------------------------------------------------------------
                                 -1.75   data required time
                                 -2.79   data arrival time
-----------------------------------------------------------------------------
                                  4.54   slack (MET)


Startpoint: B[1] (input port clocked by __VIRTUAL_CLK__)
Endpoint: OUT[1] (output port clocked by __VIRTUAL_CLK__)
Path Group: __VIRTUAL_CLK__
Path Type: min

Fanout     Cap    Slew   Delay    Time   Description
-----------------------------------------------------------------------------
                  0.00    0.00    0.00   clock __VIRTUAL_CLK__ (rise edge)
                          0.00    0.00   clock network delay (ideal)
                          2.00    2.00 ^ input external delay
     1    0.00    0.02    0.01    2.01 ^ B[1] (in)
                                         B[1] (net)
                  0.02    0.00    2.01 ^ input10/A (sky130_fd_sc_hd__clkbuf_2)
     5    0.01    0.07    0.11    2.12 ^ input10/X (sky130_fd_sc_hd__clkbuf_2)
                                         net10 (net)
                  0.07    0.00    2.12 ^ _175_/A (sky130_fd_sc_hd__buf_4)
    10    0.03    0.10    0.15    2.27 ^ _175_/X (sky130_fd_sc_hd__buf_4)
                                         _103_ (net)
                  0.10    0.00    2.27 ^ _309_/A2 (sky130_fd_sc_hd__o22a_1)
     1    0.01    0.07    0.15    2.42 ^ _309_/X (sky130_fd_sc_hd__o22a_1)
                                         _063_ (net)
                  0.07    0.00    2.42 ^ _317_/A (sky130_fd_sc_hd__or4b_1)
     1    0.00    0.05    0.11    2.52 ^ _317_/X (sky130_fd_sc_hd__or4b_1)
                                         _071_ (net)
                  0.05    0.00    2.52 ^ _318_/A (sky130_fd_sc_hd__clkbuf_1)
     1    0.01    0.08    0.10    2.62 ^ _318_/X (sky130_fd_sc_hd__clkbuf_1)
                                         net21 (net)
                  0.08    0.00    2.62 ^ output21/A (sky130_fd_sc_hd__buf_2)
     1    0.03    0.17    0.20    2.82 ^ output21/X (sky130_fd_sc_hd__buf_2)
                                         OUT[1] (net)
                  0.17    0.00    2.82 ^ OUT[1] (out)
                                  2.82   data arrival time

                  0.00    0.00    0.00   clock __VIRTUAL_CLK__ (rise edge)
                          0.00    0.00   clock network delay (ideal)
                          0.25    0.25   clock uncertainty
                          0.00    0.25   clock reconvergence pessimism
                         -2.00   -1.75   output external delay
                                 -1.75   data required time
-----------------------------------------------------------------------------
                                 -1.75   data required time
                                 -2.82   data arrival time
-----------------------------------------------------------------------------
                                  4.57   slack (MET)


Startpoint: B[3] (input port clocked by __VIRTUAL_CLK__)
Endpoint: OUT[3] (output port clocked by __VIRTUAL_CLK__)
Path Group: __VIRTUAL_CLK__
Path Type: min

Fanout     Cap    Slew   Delay    Time   Description
-----------------------------------------------------------------------------
                  0.00    0.00    0.00   clock __VIRTUAL_CLK__ (rise edge)
                          0.00    0.00   clock network delay (ideal)
                          2.00    2.00 ^ input external delay
     1    0.00    0.02    0.01    2.01 ^ B[3] (in)
                                         B[3] (net)
                  0.02    0.00    2.01 ^ input12/A (sky130_fd_sc_hd__clkbuf_2)
     3    0.01    0.08    0.12    2.13 ^ input12/X (sky130_fd_sc_hd__clkbuf_2)
                                         net12 (net)
                  0.08    0.00    2.13 ^ _191_/A (sky130_fd_sc_hd__clkbuf_4)
    10    0.03    0.10    0.18    2.31 ^ _191_/X (sky130_fd_sc_hd__clkbuf_4)
                                         _119_ (net)
                  0.10    0.00    2.31 ^ _334_/A1 (sky130_fd_sc_hd__a311o_1)
     1    0.00    0.04    0.15    2.46 ^ _334_/X (sky130_fd_sc_hd__a311o_1)
                                         _086_ (net)
                  0.04    0.00    2.46 ^ _335_/C1 (sky130_fd_sc_hd__a221o_1)
     1    0.01    0.12    0.15    2.61 ^ _335_/X (sky130_fd_sc_hd__a221o_1)
                                         net23 (net)
                  0.12    0.00    2.61 ^ output23/A (sky130_fd_sc_hd__buf_2)
     1    0.03    0.17    0.22    2.83 ^ output23/X (sky130_fd_sc_hd__buf_2)
                                         OUT[3] (net)
                  0.17    0.00    2.83 ^ OUT[3] (out)
                                  2.83   data arrival time

                  0.00    0.00    0.00   clock __VIRTUAL_CLK__ (rise edge)
                          0.00    0.00   clock network delay (ideal)
                          0.25    0.25   clock uncertainty
                          0.00    0.25   clock reconvergence pessimism
                         -2.00   -1.75   output external delay
                                 -1.75   data required time
-----------------------------------------------------------------------------
                                 -1.75   data required time
                                 -2.83   data arrival time
-----------------------------------------------------------------------------
                                  4.58   slack (MET)



worst slack corner Typical: 4.3896
