
===========================================================================
report_checks -path_delay max (Setup)
============================================================================
======================= Typical Corner ===================================

Startpoint: OPCODE[0] (input port clocked by __VIRTUAL_CLK__)
Endpoint: OUT[6] (output port clocked by __VIRTUAL_CLK__)
Path Group: __VIRTUAL_CLK__
Path Type: max

Fanout     Cap    Slew   Delay    Time   Description
-----------------------------------------------------------------------------
                  0.00    0.00    0.00   clock __VIRTUAL_CLK__ (rise edge)
                          0.00    0.00   clock network delay (ideal)
                          2.00    2.00 v input external delay
     1    0.00    0.01    0.01    2.01 v OPCODE[0] (in)
                                         OPCODE[0] (net)
                  0.01    0.00    2.01 v input17/A (sky130_fd_sc_hd__clkbuf_2)
     5    0.02    0.10    0.15    2.16 v input17/X (sky130_fd_sc_hd__clkbuf_2)
                                         net17 (net)
                  0.10    0.00    2.16 v _235_/A_N (sky130_fd_sc_hd__nand3b_4)
     7    0.03    0.11    0.23    2.39 v _235_/Y (sky130_fd_sc_hd__nand3b_4)
                                         _163_ (net)
                  0.11    0.00    2.39 v rebuffer1/A (sky130_fd_sc_hd__dlygate4sd1_1)
     2    0.01    0.05    0.29    2.68 v rebuffer1/X (sky130_fd_sc_hd__dlygate4sd1_1)
                                         net28 (net)
                  0.05    0.00    2.68 v rebuffer2/A (sky130_fd_sc_hd__dlygate4sd1_1)
     2    0.01    0.05    0.26    2.94 v rebuffer2/X (sky130_fd_sc_hd__dlygate4sd1_1)
                                         net29 (net)
                  0.05    0.00    2.94 v _251_/B1 (sky130_fd_sc_hd__o21a_1)
     1    0.01    0.06    0.13    3.08 v _251_/X (sky130_fd_sc_hd__o21a_1)
                                         _009_ (net)
                  0.06    0.00    3.08 v _252_/B (sky130_fd_sc_hd__xnor2_2)
     2    0.01    0.18    0.18    3.26 ^ _252_/Y (sky130_fd_sc_hd__xnor2_2)
                                         _010_ (net)
                  0.18    0.00    3.26 ^ _253_/B (sky130_fd_sc_hd__nand2_2)
     3    0.02    0.09    0.12    3.38 v _253_/Y (sky130_fd_sc_hd__nand2_2)
                                         _011_ (net)
                  0.09    0.00    3.38 v _257_/A3 (sky130_fd_sc_hd__a311o_4)
     5    0.02    0.08    0.46    3.85 v _257_/X (sky130_fd_sc_hd__a311o_4)
                                         _015_ (net)
                  0.08    0.00    3.85 v _276_/A3 (sky130_fd_sc_hd__a311oi_4)
     3    0.01    0.23    0.32    4.17 ^ _276_/Y (sky130_fd_sc_hd__a311oi_4)
                                         _033_ (net)
                  0.23    0.00    4.17 ^ _277_/A_N (sky130_fd_sc_hd__and2b_1)
     1    0.00    0.03    0.22    4.39 v _277_/X (sky130_fd_sc_hd__and2b_1)
                                         _034_ (net)
                  0.03    0.00    4.39 v _291_/A2 (sky130_fd_sc_hd__a21o_1)
     1    0.01    0.05    0.20    4.58 v _291_/X (sky130_fd_sc_hd__a21o_1)
                                         net26 (net)
                  0.05    0.00    4.58 v output26/A (sky130_fd_sc_hd__buf_2)
     1    0.03    0.09    0.19    4.78 v output26/X (sky130_fd_sc_hd__buf_2)
                                         OUT[6] (net)
                  0.09    0.00    4.78 v OUT[6] (out)
                                  4.78   data arrival time

                  0.00   10.00   10.00   clock __VIRTUAL_CLK__ (rise edge)
                          0.00   10.00   clock network delay (ideal)
                         -0.25    9.75   clock uncertainty
                          0.00    9.75   clock reconvergence pessimism
                         -2.00    7.75   output external delay
                                  7.75   data required time
-----------------------------------------------------------------------------
                                  7.75   data required time
                                 -4.78   data arrival time
-----------------------------------------------------------------------------
                                  2.97   slack (MET)


Startpoint: OPCODE[0] (input port clocked by __VIRTUAL_CLK__)
Endpoint: OUT[7] (output port clocked by __VIRTUAL_CLK__)
Path Group: __VIRTUAL_CLK__
Path Type: max

Fanout     Cap    Slew   Delay    Time   Description
-----------------------------------------------------------------------------
                  0.00    0.00    0.00   clock __VIRTUAL_CLK__ (rise edge)
                          0.00    0.00   clock network delay (ideal)
                          2.00    2.00 v input external delay
     1    0.00    0.01    0.01    2.01 v OPCODE[0] (in)
                                         OPCODE[0] (net)
                  0.01    0.00    2.01 v input17/A (sky130_fd_sc_hd__clkbuf_2)
     5    0.02    0.10    0.15    2.16 v input17/X (sky130_fd_sc_hd__clkbuf_2)
                                         net17 (net)
                  0.10    0.00    2.16 v _235_/A_N (sky130_fd_sc_hd__nand3b_4)
     7    0.03    0.11    0.23    2.39 v _235_/Y (sky130_fd_sc_hd__nand3b_4)
                                         _163_ (net)
                  0.11    0.00    2.39 v rebuffer1/A (sky130_fd_sc_hd__dlygate4sd1_1)
     2    0.01    0.05    0.29    2.68 v rebuffer1/X (sky130_fd_sc_hd__dlygate4sd1_1)
                                         net28 (net)
                  0.05    0.00    2.68 v rebuffer2/A (sky130_fd_sc_hd__dlygate4sd1_1)
     2    0.01    0.05    0.26    2.94 v rebuffer2/X (sky130_fd_sc_hd__dlygate4sd1_1)
                                         net29 (net)
                  0.05    0.00    2.94 v _251_/B1 (sky130_fd_sc_hd__o21a_1)
     1    0.01    0.06    0.13    3.08 v _251_/X (sky130_fd_sc_hd__o21a_1)
                                         _009_ (net)
                  0.06    0.00    3.08 v _252_/B (sky130_fd_sc_hd__xnor2_2)
     2    0.01    0.18    0.18    3.26 ^ _252_/Y (sky130_fd_sc_hd__xnor2_2)
                                         _010_ (net)
                  0.18    0.00    3.26 ^ _253_/B (sky130_fd_sc_hd__nand2_2)
     3    0.02    0.09    0.12    3.38 v _253_/Y (sky130_fd_sc_hd__nand2_2)
                                         _011_ (net)
                  0.09    0.00    3.38 v _257_/A3 (sky130_fd_sc_hd__a311o_4)
     5    0.02    0.08    0.46    3.85 v _257_/X (sky130_fd_sc_hd__a311o_4)
                                         _015_ (net)
                  0.08    0.00    3.85 v _276_/A3 (sky130_fd_sc_hd__a311oi_4)
     3    0.01    0.23    0.32    4.17 ^ _276_/Y (sky130_fd_sc_hd__a311oi_4)
                                         _033_ (net)
                  0.23    0.00    4.17 ^ _295_/A2 (sky130_fd_sc_hd__o21ai_1)
     1    0.01    0.09    0.13    4.30 v _295_/Y (sky130_fd_sc_hd__o21ai_1)
                                         _051_ (net)
                  0.09    0.00    4.30 v _302_/A2 (sky130_fd_sc_hd__a31o_1)
     1    0.00    0.03    0.22    4.52 v _302_/X (sky130_fd_sc_hd__a31o_1)
                                         net27 (net)
                  0.03    0.00    4.52 v output27/A (sky130_fd_sc_hd__buf_2)
     1    0.03    0.09    0.18    4.70 v output27/X (sky130_fd_sc_hd__buf_2)
                                         OUT[7] (net)
                  0.09    0.00    4.70 v OUT[7] (out)
                                  4.70   data arrival time

                  0.00   10.00   10.00   clock __VIRTUAL_CLK__ (rise edge)
                          0.00   10.00   clock network delay (ideal)
                         -0.25    9.75   clock uncertainty
                          0.00    9.75   clock reconvergence pessimism
                         -2.00    7.75   output external delay
                                  7.75   data required time
-----------------------------------------------------------------------------
                                  7.75   data required time
                                 -4.70   data arrival time
-----------------------------------------------------------------------------
                                  3.05   slack (MET)


Startpoint: OPCODE[0] (input port clocked by __VIRTUAL_CLK__)
Endpoint: OUT[4] (output port clocked by __VIRTUAL_CLK__)
Path Group: __VIRTUAL_CLK__
Path Type: max

Fanout     Cap    Slew   Delay    Time   Description
-----------------------------------------------------------------------------
                  0.00    0.00    0.00   clock __VIRTUAL_CLK__ (rise edge)
                          0.00    0.00   clock network delay (ideal)
                          2.00    2.00 v input external delay
     1    0.00    0.01    0.01    2.01 v OPCODE[0] (in)
                                         OPCODE[0] (net)
                  0.01    0.00    2.01 v input17/A (sky130_fd_sc_hd__clkbuf_2)
     5    0.02    0.10    0.15    2.16 v input17/X (sky130_fd_sc_hd__clkbuf_2)
                                         net17 (net)
                  0.10    0.00    2.16 v _235_/A_N (sky130_fd_sc_hd__nand3b_4)
     7    0.03    0.11    0.23    2.39 v _235_/Y (sky130_fd_sc_hd__nand3b_4)
                                         _163_ (net)
                  0.11    0.00    2.39 v rebuffer1/A (sky130_fd_sc_hd__dlygate4sd1_1)
     2    0.01    0.05    0.29    2.68 v rebuffer1/X (sky130_fd_sc_hd__dlygate4sd1_1)
                                         net28 (net)
                  0.05    0.00    2.68 v rebuffer2/A (sky130_fd_sc_hd__dlygate4sd1_1)
     2    0.01    0.05    0.26    2.94 v rebuffer2/X (sky130_fd_sc_hd__dlygate4sd1_1)
                                         net29 (net)
                  0.05    0.00    2.94 v _251_/B1 (sky130_fd_sc_hd__o21a_1)
     1    0.01    0.06    0.13    3.08 v _251_/X (sky130_fd_sc_hd__o21a_1)
                                         _009_ (net)
                  0.06    0.00    3.08 v _252_/B (sky130_fd_sc_hd__xnor2_2)
     2    0.01    0.18    0.18    3.26 ^ _252_/Y (sky130_fd_sc_hd__xnor2_2)
                                         _010_ (net)
                  0.18    0.00    3.26 ^ _253_/B (sky130_fd_sc_hd__nand2_2)
     3    0.02    0.09    0.12    3.38 v _253_/Y (sky130_fd_sc_hd__nand2_2)
                                         _011_ (net)
                  0.09    0.00    3.38 v _257_/A3 (sky130_fd_sc_hd__a311o_4)
     5    0.02    0.08    0.46    3.85 v _257_/X (sky130_fd_sc_hd__a311o_4)
                                         _015_ (net)
                  0.08    0.00    3.85 v _338_/A (sky130_fd_sc_hd__and3_1)
     1    0.00    0.04    0.16    4.01 v _338_/X (sky130_fd_sc_hd__and3_1)
                                         _089_ (net)
                  0.04    0.00    4.01 v _346_/A (sky130_fd_sc_hd__or3_1)
     1    0.00    0.06    0.37    4.37 v _346_/X (sky130_fd_sc_hd__or3_1)
                                         _097_ (net)
                  0.06    0.00    4.37 v _347_/A (sky130_fd_sc_hd__clkbuf_1)
     1    0.00    0.04    0.11    4.48 v _347_/X (sky130_fd_sc_hd__clkbuf_1)
                                         net24 (net)
                  0.04    0.00    4.48 v output24/A (sky130_fd_sc_hd__buf_2)
     1    0.03    0.09    0.18    4.67 v output24/X (sky130_fd_sc_hd__buf_2)
                                         OUT[4] (net)
                  0.09    0.00    4.67 v OUT[4] (out)
                                  4.67   data arrival time

                  0.00   10.00   10.00   clock __VIRTUAL_CLK__ (rise edge)
                          0.00   10.00   clock network delay (ideal)
                         -0.25    9.75   clock uncertainty
                          0.00    9.75   clock reconvergence pessimism
                         -2.00    7.75   output external delay
                                  7.75   data required time
-----------------------------------------------------------------------------
                                  7.75   data required time
                                 -4.67   data arrival time
-----------------------------------------------------------------------------
                                  3.08   slack (MET)


Startpoint: OPCODE[0] (input port clocked by __VIRTUAL_CLK__)
Endpoint: OUT[5] (output port clocked by __VIRTUAL_CLK__)
Path Group: __VIRTUAL_CLK__
Path Type: max

Fanout     Cap    Slew   Delay    Time   Description
-----------------------------------------------------------------------------
                  0.00    0.00    0.00   clock __VIRTUAL_CLK__ (rise edge)
                          0.00    0.00   clock network delay (ideal)
                          2.00    2.00 v input external delay
     1    0.00    0.01    0.01    2.01 v OPCODE[0] (in)
                                         OPCODE[0] (net)
                  0.01    0.00    2.01 v input17/A (sky130_fd_sc_hd__clkbuf_2)
     5    0.02    0.10    0.15    2.16 v input17/X (sky130_fd_sc_hd__clkbuf_2)
                                         net17 (net)
                  0.10    0.00    2.16 v _235_/A_N (sky130_fd_sc_hd__nand3b_4)
     7    0.03    0.11    0.23    2.39 v _235_/Y (sky130_fd_sc_hd__nand3b_4)
                                         _163_ (net)
                  0.11    0.00    2.39 v rebuffer1/A (sky130_fd_sc_hd__dlygate4sd1_1)
     2    0.01    0.05    0.29    2.68 v rebuffer1/X (sky130_fd_sc_hd__dlygate4sd1_1)
                                         net28 (net)
                  0.05    0.00    2.68 v rebuffer2/A (sky130_fd_sc_hd__dlygate4sd1_1)
     2    0.01    0.05    0.26    2.94 v rebuffer2/X (sky130_fd_sc_hd__dlygate4sd1_1)
                                         net29 (net)
                  0.05    0.00    2.94 v _251_/B1 (sky130_fd_sc_hd__o21a_1)
     1    0.01    0.06    0.13    3.08 v _251_/X (sky130_fd_sc_hd__o21a_1)
                                         _009_ (net)
                  0.06    0.00    3.08 v _252_/B (sky130_fd_sc_hd__xnor2_2)
     2    0.01    0.18    0.18    3.26 ^ _252_/Y (sky130_fd_sc_hd__xnor2_2)
                                         _010_ (net)
                  0.18    0.00    3.26 ^ _253_/B (sky130_fd_sc_hd__nand2_2)
     3    0.02    0.09    0.12    3.38 v _253_/Y (sky130_fd_sc_hd__nand2_2)
                                         _011_ (net)
                  0.09    0.00    3.38 v _257_/A3 (sky130_fd_sc_hd__a311o_4)
     5    0.02    0.08    0.46    3.85 v _257_/X (sky130_fd_sc_hd__a311o_4)
                                         _015_ (net)
                  0.08    0.00    3.85 v _263_/A2 (sky130_fd_sc_hd__a21o_1)
     1    0.00    0.03    0.18    4.03 v _263_/X (sky130_fd_sc_hd__a21o_1)
                                         _021_ (net)
                  0.03    0.00    4.03 v _266_/A (sky130_fd_sc_hd__and3_1)
     1    0.01    0.06    0.16    4.19 v _266_/X (sky130_fd_sc_hd__and3_1)
                                         _024_ (net)
                  0.06    0.00    4.19 v _267_/C1 (sky130_fd_sc_hd__a211o_1)
     1    0.00    0.04    0.23    4.42 v _267_/X (sky130_fd_sc_hd__a211o_1)
                                         net25 (net)
                  0.04    0.00    4.42 v output25/A (sky130_fd_sc_hd__buf_2)
     1    0.04    0.09    0.19    4.61 v output25/X (sky130_fd_sc_hd__buf_2)
                                         OUT[5] (net)
                  0.09    0.00    4.61 v OUT[5] (out)
                                  4.61   data arrival time

                  0.00   10.00   10.00   clock __VIRTUAL_CLK__ (rise edge)
                          0.00   10.00   clock network delay (ideal)
                         -0.25    9.75   clock uncertainty
                          0.00    9.75   clock reconvergence pessimism
                         -2.00    7.75   output external delay
                                  7.75   data required time
-----------------------------------------------------------------------------
                                  7.75   data required time
                                 -4.61   data arrival time
-----------------------------------------------------------------------------
                                  3.14   slack (MET)


Startpoint: OPCODE[0] (input port clocked by __VIRTUAL_CLK__)
Endpoint: OUT[3] (output port clocked by __VIRTUAL_CLK__)
Path Group: __VIRTUAL_CLK__
Path Type: max

Fanout     Cap    Slew   Delay    Time   Description
-----------------------------------------------------------------------------
                  0.00    0.00    0.00   clock __VIRTUAL_CLK__ (rise edge)
                          0.00    0.00   clock network delay (ideal)
                          2.00    2.00 v input external delay
     1    0.00    0.01    0.01    2.01 v OPCODE[0] (in)
                                         OPCODE[0] (net)
                  0.01    0.00    2.01 v input17/A (sky130_fd_sc_hd__clkbuf_2)
     5    0.02    0.10    0.15    2.16 v input17/X (sky130_fd_sc_hd__clkbuf_2)
                                         net17 (net)
                  0.10    0.00    2.16 v _235_/A_N (sky130_fd_sc_hd__nand3b_4)
     7    0.03    0.11    0.23    2.39 v _235_/Y (sky130_fd_sc_hd__nand3b_4)
                                         _163_ (net)
                  0.11    0.00    2.39 v rebuffer1/A (sky130_fd_sc_hd__dlygate4sd1_1)
     2    0.01    0.05    0.29    2.68 v rebuffer1/X (sky130_fd_sc_hd__dlygate4sd1_1)
                                         net28 (net)
                  0.05    0.00    2.68 v rebuffer2/A (sky130_fd_sc_hd__dlygate4sd1_1)
     2    0.01    0.05    0.26    2.94 v rebuffer2/X (sky130_fd_sc_hd__dlygate4sd1_1)
                                         net29 (net)
                  0.05    0.00    2.94 v _251_/B1 (sky130_fd_sc_hd__o21a_1)
     1    0.01    0.06    0.13    3.08 v _251_/X (sky130_fd_sc_hd__o21a_1)
                                         _009_ (net)
                  0.06    0.00    3.08 v _252_/B (sky130_fd_sc_hd__xnor2_2)
     2    0.01    0.07    0.15    3.23 v _252_/Y (sky130_fd_sc_hd__xnor2_2)
                                         _010_ (net)
                  0.07    0.00    3.23 v _253_/B (sky130_fd_sc_hd__nand2_2)
     3    0.02    0.11    0.13    3.36 ^ _253_/Y (sky130_fd_sc_hd__nand2_2)
                                         _011_ (net)
                  0.11    0.00    3.36 ^ _327_/B_N (sky130_fd_sc_hd__or2b_1)
     1    0.01    0.08    0.29    3.64 v _327_/X (sky130_fd_sc_hd__or2b_1)
                                         _079_ (net)
                  0.08    0.00    3.65 v _329_/A (sky130_fd_sc_hd__xnor2_1)
     1    0.01    0.07    0.17    3.81 v _329_/Y (sky130_fd_sc_hd__xnor2_1)
                                         _081_ (net)
                  0.07    0.00    3.81 v _335_/A2 (sky130_fd_sc_hd__a221o_1)
     1    0.01    0.10    0.42    4.24 v _335_/X (sky130_fd_sc_hd__a221o_1)
                                         net23 (net)
                  0.10    0.00    4.24 v output23/A (sky130_fd_sc_hd__buf_2)
     1    0.03    0.09    0.21    4.45 v output23/X (sky130_fd_sc_hd__buf_2)
                                         OUT[3] (net)
                  0.09    0.00    4.45 v OUT[3] (out)
                                  4.45   data arrival time

                  0.00   10.00   10.00   clock __VIRTUAL_CLK__ (rise edge)
                          0.00   10.00   clock network delay (ideal)
                         -0.25    9.75   clock uncertainty
                          0.00    9.75   clock reconvergence pessimism
                         -2.00    7.75   output external delay
                                  7.75   data required time
-----------------------------------------------------------------------------
                                  7.75   data required time
                                 -4.45   data arrival time
-----------------------------------------------------------------------------
                                  3.30   slack (MET)


Startpoint: OPCODE[0] (input port clocked by __VIRTUAL_CLK__)
Endpoint: OUT[1] (output port clocked by __VIRTUAL_CLK__)
Path Group: __VIRTUAL_CLK__
Path Type: max

Fanout     Cap    Slew   Delay    Time   Description
-----------------------------------------------------------------------------
                  0.00    0.00    0.00   clock __VIRTUAL_CLK__ (rise edge)
                          0.00    0.00   clock network delay (ideal)
                          2.00    2.00 v input external delay
     1    0.00    0.01    0.01    2.01 v OPCODE[0] (in)
                                         OPCODE[0] (net)
                  0.01    0.00    2.01 v input17/A (sky130_fd_sc_hd__clkbuf_2)
     5    0.02    0.10    0.15    2.16 v input17/X (sky130_fd_sc_hd__clkbuf_2)
                                         net17 (net)
                  0.10    0.00    2.16 v _235_/A_N (sky130_fd_sc_hd__nand3b_4)
     7    0.03    0.11    0.23    2.39 v _235_/Y (sky130_fd_sc_hd__nand3b_4)
                                         _163_ (net)
                  0.11    0.00    2.39 v _242_/C (sky130_fd_sc_hd__and3_1)
     2    0.00    0.05    0.22    2.62 v _242_/X (sky130_fd_sc_hd__and3_1)
                                         _000_ (net)
                  0.05    0.00    2.62 v _245_/B (sky130_fd_sc_hd__or3_4)
     2    0.01    0.08    0.40    3.02 v _245_/X (sky130_fd_sc_hd__or3_4)
                                         _003_ (net)
                  0.08    0.00    3.02 v _314_/B (sky130_fd_sc_hd__and2b_1)
     1    0.01    0.07    0.21    3.23 v _314_/X (sky130_fd_sc_hd__and2b_1)
                                         _068_ (net)
                  0.07    0.00    3.23 v _315_/A (sky130_fd_sc_hd__nor2_1)
     1    0.01    0.13    0.15    3.39 ^ _315_/Y (sky130_fd_sc_hd__nor2_1)
                                         _069_ (net)
                  0.13    0.00    3.39 ^ _316_/B (sky130_fd_sc_hd__or3b_1)
     1    0.00    0.03    0.12    3.51 ^ _316_/X (sky130_fd_sc_hd__or3b_1)
                                         _070_ (net)
                  0.03    0.00    3.51 ^ _317_/D_N (sky130_fd_sc_hd__or4b_1)
     1    0.00    0.09    0.45    3.96 v _317_/X (sky130_fd_sc_hd__or4b_1)
                                         _071_ (net)
                  0.09    0.00    3.96 v _318_/A (sky130_fd_sc_hd__clkbuf_1)
     1    0.01    0.04    0.13    4.08 v _318_/X (sky130_fd_sc_hd__clkbuf_1)
                                         net21 (net)
                  0.04    0.00    4.08 v output21/A (sky130_fd_sc_hd__buf_2)
     1    0.03    0.09    0.19    4.27 v output21/X (sky130_fd_sc_hd__buf_2)
                                         OUT[1] (net)
                  0.09    0.00    4.27 v OUT[1] (out)
                                  4.27   data arrival time

                  0.00   10.00   10.00   clock __VIRTUAL_CLK__ (rise edge)
                          0.00   10.00   clock network delay (ideal)
                         -0.25    9.75   clock uncertainty
                          0.00    9.75   clock reconvergence pessimism
                         -2.00    7.75   output external delay
                                  7.75   data required time
-----------------------------------------------------------------------------
                                  7.75   data required time
                                 -4.27   data arrival time
-----------------------------------------------------------------------------
                                  3.48   slack (MET)


Startpoint: OPCODE[0] (input port clocked by __VIRTUAL_CLK__)
Endpoint: OUT[2] (output port clocked by __VIRTUAL_CLK__)
Path Group: __VIRTUAL_CLK__
Path Type: max

Fanout     Cap    Slew   Delay    Time   Description
-----------------------------------------------------------------------------
                  0.00    0.00    0.00   clock __VIRTUAL_CLK__ (rise edge)
                          0.00    0.00   clock network delay (ideal)
                          2.00    2.00 ^ input external delay
     1    0.00    0.02    0.01    2.01 ^ OPCODE[0] (in)
                                         OPCODE[0] (net)
                  0.02    0.00    2.01 ^ input17/A (sky130_fd_sc_hd__clkbuf_2)
     5    0.03    0.14    0.18    2.19 ^ input17/X (sky130_fd_sc_hd__clkbuf_2)
                                         net17 (net)
                  0.14    0.00    2.19 ^ _235_/A_N (sky130_fd_sc_hd__nand3b_4)
     7    0.03    0.11    0.21    2.40 ^ _235_/Y (sky130_fd_sc_hd__nand3b_4)
                                         _163_ (net)
                  0.11    0.00    2.40 ^ rebuffer1/A (sky130_fd_sc_hd__dlygate4sd1_1)
     2    0.01    0.08    0.25    2.65 ^ rebuffer1/X (sky130_fd_sc_hd__dlygate4sd1_1)
                                         net28 (net)
                  0.08    0.00    2.65 ^ _239_/A1 (sky130_fd_sc_hd__a21oi_2)
     2    0.01    0.06    0.08    2.73 v _239_/Y (sky130_fd_sc_hd__a21oi_2)
                                         _167_ (net)
                  0.06    0.00    2.73 v _248_/B (sky130_fd_sc_hd__or3_1)
     1    0.00    0.06    0.34    3.07 v _248_/X (sky130_fd_sc_hd__or3_1)
                                         _006_ (net)
                  0.06    0.00    3.07 v _249_/B (sky130_fd_sc_hd__and2_2)
     2    0.01    0.05    0.22    3.29 v _249_/X (sky130_fd_sc_hd__and2_2)
                                         _007_ (net)
                  0.05    0.00    3.29 v _319_/A (sky130_fd_sc_hd__or3_1)
     1    0.01    0.09    0.42    3.71 v _319_/X (sky130_fd_sc_hd__or3_1)
                                         _072_ (net)
                  0.09    0.00    3.71 v _326_/A3 (sky130_fd_sc_hd__a31o_1)
     1    0.01    0.06    0.27    3.98 v _326_/X (sky130_fd_sc_hd__a31o_1)
                                         net22 (net)
                  0.06    0.00    3.98 v output22/A (sky130_fd_sc_hd__buf_2)
     1    0.04    0.09    0.20    4.19 v output22/X (sky130_fd_sc_hd__buf_2)
                                         OUT[2] (net)
                  0.09    0.00    4.19 v OUT[2] (out)
                                  4.19   data arrival time

                  0.00   10.00   10.00   clock __VIRTUAL_CLK__ (rise edge)
                          0.00   10.00   clock network delay (ideal)
                         -0.25    9.75   clock uncertainty
                          0.00    9.75   clock reconvergence pessimism
                         -2.00    7.75   output external delay
                                  7.75   data required time
-----------------------------------------------------------------------------
                                  7.75   data required time
                                 -4.19   data arrival time
-----------------------------------------------------------------------------
                                  3.56   slack (MET)


Startpoint: OPCODE[0] (input port clocked by __VIRTUAL_CLK__)
Endpoint: OUT[0] (output port clocked by __VIRTUAL_CLK__)
Path Group: __VIRTUAL_CLK__
Path Type: max

Fanout     Cap    Slew   Delay    Time   Description
-----------------------------------------------------------------------------
                  0.00    0.00    0.00   clock __VIRTUAL_CLK__ (rise edge)
                          0.00    0.00   clock network delay (ideal)
                          2.00    2.00 v input external delay
     1    0.00    0.01    0.01    2.01 v OPCODE[0] (in)
                                         OPCODE[0] (net)
                  0.01    0.00    2.01 v input17/A (sky130_fd_sc_hd__clkbuf_2)
     5    0.02    0.10    0.15    2.16 v input17/X (sky130_fd_sc_hd__clkbuf_2)
                                         net17 (net)
                  0.10    0.00    2.16 v _171_/A (sky130_fd_sc_hd__or2_2)
     4    0.02    0.11    0.40    2.56 v _171_/X (sky130_fd_sc_hd__or2_2)
                                         _099_ (net)
                  0.11    0.00    2.56 v _224_/B (sky130_fd_sc_hd__or2_1)
     1    0.00    0.05    0.24    2.80 v _224_/X (sky130_fd_sc_hd__or2_1)
                                         _152_ (net)
                  0.05    0.00    2.80 v _225_/A (sky130_fd_sc_hd__clkbuf_4)
     8    0.03    0.07    0.18    2.98 v _225_/X (sky130_fd_sc_hd__clkbuf_4)
                                         _153_ (net)
                  0.07    0.00    2.99 v _306_/A2 (sky130_fd_sc_hd__o21ai_1)
     1    0.01    0.17    0.18    3.17 ^ _306_/Y (sky130_fd_sc_hd__o21ai_1)
                                         _061_ (net)
                  0.17    0.00    3.17 ^ _307_/B1 (sky130_fd_sc_hd__a31o_1)
     1    0.01    0.11    0.18    3.35 ^ _307_/X (sky130_fd_sc_hd__a31o_1)
                                         net20 (net)
                  0.11    0.00    3.35 ^ output20/A (sky130_fd_sc_hd__buf_2)
     1    0.04    0.18    0.24    3.60 ^ output20/X (sky130_fd_sc_hd__buf_2)
                                         OUT[0] (net)
                  0.18    0.00    3.60 ^ OUT[0] (out)
                                  3.60   data arrival time

                  0.00   10.00   10.00   clock __VIRTUAL_CLK__ (rise edge)
                          0.00   10.00   clock network delay (ideal)
                         -0.25    9.75   clock uncertainty
                          0.00    9.75   clock reconvergence pessimism
                         -2.00    7.75   output external delay
                                  7.75   data required time
-----------------------------------------------------------------------------
                                  7.75   data required time
                                 -3.60   data arrival time
-----------------------------------------------------------------------------
                                  4.15   slack (MET)



worst slack corner Typical: 2.9719
