
===========================================================================
report_checks -unconstrained
===========================================================================
======================= Typical Corner ===================================

Startpoint: OPCODE[0] (input port clocked by __VIRTUAL_CLK__)
Endpoint: OUT[6] (output port clocked by __VIRTUAL_CLK__)
Path Group: __VIRTUAL_CLK__
Path Type: max

Fanout     Cap    Slew   Delay    Time   Description
-----------------------------------------------------------------------------
                  0.00    0.00    0.00   clock __VIRTUAL_CLK__ (rise edge)
                          0.00    0.00   clock network delay (ideal)
                          2.00    2.00 v input external delay
     1    0.00    0.01    0.01    2.01 v OPCODE[0] (in)
                                         OPCODE[0] (net)
                  0.01    0.00    2.01 v input17/A (sky130_fd_sc_hd__clkbuf_2)
     5    0.02    0.10    0.15    2.16 v input17/X (sky130_fd_sc_hd__clkbuf_2)
                                         net17 (net)
                  0.10    0.00    2.16 v _235_/A_N (sky130_fd_sc_hd__nand3b_4)
     7    0.03    0.11    0.23    2.39 v _235_/Y (sky130_fd_sc_hd__nand3b_4)
                                         _163_ (net)
                  0.11    0.00    2.39 v rebuffer1/A (sky130_fd_sc_hd__dlygate4sd1_1)
     2    0.01    0.05    0.29    2.68 v rebuffer1/X (sky130_fd_sc_hd__dlygate4sd1_1)
                                         net28 (net)
                  0.05    0.00    2.68 v rebuffer2/A (sky130_fd_sc_hd__dlygate4sd1_1)
     2    0.01    0.05    0.26    2.94 v rebuffer2/X (sky130_fd_sc_hd__dlygate4sd1_1)
                                         net29 (net)
                  0.05    0.00    2.94 v _251_/B1 (sky130_fd_sc_hd__o21a_1)
     1    0.01    0.06    0.13    3.08 v _251_/X (sky130_fd_sc_hd__o21a_1)
                                         _009_ (net)
                  0.06    0.00    3.08 v _252_/B (sky130_fd_sc_hd__xnor2_2)
     2    0.01    0.18    0.18    3.26 ^ _252_/Y (sky130_fd_sc_hd__xnor2_2)
                                         _010_ (net)
                  0.18    0.00    3.26 ^ _253_/B (sky130_fd_sc_hd__nand2_2)
     3    0.02    0.09    0.12    3.38 v _253_/Y (sky130_fd_sc_hd__nand2_2)
                                         _011_ (net)
                  0.09    0.00    3.38 v _257_/A3 (sky130_fd_sc_hd__a311o_4)
     5    0.02    0.08    0.46    3.85 v _257_/X (sky130_fd_sc_hd__a311o_4)
                                         _015_ (net)
                  0.08    0.00    3.85 v _276_/A3 (sky130_fd_sc_hd__a311oi_4)
     3    0.01    0.23    0.32    4.17 ^ _276_/Y (sky130_fd_sc_hd__a311oi_4)
                                         _033_ (net)
                  0.23    0.00    4.17 ^ _277_/A_N (sky130_fd_sc_hd__and2b_1)
     1    0.00    0.03    0.22    4.39 v _277_/X (sky130_fd_sc_hd__and2b_1)
                                         _034_ (net)
                  0.03    0.00    4.39 v _291_/A2 (sky130_fd_sc_hd__a21o_1)
     1    0.01    0.05    0.20    4.58 v _291_/X (sky130_fd_sc_hd__a21o_1)
                                         net26 (net)
                  0.05    0.00    4.58 v output26/A (sky130_fd_sc_hd__buf_2)
     1    0.03    0.09    0.19    4.78 v output26/X (sky130_fd_sc_hd__buf_2)
                                         OUT[6] (net)
                  0.09    0.00    4.78 v OUT[6] (out)
                                  4.78   data arrival time

                  0.00   10.00   10.00   clock __VIRTUAL_CLK__ (rise edge)
                          0.00   10.00   clock network delay (ideal)
                         -0.25    9.75   clock uncertainty
                          0.00    9.75   clock reconvergence pessimism
                         -2.00    7.75   output external delay
                                  7.75   data required time
-----------------------------------------------------------------------------
                                  7.75   data required time
                                 -4.78   data arrival time
-----------------------------------------------------------------------------
                                  2.97   slack (MET)




===========================================================================
report_checks --slack_max -0.01
============================================================================
======================= Typical Corner ===================================

No paths found.


===========================================================================
 report_check_types -max_slew -max_cap -max_fanout -violators
============================================================================
======================= Typical Corner ===================================


max slew violations count Typical: 0
max fanout violations count Typical: 0
max cap violations count Typical: 0

===========================================================================
report_parasitic_annotation -report_unannotated
============================================================================
Found 0 unannotated drivers.
Found 125 partially unannotated drivers.
 B[0]
 B[1]
 B[4]
 _170_/Y
 _173_/X
 _174_/Y
 _175_/X
 _176_/X
 _178_/X
 _179_/X
 _180_/Y
 _181_/X
 _182_/Y
 _184_/X
 _185_/Y
 _186_/X
 _187_/Y
 _189_/Y
 _190_/X
 _191_/X
 _192_/X
 _194_/X
 _195_/X
 _196_/X
 _197_/X
 _198_/X
 _200_/Y
 _201_/X
 _202_/Y
 _203_/X
 _204_/Y
 _206_/X
 _207_/Y
 _210_/Y
 _211_/X
 _212_/X
 _213_/X
 _214_/Y
 _215_/Y
 _216_/Y
 _218_/X
 _220_/X
 _222_/Y
 _223_/Y
 _225_/X
 _226_/Y
 _227_/Y
 _228_/Y
 _230_/X
 _231_/Y
 _233_/X
 _234_/X
 _236_/X
 _237_/Y
 _239_/Y
 _240_/X
 _241_/Y
 _242_/X
 _243_/Y
 _244_/X
 _247_/X
 _248_/X
 _249_/X
 _250_/Y
 _251_/X
 _252_/Y
 _257_/X
 _259_/Y
 _260_/X
 _261_/Y
 _263_/X
 _264_/Y
 _266_/X
 _267_/X
 _269_/Y
 _271_/Y
 _272_/X
 _273_/Y
 _275_/Y
 _276_/Y
 _277_/X
 _281_/Y
 _282_/X
 _284_/Y
 _285_/Y
 _286_/Y
 _288_/X
 _289_/Y
 _290_/X
 _291_/X
 _292_/Y
 _294_/X
 _296_/X
 _298_/X
 _301_/X
 _302_/X
 _303_/X
 _309_/X
 _311_/X
 _316_/X
 _320_/Y
 _321_/Y
 _322_/X
 _333_/Y
 _334_/X
 _337_/Y
 _339_/Y
 _341_/X
 _342_/X
 _344_/Y
 _345_/X
 _346_/X
 input10/X
 input11/X
 input12/X
 input13/X
 input14/X
 input15/X
 input16/X
 input18/X
 input19/X
 input2/X
 input4/X
 input6/X
 input9/X

===========================================================================
max slew violation count 0
max fanout violation count 0
max cap violation count 0
============================================================================

===========================================================================
check_setup -verbose -unconstrained_endpoints -multiple_clock -no_clock -no_input_delay -loops -generated_clocks
===========================================================================
