
===========================================================================
report_checks -path_delay max (Setup)
============================================================================
======================= Typical Corner ===================================

Startpoint: OPCODE[0] (input port clocked by __VIRTUAL_CLK__)
Endpoint: OUT[6] (output port clocked by __VIRTUAL_CLK__)
Path Group: __VIRTUAL_CLK__
Path Type: max

Fanout     Cap    Slew   Delay    Time   Description
-----------------------------------------------------------------------------
                  0.00    0.00    0.00   clock __VIRTUAL_CLK__ (rise edge)
                          0.00    0.00   clock network delay (ideal)
                          2.00    2.00 v input external delay
     1    0.00    0.01    0.00    2.00 v OPCODE[0] (in)
                                         OPCODE[0] (net)
                  0.01    0.00    2.00 v input17/A (sky130_fd_sc_hd__clkbuf_2)
     5    0.01    0.05    0.12    2.12 v input17/X (sky130_fd_sc_hd__clkbuf_2)
                                         net17 (net)
                  0.05    0.00    2.12 v _235_/A_N (sky130_fd_sc_hd__nand3b_4)
     7    0.01    0.08    0.18    2.30 v _235_/Y (sky130_fd_sc_hd__nand3b_4)
                                         _163_ (net)
                  0.08    0.00    2.30 v rebuffer1/A (sky130_fd_sc_hd__dlygate4sd1_1)
     2    0.01    0.05    0.27    2.57 v rebuffer1/X (sky130_fd_sc_hd__dlygate4sd1_1)
                                         net28 (net)
                  0.05    0.00    2.57 v rebuffer2/A (sky130_fd_sc_hd__dlygate4sd1_1)
     2    0.00    0.04    0.25    2.81 v rebuffer2/X (sky130_fd_sc_hd__dlygate4sd1_1)
                                         net29 (net)
                  0.04    0.00    2.81 v _251_/B1 (sky130_fd_sc_hd__o21a_1)
     1    0.01    0.06    0.13    2.94 v _251_/X (sky130_fd_sc_hd__o21a_1)
                                         _009_ (net)
                  0.06    0.00    2.94 v _252_/B (sky130_fd_sc_hd__xnor2_2)
     2    0.01    0.18    0.18    3.12 ^ _252_/Y (sky130_fd_sc_hd__xnor2_2)
                                         _010_ (net)
                  0.18    0.00    3.12 ^ _253_/B (sky130_fd_sc_hd__nand2_2)
     3    0.01    0.06    0.09    3.21 v _253_/Y (sky130_fd_sc_hd__nand2_2)
                                         _011_ (net)
                  0.06    0.00    3.21 v _257_/A3 (sky130_fd_sc_hd__a311o_4)
     5    0.02    0.08    0.45    3.66 v _257_/X (sky130_fd_sc_hd__a311o_4)
                                         _015_ (net)
                  0.08    0.00    3.66 v _276_/A3 (sky130_fd_sc_hd__a311oi_4)
     3    0.01    0.23    0.32    3.98 ^ _276_/Y (sky130_fd_sc_hd__a311oi_4)
                                         _033_ (net)
                  0.23    0.00    3.98 ^ _277_/A_N (sky130_fd_sc_hd__and2b_1)
     1    0.00    0.03    0.22    4.20 v _277_/X (sky130_fd_sc_hd__and2b_1)
                                         _034_ (net)
                  0.03    0.00    4.20 v _291_/A2 (sky130_fd_sc_hd__a21o_1)
     1    0.00    0.03    0.17    4.37 v _291_/X (sky130_fd_sc_hd__a21o_1)
                                         net26 (net)
                  0.03    0.00    4.37 v output26/A (sky130_fd_sc_hd__buf_2)
     1    0.03    0.09    0.18    4.55 v output26/X (sky130_fd_sc_hd__buf_2)
                                         OUT[6] (net)
                  0.09    0.00    4.55 v OUT[6] (out)
                                  4.55   data arrival time

                  0.00   10.00   10.00   clock __VIRTUAL_CLK__ (rise edge)
                          0.00   10.00   clock network delay (ideal)
                         -0.25    9.75   clock uncertainty
                          0.00    9.75   clock reconvergence pessimism
                         -2.00    7.75   output external delay
                                  7.75   data required time
-----------------------------------------------------------------------------
                                  7.75   data required time
                                 -4.55   data arrival time
-----------------------------------------------------------------------------
                                  3.20   slack (MET)


Startpoint: OPCODE[0] (input port clocked by __VIRTUAL_CLK__)
Endpoint: OUT[7] (output port clocked by __VIRTUAL_CLK__)
Path Group: __VIRTUAL_CLK__
Path Type: max

Fanout     Cap    Slew   Delay    Time   Description
-----------------------------------------------------------------------------
                  0.00    0.00    0.00   clock __VIRTUAL_CLK__ (rise edge)
                          0.00    0.00   clock network delay (ideal)
                          2.00    2.00 v input external delay
     1    0.00    0.01    0.00    2.00 v OPCODE[0] (in)
                                         OPCODE[0] (net)
                  0.01    0.00    2.00 v input17/A (sky130_fd_sc_hd__clkbuf_2)
     5    0.01    0.05    0.12    2.12 v input17/X (sky130_fd_sc_hd__clkbuf_2)
                                         net17 (net)
                  0.05    0.00    2.12 v _235_/A_N (sky130_fd_sc_hd__nand3b_4)
     7    0.01    0.08    0.18    2.30 v _235_/Y (sky130_fd_sc_hd__nand3b_4)
                                         _163_ (net)
                  0.08    0.00    2.30 v rebuffer1/A (sky130_fd_sc_hd__dlygate4sd1_1)
     2    0.01    0.05    0.27    2.57 v rebuffer1/X (sky130_fd_sc_hd__dlygate4sd1_1)
                                         net28 (net)
                  0.05    0.00    2.57 v rebuffer2/A (sky130_fd_sc_hd__dlygate4sd1_1)
     2    0.00    0.04    0.25    2.81 v rebuffer2/X (sky130_fd_sc_hd__dlygate4sd1_1)
                                         net29 (net)
                  0.04    0.00    2.81 v _251_/B1 (sky130_fd_sc_hd__o21a_1)
     1    0.01    0.06    0.13    2.94 v _251_/X (sky130_fd_sc_hd__o21a_1)
                                         _009_ (net)
                  0.06    0.00    2.94 v _252_/B (sky130_fd_sc_hd__xnor2_2)
     2    0.01    0.18    0.18    3.12 ^ _252_/Y (sky130_fd_sc_hd__xnor2_2)
                                         _010_ (net)
                  0.18    0.00    3.12 ^ _253_/B (sky130_fd_sc_hd__nand2_2)
     3    0.01    0.06    0.09    3.21 v _253_/Y (sky130_fd_sc_hd__nand2_2)
                                         _011_ (net)
                  0.06    0.00    3.21 v _257_/A3 (sky130_fd_sc_hd__a311o_4)
     5    0.02    0.08    0.45    3.66 v _257_/X (sky130_fd_sc_hd__a311o_4)
                                         _015_ (net)
                  0.08    0.00    3.66 v _276_/A3 (sky130_fd_sc_hd__a311oi_4)
     3    0.01    0.23    0.32    3.98 ^ _276_/Y (sky130_fd_sc_hd__a311oi_4)
                                         _033_ (net)
                  0.23    0.00    3.98 ^ _296_/B (sky130_fd_sc_hd__or3_4)
     1    0.00    0.03    0.17    4.16 ^ _296_/X (sky130_fd_sc_hd__or3_4)
                                         _052_ (net)
                  0.03    0.00    4.16 ^ _302_/A3 (sky130_fd_sc_hd__a31o_1)
     1    0.00    0.04    0.13    4.28 ^ _302_/X (sky130_fd_sc_hd__a31o_1)
                                         net27 (net)
                  0.04    0.00    4.28 ^ output27/A (sky130_fd_sc_hd__buf_2)
     1    0.03    0.17    0.20    4.49 ^ output27/X (sky130_fd_sc_hd__buf_2)
                                         OUT[7] (net)
                  0.17    0.00    4.49 ^ OUT[7] (out)
                                  4.49   data arrival time

                  0.00   10.00   10.00   clock __VIRTUAL_CLK__ (rise edge)
                          0.00   10.00   clock network delay (ideal)
                         -0.25    9.75   clock uncertainty
                          0.00    9.75   clock reconvergence pessimism
                         -2.00    7.75   output external delay
                                  7.75   data required time
-----------------------------------------------------------------------------
                                  7.75   data required time
                                 -4.49   data arrival time
-----------------------------------------------------------------------------
                                  3.26   slack (MET)


Startpoint: OPCODE[0] (input port clocked by __VIRTUAL_CLK__)
Endpoint: OUT[4] (output port clocked by __VIRTUAL_CLK__)
Path Group: __VIRTUAL_CLK__
Path Type: max

Fanout     Cap    Slew   Delay    Time   Description
-----------------------------------------------------------------------------
                  0.00    0.00    0.00   clock __VIRTUAL_CLK__ (rise edge)
                          0.00    0.00   clock network delay (ideal)
                          2.00    2.00 v input external delay
     1    0.00    0.01    0.00    2.00 v OPCODE[0] (in)
                                         OPCODE[0] (net)
                  0.01    0.00    2.00 v input17/A (sky130_fd_sc_hd__clkbuf_2)
     5    0.01    0.05    0.12    2.12 v input17/X (sky130_fd_sc_hd__clkbuf_2)
                                         net17 (net)
                  0.05    0.00    2.12 v _235_/A_N (sky130_fd_sc_hd__nand3b_4)
     7    0.01    0.08    0.18    2.30 v _235_/Y (sky130_fd_sc_hd__nand3b_4)
                                         _163_ (net)
                  0.08    0.00    2.30 v rebuffer1/A (sky130_fd_sc_hd__dlygate4sd1_1)
     2    0.01    0.05    0.27    2.57 v rebuffer1/X (sky130_fd_sc_hd__dlygate4sd1_1)
                                         net28 (net)
                  0.05    0.00    2.57 v rebuffer2/A (sky130_fd_sc_hd__dlygate4sd1_1)
     2    0.00    0.04    0.25    2.81 v rebuffer2/X (sky130_fd_sc_hd__dlygate4sd1_1)
                                         net29 (net)
                  0.04    0.00    2.81 v _251_/B1 (sky130_fd_sc_hd__o21a_1)
     1    0.01    0.06    0.13    2.94 v _251_/X (sky130_fd_sc_hd__o21a_1)
                                         _009_ (net)
                  0.06    0.00    2.94 v _252_/B (sky130_fd_sc_hd__xnor2_2)
     2    0.01    0.18    0.18    3.12 ^ _252_/Y (sky130_fd_sc_hd__xnor2_2)
                                         _010_ (net)
                  0.18    0.00    3.12 ^ _253_/B (sky130_fd_sc_hd__nand2_2)
     3    0.01    0.06    0.09    3.21 v _253_/Y (sky130_fd_sc_hd__nand2_2)
                                         _011_ (net)
                  0.06    0.00    3.21 v _257_/A3 (sky130_fd_sc_hd__a311o_4)
     5    0.02    0.08    0.45    3.66 v _257_/X (sky130_fd_sc_hd__a311o_4)
                                         _015_ (net)
                  0.08    0.00    3.66 v _338_/A (sky130_fd_sc_hd__and3_1)
     1    0.00    0.03    0.15    3.81 v _338_/X (sky130_fd_sc_hd__and3_1)
                                         _089_ (net)
                  0.03    0.00    3.81 v _346_/A (sky130_fd_sc_hd__or3_1)
     1    0.00    0.06    0.37    4.18 v _346_/X (sky130_fd_sc_hd__or3_1)
                                         _097_ (net)
                  0.06    0.00    4.18 v _347_/A (sky130_fd_sc_hd__clkbuf_1)
     1    0.00    0.02    0.09    4.27 v _347_/X (sky130_fd_sc_hd__clkbuf_1)
                                         net24 (net)
                  0.02    0.00    4.27 v output24/A (sky130_fd_sc_hd__buf_2)
     1    0.03    0.09    0.18    4.45 v output24/X (sky130_fd_sc_hd__buf_2)
                                         OUT[4] (net)
                  0.09    0.00    4.45 v OUT[4] (out)
                                  4.45   data arrival time

                  0.00   10.00   10.00   clock __VIRTUAL_CLK__ (rise edge)
                          0.00   10.00   clock network delay (ideal)
                         -0.25    9.75   clock uncertainty
                          0.00    9.75   clock reconvergence pessimism
                         -2.00    7.75   output external delay
                                  7.75   data required time
-----------------------------------------------------------------------------
                                  7.75   data required time
                                 -4.45   data arrival time
-----------------------------------------------------------------------------
                                  3.30   slack (MET)


Startpoint: OPCODE[0] (input port clocked by __VIRTUAL_CLK__)
Endpoint: OUT[5] (output port clocked by __VIRTUAL_CLK__)
Path Group: __VIRTUAL_CLK__
Path Type: max

Fanout     Cap    Slew   Delay    Time   Description
-----------------------------------------------------------------------------
                  0.00    0.00    0.00   clock __VIRTUAL_CLK__ (rise edge)
                          0.00    0.00   clock network delay (ideal)
                          2.00    2.00 v input external delay
     1    0.00    0.01    0.00    2.00 v OPCODE[0] (in)
                                         OPCODE[0] (net)
                  0.01    0.00    2.00 v input17/A (sky130_fd_sc_hd__clkbuf_2)
     5    0.01    0.05    0.12    2.12 v input17/X (sky130_fd_sc_hd__clkbuf_2)
                                         net17 (net)
                  0.05    0.00    2.12 v _235_/A_N (sky130_fd_sc_hd__nand3b_4)
     7    0.01    0.08    0.18    2.30 v _235_/Y (sky130_fd_sc_hd__nand3b_4)
                                         _163_ (net)
                  0.08    0.00    2.30 v rebuffer1/A (sky130_fd_sc_hd__dlygate4sd1_1)
     2    0.01    0.05    0.27    2.57 v rebuffer1/X (sky130_fd_sc_hd__dlygate4sd1_1)
                                         net28 (net)
                  0.05    0.00    2.57 v rebuffer2/A (sky130_fd_sc_hd__dlygate4sd1_1)
     2    0.00    0.04    0.25    2.81 v rebuffer2/X (sky130_fd_sc_hd__dlygate4sd1_1)
                                         net29 (net)
                  0.04    0.00    2.81 v _251_/B1 (sky130_fd_sc_hd__o21a_1)
     1    0.01    0.06    0.13    2.94 v _251_/X (sky130_fd_sc_hd__o21a_1)
                                         _009_ (net)
                  0.06    0.00    2.94 v _252_/B (sky130_fd_sc_hd__xnor2_2)
     2    0.01    0.18    0.18    3.12 ^ _252_/Y (sky130_fd_sc_hd__xnor2_2)
                                         _010_ (net)
                  0.18    0.00    3.12 ^ _253_/B (sky130_fd_sc_hd__nand2_2)
     3    0.01    0.06    0.09    3.21 v _253_/Y (sky130_fd_sc_hd__nand2_2)
                                         _011_ (net)
                  0.06    0.00    3.21 v _257_/A3 (sky130_fd_sc_hd__a311o_4)
     5    0.02    0.08    0.45    3.66 v _257_/X (sky130_fd_sc_hd__a311o_4)
                                         _015_ (net)
                  0.08    0.00    3.66 v _263_/A2 (sky130_fd_sc_hd__a21o_1)
     1    0.00    0.03    0.18    3.84 v _263_/X (sky130_fd_sc_hd__a21o_1)
                                         _021_ (net)
                  0.03    0.00    3.84 v _266_/A (sky130_fd_sc_hd__and3_1)
     1    0.00    0.03    0.13    3.98 v _266_/X (sky130_fd_sc_hd__and3_1)
                                         _024_ (net)
                  0.03    0.00    3.98 v _267_/C1 (sky130_fd_sc_hd__a211o_1)
     1    0.00    0.04    0.22    4.20 v _267_/X (sky130_fd_sc_hd__a211o_1)
                                         net25 (net)
                  0.04    0.00    4.20 v output25/A (sky130_fd_sc_hd__buf_2)
     1    0.03    0.09    0.19    4.38 v output25/X (sky130_fd_sc_hd__buf_2)
                                         OUT[5] (net)
                  0.09    0.00    4.38 v OUT[5] (out)
                                  4.38   data arrival time

                  0.00   10.00   10.00   clock __VIRTUAL_CLK__ (rise edge)
                          0.00   10.00   clock network delay (ideal)
                         -0.25    9.75   clock uncertainty
                          0.00    9.75   clock reconvergence pessimism
                         -2.00    7.75   output external delay
                                  7.75   data required time
-----------------------------------------------------------------------------
                                  7.75   data required time
                                 -4.38   data arrival time
-----------------------------------------------------------------------------
                                  3.37   slack (MET)


Startpoint: OPCODE[0] (input port clocked by __VIRTUAL_CLK__)
Endpoint: OUT[3] (output port clocked by __VIRTUAL_CLK__)
Path Group: __VIRTUAL_CLK__
Path Type: max

Fanout     Cap    Slew   Delay    Time   Description
-----------------------------------------------------------------------------
                  0.00    0.00    0.00   clock __VIRTUAL_CLK__ (rise edge)
                          0.00    0.00   clock network delay (ideal)
                          2.00    2.00 v input external delay
     1    0.00    0.01    0.00    2.00 v OPCODE[0] (in)
                                         OPCODE[0] (net)
                  0.01    0.00    2.00 v input17/A (sky130_fd_sc_hd__clkbuf_2)
     5    0.01    0.05    0.12    2.12 v input17/X (sky130_fd_sc_hd__clkbuf_2)
                                         net17 (net)
                  0.05    0.00    2.12 v _235_/A_N (sky130_fd_sc_hd__nand3b_4)
     7    0.01    0.08    0.18    2.30 v _235_/Y (sky130_fd_sc_hd__nand3b_4)
                                         _163_ (net)
                  0.08    0.00    2.30 v rebuffer1/A (sky130_fd_sc_hd__dlygate4sd1_1)
     2    0.01    0.05    0.27    2.57 v rebuffer1/X (sky130_fd_sc_hd__dlygate4sd1_1)
                                         net28 (net)
                  0.05    0.00    2.57 v rebuffer2/A (sky130_fd_sc_hd__dlygate4sd1_1)
     2    0.00    0.04    0.25    2.81 v rebuffer2/X (sky130_fd_sc_hd__dlygate4sd1_1)
                                         net29 (net)
                  0.04    0.00    2.81 v _251_/B1 (sky130_fd_sc_hd__o21a_1)
     1    0.01    0.06    0.13    2.94 v _251_/X (sky130_fd_sc_hd__o21a_1)
                                         _009_ (net)
                  0.06    0.00    2.94 v _252_/B (sky130_fd_sc_hd__xnor2_2)
     2    0.01    0.07    0.15    3.09 v _252_/Y (sky130_fd_sc_hd__xnor2_2)
                                         _010_ (net)
                  0.07    0.00    3.09 v _253_/B (sky130_fd_sc_hd__nand2_2)
     3    0.01    0.07    0.09    3.18 ^ _253_/Y (sky130_fd_sc_hd__nand2_2)
                                         _011_ (net)
                  0.07    0.00    3.18 ^ _327_/B_N (sky130_fd_sc_hd__or2b_1)
     1    0.00    0.05    0.25    3.43 v _327_/X (sky130_fd_sc_hd__or2b_1)
                                         _079_ (net)
                  0.05    0.00    3.43 v _329_/A (sky130_fd_sc_hd__xnor2_1)
     1    0.00    0.04    0.13    3.56 v _329_/Y (sky130_fd_sc_hd__xnor2_1)
                                         _081_ (net)
                  0.04    0.00    3.56 v _335_/A2 (sky130_fd_sc_hd__a221o_1)
     1    0.00    0.05    0.34    3.90 v _335_/X (sky130_fd_sc_hd__a221o_1)
                                         net23 (net)
                  0.05    0.00    3.90 v output23/A (sky130_fd_sc_hd__buf_2)
     1    0.03    0.09    0.19    4.09 v output23/X (sky130_fd_sc_hd__buf_2)
                                         OUT[3] (net)
                  0.09    0.00    4.09 v OUT[3] (out)
                                  4.09   data arrival time

                  0.00   10.00   10.00   clock __VIRTUAL_CLK__ (rise edge)
                          0.00   10.00   clock network delay (ideal)
                         -0.25    9.75   clock uncertainty
                          0.00    9.75   clock reconvergence pessimism
                         -2.00    7.75   output external delay
                                  7.75   data required time
-----------------------------------------------------------------------------
                                  7.75   data required time
                                 -4.09   data arrival time
-----------------------------------------------------------------------------
                                  3.66   slack (MET)


Startpoint: B[0] (input port clocked by __VIRTUAL_CLK__)
Endpoint: OUT[2] (output port clocked by __VIRTUAL_CLK__)
Path Group: __VIRTUAL_CLK__
Path Type: max

Fanout     Cap    Slew   Delay    Time   Description
-----------------------------------------------------------------------------
                  0.00    0.00    0.00   clock __VIRTUAL_CLK__ (rise edge)
                          0.00    0.00   clock network delay (ideal)
                          2.00    2.00 v input external delay
     1    0.00    0.01    0.00    2.00 v B[0] (in)
                                         B[0] (net)
                  0.01    0.00    2.00 v input9/A (sky130_fd_sc_hd__dlymetal6s2s_1)
     4    0.01    0.06    0.15    2.15 v input9/X (sky130_fd_sc_hd__dlymetal6s2s_1)
                                         net9 (net)
                  0.06    0.00    2.15 v _234_/A (sky130_fd_sc_hd__or2_4)
     4    0.01    0.06    0.28    2.42 v _234_/X (sky130_fd_sc_hd__or2_4)
                                         _162_ (net)
                  0.06    0.00    2.42 v _240_/C (sky130_fd_sc_hd__and3_1)
     2    0.01    0.07    0.22    2.65 v _240_/X (sky130_fd_sc_hd__and3_1)
                                         _168_ (net)
                  0.07    0.00    2.65 v _248_/C (sky130_fd_sc_hd__or3_1)
     1    0.00    0.06    0.31    2.95 v _248_/X (sky130_fd_sc_hd__or3_1)
                                         _006_ (net)
                  0.06    0.00    2.95 v _249_/B (sky130_fd_sc_hd__and2_2)
     2    0.01    0.05    0.22    3.17 v _249_/X (sky130_fd_sc_hd__and2_2)
                                         _007_ (net)
                  0.05    0.00    3.17 v _319_/A (sky130_fd_sc_hd__or3_1)
     1    0.00    0.06    0.38    3.55 v _319_/X (sky130_fd_sc_hd__or3_1)
                                         _072_ (net)
                  0.06    0.00    3.55 v _326_/A3 (sky130_fd_sc_hd__a31o_1)
     1    0.00    0.03    0.22    3.77 v _326_/X (sky130_fd_sc_hd__a31o_1)
                                         net22 (net)
                  0.03    0.00    3.77 v output22/A (sky130_fd_sc_hd__buf_2)
     1    0.03    0.09    0.18    3.95 v output22/X (sky130_fd_sc_hd__buf_2)
                                         OUT[2] (net)
                  0.09    0.00    3.95 v OUT[2] (out)
                                  3.95   data arrival time

                  0.00   10.00   10.00   clock __VIRTUAL_CLK__ (rise edge)
                          0.00   10.00   clock network delay (ideal)
                         -0.25    9.75   clock uncertainty
                          0.00    9.75   clock reconvergence pessimism
                         -2.00    7.75   output external delay
                                  7.75   data required time
-----------------------------------------------------------------------------
                                  7.75   data required time
                                 -3.95   data arrival time
-----------------------------------------------------------------------------
                                  3.80   slack (MET)


Startpoint: OPCODE[0] (input port clocked by __VIRTUAL_CLK__)
Endpoint: OUT[1] (output port clocked by __VIRTUAL_CLK__)
Path Group: __VIRTUAL_CLK__
Path Type: max

Fanout     Cap    Slew   Delay    Time   Description
-----------------------------------------------------------------------------
                  0.00    0.00    0.00   clock __VIRTUAL_CLK__ (rise edge)
                          0.00    0.00   clock network delay (ideal)
                          2.00    2.00 v input external delay
     1    0.00    0.01    0.00    2.00 v OPCODE[0] (in)
                                         OPCODE[0] (net)
                  0.01    0.00    2.00 v input17/A (sky130_fd_sc_hd__clkbuf_2)
     5    0.01    0.05    0.12    2.12 v input17/X (sky130_fd_sc_hd__clkbuf_2)
                                         net17 (net)
                  0.05    0.00    2.12 v _235_/A_N (sky130_fd_sc_hd__nand3b_4)
     7    0.01    0.08    0.18    2.30 v _235_/Y (sky130_fd_sc_hd__nand3b_4)
                                         _163_ (net)
                  0.08    0.00    2.30 v _242_/C (sky130_fd_sc_hd__and3_1)
     2    0.00    0.05    0.21    2.51 v _242_/X (sky130_fd_sc_hd__and3_1)
                                         _000_ (net)
                  0.05    0.00    2.51 v _245_/B (sky130_fd_sc_hd__or3_4)
     2    0.00    0.06    0.37    2.88 v _245_/X (sky130_fd_sc_hd__or3_4)
                                         _003_ (net)
                  0.06    0.00    2.88 v _314_/B (sky130_fd_sc_hd__and2b_1)
     1    0.00    0.03    0.16    3.04 v _314_/X (sky130_fd_sc_hd__and2b_1)
                                         _068_ (net)
                  0.03    0.00    3.04 v _315_/A (sky130_fd_sc_hd__nor2_1)
     1    0.00    0.06    0.08    3.12 ^ _315_/Y (sky130_fd_sc_hd__nor2_1)
                                         _069_ (net)
                  0.06    0.00    3.12 ^ _316_/B (sky130_fd_sc_hd__or3b_1)
     1    0.00    0.03    0.09    3.22 ^ _316_/X (sky130_fd_sc_hd__or3b_1)
                                         _070_ (net)
                  0.03    0.00    3.22 ^ _317_/D_N (sky130_fd_sc_hd__or4b_1)
     1    0.00    0.08    0.43    3.65 v _317_/X (sky130_fd_sc_hd__or4b_1)
                                         _071_ (net)
                  0.08    0.00    3.65 v _318_/A (sky130_fd_sc_hd__clkbuf_1)
     1    0.00    0.02    0.10    3.75 v _318_/X (sky130_fd_sc_hd__clkbuf_1)
                                         net21 (net)
                  0.02    0.00    3.75 v output21/A (sky130_fd_sc_hd__buf_2)
     1    0.03    0.09    0.18    3.93 v output21/X (sky130_fd_sc_hd__buf_2)
                                         OUT[1] (net)
                  0.09    0.00    3.93 v OUT[1] (out)
                                  3.93   data arrival time

                  0.00   10.00   10.00   clock __VIRTUAL_CLK__ (rise edge)
                          0.00   10.00   clock network delay (ideal)
                         -0.25    9.75   clock uncertainty
                          0.00    9.75   clock reconvergence pessimism
                         -2.00    7.75   output external delay
                                  7.75   data required time
-----------------------------------------------------------------------------
                                  7.75   data required time
                                 -3.93   data arrival time
-----------------------------------------------------------------------------
                                  3.82   slack (MET)


Startpoint: OPCODE[1] (input port clocked by __VIRTUAL_CLK__)
Endpoint: OUT[0] (output port clocked by __VIRTUAL_CLK__)
Path Group: __VIRTUAL_CLK__
Path Type: max

Fanout     Cap    Slew   Delay    Time   Description
-----------------------------------------------------------------------------
                  0.00    0.00    0.00   clock __VIRTUAL_CLK__ (rise edge)
                          0.00    0.00   clock network delay (ideal)
                          2.00    2.00 v input external delay
     1    0.00    0.01    0.00    2.00 v OPCODE[1] (in)
                                         OPCODE[1] (net)
                  0.01    0.00    2.00 v input18/A (sky130_fd_sc_hd__clkbuf_4)
     6    0.02    0.06    0.15    2.16 v input18/X (sky130_fd_sc_hd__clkbuf_4)
                                         net18 (net)
                  0.06    0.00    2.16 v _171_/B (sky130_fd_sc_hd__or2_2)
     4    0.02    0.09    0.34    2.50 v _171_/X (sky130_fd_sc_hd__or2_2)
                                         _099_ (net)
                  0.09    0.00    2.50 v _224_/B (sky130_fd_sc_hd__or2_1)
     1    0.00    0.04    0.22    2.72 v _224_/X (sky130_fd_sc_hd__or2_1)
                                         _152_ (net)
                  0.04    0.00    2.72 v _225_/A (sky130_fd_sc_hd__clkbuf_4)
     8    0.02    0.06    0.17    2.89 v _225_/X (sky130_fd_sc_hd__clkbuf_4)
                                         _153_ (net)
                  0.06    0.00    2.89 v _306_/A2 (sky130_fd_sc_hd__o21ai_1)
     1    0.00    0.10    0.12    3.00 ^ _306_/Y (sky130_fd_sc_hd__o21ai_1)
                                         _061_ (net)
                  0.10    0.00    3.00 ^ _307_/B1 (sky130_fd_sc_hd__a31o_1)
     1    0.00    0.04    0.10    3.10 ^ _307_/X (sky130_fd_sc_hd__a31o_1)
                                         net20 (net)
                  0.04    0.00    3.10 ^ output20/A (sky130_fd_sc_hd__buf_2)
     1    0.03    0.17    0.20    3.31 ^ output20/X (sky130_fd_sc_hd__buf_2)
                                         OUT[0] (net)
                  0.17    0.00    3.31 ^ OUT[0] (out)
                                  3.31   data arrival time

                  0.00   10.00   10.00   clock __VIRTUAL_CLK__ (rise edge)
                          0.00   10.00   clock network delay (ideal)
                         -0.25    9.75   clock uncertainty
                          0.00    9.75   clock reconvergence pessimism
                         -2.00    7.75   output external delay
                                  7.75   data required time
-----------------------------------------------------------------------------
                                  7.75   data required time
                                 -3.31   data arrival time
-----------------------------------------------------------------------------
                                  4.44   slack (MET)



worst slack corner Typical: 3.2020
