Instance,Terminal,Layer,X location,Y location,Voltage
FILLER_0_27_185,VPWR,li1,90.8500,84.3200,1.799993
FILLER_0_27_179,VPWR,li1,89.2400,84.3200,1.799994
FILLER_0_27_165,VPWR,li1,82.1100,84.3200,1.799995
FILLER_0_27_153,VPWR,li1,78.6600,84.3200,1.799995
FILLER_0_27_141,VPWR,li1,73.1400,84.3200,1.799994
FILLER_0_27_137,VPWR,li1,69.2300,84.3200,1.799994
FILLER_0_27_129,VPWR,li1,66.7000,84.3200,1.799994
FILLER_0_27_109,VPWR,li1,56.3500,84.3200,1.799994
FILLER_0_27_97,VPWR,li1,52.9000,84.3200,1.799993
FILLER_0_27_85,VPWR,li1,47.3800,84.3200,1.799992
FILLER_0_27_81,VPWR,li1,43.4700,84.3200,1.799993
FILLER_0_27_69,VPWR,li1,40.0200,84.3200,1.799994
FILLER_0_27_57,VPWR,li1,34.5000,84.3200,1.799995
FILLER_0_27_55,VPWR,li1,31.0500,84.3200,1.799995
FILLER_0_27_43,VPWR,li1,28.0600,84.3200,1.799995
FILLER_0_27_37,VPWR,li1,23.2300,84.3200,1.799995
FILLER_0_27_29,VPWR,li1,20.7000,84.3200,1.799995
FILLER_0_27_25,VPWR,li1,17.7100,84.3200,1.799996
FILLER_0_27_13,VPWR,li1,14.2600,84.3200,1.799996
FILLER_0_26_185,VPWR,li1,90.8500,84.3200,1.799993
FILLER_0_26_177,VPWR,li1,88.7800,84.3200,1.799994
FILLER_0_26_165,VPWR,li1,84.1800,84.3200,1.799995
FILLER_0_26_153,VPWR,li1,78.6600,84.3200,1.799995
FILLER_0_26_141,VPWR,li1,73.1400,84.3200,1.799994
FILLER_0_26_128,VPWR,li1,67.1600,84.3200,1.799994
FILLER_0_26_122,VPWR,li1,61.8700,84.3200,1.799993
FILLER_0_26_110,VPWR,li1,58.8800,84.3200,1.799994
FILLER_0_26_98,VPWR,li1,53.3600,84.3200,1.799993
FILLER_0_26_76,VPWR,li1,41.1700,84.3200,1.799993
FILLER_0_26_66,VPWR,li1,36.8000,84.3200,1.799994
FILLER_0_26_57,VPWR,li1,32.4300,84.3200,1.799995
FILLER_0_26_41,VPWR,li1,25.0700,84.3200,1.799995
FILLER_0_26_29,VPWR,li1,21.6200,84.3200,1.799995
FILLER_0_26_27,VPWR,li1,18.1700,84.3200,1.799995
FILLER_0_26_19,VPWR,li1,16.1000,84.3200,1.799996
FILLER_0_26_7,VPWR,li1,11.5000,84.3200,1.799996
FILLER_0_25_186,VPWR,li1,92.0000,78.8800,1.799996
FILLER_0_25_174,VPWR,li1,88.3200,78.8800,1.799996
FILLER_0_25_157,VPWR,li1,78.2000,78.8800,1.799994
FILLER_0_25_149,VPWR,li1,75.9000,78.8800,1.799994
FILLER_0_25_137,VPWR,li1,71.3000,78.8800,1.799994
FILLER_0_25_125,VPWR,li1,65.7800,78.8800,1.799994
FILLER_0_25_113,VPWR,li1,60.2600,78.8800,1.799996
FILLER_0_25_109,VPWR,li1,56.3500,78.8800,1.799996
FILLER_0_25_97,VPWR,li1,52.9000,78.8800,1.799996
FILLER_0_25_85,VPWR,li1,47.3800,78.8800,1.799995
FILLER_0_25_73,VPWR,li1,41.8600,78.8800,1.799995
FILLER_0_25_61,VPWR,li1,36.3400,78.8800,1.799995
FILLER_0_25_54,VPWR,li1,30.8200,78.8800,1.799993
FILLER_0_25_41,VPWR,li1,24.6100,78.8800,1.799992
FILLER_0_25_29,VPWR,li1,21.6200,78.8800,1.799993
FILLER_0_25_17,VPWR,li1,16.1000,78.8800,1.799994
FILLER_0_25_11,VPWR,li1,10.8100,78.8800,1.799996
FILLER_0_25_7,VPWR,li1,9.6600,78.8800,1.799996
FILLER_0_24_187,VPWR,li1,92.2300,78.8800,1.799996
FILLER_0_24_175,VPWR,li1,88.7800,78.8800,1.799996
FILLER_0_24_159,VPWR,li1,79.3500,78.8800,1.799994
FILLER_0_24_147,VPWR,li1,75.9000,78.8800,1.799994
FILLER_0_24_117,VPWR,li1,59.5700,78.8800,1.799996
FILLER_0_24_109,VPWR,li1,57.5000,78.8800,1.799996
FILLER_0_24_97,VPWR,li1,52.9000,78.8800,1.799996
FILLER_0_24_85,VPWR,li1,47.3800,78.8800,1.799995
FILLER_0_24_76,VPWR,li1,42.3200,78.8800,1.799995
FILLER_0_24_64,VPWR,li1,37.7200,78.8800,1.799995
FILLER_0_24_55,VPWR,li1,31.0500,78.8800,1.799993
FILLER_0_24_29,VPWR,li1,19.0900,78.8800,1.799993
FILLER_0_24_26,VPWR,li1,17.9400,78.8800,1.799993
FILLER_0_24_15,VPWR,li1,14.2600,78.8800,1.799994
FILLER_0_24_3,VPWR,li1,9.6600,78.8800,1.799996
FILLER_0_23_189,VPWR,li1,92.6900,73.4400,1.799998
FILLER_0_23_181,VPWR,li1,90.6200,73.4400,1.799998
FILLER_0_23_169,VPWR,li1,86.0200,73.4400,1.799998
FILLER_0_23_167,VPWR,li1,82.5700,73.4400,1.799998
FILLER_0_23_161,VPWR,li1,80.9600,73.4400,1.799997
FILLER_0_23_149,VPWR,li1,76.8200,73.4400,1.799997
FILLER_0_23_137,VPWR,li1,71.3000,73.4400,1.799996
FILLER_0_23_125,VPWR,li1,65.7800,73.4400,1.799996
FILLER_0_23_113,VPWR,li1,60.2600,73.4400,1.799996
FILLER_0_23_111,VPWR,li1,56.8100,73.4400,1.799995
FILLER_0_23_105,VPWR,li1,55.2000,73.4400,1.799994
FILLER_0_23_93,VPWR,li1,51.0600,73.4400,1.799992
FILLER_0_23_81,VPWR,li1,45.5400,73.4400,1.799992
FILLER_0_23_57,VPWR,li1,31.9700,73.4400,1.799991
FILLER_0_23_54,VPWR,li1,30.8200,73.4400,1.799991
FILLER_0_23_43,VPWR,li1,25.5300,73.4400,1.799990
FILLER_0_23_37,VPWR,li1,22.7700,73.4400,1.799990
FILLER_0_23_31,VPWR,li1,21.1600,73.4400,1.799991
FILLER_0_23_19,VPWR,li1,17.0200,73.4400,1.799992
FILLER_0_23_7,VPWR,li1,11.5000,73.4400,1.799993
FILLER_0_22_178,VPWR,li1,90.1600,73.4400,1.799998
FILLER_0_22_166,VPWR,li1,84.6400,73.4400,1.799998
FILLER_0_22_158,VPWR,li1,78.4300,73.4400,1.799997
FILLER_0_22_149,VPWR,li1,74.5200,73.4400,1.799996
FILLER_0_22_141,VPWR,li1,72.2200,73.4400,1.799996
FILLER_0_22_128,VPWR,li1,67.1600,73.4400,1.799996
FILLER_0_22_119,VPWR,li1,60.9500,73.4400,1.799996
FILLER_0_22_111,VPWR,li1,58.4200,73.4400,1.799995
FILLER_0_22_99,VPWR,li1,53.8200,73.4400,1.799994
FILLER_0_22_92,VPWR,li1,48.0700,73.4400,1.799992
FILLER_0_22_88,VPWR,li1,46.9200,73.4400,1.799992
FILLER_0_22_81,VPWR,li1,43.4700,73.4400,1.799991
FILLER_0_22_74,VPWR,li1,39.7900,73.4400,1.799991
FILLER_0_22_66,VPWR,li1,37.7200,73.4400,1.799992
FILLER_0_22_54,VPWR,li1,33.1200,73.4400,1.799991
FILLER_0_22_44,VPWR,li1,26.6800,73.4400,1.799990
FILLER_0_22_37,VPWR,li1,23.0000,73.4400,1.799990
FILLER_0_22_29,VPWR,li1,20.7000,73.4400,1.799991
FILLER_0_22_26,VPWR,li1,17.9400,73.4400,1.799992
FILLER_0_22_14,VPWR,li1,14.7200,73.4400,1.799992
FILLER_0_21_169,VPWR,li1,84.1800,68.0000,1.799993
FILLER_0_21_165,VPWR,li1,82.1100,68.0000,1.799993
FILLER_0_21_153,VPWR,li1,78.6600,68.0000,1.799993
FILLER_0_21_148,VPWR,li1,74.0600,68.0000,1.799993
FILLER_0_21_136,VPWR,li1,70.8400,68.0000,1.799994
FILLER_0_21_124,VPWR,li1,65.3200,68.0000,1.799994
FILLER_0_21_106,VPWR,li1,55.6600,68.0000,1.799993
FILLER_0_21_81,VPWR,li1,44.6200,68.0000,1.799993
FILLER_0_21_69,VPWR,li1,40.0200,68.0000,1.799993
FILLER_0_21_57,VPWR,li1,34.5000,68.0000,1.799995
FILLER_0_21_53,VPWR,li1,30.5900,68.0000,1.799994
FILLER_0_21_45,VPWR,li1,28.0600,68.0000,1.799995
FILLER_0_21_33,VPWR,li1,23.4600,68.0000,1.799995
FILLER_0_21_21,VPWR,li1,17.9400,68.0000,1.799995
FILLER_0_21_9,VPWR,li1,12.4200,68.0000,1.799996
FILLER_0_20_188,VPWR,li1,92.4600,68.0000,1.799989
FILLER_0_20_176,VPWR,li1,89.2400,68.0000,1.799991
FILLER_0_20_169,VPWR,li1,83.4900,68.0000,1.799993
FILLER_0_20_165,VPWR,li1,82.3400,68.0000,1.799993
FILLER_0_20_153,VPWR,li1,78.6600,68.0000,1.799993
FILLER_0_20_141,VPWR,li1,73.1400,68.0000,1.799993
FILLER_0_20_139,VPWR,li1,69.6900,68.0000,1.799994
FILLER_0_20_135,VPWR,li1,68.5400,68.0000,1.799994
FILLER_0_20_123,VPWR,li1,64.8600,68.0000,1.799994
FILLER_0_20_111,VPWR,li1,59.3400,68.0000,1.799994
FILLER_0_20_99,VPWR,li1,53.8200,68.0000,1.799993
FILLER_0_20_81,VPWR,li1,43.4700,68.0000,1.799993
FILLER_0_20_52,VPWR,li1,29.6700,68.0000,1.799994
FILLER_0_20_45,VPWR,li1,26.4500,68.0000,1.799995
FILLER_0_20_37,VPWR,li1,24.3800,68.0000,1.799995
FILLER_0_20_27,VPWR,li1,18.1700,68.0000,1.799995
FILLER_0_20_15,VPWR,li1,15.1800,68.0000,1.799996
FILLER_0_20_3,VPWR,li1,9.6600,68.0000,1.799996
FILLER_0_19_189,VPWR,li1,92.6900,62.5600,1.799999
FILLER_0_19_181,VPWR,li1,90.6200,62.5600,1.799999
FILLER_0_19_169,VPWR,li1,86.0200,62.5600,1.799999
FILLER_0_19_166,VPWR,li1,82.3400,62.5600,1.799998
FILLER_0_19_158,VPWR,li1,80.0400,62.5600,1.799998
FILLER_0_19_146,VPWR,li1,75.4400,62.5600,1.799997
FILLER_0_19_138,VPWR,li1,69.6900,62.5600,1.799997
FILLER_0_19_126,VPWR,li1,66.2400,62.5600,1.799997
FILLER_0_19_104,VPWR,li1,55.2000,62.5600,1.799997
FILLER_0_19_91,VPWR,li1,48.7600,62.5600,1.799996
FILLER_0_19_79,VPWR,li1,44.6200,62.5600,1.799996
FILLER_0_19_73,VPWR,li1,39.3300,62.5600,1.799996
FILLER_0_19_69,VPWR,li1,38.1800,62.5600,1.799996
FILLER_0_19_57,VPWR,li1,34.5000,62.5600,1.799997
FILLER_0_19_52,VPWR,li1,30.3600,62.5600,1.799997
FILLER_0_19_40,VPWR,li1,26.6800,62.5600,1.799997
FILLER_0_19_28,VPWR,li1,21.1600,62.5600,1.799997
FILLER_0_19_22,VPWR,li1,15.8700,62.5600,1.799997
FILLER_0_19_14,VPWR,li1,13.8000,62.5600,1.799997
FILLER_0_19_7,VPWR,li1,8.9700,62.5600,1.799997
FILLER_0_18_186,VPWR,li1,92.0000,62.5600,1.799999
FILLER_0_18_174,VPWR,li1,88.3200,62.5600,1.799999
FILLER_0_18_162,VPWR,li1,82.8000,62.5600,1.799998
FILLER_0_18_150,VPWR,li1,77.2800,62.5600,1.799997
FILLER_0_18_141,VPWR,li1,71.3000,62.5600,1.799997
FILLER_0_18_139,VPWR,li1,69.6900,62.5600,1.799997
FILLER_0_18_133,VPWR,li1,68.0800,62.5600,1.799997
FILLER_0_18_121,VPWR,li1,63.9400,62.5600,1.799997
FILLER_0_18_109,VPWR,li1,58.4200,62.5600,1.799997
FILLER_0_18_97,VPWR,li1,52.9000,62.5600,1.799996
FILLER_0_18_85,VPWR,li1,47.3800,62.5600,1.799996
FILLER_0_18_83,VPWR,li1,43.9300,62.5600,1.799996
FILLER_0_18_75,VPWR,li1,41.8600,62.5600,1.799996
FILLER_0_18_65,VPWR,li1,36.3400,62.5600,1.799997
FILLER_0_18_53,VPWR,li1,32.6600,62.5600,1.799997
FILLER_0_18_41,VPWR,li1,27.1400,62.5600,1.799997
FILLER_0_18_29,VPWR,li1,21.6200,62.5600,1.799997
FILLER_0_18_16,VPWR,li1,15.6400,62.5600,1.799997
FILLER_0_18_7,VPWR,li1,8.9700,62.5600,1.799997
FILLER_0_18_3,VPWR,li1,7.8200,62.5600,1.799997
FILLER_0_17_187,VPWR,li1,92.2300,57.1200,1.799991
FILLER_0_17_177,VPWR,li1,87.4000,57.1200,1.799993
FILLER_0_17_169,VPWR,li1,85.1000,57.1200,1.799994
FILLER_0_17_160,VPWR,li1,80.0400,57.1200,1.799993
FILLER_0_17_152,VPWR,li1,76.3600,57.1200,1.799993
FILLER_0_17_140,VPWR,li1,72.6800,57.1200,1.799994
FILLER_0_17_128,VPWR,li1,67.1600,57.1200,1.799994
FILLER_0_17_116,VPWR,li1,61.6400,57.1200,1.799995
FILLER_0_17_111,VPWR,li1,56.8100,57.1200,1.799994
FILLER_0_17_107,VPWR,li1,55.6600,57.1200,1.799994
FILLER_0_17_95,VPWR,li1,51.9800,57.1200,1.799994
FILLER_0_17_89,VPWR,li1,47.1500,57.1200,1.799994
FILLER_0_17_81,VPWR,li1,44.6200,57.1200,1.799995
FILLER_0_17_69,VPWR,li1,40.0200,57.1200,1.799995
FILLER_0_17_55,VPWR,li1,31.0500,57.1200,1.799995
FILLER_0_17_43,VPWR,li1,28.0600,57.1200,1.799994
FILLER_0_17_30,VPWR,li1,21.1600,57.1200,1.799994
FILLER_0_17_20,VPWR,li1,15.4100,57.1200,1.799993
FILLER_0_17_7,VPWR,li1,10.1200,57.1200,1.799994
FILLER_0_16_185,VPWR,li1,90.8500,57.1200,1.799992
FILLER_0_16_179,VPWR,li1,89.2400,57.1200,1.799992
FILLER_0_16_167,VPWR,li1,85.1000,57.1200,1.799994
FILLER_0_16_159,VPWR,li1,78.8900,57.1200,1.799993
FILLER_0_16_153,VPWR,li1,77.2800,57.1200,1.799993
FILLER_0_16_141,VPWR,li1,73.1400,57.1200,1.799994
FILLER_0_16_137,VPWR,li1,69.2300,57.1200,1.799994
FILLER_0_16_129,VPWR,li1,66.7000,57.1200,1.799994
FILLER_0_16_85,VPWR,li1,47.3800,57.1200,1.799994
FILLER_0_16_83,VPWR,li1,43.9300,57.1200,1.799995
FILLER_0_16_77,VPWR,li1,42.3200,57.1200,1.799995
FILLER_0_16_65,VPWR,li1,38.1800,57.1200,1.799996
FILLER_0_16_53,VPWR,li1,32.6600,57.1200,1.799995
FILLER_0_16_41,VPWR,li1,27.1400,57.1200,1.799994
FILLER_0_16_29,VPWR,li1,21.6200,57.1200,1.799994
FILLER_0_16_25,VPWR,li1,17.7100,57.1200,1.799994
FILLER_0_16_12,VPWR,li1,11.2700,57.1200,1.799994
FILLER_0_16_8,VPWR,li1,10.1200,57.1200,1.799994
FILLER_0_15_189,VPWR,li1,92.6900,51.6800,1.799998
FILLER_0_15_181,VPWR,li1,90.6200,51.6800,1.799998
FILLER_0_15_169,VPWR,li1,86.0200,51.6800,1.799998
FILLER_0_15_156,VPWR,li1,80.0400,51.6800,1.799997
FILLER_0_15_144,VPWR,li1,74.5200,51.6800,1.799998
FILLER_0_15_132,VPWR,li1,69.0000,51.6800,1.799998
FILLER_0_15_120,VPWR,li1,63.4800,51.6800,1.799998
FILLER_0_15_113,VPWR,li1,57.9600,51.6800,1.799998
FILLER_0_15_101,VPWR,li1,52.6700,51.6800,1.799998
FILLER_0_15_93,VPWR,li1,50.1400,51.6800,1.799998
FILLER_0_15_81,VPWR,li1,45.5400,51.6800,1.799998
FILLER_0_15_69,VPWR,li1,40.0200,51.6800,1.799998
FILLER_0_15_57,VPWR,li1,34.5000,51.6800,1.799998
FILLER_0_15_52,VPWR,li1,30.3600,51.6800,1.799997
FILLER_0_15_43,VPWR,li1,25.7600,51.6800,1.799997
FILLER_0_15_31,VPWR,li1,22.5400,51.6800,1.799996
FILLER_0_15_19,VPWR,li1,17.0200,51.6800,1.799997
FILLER_0_15_7,VPWR,li1,11.5000,51.6800,1.799997
FILLER_0_14_182,VPWR,li1,91.0800,51.6800,1.799998
FILLER_0_14_170,VPWR,li1,86.4800,51.6800,1.799998
FILLER_0_14_161,VPWR,li1,80.2700,51.6800,1.799997
FILLER_0_14_153,VPWR,li1,77.7400,51.6800,1.799997
FILLER_0_14_141,VPWR,li1,73.1400,51.6800,1.799998
FILLER_0_14_139,VPWR,li1,69.6900,51.6800,1.799998
FILLER_0_14_127,VPWR,li1,66.7000,51.6800,1.799998
FILLER_0_14_119,VPWR,li1,60.4900,51.6800,1.799998
FILLER_0_14_113,VPWR,li1,58.8800,51.6800,1.799998
FILLER_0_14_101,VPWR,li1,54.7400,51.6800,1.799998
FILLER_0_14_89,VPWR,li1,49.2200,51.6800,1.799998
FILLER_0_14_83,VPWR,li1,43.9300,51.6800,1.799998
FILLER_0_14_75,VPWR,li1,41.8600,51.6800,1.799998
FILLER_0_14_63,VPWR,li1,37.2600,51.6800,1.799998
FILLER_0_14_51,VPWR,li1,31.7400,51.6800,1.799997
FILLER_0_14_39,VPWR,li1,26.2200,51.6800,1.799997
FILLER_0_14_29,VPWR,li1,19.0900,51.6800,1.799996
FILLER_0_14_27,VPWR,li1,18.1700,51.6800,1.799997
FILLER_0_14_15,VPWR,li1,15.1800,51.6800,1.799997
FILLER_0_14_3,VPWR,li1,9.6600,51.6800,1.799998
FILLER_0_13_175,VPWR,li1,88.7800,46.2400,1.799995
FILLER_0_13_166,VPWR,li1,82.3400,46.2400,1.799996
FILLER_0_13_154,VPWR,li1,79.1200,46.2400,1.799996
FILLER_0_13_142,VPWR,li1,73.6000,46.2400,1.799997
FILLER_0_13_130,VPWR,li1,68.0800,46.2400,1.799997
FILLER_0_13_118,VPWR,li1,62.5600,46.2400,1.799997
FILLER_0_13_109,VPWR,li1,56.3500,46.2400,1.799997
FILLER_0_13_101,VPWR,li1,53.8200,46.2400,1.799997
FILLER_0_13_89,VPWR,li1,49.2200,46.2400,1.799996
FILLER_0_13_77,VPWR,li1,43.7000,46.2400,1.799996
FILLER_0_13_65,VPWR,li1,38.1800,46.2400,1.799997
FILLER_0_13_54,VPWR,li1,30.8200,46.2400,1.799997
FILLER_0_13_42,VPWR,li1,27.6000,46.2400,1.799998
FILLER_0_13_30,VPWR,li1,22.0800,46.2400,1.799998
FILLER_0_13_18,VPWR,li1,16.5600,46.2400,1.799998
FILLER_0_13_6,VPWR,li1,11.0400,46.2400,1.799998
FILLER_0_12_188,VPWR,li1,92.4600,46.2400,1.799994
FILLER_0_12_173,VPWR,li1,85.7900,46.2400,1.799996
FILLER_0_12_161,VPWR,li1,82.3400,46.2400,1.799996
FILLER_0_12_149,VPWR,li1,76.8200,46.2400,1.799996
FILLER_0_12_145,VPWR,li1,72.4500,46.2400,1.799997
FILLER_0_12_141,VPWR,li1,71.3000,46.2400,1.799997
FILLER_0_12_139,VPWR,li1,69.6900,46.2400,1.799997
FILLER_0_12_127,VPWR,li1,65.3200,46.2400,1.799997
FILLER_0_12_115,VPWR,li1,61.1800,46.2400,1.799997
FILLER_0_12_103,VPWR,li1,55.6600,46.2400,1.799997
FILLER_0_12_91,VPWR,li1,50.1400,46.2400,1.799996
FILLER_0_12_83,VPWR,li1,43.9300,46.2400,1.799996
FILLER_0_12_77,VPWR,li1,41.1700,46.2400,1.799997
FILLER_0_12_65,VPWR,li1,38.1800,46.2400,1.799997
FILLER_0_12_53,VPWR,li1,32.6600,46.2400,1.799997
FILLER_0_12_41,VPWR,li1,27.1400,46.2400,1.799998
FILLER_0_12_29,VPWR,li1,21.6200,46.2400,1.799998
FILLER_0_12_27,VPWR,li1,18.1700,46.2400,1.799998
FILLER_0_12_19,VPWR,li1,16.1000,46.2400,1.799998
FILLER_0_12_15,VPWR,li1,12.6500,46.2400,1.799998
FILLER_0_12_3,VPWR,li1,9.6600,46.2400,1.799998
FILLER_0_11_185,VPWR,li1,90.8500,40.8000,1.799989
FILLER_0_11_179,VPWR,li1,89.2400,40.8000,1.799989
FILLER_0_11_175,VPWR,li1,86.2500,40.8000,1.799990
FILLER_0_11_169,VPWR,li1,84.6400,40.8000,1.799991
FILLER_0_11_167,VPWR,li1,82.5700,40.8000,1.799991
FILLER_0_11_159,VPWR,li1,80.5000,40.8000,1.799991
FILLER_0_11_148,VPWR,li1,73.8300,40.8000,1.799991
FILLER_0_11_142,VPWR,li1,72.2200,40.8000,1.799991
FILLER_0_11_130,VPWR,li1,68.0800,40.8000,1.799992
FILLER_0_11_125,VPWR,li1,63.2500,40.8000,1.799994
FILLER_0_11_113,VPWR,li1,60.2600,40.8000,1.799995
FILLER_0_11_111,VPWR,li1,56.8100,40.8000,1.799995
FILLER_0_11_105,VPWR,li1,55.2000,40.8000,1.799995
FILLER_0_11_93,VPWR,li1,51.0600,40.8000,1.799995
FILLER_0_11_81,VPWR,li1,45.5400,40.8000,1.799996
FILLER_0_11_69,VPWR,li1,40.0200,40.8000,1.799997
FILLER_0_11_57,VPWR,li1,34.5000,40.8000,1.799997
FILLER_0_11_44,VPWR,li1,28.5200,40.8000,1.799997
FILLER_0_11_31,VPWR,li1,21.1600,40.8000,1.799996
FILLER_0_11_19,VPWR,li1,17.0200,40.8000,1.799997
FILLER_0_11_7,VPWR,li1,11.5000,40.8000,1.799997
FILLER_0_10_178,VPWR,li1,90.1600,40.8000,1.799989
FILLER_0_10_141,VPWR,li1,70.6100,40.8000,1.799992
FILLER_0_10_131,VPWR,li1,67.1600,40.8000,1.799992
FILLER_0_10_119,VPWR,li1,63.0200,40.8000,1.799994
FILLER_0_10_113,VPWR,li1,57.7300,40.8000,1.799995
FILLER_0_10_107,VPWR,li1,56.1200,40.8000,1.799995
FILLER_0_10_97,VPWR,li1,50.8300,40.8000,1.799995
FILLER_0_10_85,VPWR,li1,47.3800,40.8000,1.799996
FILLER_0_10_83,VPWR,li1,43.9300,40.8000,1.799996
FILLER_0_10_75,VPWR,li1,41.8600,40.8000,1.799996
FILLER_0_10_63,VPWR,li1,37.2600,40.8000,1.799997
FILLER_0_10_51,VPWR,li1,31.7400,40.8000,1.799997
FILLER_0_10_35,VPWR,li1,21.8500,40.8000,1.799996
FILLER_0_10_29,VPWR,li1,20.2400,40.8000,1.799996
FILLER_0_10_22,VPWR,li1,17.0200,40.8000,1.799997
FILLER_0_10_10,VPWR,li1,11.9600,40.8000,1.799997
FILLER_0_9_185,VPWR,li1,90.8500,35.3600,1.799994
FILLER_0_9_181,VPWR,li1,89.7000,35.3600,1.799994
FILLER_0_9_169,VPWR,li1,86.0200,35.3600,1.799995
FILLER_0_9_160,VPWR,li1,80.9600,35.3600,1.799995
FILLER_0_9_155,VPWR,li1,77.0500,35.3600,1.799995
FILLER_0_9_147,VPWR,li1,74.9800,35.3600,1.799995
FILLER_0_9_135,VPWR,li1,70.3800,35.3600,1.799995
FILLER_0_9_113,VPWR,li1,58.4200,35.3600,1.799996
FILLER_0_9_111,VPWR,li1,56.8100,35.3600,1.799996
FILLER_0_9_103,VPWR,li1,54.7400,35.3600,1.799996
FILLER_0_9_91,VPWR,li1,50.1400,35.3600,1.799996
FILLER_0_9_79,VPWR,li1,44.6200,35.3600,1.799995
FILLER_0_9_67,VPWR,li1,39.1000,35.3600,1.799995
FILLER_0_9_57,VPWR,li1,32.4300,35.3600,1.799995
FILLER_0_9_55,VPWR,li1,31.0500,35.3600,1.799995
FILLER_0_9_47,VPWR,li1,28.9800,35.3600,1.799995
FILLER_0_9_35,VPWR,li1,24.3800,35.3600,1.799995
FILLER_0_9_31,VPWR,li1,20.0100,35.3600,1.799995
FILLER_0_9_19,VPWR,li1,17.0200,35.3600,1.799996
FILLER_0_9_7,VPWR,li1,11.5000,35.3600,1.799997
FILLER_0_8_181,VPWR,li1,89.0100,35.3600,1.799994
FILLER_0_8_177,VPWR,li1,87.8600,35.3600,1.799994
FILLER_0_8_165,VPWR,li1,84.1800,35.3600,1.799995
FILLER_0_8_153,VPWR,li1,78.6600,35.3600,1.799995
FILLER_0_8_141,VPWR,li1,73.1400,35.3600,1.799995
FILLER_0_8_139,VPWR,li1,69.6900,35.3600,1.799995
FILLER_0_8_133,VPWR,li1,68.0800,35.3600,1.799995
FILLER_0_8_121,VPWR,li1,63.9400,35.3600,1.799996
FILLER_0_8_109,VPWR,li1,58.4200,35.3600,1.799996
FILLER_0_8_97,VPWR,li1,52.9000,35.3600,1.799996
FILLER_0_8_85,VPWR,li1,47.3800,35.3600,1.799996
FILLER_0_8_83,VPWR,li1,43.9300,35.3600,1.799995
FILLER_0_8_61,VPWR,li1,34.9600,35.3600,1.799996
FILLER_0_8_46,VPWR,li1,26.9100,35.3600,1.799995
FILLER_0_8_42,VPWR,li1,25.7600,35.3600,1.799995
FILLER_0_8_29,VPWR,li1,20.2400,35.3600,1.799995
FILLER_0_8_27,VPWR,li1,18.1700,35.3600,1.799996
FILLER_0_8_15,VPWR,li1,15.1800,35.3600,1.799996
FILLER_0_8_3,VPWR,li1,9.6600,35.3600,1.799997
FILLER_0_7_169,VPWR,li1,83.9500,29.9200,1.799996
FILLER_0_7_167,VPWR,li1,82.5700,29.9200,1.799996
FILLER_0_7_163,VPWR,li1,81.4200,29.9200,1.799996
FILLER_0_7_151,VPWR,li1,77.7400,29.9200,1.799996
FILLER_0_7_139,VPWR,li1,72.2200,29.9200,1.799996
FILLER_0_7_131,VPWR,li1,66.0100,29.9200,1.799996
FILLER_0_7_125,VPWR,li1,64.4000,29.9200,1.799996
FILLER_0_7_113,VPWR,li1,60.2600,29.9200,1.799996
FILLER_0_7_111,VPWR,li1,56.8100,29.9200,1.799995
FILLER_0_7_102,VPWR,li1,53.3600,29.9200,1.799994
FILLER_0_7_90,VPWR,li1,49.6800,29.9200,1.799993
FILLER_0_7_78,VPWR,li1,44.1600,29.9200,1.799994
FILLER_0_7_57,VPWR,li1,31.9700,29.9200,1.799995
FILLER_0_7_48,VPWR,li1,29.4400,29.9200,1.799995
FILLER_0_7_39,VPWR,li1,24.1500,29.9200,1.799995
FILLER_0_7_31,VPWR,li1,21.6200,29.9200,1.799996
FILLER_0_7_19,VPWR,li1,17.0200,29.9200,1.799996
FILLER_0_7_7,VPWR,li1,11.5000,29.9200,1.799997
FILLER_0_6_182,VPWR,li1,91.0800,29.9200,1.799995
FILLER_0_6_170,VPWR,li1,86.4800,29.9200,1.799996
FILLER_0_6_153,VPWR,li1,78.6600,29.9200,1.799996
FILLER_0_6_141,VPWR,li1,73.1400,29.9200,1.799996
FILLER_0_6_137,VPWR,li1,69.2300,29.9200,1.799996
FILLER_0_6_129,VPWR,li1,65.3200,29.9200,1.799996
FILLER_0_6_121,VPWR,li1,61.8700,29.9200,1.799996
FILLER_0_6_109,VPWR,li1,58.4200,29.9200,1.799995
FILLER_0_6_85,VPWR,li1,45.3100,29.9200,1.799994
FILLER_0_6_83,VPWR,li1,43.9300,29.9200,1.799994
FILLER_0_6_79,VPWR,li1,42.7800,29.9200,1.799994
FILLER_0_6_69,VPWR,li1,38.1800,29.9200,1.799994
FILLER_0_6_65,VPWR,li1,35.6500,29.9200,1.799995
FILLER_0_6_53,VPWR,li1,32.6600,29.9200,1.799995
FILLER_0_6_41,VPWR,li1,27.1400,29.9200,1.799995
FILLER_0_6_29,VPWR,li1,21.6200,29.9200,1.799996
FILLER_0_6_27,VPWR,li1,18.1700,29.9200,1.799996
FILLER_0_6_23,VPWR,li1,17.0200,29.9200,1.799996
FILLER_0_6_11,VPWR,li1,13.3400,29.9200,1.799997
FILLER_0_6_7,VPWR,li1,8.9700,29.9200,1.799997
FILLER_0_6_3,VPWR,li1,7.8200,29.9200,1.799997
FILLER_0_5_189,VPWR,li1,92.6900,24.4800,1.799997
FILLER_0_5_181,VPWR,li1,90.6200,24.4800,1.799997
FILLER_0_5_169,VPWR,li1,86.0200,24.4800,1.799997
FILLER_0_5_167,VPWR,li1,82.5700,24.4800,1.799996
FILLER_0_5_162,VPWR,li1,80.2700,24.4800,1.799996
FILLER_0_5_150,VPWR,li1,75.2100,24.4800,1.799996
FILLER_0_5_142,VPWR,li1,72.6800,24.4800,1.799996
FILLER_0_5_130,VPWR,li1,68.0800,24.4800,1.799996
FILLER_0_5_125,VPWR,li1,63.2500,24.4800,1.799997
FILLER_0_5_113,VPWR,li1,60.2600,24.4800,1.799997
FILLER_0_5_111,VPWR,li1,56.8100,24.4800,1.799997
FILLER_0_5_105,VPWR,li1,55.2000,24.4800,1.799996
FILLER_0_5_93,VPWR,li1,51.0600,24.4800,1.799996
FILLER_0_5_81,VPWR,li1,45.5400,24.4800,1.799997
FILLER_0_5_69,VPWR,li1,40.0200,24.4800,1.799997
FILLER_0_5_57,VPWR,li1,34.5000,24.4800,1.799998
FILLER_0_5_55,VPWR,li1,31.0500,24.4800,1.799998
FILLER_0_5_51,VPWR,li1,29.9000,24.4800,1.799998
FILLER_0_5_45,VPWR,li1,26.6800,24.4800,1.799997
FILLER_0_5_33,VPWR,li1,23.4600,24.4800,1.799997
FILLER_0_5_21,VPWR,li1,17.9400,24.4800,1.799997
FILLER_0_5_9,VPWR,li1,12.4200,24.4800,1.799997
FILLER_0_4_178,VPWR,li1,90.1600,24.4800,1.799997
FILLER_0_4_166,VPWR,li1,84.6400,24.4800,1.799997
FILLER_0_4_148,VPWR,li1,76.3600,24.4800,1.799996
FILLER_0_4_138,VPWR,li1,69.4600,24.4800,1.799996
FILLER_0_4_126,VPWR,li1,66.2400,24.4800,1.799996
FILLER_0_4_114,VPWR,li1,60.7200,24.4800,1.799997
FILLER_0_4_109,VPWR,li1,56.1200,24.4800,1.799997
FILLER_0_4_101,VPWR,li1,53.8200,24.4800,1.799996
FILLER_0_4_97,VPWR,li1,50.3700,24.4800,1.799996
FILLER_0_4_85,VPWR,li1,47.3800,24.4800,1.799997
FILLER_0_4_83,VPWR,li1,43.9300,24.4800,1.799997
FILLER_0_4_77,VPWR,li1,42.3200,24.4800,1.799997
FILLER_0_4_65,VPWR,li1,38.1800,24.4800,1.799998
FILLER_0_4_53,VPWR,li1,32.6600,24.4800,1.799998
FILLER_0_4_45,VPWR,li1,26.4500,24.4800,1.799997
FILLER_0_4_41,VPWR,li1,25.3000,24.4800,1.799997
FILLER_0_4_29,VPWR,li1,21.6200,24.4800,1.799997
FILLER_0_4_27,VPWR,li1,18.1700,24.4800,1.799997
FILLER_0_4_15,VPWR,li1,15.1800,24.4800,1.799997
FILLER_0_4_7,VPWR,li1,8.9700,24.4800,1.799997
FILLER_0_4_3,VPWR,li1,7.8200,24.4800,1.799997
FILLER_0_3_169,VPWR,li1,86.0200,19.0400,1.799994
FILLER_0_3_167,VPWR,li1,82.5700,19.0400,1.799993
FILLER_0_3_159,VPWR,li1,80.5000,19.0400,1.799993
FILLER_0_3_147,VPWR,li1,75.9000,19.0400,1.799992
FILLER_0_3_137,VPWR,li1,69.2300,19.0400,1.799992
FILLER_0_3_125,VPWR,li1,65.7800,19.0400,1.799993
FILLER_0_3_113,VPWR,li1,60.2600,19.0400,1.799995
FILLER_0_3_104,VPWR,li1,55.2000,19.0400,1.799994
FILLER_0_3_100,VPWR,li1,51.7500,19.0400,1.799994
FILLER_0_3_88,VPWR,li1,48.7600,19.0400,1.799994
FILLER_0_3_76,VPWR,li1,43.2400,19.0400,1.799994
FILLER_0_3_64,VPWR,li1,37.7200,19.0400,1.799994
FILLER_0_3_54,VPWR,li1,30.8200,19.0400,1.799992
FILLER_0_3_29,VPWR,li1,21.6200,19.0400,1.799993
FILLER_0_3_7,VPWR,li1,11.5000,19.0400,1.799995
FILLER_0_2_189,VPWR,li1,92.6900,19.0400,1.799992
FILLER_0_2_185,VPWR,li1,91.5400,19.0400,1.799992
FILLER_0_2_173,VPWR,li1,87.8600,19.0400,1.799993
FILLER_0_2_156,VPWR,li1,77.5100,19.0400,1.799992
FILLER_0_2_148,VPWR,li1,75.4400,19.0400,1.799992
FILLER_0_2_126,VPWR,li1,63.7100,19.0400,1.799994
FILLER_0_2_120,VPWR,li1,62.1000,19.0400,1.799994
FILLER_0_2_105,VPWR,li1,54.5100,19.0400,1.799994
FILLER_0_2_97,VPWR,li1,51.9800,19.0400,1.799994
FILLER_0_2_85,VPWR,li1,47.3800,19.0400,1.799994
FILLER_0_2_76,VPWR,li1,42.3200,19.0400,1.799994
FILLER_0_2_68,VPWR,li1,37.2600,19.0400,1.799994
FILLER_0_2_59,VPWR,li1,33.1200,19.0400,1.799993
FILLER_0_2_47,VPWR,li1,28.5200,19.0400,1.799992
FILLER_0_2_35,VPWR,li1,24.3800,19.0400,1.799992
FILLER_0_2_29,VPWR,li1,19.0900,19.0400,1.799993
FILLER_0_2_25,VPWR,li1,17.7100,19.0400,1.799993
FILLER_0_2_13,VPWR,li1,14.2600,19.0400,1.799994
FILLER_0_2_3,VPWR,li1,7.5900,19.0400,1.799995
FILLER_0_1_189,VPWR,li1,92.6900,13.6000,1.799992
FILLER_0_1_181,VPWR,li1,90.6200,13.6000,1.799992
FILLER_0_1_169,VPWR,li1,86.0200,13.6000,1.799994
FILLER_0_1_167,VPWR,li1,82.5700,13.6000,1.799994
FILLER_0_1_161,VPWR,li1,80.9600,13.6000,1.799993
FILLER_0_1_149,VPWR,li1,76.8200,13.6000,1.799993
FILLER_0_1_137,VPWR,li1,71.3000,13.6000,1.799993
FILLER_0_1_125,VPWR,li1,65.7800,13.6000,1.799993
FILLER_0_1_113,VPWR,li1,60.2600,13.6000,1.799994
FILLER_0_1_108,VPWR,li1,56.1200,13.6000,1.799993
FILLER_0_1_96,VPWR,li1,52.4400,13.6000,1.799992
FILLER_0_1_91,VPWR,li1,47.8400,13.6000,1.799992
FILLER_0_1_79,VPWR,li1,44.6200,13.6000,1.799992
FILLER_0_1_67,VPWR,li1,39.1000,13.6000,1.799993
FILLER_0_1_61,VPWR,li1,33.8100,13.6000,1.799993
FILLER_0_1_57,VPWR,li1,32.6600,13.6000,1.799992
FILLER_0_1_48,VPWR,li1,29.4400,13.6000,1.799991
FILLER_0_1_25,VPWR,li1,17.2500,13.6000,1.799991
FILLER_0_1_19,VPWR,li1,15.6400,13.6000,1.799991
FILLER_0_1_7,VPWR,li1,11.5000,13.6000,1.799993
FILLER_0_0_185,VPWR,li1,90.8500,13.6000,1.799992
FILLER_0_0_173,VPWR,li1,87.8600,13.6000,1.799993
FILLER_0_0_164,VPWR,li1,81.8800,13.6000,1.799994
FILLER_0_0_160,VPWR,li1,79.3500,13.6000,1.799993
FILLER_0_0_148,VPWR,li1,76.3600,13.6000,1.799993
FILLER_0_0_141,VPWR,li1,70.8400,13.6000,1.799993
FILLER_0_0_117,VPWR,li1,59.5700,13.6000,1.799993
FILLER_0_0_113,VPWR,li1,58.4200,13.6000,1.799993
FILLER_0_0_111,VPWR,li1,56.8100,13.6000,1.799993
FILLER_0_0_107,VPWR,li1,55.6600,13.6000,1.799993
FILLER_0_0_89,VPWR,li1,46.6900,13.6000,1.799992
FILLER_0_0_85,VPWR,li1,45.5400,13.6000,1.799992
FILLER_0_0_83,VPWR,li1,43.9300,13.6000,1.799992
FILLER_0_0_75,VPWR,li1,40.2500,13.6000,1.799993
FILLER_0_0_69,VPWR,li1,38.6400,13.6000,1.799993
FILLER_0_0_57,VPWR,li1,34.5000,13.6000,1.799993
FILLER_0_0_55,VPWR,li1,31.0500,13.6000,1.799991
FILLER_0_0_49,VPWR,li1,29.4400,13.6000,1.799991
FILLER_0_0_37,VPWR,li1,25.3000,13.6000,1.799990
FILLER_0_0_15,VPWR,li1,13.1100,13.6000,1.799992
FILLER_0_0_7,VPWR,li1,10.5800,13.6000,1.799993
rebuffer3,VPWR,li1,29.4400,35.3600,1.799995
rebuffer2,VPWR,li1,41.1700,68.0000,1.799993
rebuffer1,VPWR,li1,37.9500,68.0000,1.799994
output27,VPWR,li1,92.0000,13.6000,1.799992
output26,VPWR,li1,89.7000,19.0400,1.799992
output25,VPWR,li1,92.0000,35.3600,1.799993
output24,VPWR,li1,92.0000,40.8000,1.799988
output23,VPWR,li1,92.0000,57.1200,1.799991
output22,VPWR,li1,92.0000,68.0000,1.799989
output21,VPWR,li1,92.0000,84.3200,1.799993
output20,VPWR,li1,92.0000,84.3200,1.799993
input19,VPWR,li1,17.0200,13.6000,1.799991
input18,VPWR,li1,51.5200,13.6000,1.799992
input17,VPWR,li1,84.1800,13.6000,1.799994
input16,VPWR,li1,7.8200,51.6800,1.799997
input15,VPWR,li1,7.8200,57.1200,1.799994
input14,VPWR,li1,7.8200,62.5600,1.799997
input13,VPWR,li1,8.2800,68.0000,1.799996
input12,VPWR,li1,7.8200,73.4400,1.799992
input11,VPWR,li1,7.8200,78.8800,1.799995
input10,VPWR,li1,7.8200,84.3200,1.799996
input9,VPWR,li1,9.2000,84.3200,1.799996
input8,VPWR,li1,7.8200,13.6000,1.799993
input7,VPWR,li1,7.8200,13.6000,1.799993
input6,VPWR,li1,7.8200,19.0400,1.799995
input5,VPWR,li1,8.2800,24.4800,1.799997
input4,VPWR,li1,7.8200,29.9200,1.799997
input3,VPWR,li1,7.8200,35.3600,1.799997
input2,VPWR,li1,7.8200,40.8000,1.799996
input1,VPWR,li1,7.5900,46.2400,1.799998
TAP_TAPCELL_ROW_27_145,VPWR,li1,83.0300,84.6260,1.799995
TAP_TAPCELL_ROW_27_144,VPWR,li1,70.1500,84.6260,1.799994
TAP_TAPCELL_ROW_27_143,VPWR,li1,57.2700,84.6260,1.799994
TAP_TAPCELL_ROW_27_142,VPWR,li1,44.3900,84.6260,1.799993
TAP_TAPCELL_ROW_27_141,VPWR,li1,31.5100,84.6260,1.799995
TAP_TAPCELL_ROW_27_140,VPWR,li1,18.6300,84.6260,1.799995
TAP_TAPCELL_ROW_26_139,VPWR,li1,70.1500,84.0130,1.799994
TAP_TAPCELL_ROW_26_138,VPWR,li1,44.3900,84.0130,1.799993
TAP_TAPCELL_ROW_26_137,VPWR,li1,18.6300,84.0130,1.799995
TAP_TAPCELL_ROW_25_136,VPWR,li1,83.0300,79.1860,1.799995
TAP_TAPCELL_ROW_25_135,VPWR,li1,57.2700,79.1860,1.799996
TAP_TAPCELL_ROW_25_134,VPWR,li1,31.5100,79.1860,1.799993
TAP_TAPCELL_ROW_24_133,VPWR,li1,70.1500,78.5730,1.799994
TAP_TAPCELL_ROW_24_132,VPWR,li1,44.3900,78.5730,1.799995
TAP_TAPCELL_ROW_24_131,VPWR,li1,18.6300,78.5730,1.799993
TAP_TAPCELL_ROW_23_130,VPWR,li1,83.0300,73.7460,1.799998
TAP_TAPCELL_ROW_23_129,VPWR,li1,57.2700,73.7460,1.799995
TAP_TAPCELL_ROW_23_128,VPWR,li1,31.5100,73.7460,1.799991
TAP_TAPCELL_ROW_22_127,VPWR,li1,70.1500,73.1330,1.799996
TAP_TAPCELL_ROW_22_126,VPWR,li1,44.3900,73.1330,1.799991
TAP_TAPCELL_ROW_22_125,VPWR,li1,18.6300,73.1330,1.799992
TAP_TAPCELL_ROW_21_124,VPWR,li1,83.0300,68.3060,1.799993
TAP_TAPCELL_ROW_21_123,VPWR,li1,57.2700,68.3060,1.799993
TAP_TAPCELL_ROW_21_122,VPWR,li1,31.5100,68.3060,1.799994
TAP_TAPCELL_ROW_20_121,VPWR,li1,70.1500,67.6930,1.799994
TAP_TAPCELL_ROW_20_120,VPWR,li1,44.3900,67.6930,1.799993
TAP_TAPCELL_ROW_20_119,VPWR,li1,18.6300,67.6930,1.799995
TAP_TAPCELL_ROW_19_118,VPWR,li1,83.0300,62.8660,1.799998
TAP_TAPCELL_ROW_19_117,VPWR,li1,57.2700,62.8660,1.799997
TAP_TAPCELL_ROW_19_116,VPWR,li1,31.5100,62.8660,1.799997
TAP_TAPCELL_ROW_18_115,VPWR,li1,70.1500,62.2530,1.799997
TAP_TAPCELL_ROW_18_114,VPWR,li1,44.3900,62.2530,1.799996
TAP_TAPCELL_ROW_18_113,VPWR,li1,18.6300,62.2530,1.799997
TAP_TAPCELL_ROW_17_112,VPWR,li1,83.0300,57.4260,1.799993
TAP_TAPCELL_ROW_17_111,VPWR,li1,57.2700,57.4260,1.799994
TAP_TAPCELL_ROW_17_110,VPWR,li1,31.5100,57.4260,1.799995
TAP_TAPCELL_ROW_16_109,VPWR,li1,70.1500,56.8130,1.799994
TAP_TAPCELL_ROW_16_108,VPWR,li1,44.3900,56.8130,1.799995
TAP_TAPCELL_ROW_16_107,VPWR,li1,18.6300,56.8130,1.799994
TAP_TAPCELL_ROW_15_106,VPWR,li1,83.0300,51.9860,1.799997
TAP_TAPCELL_ROW_15_105,VPWR,li1,57.2700,51.9860,1.799998
TAP_TAPCELL_ROW_15_104,VPWR,li1,31.5100,51.9860,1.799997
TAP_TAPCELL_ROW_14_103,VPWR,li1,70.1500,51.3730,1.799998
TAP_TAPCELL_ROW_14_102,VPWR,li1,44.3900,51.3730,1.799998
TAP_TAPCELL_ROW_14_101,VPWR,li1,18.6300,51.3730,1.799997
TAP_TAPCELL_ROW_13_100,VPWR,li1,83.0300,46.5460,1.799996
TAP_TAPCELL_ROW_13_99,VPWR,li1,57.2700,46.5460,1.799997
TAP_TAPCELL_ROW_13_98,VPWR,li1,31.5100,46.5460,1.799997
TAP_TAPCELL_ROW_12_97,VPWR,li1,70.1500,45.9330,1.799997
TAP_TAPCELL_ROW_12_96,VPWR,li1,44.3900,45.9330,1.799996
TAP_TAPCELL_ROW_12_95,VPWR,li1,18.6300,45.9330,1.799998
TAP_TAPCELL_ROW_11_94,VPWR,li1,83.0300,41.1060,1.799991
TAP_TAPCELL_ROW_11_93,VPWR,li1,57.2700,41.1060,1.799995
TAP_TAPCELL_ROW_11_92,VPWR,li1,31.5100,41.1060,1.799997
TAP_TAPCELL_ROW_10_91,VPWR,li1,70.1500,40.4930,1.799992
TAP_TAPCELL_ROW_10_90,VPWR,li1,44.3900,40.4930,1.799996
TAP_TAPCELL_ROW_10_89,VPWR,li1,18.6300,40.4930,1.799997
TAP_TAPCELL_ROW_9_88,VPWR,li1,83.0300,35.6660,1.799995
TAP_TAPCELL_ROW_9_87,VPWR,li1,57.2700,35.6660,1.799996
TAP_TAPCELL_ROW_9_86,VPWR,li1,31.5100,35.6660,1.799995
TAP_TAPCELL_ROW_8_85,VPWR,li1,70.1500,35.0530,1.799995
TAP_TAPCELL_ROW_8_84,VPWR,li1,44.3900,35.0530,1.799995
TAP_TAPCELL_ROW_8_83,VPWR,li1,18.6300,35.0530,1.799996
TAP_TAPCELL_ROW_7_82,VPWR,li1,83.0300,30.2260,1.799996
TAP_TAPCELL_ROW_7_81,VPWR,li1,57.2700,30.2260,1.799995
TAP_TAPCELL_ROW_7_80,VPWR,li1,31.5100,30.2260,1.799995
TAP_TAPCELL_ROW_6_79,VPWR,li1,70.1500,29.6130,1.799996
TAP_TAPCELL_ROW_6_78,VPWR,li1,44.3900,29.6130,1.799994
TAP_TAPCELL_ROW_6_77,VPWR,li1,18.6300,29.6130,1.799996
TAP_TAPCELL_ROW_5_76,VPWR,li1,83.0300,24.7860,1.799996
TAP_TAPCELL_ROW_5_75,VPWR,li1,57.2700,24.7860,1.799997
TAP_TAPCELL_ROW_5_74,VPWR,li1,31.5100,24.7860,1.799998
TAP_TAPCELL_ROW_4_73,VPWR,li1,70.1500,24.1730,1.799996
TAP_TAPCELL_ROW_4_72,VPWR,li1,44.3900,24.1730,1.799997
TAP_TAPCELL_ROW_4_71,VPWR,li1,18.6300,24.1730,1.799997
TAP_TAPCELL_ROW_3_70,VPWR,li1,83.0300,19.3460,1.799993
TAP_TAPCELL_ROW_3_69,VPWR,li1,57.2700,19.3460,1.799994
TAP_TAPCELL_ROW_3_68,VPWR,li1,31.5100,19.3460,1.799993
TAP_TAPCELL_ROW_2_67,VPWR,li1,70.1500,18.7330,1.799992
TAP_TAPCELL_ROW_2_66,VPWR,li1,44.3900,18.7330,1.799994
TAP_TAPCELL_ROW_2_65,VPWR,li1,18.6300,18.7330,1.799993
TAP_TAPCELL_ROW_1_64,VPWR,li1,83.0300,13.9060,1.799994
TAP_TAPCELL_ROW_1_63,VPWR,li1,57.2700,13.9060,1.799993
TAP_TAPCELL_ROW_1_62,VPWR,li1,31.5100,13.9060,1.799992
TAP_TAPCELL_ROW_0_61,VPWR,li1,83.0300,13.2930,1.799994
TAP_TAPCELL_ROW_0_60,VPWR,li1,70.1500,13.2930,1.799993
TAP_TAPCELL_ROW_0_59,VPWR,li1,57.2700,13.2930,1.799993
TAP_TAPCELL_ROW_0_58,VPWR,li1,44.3900,13.2930,1.799992
TAP_TAPCELL_ROW_0_57,VPWR,li1,31.5100,13.2930,1.799992
TAP_TAPCELL_ROW_0_56,VPWR,li1,18.6300,13.2930,1.799990
PHY_EDGE_ROW_27_Left_55,VPWR,li1,6.2100,84.3200,1.799996
PHY_EDGE_ROW_26_Left_54,VPWR,li1,6.2100,84.3200,1.799996
PHY_EDGE_ROW_25_Left_53,VPWR,li1,6.2100,78.8800,1.799995
PHY_EDGE_ROW_24_Left_52,VPWR,li1,6.2100,78.8800,1.799995
PHY_EDGE_ROW_23_Left_51,VPWR,li1,6.2100,73.4400,1.799992
PHY_EDGE_ROW_22_Left_50,VPWR,li1,6.2100,73.4400,1.799992
PHY_EDGE_ROW_21_Left_49,VPWR,li1,6.2100,68.0000,1.799996
PHY_EDGE_ROW_20_Left_48,VPWR,li1,6.2100,68.0000,1.799996
PHY_EDGE_ROW_19_Left_47,VPWR,li1,6.2100,62.5600,1.799997
PHY_EDGE_ROW_18_Left_46,VPWR,li1,6.2100,62.5600,1.799997
PHY_EDGE_ROW_17_Left_45,VPWR,li1,6.2100,57.1200,1.799994
PHY_EDGE_ROW_16_Left_44,VPWR,li1,6.2100,57.1200,1.799994
PHY_EDGE_ROW_15_Left_43,VPWR,li1,6.2100,51.6800,1.799997
PHY_EDGE_ROW_14_Left_42,VPWR,li1,6.2100,51.6800,1.799997
PHY_EDGE_ROW_13_Left_41,VPWR,li1,6.2100,46.2400,1.799998
PHY_EDGE_ROW_12_Left_40,VPWR,li1,6.2100,46.2400,1.799998
PHY_EDGE_ROW_11_Left_39,VPWR,li1,6.2100,40.8000,1.799996
PHY_EDGE_ROW_10_Left_38,VPWR,li1,6.2100,40.8000,1.799996
PHY_EDGE_ROW_9_Left_37,VPWR,li1,6.2100,35.3600,1.799997
PHY_EDGE_ROW_8_Left_36,VPWR,li1,6.2100,35.3600,1.799997
PHY_EDGE_ROW_7_Left_35,VPWR,li1,6.2100,29.9200,1.799997
PHY_EDGE_ROW_6_Left_34,VPWR,li1,6.2100,29.9200,1.799997
PHY_EDGE_ROW_5_Left_33,VPWR,li1,6.2100,24.4800,1.799997
PHY_EDGE_ROW_4_Left_32,VPWR,li1,6.2100,24.4800,1.799997
PHY_EDGE_ROW_3_Left_31,VPWR,li1,6.2100,19.0400,1.799995
PHY_EDGE_ROW_2_Left_30,VPWR,li1,6.2100,19.0400,1.799995
PHY_EDGE_ROW_1_Left_29,VPWR,li1,6.2100,13.6000,1.799993
PHY_EDGE_ROW_0_Left_28,VPWR,li1,6.2100,13.6000,1.799993
PHY_EDGE_ROW_27_Right_27,VPWR,li1,93.6100,84.3200,1.799993
PHY_EDGE_ROW_26_Right_26,VPWR,li1,93.6100,84.3200,1.799993
PHY_EDGE_ROW_25_Right_25,VPWR,li1,93.6100,78.8800,1.799996
PHY_EDGE_ROW_24_Right_24,VPWR,li1,93.6100,78.8800,1.799996
PHY_EDGE_ROW_23_Right_23,VPWR,li1,93.6100,73.4400,1.799998
PHY_EDGE_ROW_22_Right_22,VPWR,li1,93.6100,73.4400,1.799998
PHY_EDGE_ROW_21_Right_21,VPWR,li1,93.6100,68.0000,1.799989
PHY_EDGE_ROW_20_Right_20,VPWR,li1,93.6100,68.0000,1.799989
PHY_EDGE_ROW_19_Right_19,VPWR,li1,93.6100,62.5600,1.799999
PHY_EDGE_ROW_18_Right_18,VPWR,li1,93.6100,62.5600,1.799999
PHY_EDGE_ROW_17_Right_17,VPWR,li1,93.6100,57.1200,1.799991
PHY_EDGE_ROW_16_Right_16,VPWR,li1,93.6100,57.1200,1.799991
PHY_EDGE_ROW_15_Right_15,VPWR,li1,93.6100,51.6800,1.799998
PHY_EDGE_ROW_14_Right_14,VPWR,li1,93.6100,51.6800,1.799998
PHY_EDGE_ROW_13_Right_13,VPWR,li1,93.6100,46.2400,1.799994
PHY_EDGE_ROW_12_Right_12,VPWR,li1,93.6100,46.2400,1.799994
PHY_EDGE_ROW_11_Right_11,VPWR,li1,93.6100,40.8000,1.799988
PHY_EDGE_ROW_10_Right_10,VPWR,li1,93.6100,40.8000,1.799988
PHY_EDGE_ROW_9_Right_9,VPWR,li1,93.6100,35.3600,1.799993
PHY_EDGE_ROW_8_Right_8,VPWR,li1,93.6100,35.3600,1.799993
PHY_EDGE_ROW_7_Right_7,VPWR,li1,93.6100,29.9200,1.799995
PHY_EDGE_ROW_6_Right_6,VPWR,li1,93.6100,29.9200,1.799995
PHY_EDGE_ROW_5_Right_5,VPWR,li1,93.6100,24.4800,1.799997
PHY_EDGE_ROW_4_Right_4,VPWR,li1,93.6100,24.4800,1.799997
PHY_EDGE_ROW_3_Right_3,VPWR,li1,93.6100,19.0400,1.799992
PHY_EDGE_ROW_2_Right_2,VPWR,li1,93.6100,19.0400,1.799992
PHY_EDGE_ROW_1_Right_1,VPWR,li1,93.6100,13.6000,1.799992
PHY_EDGE_ROW_0_Right_0,VPWR,li1,93.6100,13.6000,1.799992
_347_,VPWR,li1,69.2300,40.8000,1.799992
_346_,VPWR,li1,24.6100,73.4400,1.799990
_345_,VPWR,li1,35.1900,19.0400,1.799994
_344_,VPWR,li1,14.7200,40.8000,1.799997
_343_,VPWR,li1,76.5900,73.4400,1.799997
_342_,VPWR,li1,40.4800,29.9200,1.799994
_341_,VPWR,li1,71.9900,24.4800,1.799996
_340_,VPWR,li1,67.1600,29.9200,1.799996
_339_,VPWR,li1,24.6100,84.3200,1.799995
_338_,VPWR,li1,17.2500,62.5600,1.799997
_337_,VPWR,li1,20.9300,35.3600,1.799995
_336_,VPWR,li1,23.2300,35.3600,1.799995
_335_,VPWR,li1,20.7000,13.6000,1.799989
_334_,VPWR,li1,20.7000,68.0000,1.799995
_333_,VPWR,li1,29.6700,19.0400,1.799992
_332_,VPWR,li1,27.8300,51.6800,1.799997
_331_,VPWR,li1,32.6600,35.3600,1.799995
_330_,VPWR,li1,33.3500,19.0400,1.799994
_329_,VPWR,li1,53.1300,40.8000,1.799995
_328_,VPWR,li1,36.5700,29.9200,1.799995
_327_,VPWR,li1,71.7600,78.8800,1.799994
_326_,VPWR,li1,31.5100,68.0000,1.799994
_325_,VPWR,li1,28.0600,68.0000,1.799995
_324_,VPWR,li1,11.0400,62.5600,1.799997
_323_,VPWR,li1,48.5300,57.1200,1.799994
_322_,VPWR,li1,80.7300,57.1200,1.799993
_321_,VPWR,li1,32.6600,78.8800,1.799993
_320_,VPWR,li1,45.5400,51.6800,1.799998
_319_,VPWR,li1,17.7100,19.0400,1.799993
_318_,VPWR,li1,87.1700,46.2400,1.799995
_317_,VPWR,li1,91.0800,35.3600,1.799994
_316_,VPWR,li1,33.3500,57.1200,1.799995
_315_,VPWR,li1,9.8900,29.9200,1.799997
_314_,VPWR,li1,84.6400,46.2400,1.799996
_313_,VPWR,li1,43.0100,35.3600,1.799995
_312_,VPWR,li1,67.8500,29.9200,1.799996
_311_,VPWR,li1,24.1500,40.8000,1.799996
_310_,VPWR,li1,9.8900,19.0400,1.799995
_309_,VPWR,li1,30.1300,84.3200,1.799995
_308_,VPWR,li1,12.4200,57.1200,1.799994
_307_,VPWR,li1,34.7300,35.3600,1.799996
_306_,VPWR,li1,47.3800,68.0000,1.799992
_305_,VPWR,li1,46.2300,68.0000,1.799992
_304_,VPWR,li1,85.5600,84.3200,1.799995
_303_,VPWR,li1,72.4500,13.6000,1.799993
_302_,VPWR,li1,91.3100,29.9200,1.799995
_301_,VPWR,li1,33.5800,46.2400,1.799997
_300_,VPWR,li1,40.7100,73.4400,1.799991
_299_,VPWR,li1,43.0100,84.3200,1.799993
_298_,VPWR,li1,72.2200,40.8000,1.799991
_297_,VPWR,li1,64.4000,40.8000,1.799994
_296_,VPWR,li1,21.3900,51.6800,1.799996
_295_,VPWR,li1,53.8200,13.6000,1.799992
_294_,VPWR,li1,59.1100,19.0400,1.799995
_293_,VPWR,li1,84.6400,78.8800,1.799995
_292_,VPWR,li1,39.3300,35.3600,1.799995
_291_,VPWR,li1,38.6400,62.5600,1.799996
_290_,VPWR,li1,10.8100,24.4800,1.799997
_289_,VPWR,li1,76.3600,40.8000,1.799990
_288_,VPWR,li1,17.7100,57.1200,1.799994
_287_,VPWR,li1,28.2900,24.4800,1.799998
_286_,VPWR,li1,52.6700,19.0400,1.799994
_285_,VPWR,li1,58.1900,57.1200,1.799995
_284_,VPWR,li1,87.1700,40.8000,1.799990
_283_,VPWR,li1,55.4300,29.9200,1.799995
_282_,VPWR,li1,39.1000,19.0400,1.799994
_281_,VPWR,li1,13.5700,46.2400,1.799998
_280_,VPWR,li1,85.1000,68.0000,1.799993
_279_,VPWR,li1,78.2000,57.1200,1.799993
_278_,VPWR,li1,48.5300,13.6000,1.799992
_277_,VPWR,li1,63.4800,35.3600,1.799996
_276_,VPWR,li1,50.8300,29.9200,1.799993
_275_,VPWR,li1,57.2700,24.4800,1.799997
_274_,VPWR,li1,39.7900,29.9200,1.799994
_273_,VPWR,li1,92.2300,46.2400,1.799994
_272_,VPWR,li1,25.5300,19.0400,1.799992
_271_,VPWR,li1,75.2100,68.0000,1.799993
_270_,VPWR,li1,71.5300,19.0400,1.799992
_269_,VPWR,li1,35.1900,29.9200,1.799995
_268_,VPWR,li1,33.8100,73.4400,1.799991
_267_,VPWR,li1,81.6500,78.8800,1.799994
_266_,VPWR,li1,8.0500,57.1200,1.799994
_265_,VPWR,li1,28.9800,73.4400,1.799990
_264_,VPWR,li1,14.7200,13.6000,1.799992
_263_,VPWR,li1,26.2200,29.9200,1.799995
_262_,VPWR,li1,29.6700,73.4400,1.799990
_261_,VPWR,li1,56.3500,19.0400,1.799994
_260_,VPWR,li1,73.3700,62.5600,1.799997
_259_,VPWR,li1,27.8300,78.8800,1.799992
_258_,VPWR,li1,61.1800,68.0000,1.799995
_257_,VPWR,li1,61.1800,84.3200,1.799993
_256_,VPWR,li1,82.5700,29.9200,1.799996
_255_,VPWR,li1,35.1900,13.6000,1.799993
_254_,VPWR,li1,59.1100,40.8000,1.799995
_253_,VPWR,li1,59.5700,51.6800,1.799998
_252_,VPWR,li1,56.3500,57.1200,1.799994
_251_,VPWR,li1,26.2200,78.8800,1.799992
_250_,VPWR,li1,47.6100,84.3200,1.799992
_249_,VPWR,li1,82.3400,51.6800,1.799997
_248_,VPWR,li1,85.7900,29.9200,1.799996
_247_,VPWR,li1,15.1800,57.1200,1.799993
_246_,VPWR,li1,27.1400,84.3200,1.799995
_245_,VPWR,li1,77.9700,24.4800,1.799996
_244_,VPWR,li1,49.4500,68.0000,1.799992
_243_,VPWR,li1,81.4200,24.4800,1.799996
_242_,VPWR,li1,36.1100,57.1200,1.799996
_241_,VPWR,li1,66.9300,19.0400,1.799993
_240_,VPWR,li1,71.5300,62.5600,1.799997
_239_,VPWR,li1,34.7300,68.0000,1.799995
_238_,VPWR,li1,89.9300,46.2400,1.799994
_237_,VPWR,li1,64.8600,78.8800,1.799994
_236_,VPWR,li1,89.7000,57.1200,1.799992
_235_,VPWR,li1,81.4200,19.0400,1.799993
_234_,VPWR,li1,42.0900,13.6000,1.799992
_233_,VPWR,li1,61.1800,57.1200,1.799995
_232_,VPWR,li1,8.5100,40.8000,1.799997
_231_,VPWR,li1,78.2000,35.3600,1.799995
_230_,VPWR,li1,63.9400,57.1200,1.799994
_229_,VPWR,li1,80.2700,73.4400,1.799997
_228_,VPWR,li1,40.7100,62.5600,1.799996
_227_,VPWR,li1,16.7900,78.8800,1.799994
_226_,VPWR,li1,73.3700,46.2400,1.799997
_225_,VPWR,li1,8.2800,73.4400,1.799993
_224_,VPWR,li1,12.1900,78.8800,1.799995
_223_,VPWR,li1,58.6500,46.2400,1.799997
_222_,VPWR,li1,84.4100,78.8800,1.799995
_221_,VPWR,li1,51.2900,24.4800,1.799996
_220_,VPWR,li1,10.8100,73.4400,1.799993
_219_,VPWR,li1,28.0600,24.4800,1.799998
_218_,VPWR,li1,88.3200,29.9200,1.799995
_217_,VPWR,li1,64.4000,24.4800,1.799997
_216_,VPWR,li1,33.1200,78.8800,1.799993
_215_,VPWR,li1,60.4900,62.5600,1.799997
_214_,VPWR,li1,27.8300,19.0400,1.799992
_213_,VPWR,li1,20.4700,19.0400,1.799993
_212_,VPWR,li1,63.7100,29.9200,1.799996
_211_,VPWR,li1,68.0800,46.2400,1.799997
_210_,VPWR,li1,55.2000,51.6800,1.799998
_209_,VPWR,li1,84.4100,40.8000,1.799991
_208_,VPWR,li1,80.5000,24.4800,1.799996
_207_,VPWR,li1,24.1500,73.4400,1.799990
_206_,VPWR,li1,10.5800,62.5600,1.799997
_205_,VPWR,li1,27.3700,73.4400,1.799990
_204_,VPWR,li1,37.0300,73.4400,1.799992
_203_,VPWR,li1,66.2400,35.3600,1.799995
_202_,VPWR,li1,48.9900,13.6000,1.799992
_201_,VPWR,li1,88.0900,68.0000,1.799991
_200_,VPWR,li1,45.3100,73.4400,1.799992
_199_,VPWR,li1,51.7500,57.1200,1.799994
_198_,VPWR,li1,42.5500,46.2400,1.799997
_197_,VPWR,li1,60.7200,35.3600,1.799996
_196_,VPWR,li1,51.7500,62.5600,1.799996
_195_,VPWR,li1,62.3300,51.6800,1.799998
_194_,VPWR,li1,13.1100,57.1200,1.799994
_193_,VPWR,li1,81.8800,57.1200,1.799993
_192_,VPWR,li1,20.4700,78.8800,1.799993
_191_,VPWR,li1,41.4000,73.4400,1.799991
_190_,VPWR,li1,46.0000,46.2400,1.799996
_189_,VPWR,li1,22.5400,13.6000,1.799989
_188_,VPWR,li1,64.8600,13.6000,1.799993
_187_,VPWR,li1,25.5300,40.8000,1.799996
_186_,VPWR,li1,23.2300,78.8800,1.799992
_185_,VPWR,li1,77.5100,40.8000,1.799990
_184_,VPWR,li1,34.5000,84.3200,1.799995
_183_,VPWR,li1,15.4100,19.0400,1.799994
_182_,VPWR,li1,51.2900,68.0000,1.799992
_181_,VPWR,li1,71.9900,19.0400,1.799992
_180_,VPWR,li1,24.1500,57.1200,1.799994
_179_,VPWR,li1,39.1000,84.3200,1.799994
_178_,VPWR,li1,49.6800,73.4400,1.799992
_177_,VPWR,li1,63.2500,84.3200,1.799993
_176_,VPWR,li1,28.9800,78.8800,1.799992
_175_,VPWR,li1,63.0200,73.4400,1.799995
_174_,VPWR,li1,91.7700,19.0400,1.799992
_173_,VPWR,li1,31.2800,19.0400,1.799992
_172_,VPWR,li1,80.7300,78.8800,1.799994
_171_,VPWR,li1,58.6500,68.0000,1.799994
_170_,VPWR,li1,80.2700,13.6000,1.799993
