Instance,Terminal,Layer,X location,Y location,Voltage
FILLER_0_27_185,VGND,li1,90.8500,87.0400,0.000004
FILLER_0_27_179,VGND,li1,89.2400,87.0400,0.000003
FILLER_0_27_165,VGND,li1,82.1100,87.0400,0.000003
FILLER_0_27_153,VGND,li1,78.6600,87.0400,0.000003
FILLER_0_27_141,VGND,li1,73.1400,87.0400,0.000003
FILLER_0_27_137,VGND,li1,69.2300,87.0400,0.000003
FILLER_0_27_129,VGND,li1,66.7000,87.0400,0.000003
FILLER_0_27_109,VGND,li1,56.3500,87.0400,0.000003
FILLER_0_27_97,VGND,li1,52.9000,87.0400,0.000003
FILLER_0_27_85,VGND,li1,47.3800,87.0400,0.000002
FILLER_0_27_81,VGND,li1,43.4700,87.0400,0.000002
FILLER_0_27_69,VGND,li1,40.0200,87.0400,0.000001
FILLER_0_27_57,VGND,li1,34.5000,87.0400,0.000002
FILLER_0_27_55,VGND,li1,31.0500,87.0400,0.000002
FILLER_0_27_43,VGND,li1,28.0600,87.0400,0.000002
FILLER_0_27_37,VGND,li1,23.2300,87.0400,0.000002
FILLER_0_27_29,VGND,li1,20.7000,87.0400,0.000002
FILLER_0_27_25,VGND,li1,17.7100,87.0400,0.000002
FILLER_0_27_13,VGND,li1,14.2600,87.0400,0.000002
FILLER_0_26_185,VGND,li1,90.8500,81.6000,0.000005
FILLER_0_26_177,VGND,li1,88.7800,81.6000,0.000004
FILLER_0_26_165,VGND,li1,84.1800,81.6000,0.000005
FILLER_0_26_153,VGND,li1,78.6600,81.6000,0.000005
FILLER_0_26_141,VGND,li1,73.1400,81.6000,0.000004
FILLER_0_26_128,VGND,li1,67.1600,81.6000,0.000004
FILLER_0_26_122,VGND,li1,61.8700,81.6000,0.000004
FILLER_0_26_110,VGND,li1,58.8800,81.6000,0.000005
FILLER_0_26_98,VGND,li1,53.3600,81.6000,0.000006
FILLER_0_26_76,VGND,li1,41.1700,81.6000,0.000007
FILLER_0_26_66,VGND,li1,36.8000,81.6000,0.000008
FILLER_0_26_57,VGND,li1,32.4300,81.6000,0.000009
FILLER_0_26_41,VGND,li1,25.0700,81.6000,0.000009
FILLER_0_26_29,VGND,li1,21.6200,81.6000,0.000007
FILLER_0_26_27,VGND,li1,18.1700,81.6000,0.000006
FILLER_0_26_19,VGND,li1,16.1000,81.6000,0.000006
FILLER_0_26_7,VGND,li1,11.5000,81.6000,0.000005
FILLER_0_25_186,VGND,li1,92.0000,81.6000,0.000005
FILLER_0_25_174,VGND,li1,88.3200,81.6000,0.000004
FILLER_0_25_157,VGND,li1,78.2000,81.6000,0.000005
FILLER_0_25_149,VGND,li1,75.9000,81.6000,0.000005
FILLER_0_25_137,VGND,li1,71.3000,81.6000,0.000004
FILLER_0_25_125,VGND,li1,65.7800,81.6000,0.000004
FILLER_0_25_113,VGND,li1,60.2600,81.6000,0.000005
FILLER_0_25_109,VGND,li1,56.3500,81.6000,0.000006
FILLER_0_25_97,VGND,li1,52.9000,81.6000,0.000006
FILLER_0_25_85,VGND,li1,47.3800,81.6000,0.000008
FILLER_0_25_73,VGND,li1,41.8600,81.6000,0.000007
FILLER_0_25_61,VGND,li1,36.3400,81.6000,0.000008
FILLER_0_25_54,VGND,li1,30.8200,81.6000,0.000009
FILLER_0_25_41,VGND,li1,24.6100,81.6000,0.000009
FILLER_0_25_29,VGND,li1,21.6200,81.6000,0.000007
FILLER_0_25_17,VGND,li1,16.1000,81.6000,0.000006
FILLER_0_25_11,VGND,li1,10.8100,81.6000,0.000005
FILLER_0_25_7,VGND,li1,9.6600,81.6000,0.000005
FILLER_0_24_187,VGND,li1,92.2300,76.1600,0.000002
FILLER_0_24_175,VGND,li1,88.7800,76.1600,0.000002
FILLER_0_24_159,VGND,li1,79.3500,76.1600,0.000004
FILLER_0_24_147,VGND,li1,75.9000,76.1600,0.000004
FILLER_0_24_117,VGND,li1,59.5700,76.1600,0.000004
FILLER_0_24_109,VGND,li1,57.5000,76.1600,0.000004
FILLER_0_24_97,VGND,li1,52.9000,76.1600,0.000004
FILLER_0_24_85,VGND,li1,47.3800,76.1600,0.000005
FILLER_0_24_76,VGND,li1,42.3200,76.1600,0.000005
FILLER_0_24_64,VGND,li1,37.7200,76.1600,0.000006
FILLER_0_24_55,VGND,li1,31.0500,76.1600,0.000008
FILLER_0_24_29,VGND,li1,19.0900,76.1600,0.000007
FILLER_0_24_26,VGND,li1,17.9400,76.1600,0.000006
FILLER_0_24_15,VGND,li1,14.2600,76.1600,0.000005
FILLER_0_24_3,VGND,li1,9.6600,76.1600,0.000005
FILLER_0_23_189,VGND,li1,92.6900,76.1600,0.000002
FILLER_0_23_181,VGND,li1,90.6200,76.1600,0.000002
FILLER_0_23_169,VGND,li1,86.0200,76.1600,0.000003
FILLER_0_23_167,VGND,li1,82.5700,76.1600,0.000004
FILLER_0_23_161,VGND,li1,80.9600,76.1600,0.000004
FILLER_0_23_149,VGND,li1,76.8200,76.1600,0.000004
FILLER_0_23_137,VGND,li1,71.3000,76.1600,0.000004
FILLER_0_23_125,VGND,li1,65.7800,76.1600,0.000004
FILLER_0_23_113,VGND,li1,60.2600,76.1600,0.000004
FILLER_0_23_111,VGND,li1,56.8100,76.1600,0.000004
FILLER_0_23_105,VGND,li1,55.2000,76.1600,0.000004
FILLER_0_23_93,VGND,li1,51.0600,76.1600,0.000005
FILLER_0_23_81,VGND,li1,45.5400,76.1600,0.000005
FILLER_0_23_57,VGND,li1,31.9700,76.1600,0.000008
FILLER_0_23_54,VGND,li1,30.8200,76.1600,0.000008
FILLER_0_23_43,VGND,li1,25.5300,76.1600,0.000008
FILLER_0_23_37,VGND,li1,22.7700,76.1600,0.000008
FILLER_0_23_31,VGND,li1,21.1600,76.1600,0.000007
FILLER_0_23_19,VGND,li1,17.0200,76.1600,0.000006
FILLER_0_23_7,VGND,li1,11.5000,76.1600,0.000005
FILLER_0_22_178,VGND,li1,90.1600,70.7200,0.000008
FILLER_0_22_166,VGND,li1,84.6400,70.7200,0.000007
FILLER_0_22_158,VGND,li1,78.4300,70.7200,0.000008
FILLER_0_22_149,VGND,li1,74.5200,70.7200,0.000008
FILLER_0_22_141,VGND,li1,72.2200,70.7200,0.000008
FILLER_0_22_128,VGND,li1,67.1600,70.7200,0.000007
FILLER_0_22_119,VGND,li1,60.9500,70.7200,0.000007
FILLER_0_22_111,VGND,li1,58.4200,70.7200,0.000008
FILLER_0_22_99,VGND,li1,53.8200,70.7200,0.000009
FILLER_0_22_92,VGND,li1,48.0700,70.7200,0.000010
FILLER_0_22_88,VGND,li1,46.9200,70.7200,0.000009
FILLER_0_22_81,VGND,li1,43.4700,70.7200,0.000009
FILLER_0_22_74,VGND,li1,39.7900,70.7200,0.000008
FILLER_0_22_66,VGND,li1,37.7200,70.7200,0.000007
FILLER_0_22_54,VGND,li1,33.1200,70.7200,0.000008
FILLER_0_22_44,VGND,li1,26.6800,70.7200,0.000008
FILLER_0_22_37,VGND,li1,23.0000,70.7200,0.000008
FILLER_0_22_29,VGND,li1,20.7000,70.7200,0.000007
FILLER_0_22_26,VGND,li1,17.9400,70.7200,0.000007
FILLER_0_22_14,VGND,li1,14.7200,70.7200,0.000006
FILLER_0_21_169,VGND,li1,84.1800,70.7200,0.000007
FILLER_0_21_165,VGND,li1,82.1100,70.7200,0.000007
FILLER_0_21_153,VGND,li1,78.6600,70.7200,0.000008
FILLER_0_21_148,VGND,li1,74.0600,70.7200,0.000008
FILLER_0_21_136,VGND,li1,70.8400,70.7200,0.000007
FILLER_0_21_124,VGND,li1,65.3200,70.7200,0.000007
FILLER_0_21_106,VGND,li1,55.6600,70.7200,0.000009
FILLER_0_21_81,VGND,li1,44.6200,70.7200,0.000009
FILLER_0_21_69,VGND,li1,40.0200,70.7200,0.000008
FILLER_0_21_57,VGND,li1,34.5000,70.7200,0.000007
FILLER_0_21_53,VGND,li1,30.5900,70.7200,0.000008
FILLER_0_21_45,VGND,li1,28.0600,70.7200,0.000008
FILLER_0_21_33,VGND,li1,23.4600,70.7200,0.000008
FILLER_0_21_21,VGND,li1,17.9400,70.7200,0.000007
FILLER_0_21_9,VGND,li1,12.4200,70.7200,0.000007
FILLER_0_20_188,VGND,li1,92.4600,65.2800,0.000002
FILLER_0_20_176,VGND,li1,89.2400,65.2800,0.000002
FILLER_0_20_169,VGND,li1,83.4900,65.2800,0.000003
FILLER_0_20_165,VGND,li1,82.3400,65.2800,0.000003
FILLER_0_20_153,VGND,li1,78.6600,65.2800,0.000003
FILLER_0_20_141,VGND,li1,73.1400,65.2800,0.000004
FILLER_0_20_139,VGND,li1,69.6900,65.2800,0.000004
FILLER_0_20_135,VGND,li1,68.5400,65.2800,0.000004
FILLER_0_20_123,VGND,li1,64.8600,65.2800,0.000004
FILLER_0_20_111,VGND,li1,59.3400,65.2800,0.000005
FILLER_0_20_99,VGND,li1,53.8200,65.2800,0.000006
FILLER_0_20_81,VGND,li1,43.4700,65.2800,0.000006
FILLER_0_20_52,VGND,li1,29.6700,65.2800,0.000007
FILLER_0_20_45,VGND,li1,26.4500,65.2800,0.000006
FILLER_0_20_37,VGND,li1,24.3800,65.2800,0.000006
FILLER_0_20_27,VGND,li1,18.1700,65.2800,0.000005
FILLER_0_20_15,VGND,li1,15.1800,65.2800,0.000004
FILLER_0_20_3,VGND,li1,9.6600,65.2800,0.000005
FILLER_0_19_189,VGND,li1,92.6900,65.2800,0.000002
FILLER_0_19_181,VGND,li1,90.6200,65.2800,0.000002
FILLER_0_19_169,VGND,li1,86.0200,65.2800,0.000003
FILLER_0_19_166,VGND,li1,82.3400,65.2800,0.000003
FILLER_0_19_158,VGND,li1,80.0400,65.2800,0.000003
FILLER_0_19_146,VGND,li1,75.4400,65.2800,0.000003
FILLER_0_19_138,VGND,li1,69.6900,65.2800,0.000004
FILLER_0_19_126,VGND,li1,66.2400,65.2800,0.000004
FILLER_0_19_104,VGND,li1,55.2000,65.2800,0.000006
FILLER_0_19_91,VGND,li1,48.7600,65.2800,0.000007
FILLER_0_19_79,VGND,li1,44.6200,65.2800,0.000006
FILLER_0_19_73,VGND,li1,39.3300,65.2800,0.000005
FILLER_0_19_69,VGND,li1,38.1800,65.2800,0.000005
FILLER_0_19_57,VGND,li1,34.5000,65.2800,0.000006
FILLER_0_19_52,VGND,li1,30.3600,65.2800,0.000007
FILLER_0_19_40,VGND,li1,26.6800,65.2800,0.000006
FILLER_0_19_28,VGND,li1,21.1600,65.2800,0.000006
FILLER_0_19_22,VGND,li1,15.8700,65.2800,0.000005
FILLER_0_19_14,VGND,li1,13.8000,65.2800,0.000004
FILLER_0_19_7,VGND,li1,8.9700,65.2800,0.000005
FILLER_0_18_186,VGND,li1,92.0000,59.8400,0.000002
FILLER_0_18_174,VGND,li1,88.3200,59.8400,0.000002
FILLER_0_18_162,VGND,li1,82.8000,59.8400,0.000003
FILLER_0_18_150,VGND,li1,77.2800,59.8400,0.000003
FILLER_0_18_141,VGND,li1,71.3000,59.8400,0.000003
FILLER_0_18_139,VGND,li1,69.6900,59.8400,0.000003
FILLER_0_18_133,VGND,li1,68.0800,59.8400,0.000002
FILLER_0_18_121,VGND,li1,63.9400,59.8400,0.000002
FILLER_0_18_109,VGND,li1,58.4200,59.8400,0.000003
FILLER_0_18_97,VGND,li1,52.9000,59.8400,0.000003
FILLER_0_18_85,VGND,li1,47.3800,59.8400,0.000003
FILLER_0_18_83,VGND,li1,43.9300,59.8400,0.000003
FILLER_0_18_75,VGND,li1,41.8600,59.8400,0.000003
FILLER_0_18_65,VGND,li1,36.3400,59.8400,0.000004
FILLER_0_18_53,VGND,li1,32.6600,59.8400,0.000005
FILLER_0_18_41,VGND,li1,27.1400,59.8400,0.000005
FILLER_0_18_29,VGND,li1,21.6200,59.8400,0.000005
FILLER_0_18_16,VGND,li1,15.6400,59.8400,0.000004
FILLER_0_18_7,VGND,li1,8.9700,59.8400,0.000005
FILLER_0_18_3,VGND,li1,7.8200,59.8400,0.000005
FILLER_0_17_187,VGND,li1,92.2300,59.8400,0.000002
FILLER_0_17_177,VGND,li1,87.4000,59.8400,0.000002
FILLER_0_17_169,VGND,li1,85.1000,59.8400,0.000002
FILLER_0_17_160,VGND,li1,80.0400,59.8400,0.000003
FILLER_0_17_152,VGND,li1,76.3600,59.8400,0.000003
FILLER_0_17_140,VGND,li1,72.6800,59.8400,0.000003
FILLER_0_17_128,VGND,li1,67.1600,59.8400,0.000002
FILLER_0_17_116,VGND,li1,61.6400,59.8400,0.000002
FILLER_0_17_111,VGND,li1,56.8100,59.8400,0.000003
FILLER_0_17_107,VGND,li1,55.6600,59.8400,0.000003
FILLER_0_17_95,VGND,li1,51.9800,59.8400,0.000003
FILLER_0_17_89,VGND,li1,47.1500,59.8400,0.000003
FILLER_0_17_81,VGND,li1,44.6200,59.8400,0.000003
FILLER_0_17_69,VGND,li1,40.0200,59.8400,0.000004
FILLER_0_17_55,VGND,li1,31.0500,59.8400,0.000005
FILLER_0_17_43,VGND,li1,28.0600,59.8400,0.000005
FILLER_0_17_30,VGND,li1,21.1600,59.8400,0.000005
FILLER_0_17_20,VGND,li1,15.4100,59.8400,0.000004
FILLER_0_17_7,VGND,li1,10.1200,59.8400,0.000005
FILLER_0_16_185,VGND,li1,90.8500,54.4000,0.000005
FILLER_0_16_179,VGND,li1,89.2400,54.4000,0.000004
FILLER_0_16_167,VGND,li1,85.1000,54.4000,0.000005
FILLER_0_16_159,VGND,li1,78.8900,54.4000,0.000005
FILLER_0_16_153,VGND,li1,77.2800,54.4000,0.000005
FILLER_0_16_141,VGND,li1,73.1400,54.4000,0.000005
FILLER_0_16_137,VGND,li1,69.2300,54.4000,0.000005
FILLER_0_16_129,VGND,li1,66.7000,54.4000,0.000004
FILLER_0_16_85,VGND,li1,47.3800,54.4000,0.000005
FILLER_0_16_83,VGND,li1,43.9300,54.4000,0.000004
FILLER_0_16_77,VGND,li1,42.3200,54.4000,0.000004
FILLER_0_16_65,VGND,li1,38.1800,54.4000,0.000003
FILLER_0_16_53,VGND,li1,32.6600,54.4000,0.000004
FILLER_0_16_41,VGND,li1,27.1400,54.4000,0.000004
FILLER_0_16_29,VGND,li1,21.6200,54.4000,0.000004
FILLER_0_16_25,VGND,li1,17.7100,54.4000,0.000005
FILLER_0_16_12,VGND,li1,11.2700,54.4000,0.000005
FILLER_0_16_8,VGND,li1,10.1200,54.4000,0.000005
FILLER_0_15_189,VGND,li1,92.6900,54.4000,0.000005
FILLER_0_15_181,VGND,li1,90.6200,54.4000,0.000005
FILLER_0_15_169,VGND,li1,86.0200,54.4000,0.000005
FILLER_0_15_156,VGND,li1,80.0400,54.4000,0.000005
FILLER_0_15_144,VGND,li1,74.5200,54.4000,0.000005
FILLER_0_15_132,VGND,li1,69.0000,54.4000,0.000005
FILLER_0_15_120,VGND,li1,63.4800,54.4000,0.000004
FILLER_0_15_113,VGND,li1,57.9600,54.4000,0.000006
FILLER_0_15_101,VGND,li1,52.6700,54.4000,0.000006
FILLER_0_15_93,VGND,li1,50.1400,54.4000,0.000005
FILLER_0_15_81,VGND,li1,45.5400,54.4000,0.000004
FILLER_0_15_69,VGND,li1,40.0200,54.4000,0.000003
FILLER_0_15_57,VGND,li1,34.5000,54.4000,0.000003
FILLER_0_15_52,VGND,li1,30.3600,54.4000,0.000004
FILLER_0_15_43,VGND,li1,25.7600,54.4000,0.000004
FILLER_0_15_31,VGND,li1,22.5400,54.4000,0.000004
FILLER_0_15_19,VGND,li1,17.0200,54.4000,0.000005
FILLER_0_15_7,VGND,li1,11.5000,54.4000,0.000005
FILLER_0_14_182,VGND,li1,91.0800,48.9600,0.000002
FILLER_0_14_170,VGND,li1,86.4800,48.9600,0.000002
FILLER_0_14_161,VGND,li1,80.2700,48.9600,0.000002
FILLER_0_14_153,VGND,li1,77.7400,48.9600,0.000002
FILLER_0_14_141,VGND,li1,73.1400,48.9600,0.000002
FILLER_0_14_139,VGND,li1,69.6900,48.9600,0.000002
FILLER_0_14_127,VGND,li1,66.7000,48.9600,0.000002
FILLER_0_14_119,VGND,li1,60.4900,48.9600,0.000002
FILLER_0_14_113,VGND,li1,58.8800,48.9600,0.000002
FILLER_0_14_101,VGND,li1,54.7400,48.9600,0.000002
FILLER_0_14_89,VGND,li1,49.2200,48.9600,0.000002
FILLER_0_14_83,VGND,li1,43.9300,48.9600,0.000002
FILLER_0_14_75,VGND,li1,41.8600,48.9600,0.000002
FILLER_0_14_63,VGND,li1,37.2600,48.9600,0.000002
FILLER_0_14_51,VGND,li1,31.7400,48.9600,0.000003
FILLER_0_14_39,VGND,li1,26.2200,48.9600,0.000003
FILLER_0_14_29,VGND,li1,19.0900,48.9600,0.000003
FILLER_0_14_27,VGND,li1,18.1700,48.9600,0.000003
FILLER_0_14_15,VGND,li1,15.1800,48.9600,0.000002
FILLER_0_14_3,VGND,li1,9.6600,48.9600,0.000002
FILLER_0_13_175,VGND,li1,88.7800,48.9600,0.000002
FILLER_0_13_166,VGND,li1,82.3400,48.9600,0.000002
FILLER_0_13_154,VGND,li1,79.1200,48.9600,0.000002
FILLER_0_13_142,VGND,li1,73.6000,48.9600,0.000002
FILLER_0_13_130,VGND,li1,68.0800,48.9600,0.000002
FILLER_0_13_118,VGND,li1,62.5600,48.9600,0.000002
FILLER_0_13_109,VGND,li1,56.3500,48.9600,0.000002
FILLER_0_13_101,VGND,li1,53.8200,48.9600,0.000002
FILLER_0_13_89,VGND,li1,49.2200,48.9600,0.000002
FILLER_0_13_77,VGND,li1,43.7000,48.9600,0.000002
FILLER_0_13_65,VGND,li1,38.1800,48.9600,0.000002
FILLER_0_13_54,VGND,li1,30.8200,48.9600,0.000003
FILLER_0_13_42,VGND,li1,27.6000,48.9600,0.000003
FILLER_0_13_30,VGND,li1,22.0800,48.9600,0.000003
FILLER_0_13_18,VGND,li1,16.5600,48.9600,0.000003
FILLER_0_13_6,VGND,li1,11.0400,48.9600,0.000002
FILLER_0_12_188,VGND,li1,92.4600,43.5200,0.000007
FILLER_0_12_173,VGND,li1,85.7900,43.5200,0.000005
FILLER_0_12_161,VGND,li1,82.3400,43.5200,0.000005
FILLER_0_12_149,VGND,li1,76.8200,43.5200,0.000005
FILLER_0_12_145,VGND,li1,72.4500,43.5200,0.000004
FILLER_0_12_141,VGND,li1,71.3000,43.5200,0.000004
FILLER_0_12_139,VGND,li1,69.6900,43.5200,0.000003
FILLER_0_12_127,VGND,li1,65.3200,43.5200,0.000003
FILLER_0_12_115,VGND,li1,61.1800,43.5200,0.000003
FILLER_0_12_103,VGND,li1,55.6600,43.5200,0.000003
FILLER_0_12_91,VGND,li1,50.1400,43.5200,0.000003
FILLER_0_12_83,VGND,li1,43.9300,43.5200,0.000003
FILLER_0_12_77,VGND,li1,41.1700,43.5200,0.000002
FILLER_0_12_65,VGND,li1,38.1800,43.5200,0.000002
FILLER_0_12_53,VGND,li1,32.6600,43.5200,0.000002
FILLER_0_12_41,VGND,li1,27.1400,43.5200,0.000002
FILLER_0_12_29,VGND,li1,21.6200,43.5200,0.000002
FILLER_0_12_27,VGND,li1,18.1700,43.5200,0.000002
FILLER_0_12_19,VGND,li1,16.1000,43.5200,0.000002
FILLER_0_12_15,VGND,li1,12.6500,43.5200,0.000002
FILLER_0_12_3,VGND,li1,9.6600,43.5200,0.000003
FILLER_0_11_185,VGND,li1,90.8500,43.5200,0.000006
FILLER_0_11_179,VGND,li1,89.2400,43.5200,0.000006
FILLER_0_11_175,VGND,li1,86.2500,43.5200,0.000005
FILLER_0_11_169,VGND,li1,84.6400,43.5200,0.000005
FILLER_0_11_167,VGND,li1,82.5700,43.5200,0.000005
FILLER_0_11_159,VGND,li1,80.5000,43.5200,0.000005
FILLER_0_11_148,VGND,li1,73.8300,43.5200,0.000004
FILLER_0_11_142,VGND,li1,72.2200,43.5200,0.000004
FILLER_0_11_130,VGND,li1,68.0800,43.5200,0.000003
FILLER_0_11_125,VGND,li1,63.2500,43.5200,0.000002
FILLER_0_11_113,VGND,li1,60.2600,43.5200,0.000003
FILLER_0_11_111,VGND,li1,56.8100,43.5200,0.000003
FILLER_0_11_105,VGND,li1,55.2000,43.5200,0.000003
FILLER_0_11_93,VGND,li1,51.0600,43.5200,0.000003
FILLER_0_11_81,VGND,li1,45.5400,43.5200,0.000003
FILLER_0_11_69,VGND,li1,40.0200,43.5200,0.000002
FILLER_0_11_57,VGND,li1,34.5000,43.5200,0.000002
FILLER_0_11_44,VGND,li1,28.5200,43.5200,0.000002
FILLER_0_11_31,VGND,li1,21.1600,43.5200,0.000002
FILLER_0_11_19,VGND,li1,17.0200,43.5200,0.000002
FILLER_0_11_7,VGND,li1,11.5000,43.5200,0.000002
FILLER_0_10_178,VGND,li1,90.1600,38.0800,0.000008
FILLER_0_10_141,VGND,li1,70.6100,38.0800,0.000009
FILLER_0_10_131,VGND,li1,67.1600,38.0800,0.000008
FILLER_0_10_119,VGND,li1,63.0200,38.0800,0.000007
FILLER_0_10_113,VGND,li1,57.7300,38.0800,0.000008
FILLER_0_10_107,VGND,li1,56.1200,38.0800,0.000008
FILLER_0_10_97,VGND,li1,50.8300,38.0800,0.000007
FILLER_0_10_85,VGND,li1,47.3800,38.0800,0.000006
FILLER_0_10_83,VGND,li1,43.9300,38.0800,0.000006
FILLER_0_10_75,VGND,li1,41.8600,38.0800,0.000005
FILLER_0_10_63,VGND,li1,37.2600,38.0800,0.000004
FILLER_0_10_51,VGND,li1,31.7400,38.0800,0.000005
FILLER_0_10_35,VGND,li1,21.8500,38.0800,0.000005
FILLER_0_10_29,VGND,li1,20.2400,38.0800,0.000005
FILLER_0_10_22,VGND,li1,17.0200,38.0800,0.000004
FILLER_0_10_10,VGND,li1,11.9600,38.0800,0.000004
FILLER_0_9_185,VGND,li1,90.8500,38.0800,0.000008
FILLER_0_9_181,VGND,li1,89.7000,38.0800,0.000008
FILLER_0_9_169,VGND,li1,86.0200,38.0800,0.000009
FILLER_0_9_160,VGND,li1,80.9600,38.0800,0.000010
FILLER_0_9_155,VGND,li1,77.0500,38.0800,0.000011
FILLER_0_9_147,VGND,li1,74.9800,38.0800,0.000010
FILLER_0_9_135,VGND,li1,70.3800,38.0800,0.000009
FILLER_0_9_113,VGND,li1,58.4200,38.0800,0.000008
FILLER_0_9_111,VGND,li1,56.8100,38.0800,0.000008
FILLER_0_9_103,VGND,li1,54.7400,38.0800,0.000008
FILLER_0_9_91,VGND,li1,50.1400,38.0800,0.000007
FILLER_0_9_79,VGND,li1,44.6200,38.0800,0.000006
FILLER_0_9_67,VGND,li1,39.1000,38.0800,0.000005
FILLER_0_9_57,VGND,li1,32.4300,38.0800,0.000005
FILLER_0_9_55,VGND,li1,31.0500,38.0800,0.000005
FILLER_0_9_47,VGND,li1,28.9800,38.0800,0.000005
FILLER_0_9_35,VGND,li1,24.3800,38.0800,0.000005
FILLER_0_9_31,VGND,li1,20.0100,38.0800,0.000005
FILLER_0_9_19,VGND,li1,17.0200,38.0800,0.000004
FILLER_0_9_7,VGND,li1,11.5000,38.0800,0.000004
FILLER_0_8_181,VGND,li1,89.0100,32.6400,0.000004
FILLER_0_8_177,VGND,li1,87.8600,32.6400,0.000004
FILLER_0_8_165,VGND,li1,84.1800,32.6400,0.000003
FILLER_0_8_153,VGND,li1,78.6600,32.6400,0.000003
FILLER_0_8_141,VGND,li1,73.1400,32.6400,0.000003
FILLER_0_8_139,VGND,li1,69.6900,32.6400,0.000002
FILLER_0_8_133,VGND,li1,68.0800,32.6400,0.000002
FILLER_0_8_121,VGND,li1,63.9400,32.6400,0.000002
FILLER_0_8_109,VGND,li1,58.4200,32.6400,0.000002
FILLER_0_8_97,VGND,li1,52.9000,32.6400,0.000003
FILLER_0_8_85,VGND,li1,47.3800,32.6400,0.000003
FILLER_0_8_83,VGND,li1,43.9300,32.6400,0.000003
FILLER_0_8_61,VGND,li1,34.9600,32.6400,0.000004
FILLER_0_8_46,VGND,li1,26.9100,32.6400,0.000005
FILLER_0_8_42,VGND,li1,25.7600,32.6400,0.000005
FILLER_0_8_29,VGND,li1,20.2400,32.6400,0.000004
FILLER_0_8_27,VGND,li1,18.1700,32.6400,0.000003
FILLER_0_8_15,VGND,li1,15.1800,32.6400,0.000003
FILLER_0_8_3,VGND,li1,9.6600,32.6400,0.000003
FILLER_0_7_169,VGND,li1,83.9500,32.6400,0.000003
FILLER_0_7_167,VGND,li1,82.5700,32.6400,0.000003
FILLER_0_7_163,VGND,li1,81.4200,32.6400,0.000003
FILLER_0_7_151,VGND,li1,77.7400,32.6400,0.000003
FILLER_0_7_139,VGND,li1,72.2200,32.6400,0.000003
FILLER_0_7_131,VGND,li1,66.0100,32.6400,0.000002
FILLER_0_7_125,VGND,li1,64.4000,32.6400,0.000002
FILLER_0_7_113,VGND,li1,60.2600,32.6400,0.000002
FILLER_0_7_111,VGND,li1,56.8100,32.6400,0.000003
FILLER_0_7_102,VGND,li1,53.3600,32.6400,0.000003
FILLER_0_7_90,VGND,li1,49.6800,32.6400,0.000003
FILLER_0_7_78,VGND,li1,44.1600,32.6400,0.000003
FILLER_0_7_57,VGND,li1,31.9700,32.6400,0.000004
FILLER_0_7_48,VGND,li1,29.4400,32.6400,0.000005
FILLER_0_7_39,VGND,li1,24.1500,32.6400,0.000004
FILLER_0_7_31,VGND,li1,21.6200,32.6400,0.000004
FILLER_0_7_19,VGND,li1,17.0200,32.6400,0.000003
FILLER_0_7_7,VGND,li1,11.5000,32.6400,0.000003
FILLER_0_6_182,VGND,li1,91.0800,27.2000,0.000002
FILLER_0_6_170,VGND,li1,86.4800,27.2000,0.000002
FILLER_0_6_153,VGND,li1,78.6600,27.2000,0.000004
FILLER_0_6_141,VGND,li1,73.1400,27.2000,0.000003
FILLER_0_6_137,VGND,li1,69.2300,27.2000,0.000003
FILLER_0_6_129,VGND,li1,65.3200,27.2000,0.000003
FILLER_0_6_121,VGND,li1,61.8700,27.2000,0.000004
FILLER_0_6_109,VGND,li1,58.4200,27.2000,0.000004
FILLER_0_6_85,VGND,li1,45.3100,27.2000,0.000004
FILLER_0_6_83,VGND,li1,43.9300,27.2000,0.000004
FILLER_0_6_79,VGND,li1,42.7800,27.2000,0.000004
FILLER_0_6_69,VGND,li1,38.1800,27.2000,0.000004
FILLER_0_6_65,VGND,li1,35.6500,27.2000,0.000003
FILLER_0_6_53,VGND,li1,32.6600,27.2000,0.000003
FILLER_0_6_41,VGND,li1,27.1400,27.2000,0.000003
FILLER_0_6_29,VGND,li1,21.6200,27.2000,0.000003
FILLER_0_6_27,VGND,li1,18.1700,27.2000,0.000003
FILLER_0_6_23,VGND,li1,17.0200,27.2000,0.000003
FILLER_0_6_11,VGND,li1,13.3400,27.2000,0.000003
FILLER_0_6_7,VGND,li1,8.9700,27.2000,0.000003
FILLER_0_6_3,VGND,li1,7.8200,27.2000,0.000003
FILLER_0_5_189,VGND,li1,92.6900,27.2000,0.000002
FILLER_0_5_181,VGND,li1,90.6200,27.2000,0.000002
FILLER_0_5_169,VGND,li1,86.0200,27.2000,0.000002
FILLER_0_5_167,VGND,li1,82.5700,27.2000,0.000003
FILLER_0_5_162,VGND,li1,80.2700,27.2000,0.000003
FILLER_0_5_150,VGND,li1,75.2100,27.2000,0.000004
FILLER_0_5_142,VGND,li1,72.6800,27.2000,0.000003
FILLER_0_5_130,VGND,li1,68.0800,27.2000,0.000003
FILLER_0_5_125,VGND,li1,63.2500,27.2000,0.000003
FILLER_0_5_113,VGND,li1,60.2600,27.2000,0.000004
FILLER_0_5_111,VGND,li1,56.8100,27.2000,0.000004
FILLER_0_5_105,VGND,li1,55.2000,27.2000,0.000004
FILLER_0_5_93,VGND,li1,51.0600,27.2000,0.000005
FILLER_0_5_81,VGND,li1,45.5400,27.2000,0.000004
FILLER_0_5_69,VGND,li1,40.0200,27.2000,0.000003
FILLER_0_5_57,VGND,li1,34.5000,27.2000,0.000003
FILLER_0_5_55,VGND,li1,31.0500,27.2000,0.000003
FILLER_0_5_51,VGND,li1,29.9000,27.2000,0.000003
FILLER_0_5_45,VGND,li1,26.6800,27.2000,0.000003
FILLER_0_5_33,VGND,li1,23.4600,27.2000,0.000003
FILLER_0_5_21,VGND,li1,17.9400,27.2000,0.000003
FILLER_0_5_9,VGND,li1,12.4200,27.2000,0.000003
FILLER_0_4_178,VGND,li1,90.1600,21.7600,0.000004
FILLER_0_4_166,VGND,li1,84.6400,21.7600,0.000004
FILLER_0_4_148,VGND,li1,76.3600,21.7600,0.000004
FILLER_0_4_138,VGND,li1,69.4600,21.7600,0.000004
FILLER_0_4_126,VGND,li1,66.2400,21.7600,0.000004
FILLER_0_4_114,VGND,li1,60.7200,21.7600,0.000004
FILLER_0_4_109,VGND,li1,56.1200,21.7600,0.000005
FILLER_0_4_101,VGND,li1,53.8200,21.7600,0.000005
FILLER_0_4_97,VGND,li1,50.3700,21.7600,0.000005
FILLER_0_4_85,VGND,li1,47.3800,21.7600,0.000005
FILLER_0_4_83,VGND,li1,43.9300,21.7600,0.000004
FILLER_0_4_77,VGND,li1,42.3200,21.7600,0.000004
FILLER_0_4_65,VGND,li1,38.1800,21.7600,0.000004
FILLER_0_4_53,VGND,li1,32.6600,21.7600,0.000005
FILLER_0_4_45,VGND,li1,26.4500,21.7600,0.000006
FILLER_0_4_41,VGND,li1,25.3000,21.7600,0.000006
FILLER_0_4_29,VGND,li1,21.6200,21.7600,0.000006
FILLER_0_4_27,VGND,li1,18.1700,21.7600,0.000006
FILLER_0_4_15,VGND,li1,15.1800,21.7600,0.000005
FILLER_0_4_7,VGND,li1,8.9700,21.7600,0.000006
FILLER_0_4_3,VGND,li1,7.8200,21.7600,0.000006
FILLER_0_3_169,VGND,li1,86.0200,21.7600,0.000004
FILLER_0_3_167,VGND,li1,82.5700,21.7600,0.000004
FILLER_0_3_159,VGND,li1,80.5000,21.7600,0.000004
FILLER_0_3_147,VGND,li1,75.9000,21.7600,0.000004
FILLER_0_3_137,VGND,li1,69.2300,21.7600,0.000004
FILLER_0_3_125,VGND,li1,65.7800,21.7600,0.000004
FILLER_0_3_113,VGND,li1,60.2600,21.7600,0.000004
FILLER_0_3_104,VGND,li1,55.2000,21.7600,0.000005
FILLER_0_3_100,VGND,li1,51.7500,21.7600,0.000005
FILLER_0_3_88,VGND,li1,48.7600,21.7600,0.000005
FILLER_0_3_76,VGND,li1,43.2400,21.7600,0.000004
FILLER_0_3_64,VGND,li1,37.7200,21.7600,0.000004
FILLER_0_3_54,VGND,li1,30.8200,21.7600,0.000006
FILLER_0_3_29,VGND,li1,21.6200,21.7600,0.000006
FILLER_0_3_7,VGND,li1,11.5000,21.7600,0.000006
FILLER_0_2_189,VGND,li1,92.6900,16.3200,0.000002
FILLER_0_2_185,VGND,li1,91.5400,16.3200,0.000002
FILLER_0_2_173,VGND,li1,87.8600,16.3200,0.000002
FILLER_0_2_156,VGND,li1,77.5100,16.3200,0.000004
FILLER_0_2_148,VGND,li1,75.4400,16.3200,0.000004
FILLER_0_2_126,VGND,li1,63.7100,16.3200,0.000004
FILLER_0_2_120,VGND,li1,62.1000,16.3200,0.000004
FILLER_0_2_105,VGND,li1,54.5100,16.3200,0.000005
FILLER_0_2_97,VGND,li1,51.9800,16.3200,0.000005
FILLER_0_2_85,VGND,li1,47.3800,16.3200,0.000005
FILLER_0_2_76,VGND,li1,42.3200,16.3200,0.000005
FILLER_0_2_68,VGND,li1,37.2600,16.3200,0.000005
FILLER_0_2_59,VGND,li1,33.1200,16.3200,0.000006
FILLER_0_2_47,VGND,li1,28.5200,16.3200,0.000007
FILLER_0_2_35,VGND,li1,24.3800,16.3200,0.000008
FILLER_0_2_29,VGND,li1,19.0900,16.3200,0.000007
FILLER_0_2_25,VGND,li1,17.7100,16.3200,0.000007
FILLER_0_2_13,VGND,li1,14.2600,16.3200,0.000005
FILLER_0_2_3,VGND,li1,7.5900,16.3200,0.000006
FILLER_0_1_189,VGND,li1,92.6900,16.3200,0.000002
FILLER_0_1_181,VGND,li1,90.6200,16.3200,0.000002
FILLER_0_1_169,VGND,li1,86.0200,16.3200,0.000003
FILLER_0_1_167,VGND,li1,82.5700,16.3200,0.000004
FILLER_0_1_161,VGND,li1,80.9600,16.3200,0.000004
FILLER_0_1_149,VGND,li1,76.8200,16.3200,0.000004
FILLER_0_1_137,VGND,li1,71.3000,16.3200,0.000004
FILLER_0_1_125,VGND,li1,65.7800,16.3200,0.000004
FILLER_0_1_113,VGND,li1,60.2600,16.3200,0.000005
FILLER_0_1_108,VGND,li1,56.1200,16.3200,0.000005
FILLER_0_1_96,VGND,li1,52.4400,16.3200,0.000005
FILLER_0_1_91,VGND,li1,47.8400,16.3200,0.000005
FILLER_0_1_79,VGND,li1,44.6200,16.3200,0.000005
FILLER_0_1_67,VGND,li1,39.1000,16.3200,0.000005
FILLER_0_1_61,VGND,li1,33.8100,16.3200,0.000006
FILLER_0_1_57,VGND,li1,32.6600,16.3200,0.000007
FILLER_0_1_48,VGND,li1,29.4400,16.3200,0.000007
FILLER_0_1_25,VGND,li1,17.2500,16.3200,0.000006
FILLER_0_1_19,VGND,li1,15.6400,16.3200,0.000006
FILLER_0_1_7,VGND,li1,11.5000,16.3200,0.000006
FILLER_0_0_185,VGND,li1,90.8500,10.8800,0.000006
FILLER_0_0_173,VGND,li1,87.8600,10.8800,0.000005
FILLER_0_0_164,VGND,li1,81.8800,10.8800,0.000006
FILLER_0_0_160,VGND,li1,79.3500,10.8800,0.000006
FILLER_0_0_148,VGND,li1,76.3600,10.8800,0.000006
FILLER_0_0_141,VGND,li1,70.8400,10.8800,0.000006
FILLER_0_0_117,VGND,li1,59.5700,10.8800,0.000006
FILLER_0_0_113,VGND,li1,58.4200,10.8800,0.000006
FILLER_0_0_111,VGND,li1,56.8100,10.8800,0.000007
FILLER_0_0_107,VGND,li1,55.6600,10.8800,0.000007
FILLER_0_0_89,VGND,li1,46.6900,10.8800,0.000006
FILLER_0_0_85,VGND,li1,45.5400,10.8800,0.000006
FILLER_0_0_83,VGND,li1,43.9300,10.8800,0.000006
FILLER_0_0_75,VGND,li1,40.2500,10.8800,0.000004
FILLER_0_0_69,VGND,li1,38.6400,10.8800,0.000004
FILLER_0_0_57,VGND,li1,34.5000,10.8800,0.000005
FILLER_0_0_55,VGND,li1,31.0500,10.8800,0.000006
FILLER_0_0_49,VGND,li1,29.4400,10.8800,0.000006
FILLER_0_0_37,VGND,li1,25.3000,10.8800,0.000006
FILLER_0_0_15,VGND,li1,13.1100,10.8800,0.000005
FILLER_0_0_7,VGND,li1,10.5800,10.8800,0.000005
rebuffer3,VGND,li1,29.4400,32.6400,0.000005
rebuffer2,VGND,li1,41.1700,65.2800,0.000006
rebuffer1,VGND,li1,37.9500,65.2800,0.000005
output27,VGND,li1,92.0000,10.8800,0.000006
output26,VGND,li1,89.7000,21.7600,0.000004
output25,VGND,li1,92.0000,38.0800,0.000008
output24,VGND,li1,92.0000,43.5200,0.000007
output23,VGND,li1,92.0000,54.4000,0.000005
output22,VGND,li1,92.0000,70.7200,0.000008
output21,VGND,li1,92.0000,81.6000,0.000005
output20,VGND,li1,92.0000,87.0400,0.000004
input19,VGND,li1,17.0200,10.8800,0.000006
input18,VGND,li1,51.5200,10.8800,0.000007
input17,VGND,li1,84.1800,10.8800,0.000006
input16,VGND,li1,7.8200,54.4000,0.000006
input15,VGND,li1,7.8200,59.8400,0.000005
input14,VGND,li1,7.8200,65.2800,0.000005
input13,VGND,li1,8.2800,70.7200,0.000007
input12,VGND,li1,7.8200,76.1600,0.000006
input11,VGND,li1,7.8200,81.6000,0.000006
input10,VGND,li1,7.8200,81.6000,0.000006
input9,VGND,li1,9.2000,87.0400,0.000002
input8,VGND,li1,7.8200,10.8800,0.000006
input7,VGND,li1,7.8200,16.3200,0.000006
input6,VGND,li1,7.8200,21.7600,0.000006
input5,VGND,li1,8.2800,27.2000,0.000003
input4,VGND,li1,7.8200,32.6400,0.000004
input3,VGND,li1,7.8200,38.0800,0.000005
input2,VGND,li1,7.8200,43.5200,0.000003
input1,VGND,li1,7.5900,48.9600,0.000003
TAP_TAPCELL_ROW_27_145,VGND,li1,83.0300,86.7480,0.000003
TAP_TAPCELL_ROW_27_144,VGND,li1,70.1500,86.7480,0.000003
TAP_TAPCELL_ROW_27_143,VGND,li1,57.2700,86.7480,0.000003
TAP_TAPCELL_ROW_27_142,VGND,li1,44.3900,86.7480,0.000002
TAP_TAPCELL_ROW_27_141,VGND,li1,31.5100,86.7480,0.000002
TAP_TAPCELL_ROW_27_140,VGND,li1,18.6300,86.7480,0.000002
TAP_TAPCELL_ROW_26_139,VGND,li1,70.1500,81.8910,0.000004
TAP_TAPCELL_ROW_26_138,VGND,li1,44.3900,81.8910,0.000007
TAP_TAPCELL_ROW_26_137,VGND,li1,18.6300,81.8910,0.000006
TAP_TAPCELL_ROW_25_136,VGND,li1,83.0300,81.3080,0.000005
TAP_TAPCELL_ROW_25_135,VGND,li1,57.2700,81.3080,0.000006
TAP_TAPCELL_ROW_25_134,VGND,li1,31.5100,81.3080,0.000009
TAP_TAPCELL_ROW_24_133,VGND,li1,70.1500,76.4510,0.000004
TAP_TAPCELL_ROW_24_132,VGND,li1,44.3900,76.4510,0.000005
TAP_TAPCELL_ROW_24_131,VGND,li1,18.6300,76.4510,0.000007
TAP_TAPCELL_ROW_23_130,VGND,li1,83.0300,75.8680,0.000004
TAP_TAPCELL_ROW_23_129,VGND,li1,57.2700,75.8680,0.000004
TAP_TAPCELL_ROW_23_128,VGND,li1,31.5100,75.8680,0.000008
TAP_TAPCELL_ROW_22_127,VGND,li1,70.1500,71.0110,0.000007
TAP_TAPCELL_ROW_22_126,VGND,li1,44.3900,71.0110,0.000009
TAP_TAPCELL_ROW_22_125,VGND,li1,18.6300,71.0110,0.000007
TAP_TAPCELL_ROW_21_124,VGND,li1,83.0300,70.4280,0.000007
TAP_TAPCELL_ROW_21_123,VGND,li1,57.2700,70.4280,0.000009
TAP_TAPCELL_ROW_21_122,VGND,li1,31.5100,70.4280,0.000008
TAP_TAPCELL_ROW_20_121,VGND,li1,70.1500,65.5710,0.000004
TAP_TAPCELL_ROW_20_120,VGND,li1,44.3900,65.5710,0.000006
TAP_TAPCELL_ROW_20_119,VGND,li1,18.6300,65.5710,0.000005
TAP_TAPCELL_ROW_19_118,VGND,li1,83.0300,64.9880,0.000003
TAP_TAPCELL_ROW_19_117,VGND,li1,57.2700,64.9880,0.000005
TAP_TAPCELL_ROW_19_116,VGND,li1,31.5100,64.9880,0.000007
TAP_TAPCELL_ROW_18_115,VGND,li1,70.1500,60.1310,0.000003
TAP_TAPCELL_ROW_18_114,VGND,li1,44.3900,60.1310,0.000003
TAP_TAPCELL_ROW_18_113,VGND,li1,18.6300,60.1310,0.000005
TAP_TAPCELL_ROW_17_112,VGND,li1,83.0300,59.5480,0.000003
TAP_TAPCELL_ROW_17_111,VGND,li1,57.2700,59.5480,0.000003
TAP_TAPCELL_ROW_17_110,VGND,li1,31.5100,59.5480,0.000005
TAP_TAPCELL_ROW_16_109,VGND,li1,70.1500,54.6910,0.000005
TAP_TAPCELL_ROW_16_108,VGND,li1,44.3900,54.6910,0.000004
TAP_TAPCELL_ROW_16_107,VGND,li1,18.6300,54.6910,0.000005
TAP_TAPCELL_ROW_15_106,VGND,li1,83.0300,54.1080,0.000005
TAP_TAPCELL_ROW_15_105,VGND,li1,57.2700,54.1080,0.000006
TAP_TAPCELL_ROW_15_104,VGND,li1,31.5100,54.1080,0.000004
TAP_TAPCELL_ROW_14_103,VGND,li1,70.1500,49.2510,0.000002
TAP_TAPCELL_ROW_14_102,VGND,li1,44.3900,49.2510,0.000002
TAP_TAPCELL_ROW_14_101,VGND,li1,18.6300,49.2510,0.000003
TAP_TAPCELL_ROW_13_100,VGND,li1,83.0300,48.6680,0.000002
TAP_TAPCELL_ROW_13_99,VGND,li1,57.2700,48.6680,0.000002
TAP_TAPCELL_ROW_13_98,VGND,li1,31.5100,48.6680,0.000003
TAP_TAPCELL_ROW_12_97,VGND,li1,70.1500,43.8110,0.000004
TAP_TAPCELL_ROW_12_96,VGND,li1,44.3900,43.8110,0.000003
TAP_TAPCELL_ROW_12_95,VGND,li1,18.6300,43.8110,0.000002
TAP_TAPCELL_ROW_11_94,VGND,li1,83.0300,43.2280,0.000005
TAP_TAPCELL_ROW_11_93,VGND,li1,57.2700,43.2280,0.000003
TAP_TAPCELL_ROW_11_92,VGND,li1,31.5100,43.2280,0.000002
TAP_TAPCELL_ROW_10_91,VGND,li1,70.1500,38.3710,0.000009
TAP_TAPCELL_ROW_10_90,VGND,li1,44.3900,38.3710,0.000006
TAP_TAPCELL_ROW_10_89,VGND,li1,18.6300,38.3710,0.000004
TAP_TAPCELL_ROW_9_88,VGND,li1,83.0300,37.7880,0.000010
TAP_TAPCELL_ROW_9_87,VGND,li1,57.2700,37.7880,0.000008
TAP_TAPCELL_ROW_9_86,VGND,li1,31.5100,37.7880,0.000005
TAP_TAPCELL_ROW_8_85,VGND,li1,70.1500,32.9310,0.000002
TAP_TAPCELL_ROW_8_84,VGND,li1,44.3900,32.9310,0.000003
TAP_TAPCELL_ROW_8_83,VGND,li1,18.6300,32.9310,0.000003
TAP_TAPCELL_ROW_7_82,VGND,li1,83.0300,32.3480,0.000003
TAP_TAPCELL_ROW_7_81,VGND,li1,57.2700,32.3480,0.000002
TAP_TAPCELL_ROW_7_80,VGND,li1,31.5100,32.3480,0.000004
TAP_TAPCELL_ROW_6_79,VGND,li1,70.1500,27.4910,0.000003
TAP_TAPCELL_ROW_6_78,VGND,li1,44.3900,27.4910,0.000004
TAP_TAPCELL_ROW_6_77,VGND,li1,18.6300,27.4910,0.000003
TAP_TAPCELL_ROW_5_76,VGND,li1,83.0300,26.9080,0.000003
TAP_TAPCELL_ROW_5_75,VGND,li1,57.2700,26.9080,0.000004
TAP_TAPCELL_ROW_5_74,VGND,li1,31.5100,26.9080,0.000003
TAP_TAPCELL_ROW_4_73,VGND,li1,70.1500,22.0510,0.000004
TAP_TAPCELL_ROW_4_72,VGND,li1,44.3900,22.0510,0.000005
TAP_TAPCELL_ROW_4_71,VGND,li1,18.6300,22.0510,0.000006
TAP_TAPCELL_ROW_3_70,VGND,li1,83.0300,21.4680,0.000004
TAP_TAPCELL_ROW_3_69,VGND,li1,57.2700,21.4680,0.000005
TAP_TAPCELL_ROW_3_68,VGND,li1,31.5100,21.4680,0.000005
TAP_TAPCELL_ROW_2_67,VGND,li1,70.1500,16.6110,0.000004
TAP_TAPCELL_ROW_2_66,VGND,li1,44.3900,16.6110,0.000005
TAP_TAPCELL_ROW_2_65,VGND,li1,18.6300,16.6110,0.000007
TAP_TAPCELL_ROW_1_64,VGND,li1,83.0300,16.0280,0.000003
TAP_TAPCELL_ROW_1_63,VGND,li1,57.2700,16.0280,0.000005
TAP_TAPCELL_ROW_1_62,VGND,li1,31.5100,16.0280,0.000007
TAP_TAPCELL_ROW_0_61,VGND,li1,83.0300,11.1710,0.000006
TAP_TAPCELL_ROW_0_60,VGND,li1,70.1500,11.1710,0.000006
TAP_TAPCELL_ROW_0_59,VGND,li1,57.2700,11.1710,0.000007
TAP_TAPCELL_ROW_0_58,VGND,li1,44.3900,11.1710,0.000006
TAP_TAPCELL_ROW_0_57,VGND,li1,31.5100,11.1710,0.000005
TAP_TAPCELL_ROW_0_56,VGND,li1,18.6300,11.1710,0.000006
PHY_EDGE_ROW_27_Left_55,VGND,li1,6.2100,87.0400,0.000002
PHY_EDGE_ROW_26_Left_54,VGND,li1,6.2100,81.6000,0.000006
PHY_EDGE_ROW_25_Left_53,VGND,li1,6.2100,81.6000,0.000006
PHY_EDGE_ROW_24_Left_52,VGND,li1,6.2100,76.1600,0.000006
PHY_EDGE_ROW_23_Left_51,VGND,li1,6.2100,76.1600,0.000006
PHY_EDGE_ROW_22_Left_50,VGND,li1,6.2100,70.7200,0.000007
PHY_EDGE_ROW_21_Left_49,VGND,li1,6.2100,70.7200,0.000007
PHY_EDGE_ROW_20_Left_48,VGND,li1,6.2100,65.2800,0.000005
PHY_EDGE_ROW_19_Left_47,VGND,li1,6.2100,65.2800,0.000005
PHY_EDGE_ROW_18_Left_46,VGND,li1,6.2100,59.8400,0.000005
PHY_EDGE_ROW_17_Left_45,VGND,li1,6.2100,59.8400,0.000005
PHY_EDGE_ROW_16_Left_44,VGND,li1,6.2100,54.4000,0.000006
PHY_EDGE_ROW_15_Left_43,VGND,li1,6.2100,54.4000,0.000006
PHY_EDGE_ROW_14_Left_42,VGND,li1,6.2100,48.9600,0.000003
PHY_EDGE_ROW_13_Left_41,VGND,li1,6.2100,48.9600,0.000003
PHY_EDGE_ROW_12_Left_40,VGND,li1,6.2100,43.5200,0.000003
PHY_EDGE_ROW_11_Left_39,VGND,li1,6.2100,43.5200,0.000003
PHY_EDGE_ROW_10_Left_38,VGND,li1,6.2100,38.0800,0.000005
PHY_EDGE_ROW_9_Left_37,VGND,li1,6.2100,38.0800,0.000005
PHY_EDGE_ROW_8_Left_36,VGND,li1,6.2100,32.6400,0.000004
PHY_EDGE_ROW_7_Left_35,VGND,li1,6.2100,32.6400,0.000004
PHY_EDGE_ROW_6_Left_34,VGND,li1,6.2100,27.2000,0.000003
PHY_EDGE_ROW_5_Left_33,VGND,li1,6.2100,27.2000,0.000003
PHY_EDGE_ROW_4_Left_32,VGND,li1,6.2100,21.7600,0.000006
PHY_EDGE_ROW_3_Left_31,VGND,li1,6.2100,21.7600,0.000006
PHY_EDGE_ROW_2_Left_30,VGND,li1,6.2100,16.3200,0.000006
PHY_EDGE_ROW_1_Left_29,VGND,li1,6.2100,16.3200,0.000006
PHY_EDGE_ROW_0_Left_28,VGND,li1,6.2100,10.8800,0.000006
PHY_EDGE_ROW_27_Right_27,VGND,li1,93.6100,87.0400,0.000004
PHY_EDGE_ROW_26_Right_26,VGND,li1,93.6100,81.6000,0.000005
PHY_EDGE_ROW_25_Right_25,VGND,li1,93.6100,81.6000,0.000005
PHY_EDGE_ROW_24_Right_24,VGND,li1,93.6100,76.1600,0.000002
PHY_EDGE_ROW_23_Right_23,VGND,li1,93.6100,76.1600,0.000002
PHY_EDGE_ROW_22_Right_22,VGND,li1,93.6100,70.7200,0.000008
PHY_EDGE_ROW_21_Right_21,VGND,li1,93.6100,70.7200,0.000008
PHY_EDGE_ROW_20_Right_20,VGND,li1,93.6100,65.2800,0.000002
PHY_EDGE_ROW_19_Right_19,VGND,li1,93.6100,65.2800,0.000002
PHY_EDGE_ROW_18_Right_18,VGND,li1,93.6100,59.8400,0.000002
PHY_EDGE_ROW_17_Right_17,VGND,li1,93.6100,59.8400,0.000002
PHY_EDGE_ROW_16_Right_16,VGND,li1,93.6100,54.4000,0.000005
PHY_EDGE_ROW_15_Right_15,VGND,li1,93.6100,54.4000,0.000005
PHY_EDGE_ROW_14_Right_14,VGND,li1,93.6100,48.9600,0.000002
PHY_EDGE_ROW_13_Right_13,VGND,li1,93.6100,48.9600,0.000002
PHY_EDGE_ROW_12_Right_12,VGND,li1,93.6100,43.5200,0.000007
PHY_EDGE_ROW_11_Right_11,VGND,li1,93.6100,43.5200,0.000007
PHY_EDGE_ROW_10_Right_10,VGND,li1,93.6100,38.0800,0.000008
PHY_EDGE_ROW_9_Right_9,VGND,li1,93.6100,38.0800,0.000008
PHY_EDGE_ROW_8_Right_8,VGND,li1,93.6100,32.6400,0.000004
PHY_EDGE_ROW_7_Right_7,VGND,li1,93.6100,32.6400,0.000004
PHY_EDGE_ROW_6_Right_6,VGND,li1,93.6100,27.2000,0.000002
PHY_EDGE_ROW_5_Right_5,VGND,li1,93.6100,27.2000,0.000002
PHY_EDGE_ROW_4_Right_4,VGND,li1,93.6100,21.7600,0.000004
PHY_EDGE_ROW_3_Right_3,VGND,li1,93.6100,21.7600,0.000004
PHY_EDGE_ROW_2_Right_2,VGND,li1,93.6100,16.3200,0.000002
PHY_EDGE_ROW_1_Right_1,VGND,li1,93.6100,16.3200,0.000002
PHY_EDGE_ROW_0_Right_0,VGND,li1,93.6100,10.8800,0.000006
_347_,VGND,li1,69.2300,38.0800,0.000009
_346_,VGND,li1,24.6100,70.7200,0.000008
_345_,VGND,li1,35.1900,16.3200,0.000006
_344_,VGND,li1,14.7200,38.0800,0.000004
_343_,VGND,li1,76.5900,70.7200,0.000008
_342_,VGND,li1,40.4800,27.2000,0.000003
_341_,VGND,li1,71.9900,21.7600,0.000005
_340_,VGND,li1,67.1600,27.2000,0.000003
_339_,VGND,li1,24.6100,87.0400,0.000002
_338_,VGND,li1,17.2500,65.2800,0.000005
_337_,VGND,li1,20.9300,38.0800,0.000005
_336_,VGND,li1,23.2300,32.6400,0.000004
_335_,VGND,li1,20.7000,10.8800,0.000007
_334_,VGND,li1,20.7000,65.2800,0.000006
_333_,VGND,li1,29.6700,21.7600,0.000006
_332_,VGND,li1,27.8300,54.4000,0.000004
_331_,VGND,li1,32.6600,32.6400,0.000004
_330_,VGND,li1,33.3500,21.7600,0.000005
_329_,VGND,li1,53.1300,38.0800,0.000008
_328_,VGND,li1,36.5700,27.2000,0.000004
_327_,VGND,li1,71.7600,76.1600,0.000004
_326_,VGND,li1,31.5100,65.2800,0.000007
_325_,VGND,li1,28.0600,65.2800,0.000006
_324_,VGND,li1,11.0400,59.8400,0.000005
_323_,VGND,li1,48.5300,59.8400,0.000003
_322_,VGND,li1,80.7300,54.4000,0.000005
_321_,VGND,li1,32.6600,81.6000,0.000009
_320_,VGND,li1,45.5400,48.9600,0.000002
_319_,VGND,li1,17.7100,21.7600,0.000006
_318_,VGND,li1,87.1700,43.5200,0.000005
_317_,VGND,li1,91.0800,32.6400,0.000004
_316_,VGND,li1,33.3500,59.8400,0.000004
_315_,VGND,li1,9.8900,27.2000,0.000003
_314_,VGND,li1,84.6400,48.9600,0.000003
_313_,VGND,li1,43.0100,32.6400,0.000003
_312_,VGND,li1,67.8500,32.6400,0.000002
_311_,VGND,li1,24.1500,43.5200,0.000002
_310_,VGND,li1,9.8900,16.3200,0.000006
_309_,VGND,li1,30.1300,81.6000,0.000010
_308_,VGND,li1,12.4200,54.4000,0.000004
_307_,VGND,li1,34.7300,38.0800,0.000005
_306_,VGND,li1,47.3800,70.7200,0.000010
_305_,VGND,li1,46.2300,65.2800,0.000007
_304_,VGND,li1,85.5600,87.0400,0.000003
_303_,VGND,li1,72.4500,10.8800,0.000006
_302_,VGND,li1,91.3100,32.6400,0.000004
_301_,VGND,li1,33.5800,48.9600,0.000002
_300_,VGND,li1,40.7100,76.1600,0.000005
_299_,VGND,li1,43.0100,81.6000,0.000007
_298_,VGND,li1,72.2200,38.0800,0.000010
_297_,VGND,li1,64.4000,43.5200,0.000002
_296_,VGND,li1,21.3900,48.9600,0.000003
_295_,VGND,li1,53.8200,10.8800,0.000007
_294_,VGND,li1,59.1100,16.3200,0.000005
_293_,VGND,li1,84.6400,76.1600,0.000003
_292_,VGND,li1,39.3300,32.6400,0.000004
_291_,VGND,li1,38.6400,59.8400,0.000004
_290_,VGND,li1,10.8100,21.7600,0.000006
_289_,VGND,li1,76.3600,43.5200,0.000005
_288_,VGND,li1,17.7100,59.8400,0.000005
_287_,VGND,li1,28.2900,21.7600,0.000006
_286_,VGND,li1,52.6700,21.7600,0.000005
_285_,VGND,li1,58.1900,59.8400,0.000003
_284_,VGND,li1,87.1700,43.5200,0.000005
_283_,VGND,li1,55.4300,32.6400,0.000003
_282_,VGND,li1,39.1000,16.3200,0.000005
_281_,VGND,li1,13.5700,43.5200,0.000002
_280_,VGND,li1,85.1000,65.2800,0.000003
_279_,VGND,li1,78.2000,59.8400,0.000003
_278_,VGND,li1,48.5300,10.8800,0.000007
_277_,VGND,li1,63.4800,38.0800,0.000007
_276_,VGND,li1,50.8300,27.2000,0.000005
_275_,VGND,li1,57.2700,21.7600,0.000005
_274_,VGND,li1,39.7900,32.6400,0.000004
_273_,VGND,li1,92.2300,48.9600,0.000002
_272_,VGND,li1,25.5300,21.7600,0.000006
_271_,VGND,li1,75.2100,70.7200,0.000008
_270_,VGND,li1,71.5300,21.7600,0.000005
_269_,VGND,li1,35.1900,32.6400,0.000004
_268_,VGND,li1,33.8100,76.1600,0.000007
_267_,VGND,li1,81.6500,76.1600,0.000004
_266_,VGND,li1,8.0500,54.4000,0.000005
_265_,VGND,li1,28.9800,70.7200,0.000008
_264_,VGND,li1,14.7200,10.8800,0.000005
_263_,VGND,li1,26.2200,32.6400,0.000005
_262_,VGND,li1,29.6700,76.1600,0.000008
_261_,VGND,li1,56.3500,16.3200,0.000005
_260_,VGND,li1,73.3700,59.8400,0.000003
_259_,VGND,li1,27.8300,76.1600,0.000008
_258_,VGND,li1,61.1800,70.7200,0.000007
_257_,VGND,li1,61.1800,87.0400,0.000004
_256_,VGND,li1,82.5700,27.2000,0.000003
_255_,VGND,li1,35.1900,16.3200,0.000006
_254_,VGND,li1,59.1100,38.0800,0.000008
_253_,VGND,li1,59.5700,54.4000,0.000005
_252_,VGND,li1,56.3500,54.4000,0.000006
_251_,VGND,li1,26.2200,81.6000,0.000009
_250_,VGND,li1,47.6100,81.6000,0.000008
_249_,VGND,li1,82.3400,48.9600,0.000002
_248_,VGND,li1,85.7900,32.6400,0.000004
_247_,VGND,li1,15.1800,54.4000,0.000005
_246_,VGND,li1,27.1400,81.6000,0.000009
_245_,VGND,li1,77.9700,27.2000,0.000004
_244_,VGND,li1,49.4500,65.2800,0.000007
_243_,VGND,li1,81.4200,27.2000,0.000003
_242_,VGND,li1,36.1100,59.8400,0.000004
_241_,VGND,li1,66.9300,16.3200,0.000004
_240_,VGND,li1,71.5300,65.2800,0.000004
_239_,VGND,li1,34.7300,65.2800,0.000006
_238_,VGND,li1,89.9300,43.5200,0.000006
_237_,VGND,li1,64.8600,76.1600,0.000004
_236_,VGND,li1,89.7000,59.8400,0.000002
_235_,VGND,li1,81.4200,16.3200,0.000004
_234_,VGND,li1,42.0900,10.8800,0.000006
_233_,VGND,li1,61.1800,54.4000,0.000005
_232_,VGND,li1,8.5100,38.0800,0.000005
_231_,VGND,li1,78.2000,38.0800,0.000011
_230_,VGND,li1,63.9400,54.4000,0.000004
_229_,VGND,li1,80.2700,70.7200,0.000008
_228_,VGND,li1,40.7100,65.2800,0.000006
_227_,VGND,li1,16.7900,76.1600,0.000006
_226_,VGND,li1,73.3700,43.5200,0.000004
_225_,VGND,li1,8.2800,70.7200,0.000007
_224_,VGND,li1,12.1900,81.6000,0.000005
_223_,VGND,li1,58.6500,48.9600,0.000002
_222_,VGND,li1,84.4100,81.6000,0.000005
_221_,VGND,li1,51.2900,21.7600,0.000005
_220_,VGND,li1,10.8100,70.7200,0.000007
_219_,VGND,li1,28.0600,27.2000,0.000003
_218_,VGND,li1,88.3200,32.6400,0.000004
_217_,VGND,li1,64.4000,27.2000,0.000003
_216_,VGND,li1,33.1200,76.1600,0.000008
_215_,VGND,li1,60.4900,65.2800,0.000005
_214_,VGND,li1,27.8300,21.7600,0.000006
_213_,VGND,li1,20.4700,16.3200,0.000008
_212_,VGND,li1,63.7100,27.2000,0.000003
_211_,VGND,li1,68.0800,43.5200,0.000003
_210_,VGND,li1,55.2000,54.4000,0.000006
_209_,VGND,li1,84.4100,38.0800,0.000010
_208_,VGND,li1,80.5000,21.7600,0.000004
_207_,VGND,li1,24.1500,76.1600,0.000008
_206_,VGND,li1,10.5800,65.2800,0.000005
_205_,VGND,li1,27.3700,76.1600,0.000008
_204_,VGND,li1,37.0300,76.1600,0.000006
_203_,VGND,li1,66.2400,38.0800,0.000008
_202_,VGND,li1,48.9900,16.3200,0.000005
_201_,VGND,li1,88.0900,70.7200,0.000007
_200_,VGND,li1,45.3100,70.7200,0.000009
_199_,VGND,li1,51.7500,54.4000,0.000006
_198_,VGND,li1,42.5500,43.5200,0.000003
_197_,VGND,li1,60.7200,38.0800,0.000008
_196_,VGND,li1,51.7500,65.2800,0.000007
_195_,VGND,li1,62.3300,48.9600,0.000002
_194_,VGND,li1,13.1100,59.8400,0.000004
_193_,VGND,li1,81.8800,59.8400,0.000003
_192_,VGND,li1,20.4700,76.1600,0.000007
_191_,VGND,li1,41.4000,70.7200,0.000008
_190_,VGND,li1,46.0000,43.5200,0.000003
_189_,VGND,li1,22.5400,16.3200,0.000008
_188_,VGND,li1,64.8600,10.8800,0.000005
_187_,VGND,li1,25.5300,38.0800,0.000005
_186_,VGND,li1,23.2300,76.1600,0.000008
_185_,VGND,li1,77.5100,38.0800,0.000011
_184_,VGND,li1,34.5000,81.6000,0.000009
_183_,VGND,li1,15.4100,21.7600,0.000005
_182_,VGND,li1,51.2900,70.7200,0.000010
_181_,VGND,li1,71.9900,16.3200,0.000004
_180_,VGND,li1,24.1500,59.8400,0.000005
_179_,VGND,li1,39.1000,81.6000,0.000007
_178_,VGND,li1,49.6800,70.7200,0.000010
_177_,VGND,li1,63.2500,81.6000,0.000004
_176_,VGND,li1,28.9800,81.6000,0.000010
_175_,VGND,li1,63.0200,70.7200,0.000007
_174_,VGND,li1,91.7700,21.7600,0.000004
_173_,VGND,li1,31.2800,16.3200,0.000007
_172_,VGND,li1,80.7300,81.6000,0.000005
_171_,VGND,li1,58.6500,70.7200,0.000008
_170_,VGND,li1,80.2700,10.8800,0.000006
