
===========================================================================
report_checks -path_delay max (Setup)
============================================================================
======================= Fastest Corner ===================================

Startpoint: in[1] (input port clocked by __VIRTUAL_CLK__)
Endpoint: out[6] (output port clocked by __VIRTUAL_CLK__)
Path Group: __VIRTUAL_CLK__
Path Type: max
Corner: Fastest

Fanout     Cap    Slew   Delay    Time   Description
-----------------------------------------------------------------------------
                  0.00    0.00    0.00   clock __VIRTUAL_CLK__ (rise edge)
                          0.00    0.00   clock network delay (ideal)
                          2.00    2.00 v input external delay
     1    0.00    0.00    0.00    2.00 v in[1] (in)
                                         in[1] (net)
                  0.00    0.00    2.00 v input2/A (sky130_fd_sc_hd__buf_1)
     4    0.01    0.06    0.09    2.09 v input2/X (sky130_fd_sc_hd__buf_1)
                                         net2 (net)
                  0.06    0.00    2.09 v _13_/A (sky130_fd_sc_hd__or4_2)
     5    0.02    0.10    0.45    2.54 v _13_/X (sky130_fd_sc_hd__or4_2)
                                         _02_ (net)
                  0.10    0.00    2.54 v _20_/D (sky130_fd_sc_hd__or4_1)
     2    0.01    0.09    0.29    2.84 v _20_/X (sky130_fd_sc_hd__or4_1)
                                         _06_ (net)
                  0.09    0.00    2.84 v _22_/A (sky130_fd_sc_hd__and2_1)
     1    0.01    0.03    0.12    2.96 v _22_/X (sky130_fd_sc_hd__and2_1)
                                         _08_ (net)
                  0.03    0.00    2.96 v _23_/A (sky130_fd_sc_hd__clkbuf_1)
     1    0.00    0.02    0.06    3.02 v _23_/X (sky130_fd_sc_hd__clkbuf_1)
                                         net15 (net)
                  0.02    0.00    3.02 v output15/A (sky130_fd_sc_hd__buf_2)
     1    0.03    0.06    0.12    3.14 v output15/X (sky130_fd_sc_hd__buf_2)
                                         out[6] (net)
                  0.06    0.00    3.14 v out[6] (out)
                                  3.14   data arrival time

                  0.00   10.00   10.00   clock __VIRTUAL_CLK__ (rise edge)
                          0.00   10.00   clock network delay (ideal)
                         -0.25    9.75   clock uncertainty
                          0.00    9.75   clock reconvergence pessimism
                         -2.00    7.75   output external delay
                                  7.75   data required time
-----------------------------------------------------------------------------
                                  7.75   data required time
                                 -3.14   data arrival time
-----------------------------------------------------------------------------
                                  4.61   slack (MET)


Startpoint: in[1] (input port clocked by __VIRTUAL_CLK__)
Endpoint: out[7] (output port clocked by __VIRTUAL_CLK__)
Path Group: __VIRTUAL_CLK__
Path Type: max
Corner: Fastest

Fanout     Cap    Slew   Delay    Time   Description
-----------------------------------------------------------------------------
                  0.00    0.00    0.00   clock __VIRTUAL_CLK__ (rise edge)
                          0.00    0.00   clock network delay (ideal)
                          2.00    2.00 v input external delay
     1    0.00    0.00    0.00    2.00 v in[1] (in)
                                         in[1] (net)
                  0.00    0.00    2.00 v input2/A (sky130_fd_sc_hd__buf_1)
     4    0.01    0.06    0.09    2.09 v input2/X (sky130_fd_sc_hd__buf_1)
                                         net2 (net)
                  0.06    0.00    2.09 v _13_/A (sky130_fd_sc_hd__or4_2)
     5    0.02    0.10    0.45    2.54 v _13_/X (sky130_fd_sc_hd__or4_2)
                                         _02_ (net)
                  0.10    0.00    2.54 v _20_/D (sky130_fd_sc_hd__or4_1)
     2    0.01    0.09    0.29    2.84 v _20_/X (sky130_fd_sc_hd__or4_1)
                                         _06_ (net)
                  0.09    0.00    2.84 v _24_/B (sky130_fd_sc_hd__xor2_1)
     1    0.00    0.09    0.11    2.95 ^ _24_/X (sky130_fd_sc_hd__xor2_1)
                                         net16 (net)
                  0.09    0.00    2.95 ^ output16/A (sky130_fd_sc_hd__clkbuf_4)
     1    0.03    0.08    0.15    3.10 ^ output16/X (sky130_fd_sc_hd__clkbuf_4)
                                         out[7] (net)
                  0.08    0.00    3.10 ^ out[7] (out)
                                  3.10   data arrival time

                  0.00   10.00   10.00   clock __VIRTUAL_CLK__ (rise edge)
                          0.00   10.00   clock network delay (ideal)
                         -0.25    9.75   clock uncertainty
                          0.00    9.75   clock reconvergence pessimism
                         -2.00    7.75   output external delay
                                  7.75   data required time
-----------------------------------------------------------------------------
                                  7.75   data required time
                                 -3.10   data arrival time
-----------------------------------------------------------------------------
                                  4.65   slack (MET)


Startpoint: in[1] (input port clocked by __VIRTUAL_CLK__)
Endpoint: out[5] (output port clocked by __VIRTUAL_CLK__)
Path Group: __VIRTUAL_CLK__
Path Type: max
Corner: Fastest

Fanout     Cap    Slew   Delay    Time   Description
-----------------------------------------------------------------------------
                  0.00    0.00    0.00   clock __VIRTUAL_CLK__ (rise edge)
                          0.00    0.00   clock network delay (ideal)
                          2.00    2.00 v input external delay
     1    0.00    0.00    0.00    2.00 v in[1] (in)
                                         in[1] (net)
                  0.00    0.00    2.00 v input2/A (sky130_fd_sc_hd__buf_1)
     4    0.01    0.06    0.09    2.09 v input2/X (sky130_fd_sc_hd__buf_1)
                                         net2 (net)
                  0.06    0.00    2.09 v _13_/A (sky130_fd_sc_hd__or4_2)
     5    0.02    0.10    0.45    2.54 v _13_/X (sky130_fd_sc_hd__or4_2)
                                         _02_ (net)
                  0.10    0.00    2.54 v _16_/B (sky130_fd_sc_hd__nor2_1)
     2    0.01    0.17    0.17    2.71 ^ _16_/Y (sky130_fd_sc_hd__nor2_1)
                                         _04_ (net)
                  0.17    0.00    2.71 ^ _19_/B (sky130_fd_sc_hd__xnor2_1)
     1    0.00    0.10    0.09    2.80 ^ _19_/Y (sky130_fd_sc_hd__xnor2_1)
                                         net14 (net)
                  0.10    0.00    2.80 ^ output14/A (sky130_fd_sc_hd__buf_2)
     1    0.03    0.13    0.16    2.96 ^ output14/X (sky130_fd_sc_hd__buf_2)
                                         out[5] (net)
                  0.13    0.00    2.97 ^ out[5] (out)
                                  2.97   data arrival time

                  0.00   10.00   10.00   clock __VIRTUAL_CLK__ (rise edge)
                          0.00   10.00   clock network delay (ideal)
                         -0.25    9.75   clock uncertainty
                          0.00    9.75   clock reconvergence pessimism
                         -2.00    7.75   output external delay
                                  7.75   data required time
-----------------------------------------------------------------------------
                                  7.75   data required time
                                 -2.97   data arrival time
-----------------------------------------------------------------------------
                                  4.78   slack (MET)


Startpoint: in[1] (input port clocked by __VIRTUAL_CLK__)
Endpoint: out[4] (output port clocked by __VIRTUAL_CLK__)
Path Group: __VIRTUAL_CLK__
Path Type: max
Corner: Fastest

Fanout     Cap    Slew   Delay    Time   Description
-----------------------------------------------------------------------------
                  0.00    0.00    0.00   clock __VIRTUAL_CLK__ (rise edge)
                          0.00    0.00   clock network delay (ideal)
                          2.00    2.00 v input external delay
     1    0.00    0.00    0.00    2.00 v in[1] (in)
                                         in[1] (net)
                  0.00    0.00    2.00 v input2/A (sky130_fd_sc_hd__buf_1)
     4    0.01    0.06    0.09    2.09 v input2/X (sky130_fd_sc_hd__buf_1)
                                         net2 (net)
                  0.06    0.00    2.09 v _13_/A (sky130_fd_sc_hd__or4_2)
     5    0.02    0.10    0.45    2.54 v _13_/X (sky130_fd_sc_hd__or4_2)
                                         _02_ (net)
                  0.10    0.00    2.54 v _17_/B (sky130_fd_sc_hd__and2_1)
     1    0.01    0.04    0.14    2.69 v _17_/X (sky130_fd_sc_hd__and2_1)
                                         _05_ (net)
                  0.04    0.00    2.69 v _18_/B (sky130_fd_sc_hd__nor2_1)
     1    0.00    0.07    0.07    2.76 ^ _18_/Y (sky130_fd_sc_hd__nor2_1)
                                         net13 (net)
                  0.07    0.00    2.76 ^ output13/A (sky130_fd_sc_hd__buf_2)
     1    0.03    0.13    0.15    2.91 ^ output13/X (sky130_fd_sc_hd__buf_2)
                                         out[4] (net)
                  0.13    0.00    2.91 ^ out[4] (out)
                                  2.91   data arrival time

                  0.00   10.00   10.00   clock __VIRTUAL_CLK__ (rise edge)
                          0.00   10.00   clock network delay (ideal)
                         -0.25    9.75   clock uncertainty
                          0.00    9.75   clock reconvergence pessimism
                         -2.00    7.75   output external delay
                                  7.75   data required time
-----------------------------------------------------------------------------
                                  7.75   data required time
                                 -2.91   data arrival time
-----------------------------------------------------------------------------
                                  4.84   slack (MET)


Startpoint: in[1] (input port clocked by __VIRTUAL_CLK__)
Endpoint: out[3] (output port clocked by __VIRTUAL_CLK__)
Path Group: __VIRTUAL_CLK__
Path Type: max
Corner: Fastest

Fanout     Cap    Slew   Delay    Time   Description
-----------------------------------------------------------------------------
                  0.00    0.00    0.00   clock __VIRTUAL_CLK__ (rise edge)
                          0.00    0.00   clock network delay (ideal)
                          2.00    2.00 v input external delay
     1    0.00    0.00    0.00    2.00 v in[1] (in)
                                         in[1] (net)
                  0.00    0.00    2.00 v input2/A (sky130_fd_sc_hd__buf_1)
     4    0.01    0.06    0.09    2.09 v input2/X (sky130_fd_sc_hd__buf_1)
                                         net2 (net)
                  0.06    0.00    2.09 v _13_/A (sky130_fd_sc_hd__or4_2)
     5    0.02    0.10    0.45    2.54 v _13_/X (sky130_fd_sc_hd__or4_2)
                                         _02_ (net)
                  0.10    0.00    2.54 v _14_/B (sky130_fd_sc_hd__and2b_1)
     1    0.00    0.03    0.13    2.68 v _14_/X (sky130_fd_sc_hd__and2b_1)
                                         _03_ (net)
                  0.03    0.00    2.68 v _15_/A (sky130_fd_sc_hd__clkbuf_1)
     1    0.00    0.02    0.06    2.73 v _15_/X (sky130_fd_sc_hd__clkbuf_1)
                                         net12 (net)
                  0.02    0.00    2.73 v output12/A (sky130_fd_sc_hd__buf_2)
     1    0.03    0.06    0.12    2.85 v output12/X (sky130_fd_sc_hd__buf_2)
                                         out[3] (net)
                  0.06    0.00    2.85 v out[3] (out)
                                  2.85   data arrival time

                  0.00   10.00   10.00   clock __VIRTUAL_CLK__ (rise edge)
                          0.00   10.00   clock network delay (ideal)
                         -0.25    9.75   clock uncertainty
                          0.00    9.75   clock reconvergence pessimism
                         -2.00    7.75   output external delay
                                  7.75   data required time
-----------------------------------------------------------------------------
                                  7.75   data required time
                                 -2.85   data arrival time
-----------------------------------------------------------------------------
                                  4.90   slack (MET)


Startpoint: in[0] (input port clocked by __VIRTUAL_CLK__)
Endpoint: out[2] (output port clocked by __VIRTUAL_CLK__)
Path Group: __VIRTUAL_CLK__
Path Type: max
Corner: Fastest

Fanout     Cap    Slew   Delay    Time   Description
-----------------------------------------------------------------------------
                  0.00    0.00    0.00   clock __VIRTUAL_CLK__ (rise edge)
                          0.00    0.00   clock network delay (ideal)
                          2.00    2.00 ^ input external delay
     1    0.00    0.02    0.01    2.01 ^ in[0] (in)
                                         in[0] (net)
                  0.02    0.00    2.01 ^ input1/A (sky130_fd_sc_hd__buf_1)
     5    0.02    0.16    0.14    2.15 ^ input1/X (sky130_fd_sc_hd__buf_1)
                                         net1 (net)
                  0.16    0.00    2.16 ^ _10_/B (sky130_fd_sc_hd__nor2_1)
     2    0.01    0.06    0.06    2.22 v _10_/Y (sky130_fd_sc_hd__nor2_1)
                                         _00_ (net)
                  0.06    0.00    2.22 v _11_/B (sky130_fd_sc_hd__xnor2_1)
     1    0.01    0.12    0.13    2.35 ^ _11_/Y (sky130_fd_sc_hd__xnor2_1)
                                         net11 (net)
                  0.12    0.00    2.35 ^ output11/A (sky130_fd_sc_hd__buf_2)
     1    0.03    0.13    0.17    2.51 ^ output11/X (sky130_fd_sc_hd__buf_2)
                                         out[2] (net)
                  0.13    0.00    2.51 ^ out[2] (out)
                                  2.51   data arrival time

                  0.00   10.00   10.00   clock __VIRTUAL_CLK__ (rise edge)
                          0.00   10.00   clock network delay (ideal)
                         -0.25    9.75   clock uncertainty
                          0.00    9.75   clock reconvergence pessimism
                         -2.00    7.75   output external delay
                                  7.75   data required time
-----------------------------------------------------------------------------
                                  7.75   data required time
                                 -2.51   data arrival time
-----------------------------------------------------------------------------
                                  5.24   slack (MET)


Startpoint: in[0] (input port clocked by __VIRTUAL_CLK__)
Endpoint: out[1] (output port clocked by __VIRTUAL_CLK__)
Path Group: __VIRTUAL_CLK__
Path Type: max
Corner: Fastest

Fanout     Cap    Slew   Delay    Time   Description
-----------------------------------------------------------------------------
                  0.00    0.00    0.00   clock __VIRTUAL_CLK__ (rise edge)
                          0.00    0.00   clock network delay (ideal)
                          2.00    2.00 ^ input external delay
     1    0.00    0.02    0.01    2.01 ^ in[0] (in)
                                         in[0] (net)
                  0.02    0.00    2.01 ^ input1/A (sky130_fd_sc_hd__buf_1)
     5    0.02    0.16    0.14    2.15 ^ input1/X (sky130_fd_sc_hd__buf_1)
                                         net1 (net)
                  0.16    0.00    2.16 ^ _10_/B (sky130_fd_sc_hd__nor2_1)
     2    0.01    0.06    0.06    2.22 v _10_/Y (sky130_fd_sc_hd__nor2_1)
                                         _00_ (net)
                  0.06    0.00    2.22 v _26_/A (sky130_fd_sc_hd__nor2_1)
     1    0.01    0.08    0.10    2.32 ^ _26_/Y (sky130_fd_sc_hd__nor2_1)
                                         net10 (net)
                  0.08    0.00    2.32 ^ output10/A (sky130_fd_sc_hd__buf_2)
     1    0.03    0.13    0.16    2.47 ^ output10/X (sky130_fd_sc_hd__buf_2)
                                         out[1] (net)
                  0.13    0.00    2.47 ^ out[1] (out)
                                  2.47   data arrival time

                  0.00   10.00   10.00   clock __VIRTUAL_CLK__ (rise edge)
                          0.00   10.00   clock network delay (ideal)
                         -0.25    9.75   clock uncertainty
                          0.00    9.75   clock reconvergence pessimism
                         -2.00    7.75   output external delay
                                  7.75   data required time
-----------------------------------------------------------------------------
                                  7.75   data required time
                                 -2.47   data arrival time
-----------------------------------------------------------------------------
                                  5.28   slack (MET)


Startpoint: in[0] (input port clocked by __VIRTUAL_CLK__)
Endpoint: out[0] (output port clocked by __VIRTUAL_CLK__)
Path Group: __VIRTUAL_CLK__
Path Type: max
Corner: Fastest

Fanout     Cap    Slew   Delay    Time   Description
-----------------------------------------------------------------------------
                  0.00    0.00    0.00   clock __VIRTUAL_CLK__ (rise edge)
                          0.00    0.00   clock network delay (ideal)
                          2.00    2.00 ^ input external delay
     1    0.00    0.02    0.01    2.01 ^ in[0] (in)
                                         in[0] (net)
                  0.02    0.00    2.01 ^ input1/A (sky130_fd_sc_hd__buf_1)
     5    0.02    0.16    0.14    2.15 ^ input1/X (sky130_fd_sc_hd__buf_1)
                                         net1 (net)
                  0.16    0.00    2.15 ^ _27_/A (sky130_fd_sc_hd__clkbuf_1)
     1    0.00    0.04    0.07    2.22 ^ _27_/X (sky130_fd_sc_hd__clkbuf_1)
                                         net9 (net)
                  0.04    0.00    2.22 ^ output9/A (sky130_fd_sc_hd__buf_2)
     1    0.03    0.13    0.15    2.37 ^ output9/X (sky130_fd_sc_hd__buf_2)
                                         out[0] (net)
                  0.13    0.00    2.37 ^ out[0] (out)
                                  2.37   data arrival time

                  0.00   10.00   10.00   clock __VIRTUAL_CLK__ (rise edge)
                          0.00   10.00   clock network delay (ideal)
                         -0.25    9.75   clock uncertainty
                          0.00    9.75   clock reconvergence pessimism
                         -2.00    7.75   output external delay
                                  7.75   data required time
-----------------------------------------------------------------------------
                                  7.75   data required time
                                 -2.37   data arrival time
-----------------------------------------------------------------------------
                                  5.38   slack (MET)



worst slack corner Fastest: 4.6132
======================= Slowest Corner ===================================

Startpoint: in[1] (input port clocked by __VIRTUAL_CLK__)
Endpoint: out[6] (output port clocked by __VIRTUAL_CLK__)
Path Group: __VIRTUAL_CLK__
Path Type: max
Corner: Slowest

Fanout     Cap    Slew   Delay    Time   Description
-----------------------------------------------------------------------------
                  0.00    0.00    0.00   clock __VIRTUAL_CLK__ (rise edge)
                          0.00    0.00   clock network delay (ideal)
                          2.00    2.00 v input external delay
     1    0.00    0.02    0.01    2.01 v in[1] (in)
                                         in[1] (net)
                  0.02    0.00    2.01 v input2/A (sky130_fd_sc_hd__buf_1)
     4    0.01    0.17    0.25    2.26 v input2/X (sky130_fd_sc_hd__buf_1)
                                         net2 (net)
                  0.17    0.00    2.26 v _13_/A (sky130_fd_sc_hd__or4_2)
     5    0.02    0.32    1.87    4.13 v _13_/X (sky130_fd_sc_hd__or4_2)
                                         _02_ (net)
                  0.32    0.00    4.13 v _20_/D (sky130_fd_sc_hd__or4_1)
     2    0.01    0.27    1.24    5.37 v _20_/X (sky130_fd_sc_hd__or4_1)
                                         _06_ (net)
                  0.27    0.00    5.37 v _22_/A (sky130_fd_sc_hd__and2_1)
     1    0.01    0.09    0.41    5.78 v _22_/X (sky130_fd_sc_hd__and2_1)
                                         _08_ (net)
                  0.09    0.00    5.78 v _23_/A (sky130_fd_sc_hd__clkbuf_1)
     1    0.00    0.05    0.18    5.96 v _23_/X (sky130_fd_sc_hd__clkbuf_1)
                                         net15 (net)
                  0.05    0.00    5.96 v output15/A (sky130_fd_sc_hd__buf_2)
     1    0.03    0.17    0.35    6.31 v output15/X (sky130_fd_sc_hd__buf_2)
                                         out[6] (net)
                  0.17    0.00    6.31 v out[6] (out)
                                  6.31   data arrival time

                  0.00   10.00   10.00   clock __VIRTUAL_CLK__ (rise edge)
                          0.00   10.00   clock network delay (ideal)
                         -0.25    9.75   clock uncertainty
                          0.00    9.75   clock reconvergence pessimism
                         -2.00    7.75   output external delay
                                  7.75   data required time
-----------------------------------------------------------------------------
                                  7.75   data required time
                                 -6.31   data arrival time
-----------------------------------------------------------------------------
                                  1.44   slack (MET)


Startpoint: in[1] (input port clocked by __VIRTUAL_CLK__)
Endpoint: out[7] (output port clocked by __VIRTUAL_CLK__)
Path Group: __VIRTUAL_CLK__
Path Type: max
Corner: Slowest

Fanout     Cap    Slew   Delay    Time   Description
-----------------------------------------------------------------------------
                  0.00    0.00    0.00   clock __VIRTUAL_CLK__ (rise edge)
                          0.00    0.00   clock network delay (ideal)
                          2.00    2.00 v input external delay
     1    0.00    0.02    0.01    2.01 v in[1] (in)
                                         in[1] (net)
                  0.02    0.00    2.01 v input2/A (sky130_fd_sc_hd__buf_1)
     4    0.01    0.17    0.25    2.26 v input2/X (sky130_fd_sc_hd__buf_1)
                                         net2 (net)
                  0.17    0.00    2.26 v _13_/A (sky130_fd_sc_hd__or4_2)
     5    0.02    0.32    1.87    4.13 v _13_/X (sky130_fd_sc_hd__or4_2)
                                         _02_ (net)
                  0.32    0.00    4.13 v _20_/D (sky130_fd_sc_hd__or4_1)
     2    0.01    0.27    1.24    5.37 v _20_/X (sky130_fd_sc_hd__or4_1)
                                         _06_ (net)
                  0.27    0.00    5.37 v _24_/B (sky130_fd_sc_hd__xor2_1)
     1    0.00    0.20    0.31    5.68 ^ _24_/X (sky130_fd_sc_hd__xor2_1)
                                         net16 (net)
                  0.20    0.00    5.68 ^ output16/A (sky130_fd_sc_hd__clkbuf_4)
     1    0.03    0.18    0.41    6.09 ^ output16/X (sky130_fd_sc_hd__clkbuf_4)
                                         out[7] (net)
                  0.18    0.00    6.09 ^ out[7] (out)
                                  6.09   data arrival time

                  0.00   10.00   10.00   clock __VIRTUAL_CLK__ (rise edge)
                          0.00   10.00   clock network delay (ideal)
                         -0.25    9.75   clock uncertainty
                          0.00    9.75   clock reconvergence pessimism
                         -2.00    7.75   output external delay
                                  7.75   data required time
-----------------------------------------------------------------------------
                                  7.75   data required time
                                 -6.09   data arrival time
-----------------------------------------------------------------------------
                                  1.66   slack (MET)


Startpoint: in[1] (input port clocked by __VIRTUAL_CLK__)
Endpoint: out[5] (output port clocked by __VIRTUAL_CLK__)
Path Group: __VIRTUAL_CLK__
Path Type: max
Corner: Slowest

Fanout     Cap    Slew   Delay    Time   Description
-----------------------------------------------------------------------------
                  0.00    0.00    0.00   clock __VIRTUAL_CLK__ (rise edge)
                          0.00    0.00   clock network delay (ideal)
                          2.00    2.00 v input external delay
     1    0.00    0.02    0.01    2.01 v in[1] (in)
                                         in[1] (net)
                  0.02    0.00    2.01 v input2/A (sky130_fd_sc_hd__buf_1)
     4    0.01    0.17    0.25    2.26 v input2/X (sky130_fd_sc_hd__buf_1)
                                         net2 (net)
                  0.17    0.00    2.26 v _13_/A (sky130_fd_sc_hd__or4_2)
     5    0.02    0.32    1.87    4.13 v _13_/X (sky130_fd_sc_hd__or4_2)
                                         _02_ (net)
                  0.32    0.00    4.13 v _16_/B (sky130_fd_sc_hd__nor2_1)
     2    0.01    0.39    0.46    4.59 ^ _16_/Y (sky130_fd_sc_hd__nor2_1)
                                         _04_ (net)
                  0.39    0.00    4.59 ^ _19_/B (sky130_fd_sc_hd__xnor2_1)
     1    0.00    0.22    0.34    4.93 ^ _19_/Y (sky130_fd_sc_hd__xnor2_1)
                                         net14 (net)
                  0.22    0.00    4.93 ^ output14/A (sky130_fd_sc_hd__buf_2)
     1    0.03    0.27    0.43    5.36 ^ output14/X (sky130_fd_sc_hd__buf_2)
                                         out[5] (net)
                  0.27    0.00    5.36 ^ out[5] (out)
                                  5.36   data arrival time

                  0.00   10.00   10.00   clock __VIRTUAL_CLK__ (rise edge)
                          0.00   10.00   clock network delay (ideal)
                         -0.25    9.75   clock uncertainty
                          0.00    9.75   clock reconvergence pessimism
                         -2.00    7.75   output external delay
                                  7.75   data required time
-----------------------------------------------------------------------------
                                  7.75   data required time
                                 -5.36   data arrival time
-----------------------------------------------------------------------------
                                  2.39   slack (MET)


Startpoint: in[1] (input port clocked by __VIRTUAL_CLK__)
Endpoint: out[4] (output port clocked by __VIRTUAL_CLK__)
Path Group: __VIRTUAL_CLK__
Path Type: max
Corner: Slowest

Fanout     Cap    Slew   Delay    Time   Description
-----------------------------------------------------------------------------
                  0.00    0.00    0.00   clock __VIRTUAL_CLK__ (rise edge)
                          0.00    0.00   clock network delay (ideal)
                          2.00    2.00 v input external delay
     1    0.00    0.02    0.01    2.01 v in[1] (in)
                                         in[1] (net)
                  0.02    0.00    2.01 v input2/A (sky130_fd_sc_hd__buf_1)
     4    0.01    0.17    0.25    2.26 v input2/X (sky130_fd_sc_hd__buf_1)
                                         net2 (net)
                  0.17    0.00    2.26 v _13_/A (sky130_fd_sc_hd__or4_2)
     5    0.02    0.32    1.87    4.13 v _13_/X (sky130_fd_sc_hd__or4_2)
                                         _02_ (net)
                  0.32    0.00    4.13 v _17_/B (sky130_fd_sc_hd__and2_1)
     1    0.01    0.10    0.50    4.63 v _17_/X (sky130_fd_sc_hd__and2_1)
                                         _05_ (net)
                  0.10    0.00    4.63 v _18_/B (sky130_fd_sc_hd__nor2_1)
     1    0.00    0.16    0.19    4.82 ^ _18_/Y (sky130_fd_sc_hd__nor2_1)
                                         net13 (net)
                  0.16    0.00    4.82 ^ output13/A (sky130_fd_sc_hd__buf_2)
     1    0.03    0.27    0.40    5.22 ^ output13/X (sky130_fd_sc_hd__buf_2)
                                         out[4] (net)
                  0.27    0.00    5.22 ^ out[4] (out)
                                  5.22   data arrival time

                  0.00   10.00   10.00   clock __VIRTUAL_CLK__ (rise edge)
                          0.00   10.00   clock network delay (ideal)
                         -0.25    9.75   clock uncertainty
                          0.00    9.75   clock reconvergence pessimism
                         -2.00    7.75   output external delay
                                  7.75   data required time
-----------------------------------------------------------------------------
                                  7.75   data required time
                                 -5.22   data arrival time
-----------------------------------------------------------------------------
                                  2.53   slack (MET)


Startpoint: in[1] (input port clocked by __VIRTUAL_CLK__)
Endpoint: out[3] (output port clocked by __VIRTUAL_CLK__)
Path Group: __VIRTUAL_CLK__
Path Type: max
Corner: Slowest

Fanout     Cap    Slew   Delay    Time   Description
-----------------------------------------------------------------------------
                  0.00    0.00    0.00   clock __VIRTUAL_CLK__ (rise edge)
                          0.00    0.00   clock network delay (ideal)
                          2.00    2.00 v input external delay
     1    0.00    0.02    0.01    2.01 v in[1] (in)
                                         in[1] (net)
                  0.02    0.00    2.01 v input2/A (sky130_fd_sc_hd__buf_1)
     4    0.01    0.17    0.25    2.26 v input2/X (sky130_fd_sc_hd__buf_1)
                                         net2 (net)
                  0.17    0.00    2.26 v _13_/A (sky130_fd_sc_hd__or4_2)
     5    0.02    0.32    1.87    4.13 v _13_/X (sky130_fd_sc_hd__or4_2)
                                         _02_ (net)
                  0.32    0.00    4.13 v _14_/B (sky130_fd_sc_hd__and2b_1)
     1    0.00    0.07    0.47    4.60 v _14_/X (sky130_fd_sc_hd__and2b_1)
                                         _03_ (net)
                  0.07    0.00    4.60 v _15_/A (sky130_fd_sc_hd__clkbuf_1)
     1    0.00    0.05    0.16    4.77 v _15_/X (sky130_fd_sc_hd__clkbuf_1)
                                         net12 (net)
                  0.05    0.00    4.77 v output12/A (sky130_fd_sc_hd__buf_2)
     1    0.03    0.17    0.35    5.12 v output12/X (sky130_fd_sc_hd__buf_2)
                                         out[3] (net)
                  0.17    0.00    5.12 v out[3] (out)
                                  5.12   data arrival time

                  0.00   10.00   10.00   clock __VIRTUAL_CLK__ (rise edge)
                          0.00   10.00   clock network delay (ideal)
                         -0.25    9.75   clock uncertainty
                          0.00    9.75   clock reconvergence pessimism
                         -2.00    7.75   output external delay
                                  7.75   data required time
-----------------------------------------------------------------------------
                                  7.75   data required time
                                 -5.12   data arrival time
-----------------------------------------------------------------------------
                                  2.63   slack (MET)


Startpoint: in[0] (input port clocked by __VIRTUAL_CLK__)
Endpoint: out[2] (output port clocked by __VIRTUAL_CLK__)
Path Group: __VIRTUAL_CLK__
Path Type: max
Corner: Slowest

Fanout     Cap    Slew   Delay    Time   Description
-----------------------------------------------------------------------------
                  0.00    0.00    0.00   clock __VIRTUAL_CLK__ (rise edge)
                          0.00    0.00   clock network delay (ideal)
                          2.00    2.00 v input external delay
     1    0.00    0.02    0.01    2.01 v in[0] (in)
                                         in[0] (net)
                  0.02    0.00    2.01 v input1/A (sky130_fd_sc_hd__buf_1)
     5    0.02    0.20    0.26    2.28 v input1/X (sky130_fd_sc_hd__buf_1)
                                         net1 (net)
                  0.20    0.00    2.28 v _10_/B (sky130_fd_sc_hd__nor2_1)
     2    0.01    0.32    0.36    2.64 ^ _10_/Y (sky130_fd_sc_hd__nor2_1)
                                         _00_ (net)
                  0.32    0.00    2.64 ^ _11_/B (sky130_fd_sc_hd__xnor2_1)
     1    0.01    0.27    0.33    2.97 ^ _11_/Y (sky130_fd_sc_hd__xnor2_1)
                                         net11 (net)
                  0.27    0.00    2.97 ^ output11/A (sky130_fd_sc_hd__buf_2)
     1    0.03    0.27    0.45    3.42 ^ output11/X (sky130_fd_sc_hd__buf_2)
                                         out[2] (net)
                  0.27    0.00    3.42 ^ out[2] (out)
                                  3.42   data arrival time

                  0.00   10.00   10.00   clock __VIRTUAL_CLK__ (rise edge)
                          0.00   10.00   clock network delay (ideal)
                         -0.25    9.75   clock uncertainty
                          0.00    9.75   clock reconvergence pessimism
                         -2.00    7.75   output external delay
                                  7.75   data required time
-----------------------------------------------------------------------------
                                  7.75   data required time
                                 -3.42   data arrival time
-----------------------------------------------------------------------------
                                  4.33   slack (MET)


Startpoint: in[0] (input port clocked by __VIRTUAL_CLK__)
Endpoint: out[1] (output port clocked by __VIRTUAL_CLK__)
Path Group: __VIRTUAL_CLK__
Path Type: max
Corner: Slowest

Fanout     Cap    Slew   Delay    Time   Description
-----------------------------------------------------------------------------
                  0.00    0.00    0.00   clock __VIRTUAL_CLK__ (rise edge)
                          0.00    0.00   clock network delay (ideal)
                          2.00    2.00 v input external delay
     1    0.00    0.02    0.01    2.01 v in[0] (in)
                                         in[0] (net)
                  0.02    0.00    2.01 v input1/A (sky130_fd_sc_hd__buf_1)
     5    0.02    0.20    0.26    2.28 v input1/X (sky130_fd_sc_hd__buf_1)
                                         net1 (net)
                  0.20    0.00    2.28 v _25_/B (sky130_fd_sc_hd__and2_1)
     1    0.00    0.08    0.41    2.68 v _25_/X (sky130_fd_sc_hd__and2_1)
                                         _09_ (net)
                  0.08    0.00    2.68 v _26_/B (sky130_fd_sc_hd__nor2_1)
     1    0.01    0.19    0.20    2.88 ^ _26_/Y (sky130_fd_sc_hd__nor2_1)
                                         net10 (net)
                  0.19    0.00    2.88 ^ output10/A (sky130_fd_sc_hd__buf_2)
     1    0.03    0.27    0.42    3.30 ^ output10/X (sky130_fd_sc_hd__buf_2)
                                         out[1] (net)
                  0.27    0.00    3.30 ^ out[1] (out)
                                  3.30   data arrival time

                  0.00   10.00   10.00   clock __VIRTUAL_CLK__ (rise edge)
                          0.00   10.00   clock network delay (ideal)
                         -0.25    9.75   clock uncertainty
                          0.00    9.75   clock reconvergence pessimism
                         -2.00    7.75   output external delay
                                  7.75   data required time
-----------------------------------------------------------------------------
                                  7.75   data required time
                                 -3.30   data arrival time
-----------------------------------------------------------------------------
                                  4.45   slack (MET)


Startpoint: in[0] (input port clocked by __VIRTUAL_CLK__)
Endpoint: out[0] (output port clocked by __VIRTUAL_CLK__)
Path Group: __VIRTUAL_CLK__
Path Type: max
Corner: Slowest

Fanout     Cap    Slew   Delay    Time   Description
-----------------------------------------------------------------------------
                  0.00    0.00    0.00   clock __VIRTUAL_CLK__ (rise edge)
                          0.00    0.00   clock network delay (ideal)
                          2.00    2.00 ^ input external delay
     1    0.00    0.04    0.02    2.02 ^ in[0] (in)
                                         in[0] (net)
                  0.04    0.00    2.02 ^ input1/A (sky130_fd_sc_hd__buf_1)
     5    0.02    0.34    0.34    2.36 ^ input1/X (sky130_fd_sc_hd__buf_1)
                                         net1 (net)
                  0.34    0.00    2.36 ^ _27_/A (sky130_fd_sc_hd__clkbuf_1)
     1    0.00    0.08    0.26    2.63 ^ _27_/X (sky130_fd_sc_hd__clkbuf_1)
                                         net9 (net)
                  0.08    0.00    2.63 ^ output9/A (sky130_fd_sc_hd__buf_2)
     1    0.03    0.28    0.37    2.99 ^ output9/X (sky130_fd_sc_hd__buf_2)
                                         out[0] (net)
                  0.28    0.00    2.99 ^ out[0] (out)
                                  2.99   data arrival time

                  0.00   10.00   10.00   clock __VIRTUAL_CLK__ (rise edge)
                          0.00   10.00   clock network delay (ideal)
                         -0.25    9.75   clock uncertainty
                          0.00    9.75   clock reconvergence pessimism
                         -2.00    7.75   output external delay
                                  7.75   data required time
-----------------------------------------------------------------------------
                                  7.75   data required time
                                 -2.99   data arrival time
-----------------------------------------------------------------------------
                                  4.76   slack (MET)



worst slack corner Slowest: 1.4383
======================= Typical Corner ===================================

Startpoint: in[1] (input port clocked by __VIRTUAL_CLK__)
Endpoint: out[6] (output port clocked by __VIRTUAL_CLK__)
Path Group: __VIRTUAL_CLK__
Path Type: max
Corner: Typical

Fanout     Cap    Slew   Delay    Time   Description
-----------------------------------------------------------------------------
                  0.00    0.00    0.00   clock __VIRTUAL_CLK__ (rise edge)
                          0.00    0.00   clock network delay (ideal)
                          2.00    2.00 v input external delay
     1    0.00    0.01    0.00    2.00 v in[1] (in)
                                         in[1] (net)
                  0.01    0.00    2.00 v input2/A (sky130_fd_sc_hd__buf_1)
     4    0.01    0.09    0.13    2.13 v input2/X (sky130_fd_sc_hd__buf_1)
                                         net2 (net)
                  0.09    0.00    2.14 v _13_/A (sky130_fd_sc_hd__or4_2)
     5    0.02    0.15    0.79    2.93 v _13_/X (sky130_fd_sc_hd__or4_2)
                                         _02_ (net)
                  0.15    0.00    2.93 v _20_/D (sky130_fd_sc_hd__or4_1)
     2    0.01    0.13    0.52    3.45 v _20_/X (sky130_fd_sc_hd__or4_1)
                                         _06_ (net)
                  0.13    0.00    3.45 v _22_/A (sky130_fd_sc_hd__and2_1)
     1    0.01    0.04    0.19    3.64 v _22_/X (sky130_fd_sc_hd__and2_1)
                                         _08_ (net)
                  0.04    0.00    3.64 v _23_/A (sky130_fd_sc_hd__clkbuf_1)
     1    0.00    0.03    0.09    3.73 v _23_/X (sky130_fd_sc_hd__clkbuf_1)
                                         net15 (net)
                  0.03    0.00    3.73 v output15/A (sky130_fd_sc_hd__buf_2)
     1    0.03    0.09    0.18    3.91 v output15/X (sky130_fd_sc_hd__buf_2)
                                         out[6] (net)
                  0.09    0.00    3.91 v out[6] (out)
                                  3.91   data arrival time

                  0.00   10.00   10.00   clock __VIRTUAL_CLK__ (rise edge)
                          0.00   10.00   clock network delay (ideal)
                         -0.25    9.75   clock uncertainty
                          0.00    9.75   clock reconvergence pessimism
                         -2.00    7.75   output external delay
                                  7.75   data required time
-----------------------------------------------------------------------------
                                  7.75   data required time
                                 -3.91   data arrival time
-----------------------------------------------------------------------------
                                  3.84   slack (MET)


Startpoint: in[1] (input port clocked by __VIRTUAL_CLK__)
Endpoint: out[7] (output port clocked by __VIRTUAL_CLK__)
Path Group: __VIRTUAL_CLK__
Path Type: max
Corner: Typical

Fanout     Cap    Slew   Delay    Time   Description
-----------------------------------------------------------------------------
                  0.00    0.00    0.00   clock __VIRTUAL_CLK__ (rise edge)
                          0.00    0.00   clock network delay (ideal)
                          2.00    2.00 v input external delay
     1    0.00    0.01    0.00    2.00 v in[1] (in)
                                         in[1] (net)
                  0.01    0.00    2.00 v input2/A (sky130_fd_sc_hd__buf_1)
     4    0.01    0.09    0.13    2.13 v input2/X (sky130_fd_sc_hd__buf_1)
                                         net2 (net)
                  0.09    0.00    2.14 v _13_/A (sky130_fd_sc_hd__or4_2)
     5    0.02    0.15    0.79    2.93 v _13_/X (sky130_fd_sc_hd__or4_2)
                                         _02_ (net)
                  0.15    0.00    2.93 v _20_/D (sky130_fd_sc_hd__or4_1)
     2    0.01    0.13    0.52    3.45 v _20_/X (sky130_fd_sc_hd__or4_1)
                                         _06_ (net)
                  0.13    0.00    3.45 v _24_/B (sky130_fd_sc_hd__xor2_1)
     1    0.00    0.12    0.17    3.62 ^ _24_/X (sky130_fd_sc_hd__xor2_1)
                                         net16 (net)
                  0.12    0.00    3.62 ^ output16/A (sky130_fd_sc_hd__clkbuf_4)
     1    0.03    0.11    0.22    3.84 ^ output16/X (sky130_fd_sc_hd__clkbuf_4)
                                         out[7] (net)
                  0.11    0.00    3.84 ^ out[7] (out)
                                  3.84   data arrival time

                  0.00   10.00   10.00   clock __VIRTUAL_CLK__ (rise edge)
                          0.00   10.00   clock network delay (ideal)
                         -0.25    9.75   clock uncertainty
                          0.00    9.75   clock reconvergence pessimism
                         -2.00    7.75   output external delay
                                  7.75   data required time
-----------------------------------------------------------------------------
                                  7.75   data required time
                                 -3.84   data arrival time
-----------------------------------------------------------------------------
                                  3.91   slack (MET)


Startpoint: in[1] (input port clocked by __VIRTUAL_CLK__)
Endpoint: out[5] (output port clocked by __VIRTUAL_CLK__)
Path Group: __VIRTUAL_CLK__
Path Type: max
Corner: Typical

Fanout     Cap    Slew   Delay    Time   Description
-----------------------------------------------------------------------------
                  0.00    0.00    0.00   clock __VIRTUAL_CLK__ (rise edge)
                          0.00    0.00   clock network delay (ideal)
                          2.00    2.00 v input external delay
     1    0.00    0.01    0.00    2.00 v in[1] (in)
                                         in[1] (net)
                  0.01    0.00    2.00 v input2/A (sky130_fd_sc_hd__buf_1)
     4    0.01    0.09    0.13    2.13 v input2/X (sky130_fd_sc_hd__buf_1)
                                         net2 (net)
                  0.09    0.00    2.14 v _13_/A (sky130_fd_sc_hd__or4_2)
     5    0.02    0.15    0.79    2.93 v _13_/X (sky130_fd_sc_hd__or4_2)
                                         _02_ (net)
                  0.15    0.00    2.93 v _16_/B (sky130_fd_sc_hd__nor2_1)
     2    0.01    0.24    0.25    3.18 ^ _16_/Y (sky130_fd_sc_hd__nor2_1)
                                         _04_ (net)
                  0.24    0.00    3.18 ^ _19_/B (sky130_fd_sc_hd__xnor2_1)
     1    0.00    0.14    0.16    3.34 ^ _19_/Y (sky130_fd_sc_hd__xnor2_1)
                                         net14 (net)
                  0.14    0.00    3.34 ^ output14/A (sky130_fd_sc_hd__buf_2)
     1    0.03    0.17    0.24    3.59 ^ output14/X (sky130_fd_sc_hd__buf_2)
                                         out[5] (net)
                  0.17    0.00    3.59 ^ out[5] (out)
                                  3.59   data arrival time

                  0.00   10.00   10.00   clock __VIRTUAL_CLK__ (rise edge)
                          0.00   10.00   clock network delay (ideal)
                         -0.25    9.75   clock uncertainty
                          0.00    9.75   clock reconvergence pessimism
                         -2.00    7.75   output external delay
                                  7.75   data required time
-----------------------------------------------------------------------------
                                  7.75   data required time
                                 -3.59   data arrival time
-----------------------------------------------------------------------------
                                  4.16   slack (MET)


Startpoint: in[1] (input port clocked by __VIRTUAL_CLK__)
Endpoint: out[4] (output port clocked by __VIRTUAL_CLK__)
Path Group: __VIRTUAL_CLK__
Path Type: max
Corner: Typical

Fanout     Cap    Slew   Delay    Time   Description
-----------------------------------------------------------------------------
                  0.00    0.00    0.00   clock __VIRTUAL_CLK__ (rise edge)
                          0.00    0.00   clock network delay (ideal)
                          2.00    2.00 v input external delay
     1    0.00    0.01    0.00    2.00 v in[1] (in)
                                         in[1] (net)
                  0.01    0.00    2.00 v input2/A (sky130_fd_sc_hd__buf_1)
     4    0.01    0.09    0.13    2.13 v input2/X (sky130_fd_sc_hd__buf_1)
                                         net2 (net)
                  0.09    0.00    2.14 v _13_/A (sky130_fd_sc_hd__or4_2)
     5    0.02    0.15    0.79    2.93 v _13_/X (sky130_fd_sc_hd__or4_2)
                                         _02_ (net)
                  0.15    0.00    2.93 v _17_/B (sky130_fd_sc_hd__and2_1)
     1    0.01    0.05    0.23    3.16 v _17_/X (sky130_fd_sc_hd__and2_1)
                                         _05_ (net)
                  0.05    0.00    3.16 v _18_/B (sky130_fd_sc_hd__nor2_1)
     1    0.00    0.10    0.10    3.26 ^ _18_/Y (sky130_fd_sc_hd__nor2_1)
                                         net13 (net)
                  0.10    0.00    3.26 ^ output13/A (sky130_fd_sc_hd__buf_2)
     1    0.03    0.17    0.23    3.49 ^ output13/X (sky130_fd_sc_hd__buf_2)
                                         out[4] (net)
                  0.17    0.00    3.49 ^ out[4] (out)
                                  3.49   data arrival time

                  0.00   10.00   10.00   clock __VIRTUAL_CLK__ (rise edge)
                          0.00   10.00   clock network delay (ideal)
                         -0.25    9.75   clock uncertainty
                          0.00    9.75   clock reconvergence pessimism
                         -2.00    7.75   output external delay
                                  7.75   data required time
-----------------------------------------------------------------------------
                                  7.75   data required time
                                 -3.49   data arrival time
-----------------------------------------------------------------------------
                                  4.26   slack (MET)


Startpoint: in[1] (input port clocked by __VIRTUAL_CLK__)
Endpoint: out[3] (output port clocked by __VIRTUAL_CLK__)
Path Group: __VIRTUAL_CLK__
Path Type: max
Corner: Typical

Fanout     Cap    Slew   Delay    Time   Description
-----------------------------------------------------------------------------
                  0.00    0.00    0.00   clock __VIRTUAL_CLK__ (rise edge)
                          0.00    0.00   clock network delay (ideal)
                          2.00    2.00 v input external delay
     1    0.00    0.01    0.00    2.00 v in[1] (in)
                                         in[1] (net)
                  0.01    0.00    2.00 v input2/A (sky130_fd_sc_hd__buf_1)
     4    0.01    0.09    0.13    2.13 v input2/X (sky130_fd_sc_hd__buf_1)
                                         net2 (net)
                  0.09    0.00    2.14 v _13_/A (sky130_fd_sc_hd__or4_2)
     5    0.02    0.15    0.79    2.93 v _13_/X (sky130_fd_sc_hd__or4_2)
                                         _02_ (net)
                  0.15    0.00    2.93 v _14_/B (sky130_fd_sc_hd__and2b_1)
     1    0.00    0.04    0.21    3.14 v _14_/X (sky130_fd_sc_hd__and2b_1)
                                         _03_ (net)
                  0.04    0.00    3.14 v _15_/A (sky130_fd_sc_hd__clkbuf_1)
     1    0.00    0.02    0.09    3.23 v _15_/X (sky130_fd_sc_hd__clkbuf_1)
                                         net12 (net)
                  0.02    0.00    3.23 v output12/A (sky130_fd_sc_hd__buf_2)
     1    0.03    0.09    0.18    3.41 v output12/X (sky130_fd_sc_hd__buf_2)
                                         out[3] (net)
                  0.09    0.00    3.41 v out[3] (out)
                                  3.41   data arrival time

                  0.00   10.00   10.00   clock __VIRTUAL_CLK__ (rise edge)
                          0.00   10.00   clock network delay (ideal)
                         -0.25    9.75   clock uncertainty
                          0.00    9.75   clock reconvergence pessimism
                         -2.00    7.75   output external delay
                                  7.75   data required time
-----------------------------------------------------------------------------
                                  7.75   data required time
                                 -3.41   data arrival time
-----------------------------------------------------------------------------
                                  4.34   slack (MET)


Startpoint: in[0] (input port clocked by __VIRTUAL_CLK__)
Endpoint: out[2] (output port clocked by __VIRTUAL_CLK__)
Path Group: __VIRTUAL_CLK__
Path Type: max
Corner: Typical

Fanout     Cap    Slew   Delay    Time   Description
-----------------------------------------------------------------------------
                  0.00    0.00    0.00   clock __VIRTUAL_CLK__ (rise edge)
                          0.00    0.00   clock network delay (ideal)
                          2.00    2.00 v input external delay
     1    0.00    0.01    0.01    2.01 v in[0] (in)
                                         in[0] (net)
                  0.01    0.00    2.01 v input1/A (sky130_fd_sc_hd__buf_1)
     5    0.02    0.10    0.14    2.15 v input1/X (sky130_fd_sc_hd__buf_1)
                                         net1 (net)
                  0.10    0.00    2.15 v _10_/B (sky130_fd_sc_hd__nor2_1)
     2    0.01    0.20    0.20    2.35 ^ _10_/Y (sky130_fd_sc_hd__nor2_1)
                                         _00_ (net)
                  0.20    0.00    2.35 ^ _11_/B (sky130_fd_sc_hd__xnor2_1)
     1    0.01    0.17    0.17    2.52 ^ _11_/Y (sky130_fd_sc_hd__xnor2_1)
                                         net11 (net)
                  0.17    0.00    2.52 ^ output11/A (sky130_fd_sc_hd__buf_2)
     1    0.03    0.17    0.25    2.77 ^ output11/X (sky130_fd_sc_hd__buf_2)
                                         out[2] (net)
                  0.17    0.00    2.77 ^ out[2] (out)
                                  2.77   data arrival time

                  0.00   10.00   10.00   clock __VIRTUAL_CLK__ (rise edge)
                          0.00   10.00   clock network delay (ideal)
                         -0.25    9.75   clock uncertainty
                          0.00    9.75   clock reconvergence pessimism
                         -2.00    7.75   output external delay
                                  7.75   data required time
-----------------------------------------------------------------------------
                                  7.75   data required time
                                 -2.77   data arrival time
-----------------------------------------------------------------------------
                                  4.98   slack (MET)


Startpoint: in[0] (input port clocked by __VIRTUAL_CLK__)
Endpoint: out[1] (output port clocked by __VIRTUAL_CLK__)
Path Group: __VIRTUAL_CLK__
Path Type: max
Corner: Typical

Fanout     Cap    Slew   Delay    Time   Description
-----------------------------------------------------------------------------
                  0.00    0.00    0.00   clock __VIRTUAL_CLK__ (rise edge)
                          0.00    0.00   clock network delay (ideal)
                          2.00    2.00 ^ input external delay
     1    0.00    0.02    0.01    2.01 ^ in[0] (in)
                                         in[0] (net)
                  0.02    0.00    2.01 ^ input1/A (sky130_fd_sc_hd__buf_1)
     5    0.02    0.21    0.20    2.21 ^ input1/X (sky130_fd_sc_hd__buf_1)
                                         net1 (net)
                  0.21    0.00    2.22 ^ _10_/B (sky130_fd_sc_hd__nor2_1)
     2    0.01    0.08    0.11    2.33 v _10_/Y (sky130_fd_sc_hd__nor2_1)
                                         _00_ (net)
                  0.08    0.00    2.33 v _26_/A (sky130_fd_sc_hd__nor2_1)
     1    0.01    0.11    0.14    2.47 ^ _26_/Y (sky130_fd_sc_hd__nor2_1)
                                         net10 (net)
                  0.11    0.00    2.47 ^ output10/A (sky130_fd_sc_hd__buf_2)
     1    0.03    0.17    0.23    2.70 ^ output10/X (sky130_fd_sc_hd__buf_2)
                                         out[1] (net)
                  0.17    0.00    2.71 ^ out[1] (out)
                                  2.71   data arrival time

                  0.00   10.00   10.00   clock __VIRTUAL_CLK__ (rise edge)
                          0.00   10.00   clock network delay (ideal)
                         -0.25    9.75   clock uncertainty
                          0.00    9.75   clock reconvergence pessimism
                         -2.00    7.75   output external delay
                                  7.75   data required time
-----------------------------------------------------------------------------
                                  7.75   data required time
                                 -2.71   data arrival time
-----------------------------------------------------------------------------
                                  5.04   slack (MET)


Startpoint: in[0] (input port clocked by __VIRTUAL_CLK__)
Endpoint: out[0] (output port clocked by __VIRTUAL_CLK__)
Path Group: __VIRTUAL_CLK__
Path Type: max
Corner: Typical

Fanout     Cap    Slew   Delay    Time   Description
-----------------------------------------------------------------------------
                  0.00    0.00    0.00   clock __VIRTUAL_CLK__ (rise edge)
                          0.00    0.00   clock network delay (ideal)
                          2.00    2.00 ^ input external delay
     1    0.00    0.02    0.01    2.01 ^ in[0] (in)
                                         in[0] (net)
                  0.02    0.00    2.01 ^ input1/A (sky130_fd_sc_hd__buf_1)
     5    0.02    0.21    0.20    2.21 ^ input1/X (sky130_fd_sc_hd__buf_1)
                                         net1 (net)
                  0.21    0.00    2.21 ^ _27_/A (sky130_fd_sc_hd__clkbuf_1)
     1    0.00    0.05    0.12    2.34 ^ _27_/X (sky130_fd_sc_hd__clkbuf_1)
                                         net9 (net)
                  0.05    0.00    2.34 ^ output9/A (sky130_fd_sc_hd__buf_2)
     1    0.03    0.17    0.21    2.55 ^ output9/X (sky130_fd_sc_hd__buf_2)
                                         out[0] (net)
                  0.17    0.00    2.55 ^ out[0] (out)
                                  2.55   data arrival time

                  0.00   10.00   10.00   clock __VIRTUAL_CLK__ (rise edge)
                          0.00   10.00   clock network delay (ideal)
                         -0.25    9.75   clock uncertainty
                          0.00    9.75   clock reconvergence pessimism
                         -2.00    7.75   output external delay
                                  7.75   data required time
-----------------------------------------------------------------------------
                                  7.75   data required time
                                 -2.55   data arrival time
-----------------------------------------------------------------------------
                                  5.20   slack (MET)



worst slack corner Typical: 3.8378
