
===========================================================================
report_checks -unconstrained
===========================================================================
======================= Typical Corner ===================================

Startpoint: _18_ (rising edge-triggered flip-flop clocked by core_clock)
Endpoint: _20_ (rising edge-triggered flip-flop clocked by core_clock)
Path Group: core_clock
Path Type: max

Fanout     Cap    Slew   Delay    Time   Description
-----------------------------------------------------------------------------
                          0.00    0.00   clock core_clock (rise edge)
                          0.00    0.00   clock source latency
     1    0.01    0.00    0.00    0.00 ^ clk (in)
                                         clk (net)
                  0.00    0.00    0.00 ^ clkbuf_0_clk/A (sky130_fd_sc_hd__clkbuf_16)
     2    0.02    0.04    0.11    0.11 ^ clkbuf_0_clk/X (sky130_fd_sc_hd__clkbuf_16)
                                         clknet_0_clk (net)
                  0.04    0.00    0.11 ^ clkbuf_1_1__f_clk/A (sky130_fd_sc_hd__clkbuf_16)
     2    0.01    0.03    0.11    0.22 ^ clkbuf_1_1__f_clk/X (sky130_fd_sc_hd__clkbuf_16)
                                         clknet_1_1__leaf_clk (net)
                  0.03    0.00    0.22 ^ _18_/CLK (sky130_fd_sc_hd__dfrtp_2)
     6    0.02    0.07    0.42    0.64 v _18_/Q (sky130_fd_sc_hd__dfrtp_2)
                                         net2 (net)
                  0.07    0.00    0.64 v _09_/B (sky130_fd_sc_hd__or4b_1)
     2    0.00    0.09    0.50    1.14 v _09_/X (sky130_fd_sc_hd__or4b_1)
                                         _08_ (net)
                  0.09    0.00    1.14 v _15_/A (sky130_fd_sc_hd__and3_1)
     1    0.01    0.05    0.17    1.31 v _15_/X (sky130_fd_sc_hd__and3_1)
                                         _07_ (net)
                  0.05    0.00    1.31 v _16_/A (sky130_fd_sc_hd__clkbuf_1)
     1    0.00    0.03    0.10    1.41 v _16_/X (sky130_fd_sc_hd__clkbuf_1)
                                         _02_ (net)
                  0.03    0.00    1.41 v _20_/D (sky130_fd_sc_hd__dfrtp_1)
                                  1.41   data arrival time

                         10.00   10.00   clock core_clock (rise edge)
                          0.00   10.00   clock source latency
     1    0.01    0.00    0.00   10.00 ^ clk (in)
                                         clk (net)
                  0.00    0.00   10.00 ^ clkbuf_0_clk/A (sky130_fd_sc_hd__clkbuf_16)
     2    0.02    0.04    0.11   10.11 ^ clkbuf_0_clk/X (sky130_fd_sc_hd__clkbuf_16)
                                         clknet_0_clk (net)
                  0.04    0.00   10.11 ^ clkbuf_1_0__f_clk/A (sky130_fd_sc_hd__clkbuf_16)
     3    0.01    0.03    0.11   10.22 ^ clkbuf_1_0__f_clk/X (sky130_fd_sc_hd__clkbuf_16)
                                         clknet_1_0__leaf_clk (net)
                  0.03    0.00   10.22 ^ _20_/CLK (sky130_fd_sc_hd__dfrtp_1)
                          0.00   10.22   clock reconvergence pessimism
                         -0.11   10.11   library setup time
                                 10.11   data required time
-----------------------------------------------------------------------------
                                 10.11   data required time
                                 -1.41   data arrival time
-----------------------------------------------------------------------------
                                  8.70   slack (MET)




===========================================================================
report_checks --slack_max -0.01
============================================================================
======================= Typical Corner ===================================

No paths found.


===========================================================================
 report_check_types -max_slew -max_cap -max_fanout -violators
============================================================================
======================= Typical Corner ===================================


max slew violations count Typical: 0
max fanout violations count Typical: 0
max cap violations count Typical: 0

===========================================================================
report_parasitic_annotation -report_unannotated
============================================================================
Found 1 unannotated drivers.
 clkload0/X
Found 6 partially unannotated drivers.
 clk
 _09_/X
 _10_/X
 _18_/Q
 _21_/Q
 clkbuf_0_clk/X

===========================================================================
max slew violation count 0
max fanout violation count 0
max cap violation count 0
============================================================================

===========================================================================
check_setup -verbose -unconstrained_endpoints -multiple_clock -no_clock -no_input_delay -loops -generated_clocks
===========================================================================
Warning: There is 1 input port missing set_input_delay.
  rst
Warning: There are 4 unconstrained endpoints.
  count[0]
  count[1]
  count[2]
  count[3]
