
===========================================================================
report_checks -unconstrained
===========================================================================
======================= Typical Corner ===================================

Startpoint: _18_ (rising edge-triggered flip-flop clocked by core_clock)
Endpoint: _18_ (rising edge-triggered flip-flop clocked by core_clock)
Path Group: core_clock
Path Type: max

Fanout     Cap    Slew   Delay    Time   Description
-----------------------------------------------------------------------------
                          0.00    0.00   clock core_clock (rise edge)
                          0.00    0.00   clock source latency
     1    0.01    0.00    0.00    0.00 ^ clk (in)
                                         clk (net)
                  0.00    0.00    0.00 ^ clkbuf_0_clk/A (sky130_fd_sc_hd__clkbuf_16)
     2    0.02    0.04    0.11    0.11 ^ clkbuf_0_clk/X (sky130_fd_sc_hd__clkbuf_16)
                                         clknet_0_clk (net)
                  0.04    0.00    0.11 ^ clkbuf_1_1__f_clk/A (sky130_fd_sc_hd__clkbuf_16)
     2    0.00    0.03    0.11    0.21 ^ clkbuf_1_1__f_clk/X (sky130_fd_sc_hd__clkbuf_16)
                                         clknet_1_1__leaf_clk (net)
                  0.03    0.00    0.21 ^ _18_/CLK (sky130_fd_sc_hd__dfrtp_2)
     6    0.01    0.07    0.41    0.63 v _18_/Q (sky130_fd_sc_hd__dfrtp_2)
                                         net2 (net)
                  0.07    0.00    0.63 v _09_/B (sky130_fd_sc_hd__or4b_1)
     2    0.00    0.09    0.50    1.13 v _09_/X (sky130_fd_sc_hd__or4b_1)
                                         _08_ (net)
                  0.09    0.00    1.13 v _10_/B (sky130_fd_sc_hd__and2b_1)
     1    0.00    0.03    0.16    1.29 v _10_/X (sky130_fd_sc_hd__and2b_1)
                                         _04_ (net)
                  0.03    0.00    1.29 v _11_/A (sky130_fd_sc_hd__clkbuf_1)
     1    0.00    0.02    0.08    1.37 v _11_/X (sky130_fd_sc_hd__clkbuf_1)
                                         _00_ (net)
                  0.02    0.00    1.37 v _18_/D (sky130_fd_sc_hd__dfrtp_2)
                                  1.37   data arrival time

                         10.00   10.00   clock core_clock (rise edge)
                          0.00   10.00   clock source latency
     1    0.01    0.00    0.00   10.00 ^ clk (in)
                                         clk (net)
                  0.00    0.00   10.00 ^ clkbuf_0_clk/A (sky130_fd_sc_hd__clkbuf_16)
     2    0.02    0.04    0.11   10.11 ^ clkbuf_0_clk/X (sky130_fd_sc_hd__clkbuf_16)
                                         clknet_0_clk (net)
                  0.04    0.00   10.11 ^ clkbuf_1_1__f_clk/A (sky130_fd_sc_hd__clkbuf_16)
     2    0.00    0.03    0.11   10.21 ^ clkbuf_1_1__f_clk/X (sky130_fd_sc_hd__clkbuf_16)
                                         clknet_1_1__leaf_clk (net)
                  0.03    0.00   10.21 ^ _18_/CLK (sky130_fd_sc_hd__dfrtp_2)
                          0.00   10.21   clock reconvergence pessimism
                         -0.11   10.10   library setup time
                                 10.10   data required time
-----------------------------------------------------------------------------
                                 10.10   data required time
                                 -1.37   data arrival time
-----------------------------------------------------------------------------
                                  8.73   slack (MET)




===========================================================================
report_checks --slack_max -0.01
============================================================================
======================= Typical Corner ===================================

No paths found.


===========================================================================
 report_check_types -max_slew -max_cap -max_fanout -violators
============================================================================
======================= Typical Corner ===================================


max slew violations count Typical: 0
max fanout violations count Typical: 0
max cap violations count Typical: 0

===========================================================================
report_parasitic_annotation -report_unannotated
============================================================================
Found 24 unannotated drivers.
 clk
 rst
 _09_/X
 _10_/X
 _11_/X
 _12_/X
 _13_/Y
 _14_/X
 _15_/X
 _16_/X
 _17_/Y
 _18_/Q
 _19_/Q
 _20_/Q
 _21_/Q
 clkbuf_0_clk/X
 clkbuf_1_0__f_clk/X
 clkbuf_1_1__f_clk/X
 clkload0/X
 input1/X
 output2/X
 output3/X
 output4/X
 output5/X
Found 0 partially unannotated drivers.

===========================================================================
max slew violation count 0
max fanout violation count 0
max cap violation count 0
============================================================================

===========================================================================
check_setup -verbose -unconstrained_endpoints -multiple_clock -no_clock -no_input_delay -loops -generated_clocks
===========================================================================
Warning: There is 1 input port missing set_input_delay.
  rst
Warning: There are 4 unconstrained endpoints.
  count[0]
  count[1]
  count[2]
  count[3]
