
===========================================================================
 report_power
============================================================================
======================= Fastest Corner ===================================

Group                  Internal  Switching    Leakage      Total
                          Power      Power      Power      Power (Watts)
----------------------------------------------------------------
Sequential             0.00e+00   0.00e+00   0.00e+00   0.00e+00   0.0%
Combinational          5.23e-05   1.43e-04   1.84e-09   1.95e-04 100.0%
Clock                  0.00e+00   0.00e+00   7.09e-10   7.09e-10   0.0%
Macro                  0.00e+00   0.00e+00   0.00e+00   0.00e+00   0.0%
Pad                    0.00e+00   0.00e+00   0.00e+00   0.00e+00   0.0%
----------------------------------------------------------------
Total                  5.23e-05   1.43e-04   2.55e-09   1.95e-04 100.0%
                          26.8%      73.2%       0.0%

======================= Slowest Corner ===================================

Group                  Internal  Switching    Leakage      Total
                          Power      Power      Power      Power (Watts)
----------------------------------------------------------------
Sequential             0.00e+00   0.00e+00   0.00e+00   0.00e+00   0.0%
Combinational          3.79e-05   9.58e-05   1.04e-06   1.35e-04 100.0%
Clock                  0.00e+00   0.00e+00   7.09e-10   7.09e-10   0.0%
Macro                  0.00e+00   0.00e+00   0.00e+00   0.00e+00   0.0%
Pad                    0.00e+00   0.00e+00   0.00e+00   0.00e+00   0.0%
----------------------------------------------------------------
Total                  3.79e-05   9.58e-05   1.04e-06   1.35e-04 100.0%
                          28.1%      71.1%       0.8%

======================= Typical Corner ===================================

Group                  Internal  Switching    Leakage      Total
                          Power      Power      Power      Power (Watts)
----------------------------------------------------------------
Sequential             0.00e+00   0.00e+00   0.00e+00   0.00e+00   0.0%
Combinational          4.76e-05   1.22e-04   8.10e-10   1.69e-04 100.0%
Clock                  0.00e+00   0.00e+00   7.09e-10   7.09e-10   0.0%
Macro                  0.00e+00   0.00e+00   0.00e+00   0.00e+00   0.0%
Pad                    0.00e+00   0.00e+00   0.00e+00   0.00e+00   0.0%
----------------------------------------------------------------
Total                  4.76e-05   1.22e-04   1.52e-09   1.69e-04 100.0%
                          28.2%      71.8%       0.0%

