
===========================================================================
report_checks -path_delay max (Setup)
============================================================================
======================= Fastest Corner ===================================

Startpoint: OPCODE[0] (input port clocked by __VIRTUAL_CLK__)
Endpoint: OUT[6] (output port clocked by __VIRTUAL_CLK__)
Path Group: __VIRTUAL_CLK__
Path Type: max
Corner: Fastest

Fanout     Cap    Slew   Delay    Time   Description
-----------------------------------------------------------------------------
                  0.00    0.00    0.00   clock __VIRTUAL_CLK__ (rise edge)
                          0.00    0.00   clock network delay (ideal)
                          2.00    2.00 v input external delay
     1    0.00    0.01    0.00    2.00 v OPCODE[0] (in)
                                         OPCODE[0] (net)
                  0.01    0.00    2.00 v input17/A (sky130_fd_sc_hd__clkbuf_2)
     5    0.04    0.10    0.13    2.13 v input17/X (sky130_fd_sc_hd__clkbuf_2)
                                         net17 (net)
                  0.10    0.00    2.13 v _235_/A_N (sky130_fd_sc_hd__nand3b_4)
     7    0.04    0.10    0.18    2.32 v _235_/Y (sky130_fd_sc_hd__nand3b_4)
                                         _163_ (net)
                  0.10    0.00    2.32 v rebuffer1/A (sky130_fd_sc_hd__dlygate4sd1_1)
     2    0.01    0.03    0.19    2.51 v rebuffer1/X (sky130_fd_sc_hd__dlygate4sd1_1)
                                         net28 (net)
                  0.03    0.00    2.51 v _239_/A1 (sky130_fd_sc_hd__a21oi_2)
     2    0.03    0.29    0.26    2.78 ^ _239_/Y (sky130_fd_sc_hd__a21oi_2)
                                         _167_ (net)
                  0.29    0.00    2.78 ^ _248_/B (sky130_fd_sc_hd__or3_1)
     1    0.01    0.05    0.11    2.89 ^ _248_/X (sky130_fd_sc_hd__or3_1)
                                         _006_ (net)
                  0.05    0.00    2.89 ^ _249_/B (sky130_fd_sc_hd__and2_2)
     2    0.04    0.14    0.18    3.07 ^ _249_/X (sky130_fd_sc_hd__and2_2)
                                         _007_ (net)
                  0.14    0.00    3.07 ^ _250_/B1 (sky130_fd_sc_hd__o21ai_4)
     4    0.03    0.07    0.06    3.14 v _250_/Y (sky130_fd_sc_hd__o21ai_4)
                                         _008_ (net)
                  0.07    0.00    3.14 v _257_/A2 (sky130_fd_sc_hd__a311o_4)
     5    0.04    0.08    0.31    3.45 v _257_/X (sky130_fd_sc_hd__a311o_4)
                                         _015_ (net)
                  0.08    0.01    3.45 v _276_/A3 (sky130_fd_sc_hd__a311oi_4)
     3    0.02    0.29    0.33    3.79 ^ _276_/Y (sky130_fd_sc_hd__a311oi_4)
                                         _033_ (net)
                  0.29    0.00    3.79 ^ _277_/A_N (sky130_fd_sc_hd__and2b_1)
     1    0.01    0.05    0.16    3.95 v _277_/X (sky130_fd_sc_hd__and2b_1)
                                         _034_ (net)
                  0.05    0.00    3.95 v _291_/A2 (sky130_fd_sc_hd__a21o_1)
     1    0.02    0.07    0.17    4.12 v _291_/X (sky130_fd_sc_hd__a21o_1)
                                         net26 (net)
                  0.07    0.00    4.12 v output26/A (sky130_fd_sc_hd__buf_2)
     1    0.03    0.06    0.14    4.26 v output26/X (sky130_fd_sc_hd__buf_2)
                                         OUT[6] (net)
                  0.06    0.00    4.26 v OUT[6] (out)
                                  4.26   data arrival time

                  0.00   10.00   10.00   clock __VIRTUAL_CLK__ (rise edge)
                          0.00   10.00   clock network delay (ideal)
                         -0.25    9.75   clock uncertainty
                          0.00    9.75   clock reconvergence pessimism
                         -2.00    7.75   output external delay
                                  7.75   data required time
-----------------------------------------------------------------------------
                                  7.75   data required time
                                 -4.26   data arrival time
-----------------------------------------------------------------------------
                                  3.49   slack (MET)


Startpoint: B[0] (input port clocked by __VIRTUAL_CLK__)
Endpoint: OUT[5] (output port clocked by __VIRTUAL_CLK__)
Path Group: __VIRTUAL_CLK__
Path Type: max
Corner: Fastest

Fanout     Cap    Slew   Delay    Time   Description
-----------------------------------------------------------------------------
                  0.00    0.00    0.00   clock __VIRTUAL_CLK__ (rise edge)
                          0.00    0.00   clock network delay (ideal)
                          2.00    2.00 ^ input external delay
     1    0.00    0.01    0.01    2.01 ^ B[0] (in)
                                         B[0] (net)
                  0.01    0.00    2.01 ^ input9/A (sky130_fd_sc_hd__dlymetal6s2s_1)
     4    0.03    0.25    0.22    2.22 ^ input9/X (sky130_fd_sc_hd__dlymetal6s2s_1)
                                         net9 (net)
                  0.25    0.00    2.23 ^ _184_/A (sky130_fd_sc_hd__buf_4)
    10    0.08    0.16    0.21    2.43 ^ _184_/X (sky130_fd_sc_hd__buf_4)
                                         _112_ (net)
                  0.16    0.01    2.44 ^ _185_/B2 (sky130_fd_sc_hd__a22oi_4)
     3    0.04    0.09    0.08    2.52 v _185_/Y (sky130_fd_sc_hd__a22oi_4)
                                         _113_ (net)
                  0.09    0.00    2.52 v _192_/C (sky130_fd_sc_hd__or3_1)
     2    0.02    0.11    0.28    2.80 v _192_/X (sky130_fd_sc_hd__or3_1)
                                         _120_ (net)
                  0.11    0.00    2.80 v _197_/A1 (sky130_fd_sc_hd__a21o_1)
     2    0.01    0.06    0.17    2.96 v _197_/X (sky130_fd_sc_hd__a21o_1)
                                         _125_ (net)
                  0.06    0.00    2.96 v _199_/A3 (sky130_fd_sc_hd__a31o_1)
     2    0.02    0.08    0.21    3.17 v _199_/X (sky130_fd_sc_hd__a31o_1)
                                         _127_ (net)
                  0.08    0.00    3.17 v _201_/B (sky130_fd_sc_hd__xor2_2)
     2    0.02    0.24    0.23    3.40 ^ _201_/X (sky130_fd_sc_hd__xor2_2)
                                         _129_ (net)
                  0.24    0.00    3.40 ^ _210_/A (sky130_fd_sc_hd__nand3_2)
     3    0.03    0.14    0.13    3.54 v _210_/Y (sky130_fd_sc_hd__nand3_2)
                                         _138_ (net)
                  0.14    0.00    3.54 v _220_/B (sky130_fd_sc_hd__and3_1)
     1    0.02    0.07    0.20    3.74 v _220_/X (sky130_fd_sc_hd__and3_1)
                                         _148_ (net)
                  0.07    0.00    3.74 v _221_/B (sky130_fd_sc_hd__nor2_1)
     1    0.02    0.25    0.22    3.96 ^ _221_/Y (sky130_fd_sc_hd__nor2_1)
                                         _149_ (net)
                  0.25    0.00    3.96 ^ _267_/A2 (sky130_fd_sc_hd__a211o_1)
     1    0.01    0.07    0.13    4.09 ^ _267_/X (sky130_fd_sc_hd__a211o_1)
                                         net25 (net)
                  0.07    0.00    4.09 ^ output25/A (sky130_fd_sc_hd__buf_2)
     1    0.03    0.13    0.16    4.25 ^ output25/X (sky130_fd_sc_hd__buf_2)
                                         OUT[5] (net)
                  0.13    0.00    4.25 ^ OUT[5] (out)
                                  4.25   data arrival time

                  0.00   10.00   10.00   clock __VIRTUAL_CLK__ (rise edge)
                          0.00   10.00   clock network delay (ideal)
                         -0.25    9.75   clock uncertainty
                          0.00    9.75   clock reconvergence pessimism
                         -2.00    7.75   output external delay
                                  7.75   data required time
-----------------------------------------------------------------------------
                                  7.75   data required time
                                 -4.25   data arrival time
-----------------------------------------------------------------------------
                                  3.50   slack (MET)


Startpoint: B[0] (input port clocked by __VIRTUAL_CLK__)
Endpoint: OUT[4] (output port clocked by __VIRTUAL_CLK__)
Path Group: __VIRTUAL_CLK__
Path Type: max
Corner: Fastest

Fanout     Cap    Slew   Delay    Time   Description
-----------------------------------------------------------------------------
                  0.00    0.00    0.00   clock __VIRTUAL_CLK__ (rise edge)
                          0.00    0.00   clock network delay (ideal)
                          2.00    2.00 ^ input external delay
     1    0.00    0.01    0.01    2.01 ^ B[0] (in)
                                         B[0] (net)
                  0.01    0.00    2.01 ^ input9/A (sky130_fd_sc_hd__dlymetal6s2s_1)
     4    0.03    0.25    0.22    2.22 ^ input9/X (sky130_fd_sc_hd__dlymetal6s2s_1)
                                         net9 (net)
                  0.25    0.00    2.23 ^ _184_/A (sky130_fd_sc_hd__buf_4)
    10    0.08    0.16    0.21    2.43 ^ _184_/X (sky130_fd_sc_hd__buf_4)
                                         _112_ (net)
                  0.16    0.01    2.44 ^ _185_/B2 (sky130_fd_sc_hd__a22oi_4)
     3    0.04    0.09    0.08    2.52 v _185_/Y (sky130_fd_sc_hd__a22oi_4)
                                         _113_ (net)
                  0.09    0.00    2.52 v _192_/C (sky130_fd_sc_hd__or3_1)
     2    0.02    0.11    0.28    2.80 v _192_/X (sky130_fd_sc_hd__or3_1)
                                         _120_ (net)
                  0.11    0.00    2.80 v _197_/A1 (sky130_fd_sc_hd__a21o_1)
     2    0.01    0.06    0.17    2.96 v _197_/X (sky130_fd_sc_hd__a21o_1)
                                         _125_ (net)
                  0.06    0.00    2.96 v _199_/A3 (sky130_fd_sc_hd__a31o_1)
     2    0.02    0.08    0.21    3.17 v _199_/X (sky130_fd_sc_hd__a31o_1)
                                         _127_ (net)
                  0.08    0.00    3.17 v _201_/B (sky130_fd_sc_hd__xor2_2)
     2    0.02    0.24    0.23    3.40 ^ _201_/X (sky130_fd_sc_hd__xor2_2)
                                         _129_ (net)
                  0.24    0.00    3.40 ^ _210_/A (sky130_fd_sc_hd__nand3_2)
     3    0.03    0.14    0.13    3.54 v _210_/Y (sky130_fd_sc_hd__nand3_2)
                                         _138_ (net)
                  0.14    0.00    3.54 v _345_/A1 (sky130_fd_sc_hd__a31o_1)
     1    0.02    0.06    0.19    3.73 v _345_/X (sky130_fd_sc_hd__a31o_1)
                                         _096_ (net)
                  0.06    0.00    3.73 v _346_/C (sky130_fd_sc_hd__or3_1)
     1    0.02    0.10    0.26    4.00 v _346_/X (sky130_fd_sc_hd__or3_1)
                                         _097_ (net)
                  0.10    0.00    4.00 v _347_/A (sky130_fd_sc_hd__clkbuf_1)
     1    0.01    0.03    0.10    4.10 v _347_/X (sky130_fd_sc_hd__clkbuf_1)
                                         net24 (net)
                  0.03    0.00    4.10 v output24/A (sky130_fd_sc_hd__buf_2)
     1    0.03    0.06    0.12    4.22 v output24/X (sky130_fd_sc_hd__buf_2)
                                         OUT[4] (net)
                  0.06    0.00    4.22 v OUT[4] (out)
                                  4.22   data arrival time

                  0.00   10.00   10.00   clock __VIRTUAL_CLK__ (rise edge)
                          0.00   10.00   clock network delay (ideal)
                         -0.25    9.75   clock uncertainty
                          0.00    9.75   clock reconvergence pessimism
                         -2.00    7.75   output external delay
                                  7.75   data required time
-----------------------------------------------------------------------------
                                  7.75   data required time
                                 -4.22   data arrival time
-----------------------------------------------------------------------------
                                  3.53   slack (MET)


Startpoint: OPCODE[0] (input port clocked by __VIRTUAL_CLK__)
Endpoint: OUT[7] (output port clocked by __VIRTUAL_CLK__)
Path Group: __VIRTUAL_CLK__
Path Type: max
Corner: Fastest

Fanout     Cap    Slew   Delay    Time   Description
-----------------------------------------------------------------------------
                  0.00    0.00    0.00   clock __VIRTUAL_CLK__ (rise edge)
                          0.00    0.00   clock network delay (ideal)
                          2.00    2.00 v input external delay
     1    0.00    0.01    0.00    2.00 v OPCODE[0] (in)
                                         OPCODE[0] (net)
                  0.01    0.00    2.00 v input17/A (sky130_fd_sc_hd__clkbuf_2)
     5    0.04    0.10    0.13    2.13 v input17/X (sky130_fd_sc_hd__clkbuf_2)
                                         net17 (net)
                  0.10    0.00    2.13 v _235_/A_N (sky130_fd_sc_hd__nand3b_4)
     7    0.04    0.10    0.18    2.32 v _235_/Y (sky130_fd_sc_hd__nand3b_4)
                                         _163_ (net)
                  0.10    0.00    2.32 v rebuffer1/A (sky130_fd_sc_hd__dlygate4sd1_1)
     2    0.01    0.03    0.19    2.51 v rebuffer1/X (sky130_fd_sc_hd__dlygate4sd1_1)
                                         net28 (net)
                  0.03    0.00    2.51 v _239_/A1 (sky130_fd_sc_hd__a21oi_2)
     2    0.03    0.29    0.26    2.78 ^ _239_/Y (sky130_fd_sc_hd__a21oi_2)
                                         _167_ (net)
                  0.29    0.00    2.78 ^ _248_/B (sky130_fd_sc_hd__or3_1)
     1    0.01    0.05    0.11    2.89 ^ _248_/X (sky130_fd_sc_hd__or3_1)
                                         _006_ (net)
                  0.05    0.00    2.89 ^ _249_/B (sky130_fd_sc_hd__and2_2)
     2    0.04    0.14    0.18    3.07 ^ _249_/X (sky130_fd_sc_hd__and2_2)
                                         _007_ (net)
                  0.14    0.00    3.07 ^ _250_/B1 (sky130_fd_sc_hd__o21ai_4)
     4    0.03    0.07    0.06    3.14 v _250_/Y (sky130_fd_sc_hd__o21ai_4)
                                         _008_ (net)
                  0.07    0.00    3.14 v _257_/A2 (sky130_fd_sc_hd__a311o_4)
     5    0.04    0.08    0.31    3.45 v _257_/X (sky130_fd_sc_hd__a311o_4)
                                         _015_ (net)
                  0.08    0.01    3.45 v _276_/A3 (sky130_fd_sc_hd__a311oi_4)
     3    0.02    0.29    0.33    3.79 ^ _276_/Y (sky130_fd_sc_hd__a311oi_4)
                                         _033_ (net)
                  0.29    0.00    3.79 ^ _295_/A2 (sky130_fd_sc_hd__o21ai_1)
     1    0.01    0.10    0.10    3.89 v _295_/Y (sky130_fd_sc_hd__o21ai_1)
                                         _051_ (net)
                  0.10    0.00    3.89 v _302_/A2 (sky130_fd_sc_hd__a31o_1)
     1    0.00    0.03    0.17    4.05 v _302_/X (sky130_fd_sc_hd__a31o_1)
                                         net27 (net)
                  0.03    0.00    4.05 v output27/A (sky130_fd_sc_hd__buf_2)
     1    0.03    0.06    0.12    4.18 v output27/X (sky130_fd_sc_hd__buf_2)
                                         OUT[7] (net)
                  0.06    0.00    4.18 v OUT[7] (out)
                                  4.18   data arrival time

                  0.00   10.00   10.00   clock __VIRTUAL_CLK__ (rise edge)
                          0.00   10.00   clock network delay (ideal)
                         -0.25    9.75   clock uncertainty
                          0.00    9.75   clock reconvergence pessimism
                         -2.00    7.75   output external delay
                                  7.75   data required time
-----------------------------------------------------------------------------
                                  7.75   data required time
                                 -4.18   data arrival time
-----------------------------------------------------------------------------
                                  3.57   slack (MET)


Startpoint: B[0] (input port clocked by __VIRTUAL_CLK__)
Endpoint: OUT[3] (output port clocked by __VIRTUAL_CLK__)
Path Group: __VIRTUAL_CLK__
Path Type: max
Corner: Fastest

Fanout     Cap    Slew   Delay    Time   Description
-----------------------------------------------------------------------------
                  0.00    0.00    0.00   clock __VIRTUAL_CLK__ (rise edge)
                          0.00    0.00   clock network delay (ideal)
                          2.00    2.00 ^ input external delay
     1    0.00    0.01    0.01    2.01 ^ B[0] (in)
                                         B[0] (net)
                  0.01    0.00    2.01 ^ input9/A (sky130_fd_sc_hd__dlymetal6s2s_1)
     4    0.03    0.25    0.22    2.22 ^ input9/X (sky130_fd_sc_hd__dlymetal6s2s_1)
                                         net9 (net)
                  0.25    0.00    2.23 ^ _184_/A (sky130_fd_sc_hd__buf_4)
    10    0.08    0.16    0.21    2.43 ^ _184_/X (sky130_fd_sc_hd__buf_4)
                                         _112_ (net)
                  0.16    0.00    2.44 ^ _242_/A (sky130_fd_sc_hd__and3_1)
     2    0.02    0.16    0.21    2.65 ^ _242_/X (sky130_fd_sc_hd__and3_1)
                                         _000_ (net)
                  0.16    0.00    2.65 ^ _244_/A1 (sky130_fd_sc_hd__o21a_2)
     4    0.04    0.17    0.22    2.86 ^ _244_/X (sky130_fd_sc_hd__o21a_2)
                                         _002_ (net)
                  0.17    0.00    2.86 ^ _247_/A_N (sky130_fd_sc_hd__and3b_2)
     3    0.03    0.07    0.19    3.06 v _247_/X (sky130_fd_sc_hd__and3b_2)
                                         _005_ (net)
                  0.07    0.00    3.06 v _250_/A2 (sky130_fd_sc_hd__o21ai_4)
     4    0.03    0.19    0.19    3.25 ^ _250_/Y (sky130_fd_sc_hd__o21ai_4)
                                         _008_ (net)
                  0.19    0.00    3.25 ^ _328_/B (sky130_fd_sc_hd__nand2_1)
     1    0.01    0.08    0.08    3.33 v _328_/Y (sky130_fd_sc_hd__nand2_1)
                                         _080_ (net)
                  0.08    0.00    3.33 v _329_/B (sky130_fd_sc_hd__xnor2_1)
     1    0.01    0.21    0.21    3.54 ^ _329_/Y (sky130_fd_sc_hd__xnor2_1)
                                         _081_ (net)
                  0.21    0.00    3.54 ^ _335_/A2 (sky130_fd_sc_hd__a221o_1)
     1    0.02    0.14    0.19    3.73 ^ _335_/X (sky130_fd_sc_hd__a221o_1)
                                         net23 (net)
                  0.14    0.00    3.73 ^ output23/A (sky130_fd_sc_hd__buf_2)
     1    0.03    0.13    0.17    3.90 ^ output23/X (sky130_fd_sc_hd__buf_2)
                                         OUT[3] (net)
                  0.13    0.00    3.90 ^ OUT[3] (out)
                                  3.90   data arrival time

                  0.00   10.00   10.00   clock __VIRTUAL_CLK__ (rise edge)
                          0.00   10.00   clock network delay (ideal)
                         -0.25    9.75   clock uncertainty
                          0.00    9.75   clock reconvergence pessimism
                         -2.00    7.75   output external delay
                                  7.75   data required time
-----------------------------------------------------------------------------
                                  7.75   data required time
                                 -3.90   data arrival time
-----------------------------------------------------------------------------
                                  3.85   slack (MET)


Startpoint: B[0] (input port clocked by __VIRTUAL_CLK__)
Endpoint: OUT[1] (output port clocked by __VIRTUAL_CLK__)
Path Group: __VIRTUAL_CLK__
Path Type: max
Corner: Fastest

Fanout     Cap    Slew   Delay    Time   Description
-----------------------------------------------------------------------------
                  0.00    0.00    0.00   clock __VIRTUAL_CLK__ (rise edge)
                          0.00    0.00   clock network delay (ideal)
                          2.00    2.00 ^ input external delay
     1    0.00    0.01    0.01    2.01 ^ B[0] (in)
                                         B[0] (net)
                  0.01    0.00    2.01 ^ input9/A (sky130_fd_sc_hd__dlymetal6s2s_1)
     4    0.03    0.25    0.22    2.22 ^ input9/X (sky130_fd_sc_hd__dlymetal6s2s_1)
                                         net9 (net)
                  0.25    0.00    2.23 ^ _184_/A (sky130_fd_sc_hd__buf_4)
    10    0.08    0.16    0.21    2.43 ^ _184_/X (sky130_fd_sc_hd__buf_4)
                                         _112_ (net)
                  0.16    0.00    2.44 ^ _242_/A (sky130_fd_sc_hd__and3_1)
     2    0.02    0.16    0.21    2.65 ^ _242_/X (sky130_fd_sc_hd__and3_1)
                                         _000_ (net)
                  0.16    0.00    2.65 ^ _244_/A1 (sky130_fd_sc_hd__o21a_2)
     4    0.04    0.17    0.22    2.86 ^ _244_/X (sky130_fd_sc_hd__o21a_2)
                                         _002_ (net)
                  0.17    0.00    2.86 ^ _314_/A_N (sky130_fd_sc_hd__and2b_1)
     1    0.02    0.09    0.19    3.05 v _314_/X (sky130_fd_sc_hd__and2b_1)
                                         _068_ (net)
                  0.09    0.00    3.05 v _315_/A (sky130_fd_sc_hd__nor2_1)
     1    0.01    0.16    0.17    3.22 ^ _315_/Y (sky130_fd_sc_hd__nor2_1)
                                         _069_ (net)
                  0.16    0.00    3.22 ^ _316_/B (sky130_fd_sc_hd__or3b_1)
     1    0.02    0.13    0.16    3.39 ^ _316_/X (sky130_fd_sc_hd__or3b_1)
                                         _070_ (net)
                  0.13    0.00    3.39 ^ _317_/D_N (sky130_fd_sc_hd__or4b_1)
     1    0.00    0.06    0.27    3.66 v _317_/X (sky130_fd_sc_hd__or4b_1)
                                         _071_ (net)
                  0.06    0.00    3.66 v _318_/A (sky130_fd_sc_hd__clkbuf_1)
     1    0.01    0.04    0.09    3.74 v _318_/X (sky130_fd_sc_hd__clkbuf_1)
                                         net21 (net)
                  0.04    0.00    3.74 v output21/A (sky130_fd_sc_hd__buf_2)
     1    0.03    0.06    0.13    3.87 v output21/X (sky130_fd_sc_hd__buf_2)
                                         OUT[1] (net)
                  0.06    0.00    3.87 v OUT[1] (out)
                                  3.87   data arrival time

                  0.00   10.00   10.00   clock __VIRTUAL_CLK__ (rise edge)
                          0.00   10.00   clock network delay (ideal)
                         -0.25    9.75   clock uncertainty
                          0.00    9.75   clock reconvergence pessimism
                         -2.00    7.75   output external delay
                                  7.75   data required time
-----------------------------------------------------------------------------
                                  7.75   data required time
                                 -3.87   data arrival time
-----------------------------------------------------------------------------
                                  3.88   slack (MET)


Startpoint: OPCODE[0] (input port clocked by __VIRTUAL_CLK__)
Endpoint: OUT[2] (output port clocked by __VIRTUAL_CLK__)
Path Group: __VIRTUAL_CLK__
Path Type: max
Corner: Fastest

Fanout     Cap    Slew   Delay    Time   Description
-----------------------------------------------------------------------------
                  0.00    0.00    0.00   clock __VIRTUAL_CLK__ (rise edge)
                          0.00    0.00   clock network delay (ideal)
                          2.00    2.00 v input external delay
     1    0.00    0.01    0.00    2.00 v OPCODE[0] (in)
                                         OPCODE[0] (net)
                  0.01    0.00    2.00 v input17/A (sky130_fd_sc_hd__clkbuf_2)
     5    0.04    0.10    0.13    2.13 v input17/X (sky130_fd_sc_hd__clkbuf_2)
                                         net17 (net)
                  0.10    0.00    2.13 v _235_/A_N (sky130_fd_sc_hd__nand3b_4)
     7    0.04    0.10    0.18    2.32 v _235_/Y (sky130_fd_sc_hd__nand3b_4)
                                         _163_ (net)
                  0.10    0.00    2.32 v rebuffer1/A (sky130_fd_sc_hd__dlygate4sd1_1)
     2    0.01    0.03    0.19    2.51 v rebuffer1/X (sky130_fd_sc_hd__dlygate4sd1_1)
                                         net28 (net)
                  0.03    0.00    2.51 v _239_/A1 (sky130_fd_sc_hd__a21oi_2)
     2    0.03    0.29    0.26    2.78 ^ _239_/Y (sky130_fd_sc_hd__a21oi_2)
                                         _167_ (net)
                  0.29    0.00    2.78 ^ _241_/A1 (sky130_fd_sc_hd__o21ai_4)
     4    0.04    0.09    0.09    2.87 v _241_/Y (sky130_fd_sc_hd__o21ai_4)
                                         _169_ (net)
                  0.09    0.00    2.88 v _249_/A (sky130_fd_sc_hd__and2_2)
     2    0.04    0.08    0.19    3.07 v _249_/X (sky130_fd_sc_hd__and2_2)
                                         _007_ (net)
                  0.08    0.00    3.07 v _319_/A (sky130_fd_sc_hd__or3_1)
     1    0.01    0.08    0.28    3.35 v _319_/X (sky130_fd_sc_hd__or3_1)
                                         _072_ (net)
                  0.08    0.00    3.35 v _326_/A3 (sky130_fd_sc_hd__a31o_1)
     1    0.02    0.06    0.20    3.55 v _326_/X (sky130_fd_sc_hd__a31o_1)
                                         net22 (net)
                  0.06    0.00    3.55 v output22/A (sky130_fd_sc_hd__buf_2)
     1    0.03    0.06    0.14    3.69 v output22/X (sky130_fd_sc_hd__buf_2)
                                         OUT[2] (net)
                  0.06    0.00    3.69 v OUT[2] (out)
                                  3.69   data arrival time

                  0.00   10.00   10.00   clock __VIRTUAL_CLK__ (rise edge)
                          0.00   10.00   clock network delay (ideal)
                         -0.25    9.75   clock uncertainty
                          0.00    9.75   clock reconvergence pessimism
                         -2.00    7.75   output external delay
                                  7.75   data required time
-----------------------------------------------------------------------------
                                  7.75   data required time
                                 -3.69   data arrival time
-----------------------------------------------------------------------------
                                  4.06   slack (MET)


Startpoint: OPCODE[0] (input port clocked by __VIRTUAL_CLK__)
Endpoint: OUT[0] (output port clocked by __VIRTUAL_CLK__)
Path Group: __VIRTUAL_CLK__
Path Type: max
Corner: Fastest

Fanout     Cap    Slew   Delay    Time   Description
-----------------------------------------------------------------------------
                  0.00    0.00    0.00   clock __VIRTUAL_CLK__ (rise edge)
                          0.00    0.00   clock network delay (ideal)
                          2.00    2.00 v input external delay
     1    0.00    0.01    0.00    2.00 v OPCODE[0] (in)
                                         OPCODE[0] (net)
                  0.01    0.00    2.00 v input17/A (sky130_fd_sc_hd__clkbuf_2)
     5    0.04    0.10    0.13    2.13 v input17/X (sky130_fd_sc_hd__clkbuf_2)
                                         net17 (net)
                  0.10    0.00    2.14 v _171_/A (sky130_fd_sc_hd__or2_2)
     4    0.03    0.09    0.27    2.41 v _171_/X (sky130_fd_sc_hd__or2_2)
                                         _099_ (net)
                  0.09    0.00    2.41 v _224_/B (sky130_fd_sc_hd__or2_1)
     1    0.00    0.04    0.15    2.56 v _224_/X (sky130_fd_sc_hd__or2_1)
                                         _152_ (net)
                  0.04    0.00    2.56 v _225_/A (sky130_fd_sc_hd__clkbuf_4)
     8    0.06    0.09    0.16    2.72 v _225_/X (sky130_fd_sc_hd__clkbuf_4)
                                         _153_ (net)
                  0.09    0.00    2.72 v _306_/A2 (sky130_fd_sc_hd__o21ai_1)
     1    0.01    0.17    0.18    2.90 ^ _306_/Y (sky130_fd_sc_hd__o21ai_1)
                                         _061_ (net)
                  0.17    0.00    2.90 ^ _307_/B1 (sky130_fd_sc_hd__a31o_1)
     1    0.02    0.15    0.15    3.05 ^ _307_/X (sky130_fd_sc_hd__a31o_1)
                                         net20 (net)
                  0.15    0.00    3.06 ^ output20/A (sky130_fd_sc_hd__buf_2)
     1    0.04    0.13    0.17    3.23 ^ output20/X (sky130_fd_sc_hd__buf_2)
                                         OUT[0] (net)
                  0.13    0.00    3.23 ^ OUT[0] (out)
                                  3.23   data arrival time

                  0.00   10.00   10.00   clock __VIRTUAL_CLK__ (rise edge)
                          0.00   10.00   clock network delay (ideal)
                         -0.25    9.75   clock uncertainty
                          0.00    9.75   clock reconvergence pessimism
                         -2.00    7.75   output external delay
                                  7.75   data required time
-----------------------------------------------------------------------------
                                  7.75   data required time
                                 -3.23   data arrival time
-----------------------------------------------------------------------------
                                  4.52   slack (MET)



worst slack corner Fastest: 3.4854
======================= Slowest Corner ===================================

Startpoint: B[0] (input port clocked by __VIRTUAL_CLK__)
Endpoint: OUT[4] (output port clocked by __VIRTUAL_CLK__)
Path Group: __VIRTUAL_CLK__
Path Type: max
Corner: Slowest

Fanout     Cap    Slew   Delay    Time   Description
-----------------------------------------------------------------------------
                  0.00    0.00    0.00   clock __VIRTUAL_CLK__ (rise edge)
                          0.00    0.00   clock network delay (ideal)
                          2.00    2.00 ^ input external delay
     1    0.00    0.03    0.01    2.01 ^ B[0] (in)
                                         B[0] (net)
                  0.03    0.00    2.01 ^ input9/A (sky130_fd_sc_hd__dlymetal6s2s_1)
     4    0.03    0.50    0.47    2.49 ^ input9/X (sky130_fd_sc_hd__dlymetal6s2s_1)
                                         net9 (net)
                  0.50    0.00    2.49 ^ _184_/A (sky130_fd_sc_hd__buf_4)
    10    0.08    0.34    0.62    3.11 ^ _184_/X (sky130_fd_sc_hd__buf_4)
                                         _112_ (net)
                  0.34    0.01    3.12 ^ _185_/B2 (sky130_fd_sc_hd__a22oi_4)
     3    0.04    0.22    0.30    3.41 v _185_/Y (sky130_fd_sc_hd__a22oi_4)
                                         _113_ (net)
                  0.22    0.00    3.42 v _192_/C (sky130_fd_sc_hd__or3_1)
     2    0.02    0.30    1.04    4.45 v _192_/X (sky130_fd_sc_hd__or3_1)
                                         _120_ (net)
                  0.30    0.00    4.46 v _197_/A1 (sky130_fd_sc_hd__a21o_1)
     2    0.01    0.15    0.50    4.96 v _197_/X (sky130_fd_sc_hd__a21o_1)
                                         _125_ (net)
                  0.15    0.00    4.96 v _199_/A3 (sky130_fd_sc_hd__a31o_1)
     2    0.02    0.21    0.59    5.55 v _199_/X (sky130_fd_sc_hd__a31o_1)
                                         _127_ (net)
                  0.21    0.00    5.55 v _201_/B (sky130_fd_sc_hd__xor2_2)
     2    0.02    0.50    0.54    6.09 ^ _201_/X (sky130_fd_sc_hd__xor2_2)
                                         _129_ (net)
                  0.50    0.00    6.09 ^ _210_/A (sky130_fd_sc_hd__nand3_2)
     3    0.03    0.40    0.52    6.61 v _210_/Y (sky130_fd_sc_hd__nand3_2)
                                         _138_ (net)
                  0.40    0.00    6.61 v _345_/A1 (sky130_fd_sc_hd__a31o_1)
     1    0.02    0.16    0.59    7.20 v _345_/X (sky130_fd_sc_hd__a31o_1)
                                         _096_ (net)
                  0.16    0.00    7.20 v _346_/C (sky130_fd_sc_hd__or3_1)
     1    0.02    0.29    1.00    8.20 v _346_/X (sky130_fd_sc_hd__or3_1)
                                         _097_ (net)
                  0.29    0.00    8.21 v _347_/A (sky130_fd_sc_hd__clkbuf_1)
     1    0.01    0.09    0.30    8.51 v _347_/X (sky130_fd_sc_hd__clkbuf_1)
                                         net24 (net)
                  0.09    0.00    8.51 v output24/A (sky130_fd_sc_hd__buf_2)
     1    0.03    0.17    0.37    8.88 v output24/X (sky130_fd_sc_hd__buf_2)
                                         OUT[4] (net)
                  0.17    0.00    8.88 v OUT[4] (out)
                                  8.88   data arrival time

                  0.00   10.00   10.00   clock __VIRTUAL_CLK__ (rise edge)
                          0.00   10.00   clock network delay (ideal)
                         -0.25    9.75   clock uncertainty
                          0.00    9.75   clock reconvergence pessimism
                         -2.00    7.75   output external delay
                                  7.75   data required time
-----------------------------------------------------------------------------
                                  7.75   data required time
                                 -8.88   data arrival time
-----------------------------------------------------------------------------
                                 -1.13   slack (VIOLATED)


Startpoint: B[0] (input port clocked by __VIRTUAL_CLK__)
Endpoint: OUT[5] (output port clocked by __VIRTUAL_CLK__)
Path Group: __VIRTUAL_CLK__
Path Type: max
Corner: Slowest

Fanout     Cap    Slew   Delay    Time   Description
-----------------------------------------------------------------------------
                  0.00    0.00    0.00   clock __VIRTUAL_CLK__ (rise edge)
                          0.00    0.00   clock network delay (ideal)
                          2.00    2.00 ^ input external delay
     1    0.00    0.03    0.01    2.01 ^ B[0] (in)
                                         B[0] (net)
                  0.03    0.00    2.01 ^ input9/A (sky130_fd_sc_hd__dlymetal6s2s_1)
     4    0.03    0.50    0.47    2.49 ^ input9/X (sky130_fd_sc_hd__dlymetal6s2s_1)
                                         net9 (net)
                  0.50    0.00    2.49 ^ _184_/A (sky130_fd_sc_hd__buf_4)
    10    0.08    0.34    0.62    3.11 ^ _184_/X (sky130_fd_sc_hd__buf_4)
                                         _112_ (net)
                  0.34    0.01    3.12 ^ _185_/B2 (sky130_fd_sc_hd__a22oi_4)
     3    0.04    0.22    0.30    3.41 v _185_/Y (sky130_fd_sc_hd__a22oi_4)
                                         _113_ (net)
                  0.22    0.00    3.42 v _192_/C (sky130_fd_sc_hd__or3_1)
     2    0.02    0.30    1.04    4.45 v _192_/X (sky130_fd_sc_hd__or3_1)
                                         _120_ (net)
                  0.30    0.00    4.46 v _197_/A1 (sky130_fd_sc_hd__a21o_1)
     2    0.01    0.15    0.50    4.96 v _197_/X (sky130_fd_sc_hd__a21o_1)
                                         _125_ (net)
                  0.15    0.00    4.96 v _199_/A3 (sky130_fd_sc_hd__a31o_1)
     2    0.02    0.21    0.59    5.55 v _199_/X (sky130_fd_sc_hd__a31o_1)
                                         _127_ (net)
                  0.21    0.00    5.55 v _201_/B (sky130_fd_sc_hd__xor2_2)
     2    0.02    0.50    0.54    6.09 ^ _201_/X (sky130_fd_sc_hd__xor2_2)
                                         _129_ (net)
                  0.50    0.00    6.09 ^ _210_/A (sky130_fd_sc_hd__nand3_2)
     3    0.03    0.40    0.52    6.61 v _210_/Y (sky130_fd_sc_hd__nand3_2)
                                         _138_ (net)
                  0.40    0.00    6.61 v _220_/B (sky130_fd_sc_hd__and3_1)
     1    0.02    0.19    0.65    7.27 v _220_/X (sky130_fd_sc_hd__and3_1)
                                         _148_ (net)
                  0.19    0.00    7.27 v _221_/B (sky130_fd_sc_hd__nor2_1)
     1    0.02    0.58    0.55    7.82 ^ _221_/Y (sky130_fd_sc_hd__nor2_1)
                                         _149_ (net)
                  0.58    0.00    7.82 ^ _267_/A2 (sky130_fd_sc_hd__a211o_1)
     1    0.01    0.15    0.50    8.32 ^ _267_/X (sky130_fd_sc_hd__a211o_1)
                                         net25 (net)
                  0.15    0.00    8.32 ^ output25/A (sky130_fd_sc_hd__buf_2)
     1    0.03    0.27    0.40    8.73 ^ output25/X (sky130_fd_sc_hd__buf_2)
                                         OUT[5] (net)
                  0.27    0.00    8.73 ^ OUT[5] (out)
                                  8.73   data arrival time

                  0.00   10.00   10.00   clock __VIRTUAL_CLK__ (rise edge)
                          0.00   10.00   clock network delay (ideal)
                         -0.25    9.75   clock uncertainty
                          0.00    9.75   clock reconvergence pessimism
                         -2.00    7.75   output external delay
                                  7.75   data required time
-----------------------------------------------------------------------------
                                  7.75   data required time
                                 -8.73   data arrival time
-----------------------------------------------------------------------------
                                 -0.98   slack (VIOLATED)


Startpoint: B[0] (input port clocked by __VIRTUAL_CLK__)
Endpoint: OUT[6] (output port clocked by __VIRTUAL_CLK__)
Path Group: __VIRTUAL_CLK__
Path Type: max
Corner: Slowest

Fanout     Cap    Slew   Delay    Time   Description
-----------------------------------------------------------------------------
                  0.00    0.00    0.00   clock __VIRTUAL_CLK__ (rise edge)
                          0.00    0.00   clock network delay (ideal)
                          2.00    2.00 v input external delay
     1    0.00    0.02    0.01    2.01 v B[0] (in)
                                         B[0] (net)
                  0.02    0.00    2.01 v input9/A (sky130_fd_sc_hd__dlymetal6s2s_1)
     4    0.03    0.31    0.48    2.49 v input9/X (sky130_fd_sc_hd__dlymetal6s2s_1)
                                         net9 (net)
                  0.31    0.00    2.49 v _234_/A (sky130_fd_sc_hd__or2_4)
     4    0.04    0.16    0.71    3.20 v _234_/X (sky130_fd_sc_hd__or2_4)
                                         _162_ (net)
                  0.16    0.00    3.20 v _236_/A3 (sky130_fd_sc_hd__o31a_2)
     3    0.04    0.24    0.80    4.00 v _236_/X (sky130_fd_sc_hd__o31a_2)
                                         _164_ (net)
                  0.24    0.00    4.01 v _268_/A3 (sky130_fd_sc_hd__o31a_1)
     2    0.03    0.29    0.76    4.77 v _268_/X (sky130_fd_sc_hd__o31a_1)
                                         _025_ (net)
                  0.29    0.00    4.77 v _269_/B (sky130_fd_sc_hd__xnor2_2)
     2    0.02    0.49    0.55    5.32 ^ _269_/Y (sky130_fd_sc_hd__xnor2_2)
                                         _026_ (net)
                  0.49    0.00    5.32 ^ _271_/B (sky130_fd_sc_hd__nor2_1)
     1    0.02    0.24    0.40    5.72 v _271_/Y (sky130_fd_sc_hd__nor2_1)
                                         _028_ (net)
                  0.24    0.00    5.73 v _272_/B (sky130_fd_sc_hd__or2_1)
     2    0.02    0.22    0.71    6.44 v _272_/X (sky130_fd_sc_hd__or2_1)
                                         _029_ (net)
                  0.22    0.00    6.44 v _276_/C1 (sky130_fd_sc_hd__a311oi_4)
     3    0.02    0.59    0.64    7.07 ^ _276_/Y (sky130_fd_sc_hd__a311oi_4)
                                         _033_ (net)
                  0.59    0.00    7.07 ^ _277_/A_N (sky130_fd_sc_hd__and2b_1)
     1    0.01    0.15    0.64    7.72 v _277_/X (sky130_fd_sc_hd__and2b_1)
                                         _034_ (net)
                  0.15    0.00    7.72 v _291_/A2 (sky130_fd_sc_hd__a21o_1)
     1    0.02    0.19    0.50    8.22 v _291_/X (sky130_fd_sc_hd__a21o_1)
                                         net26 (net)
                  0.19    0.00    8.22 v output26/A (sky130_fd_sc_hd__buf_2)
     1    0.03    0.17    0.42    8.64 v output26/X (sky130_fd_sc_hd__buf_2)
                                         OUT[6] (net)
                  0.17    0.00    8.64 v OUT[6] (out)
                                  8.64   data arrival time

                  0.00   10.00   10.00   clock __VIRTUAL_CLK__ (rise edge)
                          0.00   10.00   clock network delay (ideal)
                         -0.25    9.75   clock uncertainty
                          0.00    9.75   clock reconvergence pessimism
                         -2.00    7.75   output external delay
                                  7.75   data required time
-----------------------------------------------------------------------------
                                  7.75   data required time
                                 -8.64   data arrival time
-----------------------------------------------------------------------------
                                 -0.89   slack (VIOLATED)


Startpoint: OPCODE[0] (input port clocked by __VIRTUAL_CLK__)
Endpoint: OUT[7] (output port clocked by __VIRTUAL_CLK__)
Path Group: __VIRTUAL_CLK__
Path Type: max
Corner: Slowest

Fanout     Cap    Slew   Delay    Time   Description
-----------------------------------------------------------------------------
                  0.00    0.00    0.00   clock __VIRTUAL_CLK__ (rise edge)
                          0.00    0.00   clock network delay (ideal)
                          2.00    2.00 v input external delay
     1    0.00    0.02    0.01    2.01 v OPCODE[0] (in)
                                         OPCODE[0] (net)
                  0.02    0.00    2.01 v input17/A (sky130_fd_sc_hd__clkbuf_2)
     5    0.04    0.27    0.35    2.36 v input17/X (sky130_fd_sc_hd__clkbuf_2)
                                         net17 (net)
                  0.27    0.00    2.36 v _235_/A_N (sky130_fd_sc_hd__nand3b_4)
     7    0.04    0.31    0.56    2.91 v _235_/Y (sky130_fd_sc_hd__nand3b_4)
                                         _163_ (net)
                  0.31    0.00    2.92 v _242_/C (sky130_fd_sc_hd__and3_1)
     2    0.02    0.21    0.65    3.57 v _242_/X (sky130_fd_sc_hd__and3_1)
                                         _000_ (net)
                  0.21    0.00    3.57 v _245_/B (sky130_fd_sc_hd__or3_4)
     2    0.02    0.18    0.91    4.48 v _245_/X (sky130_fd_sc_hd__or3_4)
                                         _003_ (net)
                  0.18    0.00    4.48 v _247_/B (sky130_fd_sc_hd__and3b_2)
     3    0.03    0.18    0.62    5.10 v _247_/X (sky130_fd_sc_hd__and3b_2)
                                         _005_ (net)
                  0.18    0.00    5.10 v _250_/A2 (sky130_fd_sc_hd__o21ai_4)
     4    0.03    0.41    0.46    5.56 ^ _250_/Y (sky130_fd_sc_hd__o21ai_4)
                                         _008_ (net)
                  0.41    0.00    5.56 ^ _257_/A2 (sky130_fd_sc_hd__a311o_4)
     5    0.04    0.26    0.71    6.27 ^ _257_/X (sky130_fd_sc_hd__a311o_4)
                                         _015_ (net)
                  0.26    0.01    6.27 ^ _276_/A3 (sky130_fd_sc_hd__a311oi_4)
     3    0.02    0.26    0.37    6.64 v _276_/Y (sky130_fd_sc_hd__a311oi_4)
                                         _033_ (net)
                  0.26    0.00    6.64 v _296_/B (sky130_fd_sc_hd__or3_4)
     1    0.02    0.17    0.92    7.56 v _296_/X (sky130_fd_sc_hd__or3_4)
                                         _052_ (net)
                  0.17    0.00    7.56 v _302_/A3 (sky130_fd_sc_hd__a31o_1)
     1    0.00    0.07    0.46    8.02 v _302_/X (sky130_fd_sc_hd__a31o_1)
                                         net27 (net)
                  0.07    0.00    8.02 v output27/A (sky130_fd_sc_hd__buf_2)
     1    0.03    0.17    0.36    8.39 v output27/X (sky130_fd_sc_hd__buf_2)
                                         OUT[7] (net)
                  0.17    0.00    8.39 v OUT[7] (out)
                                  8.39   data arrival time

                  0.00   10.00   10.00   clock __VIRTUAL_CLK__ (rise edge)
                          0.00   10.00   clock network delay (ideal)
                         -0.25    9.75   clock uncertainty
                          0.00    9.75   clock reconvergence pessimism
                         -2.00    7.75   output external delay
                                  7.75   data required time
-----------------------------------------------------------------------------
                                  7.75   data required time
                                 -8.39   data arrival time
-----------------------------------------------------------------------------
                                 -0.64   slack (VIOLATED)


Startpoint: OPCODE[0] (input port clocked by __VIRTUAL_CLK__)
Endpoint: OUT[1] (output port clocked by __VIRTUAL_CLK__)
Path Group: __VIRTUAL_CLK__
Path Type: max
Corner: Slowest

Fanout     Cap    Slew   Delay    Time   Description
-----------------------------------------------------------------------------
                  0.00    0.00    0.00   clock __VIRTUAL_CLK__ (rise edge)
                          0.00    0.00   clock network delay (ideal)
                          2.00    2.00 v input external delay
     1    0.00    0.02    0.01    2.01 v OPCODE[0] (in)
                                         OPCODE[0] (net)
                  0.02    0.00    2.01 v input17/A (sky130_fd_sc_hd__clkbuf_2)
     5    0.04    0.27    0.35    2.36 v input17/X (sky130_fd_sc_hd__clkbuf_2)
                                         net17 (net)
                  0.27    0.00    2.36 v _235_/A_N (sky130_fd_sc_hd__nand3b_4)
     7    0.04    0.31    0.56    2.91 v _235_/Y (sky130_fd_sc_hd__nand3b_4)
                                         _163_ (net)
                  0.31    0.00    2.92 v _242_/C (sky130_fd_sc_hd__and3_1)
     2    0.02    0.21    0.65    3.57 v _242_/X (sky130_fd_sc_hd__and3_1)
                                         _000_ (net)
                  0.21    0.00    3.57 v _245_/B (sky130_fd_sc_hd__or3_4)
     2    0.02    0.18    0.91    4.48 v _245_/X (sky130_fd_sc_hd__or3_4)
                                         _003_ (net)
                  0.18    0.00    4.48 v _314_/B (sky130_fd_sc_hd__and2b_1)
     1    0.02    0.24    0.56    5.04 v _314_/X (sky130_fd_sc_hd__and2b_1)
                                         _068_ (net)
                  0.24    0.00    5.04 v _315_/A (sky130_fd_sc_hd__nor2_1)
     1    0.01    0.38    0.44    5.48 ^ _315_/Y (sky130_fd_sc_hd__nor2_1)
                                         _069_ (net)
                  0.38    0.00    5.48 ^ _316_/B (sky130_fd_sc_hd__or3b_1)
     1    0.02    0.27    0.47    5.94 ^ _316_/X (sky130_fd_sc_hd__or3b_1)
                                         _070_ (net)
                  0.27    0.00    5.95 ^ _317_/D_N (sky130_fd_sc_hd__or4b_1)
     1    0.00    0.20    1.18    7.13 v _317_/X (sky130_fd_sc_hd__or4b_1)
                                         _071_ (net)
                  0.20    0.00    7.13 v _318_/A (sky130_fd_sc_hd__clkbuf_1)
     1    0.01    0.10    0.28    7.40 v _318_/X (sky130_fd_sc_hd__clkbuf_1)
                                         net21 (net)
                  0.10    0.00    7.40 v output21/A (sky130_fd_sc_hd__buf_2)
     1    0.03    0.17    0.38    7.78 v output21/X (sky130_fd_sc_hd__buf_2)
                                         OUT[1] (net)
                  0.17    0.00    7.78 v OUT[1] (out)
                                  7.78   data arrival time

                  0.00   10.00   10.00   clock __VIRTUAL_CLK__ (rise edge)
                          0.00   10.00   clock network delay (ideal)
                         -0.25    9.75   clock uncertainty
                          0.00    9.75   clock reconvergence pessimism
                         -2.00    7.75   output external delay
                                  7.75   data required time
-----------------------------------------------------------------------------
                                  7.75   data required time
                                 -7.78   data arrival time
-----------------------------------------------------------------------------
                                 -0.03   slack (VIOLATED)


Startpoint: OPCODE[0] (input port clocked by __VIRTUAL_CLK__)
Endpoint: OUT[3] (output port clocked by __VIRTUAL_CLK__)
Path Group: __VIRTUAL_CLK__
Path Type: max
Corner: Slowest

Fanout     Cap    Slew   Delay    Time   Description
-----------------------------------------------------------------------------
                  0.00    0.00    0.00   clock __VIRTUAL_CLK__ (rise edge)
                          0.00    0.00   clock network delay (ideal)
                          2.00    2.00 v input external delay
     1    0.00    0.02    0.01    2.01 v OPCODE[0] (in)
                                         OPCODE[0] (net)
                  0.02    0.00    2.01 v input17/A (sky130_fd_sc_hd__clkbuf_2)
     5    0.04    0.27    0.35    2.36 v input17/X (sky130_fd_sc_hd__clkbuf_2)
                                         net17 (net)
                  0.27    0.00    2.36 v _235_/A_N (sky130_fd_sc_hd__nand3b_4)
     7    0.04    0.31    0.56    2.91 v _235_/Y (sky130_fd_sc_hd__nand3b_4)
                                         _163_ (net)
                  0.31    0.00    2.92 v rebuffer1/A (sky130_fd_sc_hd__dlygate4sd1_1)
     2    0.01    0.09    0.65    3.57 v rebuffer1/X (sky130_fd_sc_hd__dlygate4sd1_1)
                                         net28 (net)
                  0.09    0.00    3.57 v rebuffer2/A (sky130_fd_sc_hd__dlygate4sd1_1)
     2    0.01    0.13    0.58    4.15 v rebuffer2/X (sky130_fd_sc_hd__dlygate4sd1_1)
                                         net29 (net)
                  0.13    0.00    4.15 v _251_/B1 (sky130_fd_sc_hd__o21a_1)
     1    0.02    0.21    0.37    4.52 v _251_/X (sky130_fd_sc_hd__o21a_1)
                                         _009_ (net)
                  0.21    0.00    4.52 v _252_/B (sky130_fd_sc_hd__xnor2_2)
     2    0.01    0.16    0.36    4.89 v _252_/Y (sky130_fd_sc_hd__xnor2_2)
                                         _010_ (net)
                  0.16    0.00    4.89 v _253_/B (sky130_fd_sc_hd__nand2_2)
     3    0.03    0.25    0.29    5.18 ^ _253_/Y (sky130_fd_sc_hd__nand2_2)
                                         _011_ (net)
                  0.25    0.00    5.18 ^ _327_/B_N (sky130_fd_sc_hd__or2b_1)
     1    0.02    0.20    0.72    5.89 v _327_/X (sky130_fd_sc_hd__or2b_1)
                                         _079_ (net)
                  0.20    0.00    5.90 v _329_/A (sky130_fd_sc_hd__xnor2_1)
     1    0.01    0.23    0.40    6.30 v _329_/Y (sky130_fd_sc_hd__xnor2_1)
                                         _081_ (net)
                  0.23    0.00    6.30 v _335_/A2 (sky130_fd_sc_hd__a221o_1)
     1    0.02    0.22    0.90    7.19 v _335_/X (sky130_fd_sc_hd__a221o_1)
                                         net23 (net)
                  0.22    0.00    7.19 v output23/A (sky130_fd_sc_hd__buf_2)
     1    0.03    0.16    0.44    7.63 v output23/X (sky130_fd_sc_hd__buf_2)
                                         OUT[3] (net)
                  0.16    0.00    7.63 v OUT[3] (out)
                                  7.63   data arrival time

                  0.00   10.00   10.00   clock __VIRTUAL_CLK__ (rise edge)
                          0.00   10.00   clock network delay (ideal)
                         -0.25    9.75   clock uncertainty
                          0.00    9.75   clock reconvergence pessimism
                         -2.00    7.75   output external delay
                                  7.75   data required time
-----------------------------------------------------------------------------
                                  7.75   data required time
                                 -7.63   data arrival time
-----------------------------------------------------------------------------
                                  0.12   slack (MET)


Startpoint: OPCODE[0] (input port clocked by __VIRTUAL_CLK__)
Endpoint: OUT[2] (output port clocked by __VIRTUAL_CLK__)
Path Group: __VIRTUAL_CLK__
Path Type: max
Corner: Slowest

Fanout     Cap    Slew   Delay    Time   Description
-----------------------------------------------------------------------------
                  0.00    0.00    0.00   clock __VIRTUAL_CLK__ (rise edge)
                          0.00    0.00   clock network delay (ideal)
                          2.00    2.00 ^ input external delay
     1    0.00    0.03    0.02    2.02 ^ OPCODE[0] (in)
                                         OPCODE[0] (net)
                  0.03    0.00    2.02 ^ input17/A (sky130_fd_sc_hd__clkbuf_2)
     5    0.04    0.33    0.38    2.40 ^ input17/X (sky130_fd_sc_hd__clkbuf_2)
                                         net17 (net)
                  0.33    0.00    2.40 ^ _235_/A_N (sky130_fd_sc_hd__nand3b_4)
     7    0.04    0.23    0.48    2.88 ^ _235_/Y (sky130_fd_sc_hd__nand3b_4)
                                         _163_ (net)
                  0.23    0.00    2.89 ^ rebuffer1/A (sky130_fd_sc_hd__dlygate4sd1_1)
     2    0.01    0.13    0.51    3.40 ^ rebuffer1/X (sky130_fd_sc_hd__dlygate4sd1_1)
                                         net28 (net)
                  0.13    0.00    3.40 ^ _239_/A1 (sky130_fd_sc_hd__a21oi_2)
     2    0.03    0.26    0.28    3.68 v _239_/Y (sky130_fd_sc_hd__a21oi_2)
                                         _167_ (net)
                  0.26    0.00    3.68 v _248_/B (sky130_fd_sc_hd__or3_1)
     1    0.01    0.16    0.95    4.63 v _248_/X (sky130_fd_sc_hd__or3_1)
                                         _006_ (net)
                  0.16    0.00    4.63 v _249_/B (sky130_fd_sc_hd__and2_2)
     2    0.04    0.20    0.62    5.24 v _249_/X (sky130_fd_sc_hd__and2_2)
                                         _007_ (net)
                  0.20    0.00    5.25 v _319_/A (sky130_fd_sc_hd__or3_1)
     1    0.01    0.24    1.09    6.33 v _319_/X (sky130_fd_sc_hd__or3_1)
                                         _072_ (net)
                  0.24    0.00    6.33 v _326_/A3 (sky130_fd_sc_hd__a31o_1)
     1    0.02    0.17    0.59    6.93 v _326_/X (sky130_fd_sc_hd__a31o_1)
                                         net22 (net)
                  0.17    0.00    6.93 v output22/A (sky130_fd_sc_hd__buf_2)
     1    0.03    0.17    0.41    7.34 v output22/X (sky130_fd_sc_hd__buf_2)
                                         OUT[2] (net)
                  0.17    0.00    7.34 v OUT[2] (out)
                                  7.34   data arrival time

                  0.00   10.00   10.00   clock __VIRTUAL_CLK__ (rise edge)
                          0.00   10.00   clock network delay (ideal)
                         -0.25    9.75   clock uncertainty
                          0.00    9.75   clock reconvergence pessimism
                         -2.00    7.75   output external delay
                                  7.75   data required time
-----------------------------------------------------------------------------
                                  7.75   data required time
                                 -7.34   data arrival time
-----------------------------------------------------------------------------
                                  0.41   slack (MET)


Startpoint: OPCODE[0] (input port clocked by __VIRTUAL_CLK__)
Endpoint: OUT[0] (output port clocked by __VIRTUAL_CLK__)
Path Group: __VIRTUAL_CLK__
Path Type: max
Corner: Slowest

Fanout     Cap    Slew   Delay    Time   Description
-----------------------------------------------------------------------------
                  0.00    0.00    0.00   clock __VIRTUAL_CLK__ (rise edge)
                          0.00    0.00   clock network delay (ideal)
                          2.00    2.00 v input external delay
     1    0.00    0.02    0.01    2.01 v OPCODE[0] (in)
                                         OPCODE[0] (net)
                  0.02    0.00    2.01 v input17/A (sky130_fd_sc_hd__clkbuf_2)
     5    0.04    0.27    0.35    2.36 v input17/X (sky130_fd_sc_hd__clkbuf_2)
                                         net17 (net)
                  0.27    0.00    2.36 v _171_/A (sky130_fd_sc_hd__or2_2)
     4    0.03    0.25    0.98    3.34 v _171_/X (sky130_fd_sc_hd__or2_2)
                                         _099_ (net)
                  0.25    0.00    3.34 v _224_/B (sky130_fd_sc_hd__or2_1)
     1    0.00    0.11    0.57    3.91 v _224_/X (sky130_fd_sc_hd__or2_1)
                                         _152_ (net)
                  0.11    0.00    3.91 v _225_/A (sky130_fd_sc_hd__clkbuf_4)
     8    0.06    0.22    0.42    4.34 v _225_/X (sky130_fd_sc_hd__clkbuf_4)
                                         _153_ (net)
                  0.22    0.00    4.34 v _306_/A2 (sky130_fd_sc_hd__o21ai_1)
     1    0.01    0.40    0.46    4.80 ^ _306_/Y (sky130_fd_sc_hd__o21ai_1)
                                         _061_ (net)
                  0.40    0.00    4.80 ^ _307_/B1 (sky130_fd_sc_hd__a31o_1)
     1    0.02    0.32    0.50    5.29 ^ _307_/X (sky130_fd_sc_hd__a31o_1)
                                         net20 (net)
                  0.32    0.00    5.29 ^ output20/A (sky130_fd_sc_hd__buf_2)
     1    0.04    0.28    0.48    5.78 ^ output20/X (sky130_fd_sc_hd__buf_2)
                                         OUT[0] (net)
                  0.28    0.00    5.78 ^ OUT[0] (out)
                                  5.78   data arrival time

                  0.00   10.00   10.00   clock __VIRTUAL_CLK__ (rise edge)
                          0.00   10.00   clock network delay (ideal)
                         -0.25    9.75   clock uncertainty
                          0.00    9.75   clock reconvergence pessimism
                         -2.00    7.75   output external delay
                                  7.75   data required time
-----------------------------------------------------------------------------
                                  7.75   data required time
                                 -5.78   data arrival time
-----------------------------------------------------------------------------
                                  1.97   slack (MET)



worst slack corner Slowest: -1.1325
======================= Typical Corner ===================================

Startpoint: OPCODE[0] (input port clocked by __VIRTUAL_CLK__)
Endpoint: OUT[6] (output port clocked by __VIRTUAL_CLK__)
Path Group: __VIRTUAL_CLK__
Path Type: max
Corner: Typical

Fanout     Cap    Slew   Delay    Time   Description
-----------------------------------------------------------------------------
                  0.00    0.00    0.00   clock __VIRTUAL_CLK__ (rise edge)
                          0.00    0.00   clock network delay (ideal)
                          2.00    2.00 v input external delay
     1    0.00    0.01    0.00    2.00 v OPCODE[0] (in)
                                         OPCODE[0] (net)
                  0.01    0.00    2.00 v input17/A (sky130_fd_sc_hd__clkbuf_2)
     5    0.04    0.15    0.19    2.20 v input17/X (sky130_fd_sc_hd__clkbuf_2)
                                         net17 (net)
                  0.15    0.00    2.20 v _235_/A_N (sky130_fd_sc_hd__nand3b_4)
     7    0.04    0.15    0.28    2.48 v _235_/Y (sky130_fd_sc_hd__nand3b_4)
                                         _163_ (net)
                  0.15    0.00    2.48 v rebuffer1/A (sky130_fd_sc_hd__dlygate4sd1_1)
     2    0.01    0.05    0.31    2.79 v rebuffer1/X (sky130_fd_sc_hd__dlygate4sd1_1)
                                         net28 (net)
                  0.05    0.00    2.79 v _239_/A1 (sky130_fd_sc_hd__a21oi_2)
     2    0.03    0.40    0.37    3.16 ^ _239_/Y (sky130_fd_sc_hd__a21oi_2)
                                         _167_ (net)
                  0.40    0.00    3.16 ^ _248_/B (sky130_fd_sc_hd__or3_1)
     1    0.01    0.06    0.20    3.36 ^ _248_/X (sky130_fd_sc_hd__or3_1)
                                         _006_ (net)
                  0.06    0.00    3.36 ^ _249_/B (sky130_fd_sc_hd__and2_2)
     2    0.04    0.19    0.27    3.63 ^ _249_/X (sky130_fd_sc_hd__and2_2)
                                         _007_ (net)
                  0.19    0.00    3.63 ^ _250_/B1 (sky130_fd_sc_hd__o21ai_4)
     4    0.03    0.10    0.14    3.77 v _250_/Y (sky130_fd_sc_hd__o21ai_4)
                                         _008_ (net)
                  0.10    0.00    3.77 v _257_/A2 (sky130_fd_sc_hd__a311o_4)
     5    0.04    0.11    0.48    4.25 v _257_/X (sky130_fd_sc_hd__a311o_4)
                                         _015_ (net)
                  0.11    0.01    4.26 v _276_/A3 (sky130_fd_sc_hd__a311oi_4)
     3    0.02    0.39    0.47    4.73 ^ _276_/Y (sky130_fd_sc_hd__a311oi_4)
                                         _033_ (net)
                  0.39    0.00    4.73 ^ _277_/A_N (sky130_fd_sc_hd__and2b_1)
     1    0.01    0.07    0.29    5.02 v _277_/X (sky130_fd_sc_hd__and2b_1)
                                         _034_ (net)
                  0.07    0.00    5.02 v _291_/A2 (sky130_fd_sc_hd__a21o_1)
     1    0.02    0.10    0.27    5.28 v _291_/X (sky130_fd_sc_hd__a21o_1)
                                         net26 (net)
                  0.10    0.00    5.28 v output26/A (sky130_fd_sc_hd__buf_2)
     1    0.03    0.09    0.22    5.50 v output26/X (sky130_fd_sc_hd__buf_2)
                                         OUT[6] (net)
                  0.09    0.00    5.50 v OUT[6] (out)
                                  5.50   data arrival time

                  0.00   10.00   10.00   clock __VIRTUAL_CLK__ (rise edge)
                          0.00   10.00   clock network delay (ideal)
                         -0.25    9.75   clock uncertainty
                          0.00    9.75   clock reconvergence pessimism
                         -2.00    7.75   output external delay
                                  7.75   data required time
-----------------------------------------------------------------------------
                                  7.75   data required time
                                 -5.50   data arrival time
-----------------------------------------------------------------------------
                                  2.25   slack (MET)


Startpoint: B[0] (input port clocked by __VIRTUAL_CLK__)
Endpoint: OUT[5] (output port clocked by __VIRTUAL_CLK__)
Path Group: __VIRTUAL_CLK__
Path Type: max
Corner: Typical

Fanout     Cap    Slew   Delay    Time   Description
-----------------------------------------------------------------------------
                  0.00    0.00    0.00   clock __VIRTUAL_CLK__ (rise edge)
                          0.00    0.00   clock network delay (ideal)
                          2.00    2.00 ^ input external delay
     1    0.00    0.02    0.01    2.01 ^ B[0] (in)
                                         B[0] (net)
                  0.02    0.00    2.01 ^ input9/A (sky130_fd_sc_hd__dlymetal6s2s_1)
     4    0.03    0.33    0.29    2.30 ^ input9/X (sky130_fd_sc_hd__dlymetal6s2s_1)
                                         net9 (net)
                  0.33    0.00    2.30 ^ _184_/A (sky130_fd_sc_hd__buf_4)
    10    0.08    0.22    0.33    2.63 ^ _184_/X (sky130_fd_sc_hd__buf_4)
                                         _112_ (net)
                  0.22    0.01    2.64 ^ _185_/B2 (sky130_fd_sc_hd__a22oi_4)
     3    0.03    0.12    0.14    2.78 v _185_/Y (sky130_fd_sc_hd__a22oi_4)
                                         _113_ (net)
                  0.12    0.00    2.78 v _192_/C (sky130_fd_sc_hd__or3_1)
     2    0.02    0.16    0.46    3.25 v _192_/X (sky130_fd_sc_hd__or3_1)
                                         _120_ (net)
                  0.16    0.00    3.25 v _197_/A1 (sky130_fd_sc_hd__a21o_1)
     2    0.01    0.08    0.26    3.51 v _197_/X (sky130_fd_sc_hd__a21o_1)
                                         _125_ (net)
                  0.08    0.00    3.51 v _199_/A3 (sky130_fd_sc_hd__a31o_1)
     2    0.02    0.12    0.32    3.82 v _199_/X (sky130_fd_sc_hd__a31o_1)
                                         _127_ (net)
                  0.12    0.00    3.83 v _201_/B (sky130_fd_sc_hd__xor2_2)
     2    0.02    0.32    0.32    4.15 ^ _201_/X (sky130_fd_sc_hd__xor2_2)
                                         _129_ (net)
                  0.32    0.00    4.15 ^ _210_/A (sky130_fd_sc_hd__nand3_2)
     3    0.03    0.20    0.24    4.39 v _210_/Y (sky130_fd_sc_hd__nand3_2)
                                         _138_ (net)
                  0.20    0.00    4.39 v _220_/B (sky130_fd_sc_hd__and3_1)
     1    0.02    0.10    0.31    4.70 v _220_/X (sky130_fd_sc_hd__and3_1)
                                         _148_ (net)
                  0.10    0.00    4.70 v _221_/B (sky130_fd_sc_hd__nor2_1)
     1    0.02    0.34    0.32    5.02 ^ _221_/Y (sky130_fd_sc_hd__nor2_1)
                                         _149_ (net)
                  0.34    0.00    5.02 ^ _267_/A2 (sky130_fd_sc_hd__a211o_1)
     1    0.01    0.10    0.23    5.25 ^ _267_/X (sky130_fd_sc_hd__a211o_1)
                                         net25 (net)
                  0.10    0.00    5.26 ^ output25/A (sky130_fd_sc_hd__buf_2)
     1    0.03    0.17    0.23    5.48 ^ output25/X (sky130_fd_sc_hd__buf_2)
                                         OUT[5] (net)
                  0.17    0.00    5.48 ^ OUT[5] (out)
                                  5.48   data arrival time

                  0.00   10.00   10.00   clock __VIRTUAL_CLK__ (rise edge)
                          0.00   10.00   clock network delay (ideal)
                         -0.25    9.75   clock uncertainty
                          0.00    9.75   clock reconvergence pessimism
                         -2.00    7.75   output external delay
                                  7.75   data required time
-----------------------------------------------------------------------------
                                  7.75   data required time
                                 -5.48   data arrival time
-----------------------------------------------------------------------------
                                  2.27   slack (MET)


Startpoint: B[0] (input port clocked by __VIRTUAL_CLK__)
Endpoint: OUT[4] (output port clocked by __VIRTUAL_CLK__)
Path Group: __VIRTUAL_CLK__
Path Type: max
Corner: Typical

Fanout     Cap    Slew   Delay    Time   Description
-----------------------------------------------------------------------------
                  0.00    0.00    0.00   clock __VIRTUAL_CLK__ (rise edge)
                          0.00    0.00   clock network delay (ideal)
                          2.00    2.00 ^ input external delay
     1    0.00    0.02    0.01    2.01 ^ B[0] (in)
                                         B[0] (net)
                  0.02    0.00    2.01 ^ input9/A (sky130_fd_sc_hd__dlymetal6s2s_1)
     4    0.03    0.33    0.29    2.30 ^ input9/X (sky130_fd_sc_hd__dlymetal6s2s_1)
                                         net9 (net)
                  0.33    0.00    2.30 ^ _184_/A (sky130_fd_sc_hd__buf_4)
    10    0.08    0.22    0.33    2.63 ^ _184_/X (sky130_fd_sc_hd__buf_4)
                                         _112_ (net)
                  0.22    0.01    2.64 ^ _185_/B2 (sky130_fd_sc_hd__a22oi_4)
     3    0.03    0.12    0.14    2.78 v _185_/Y (sky130_fd_sc_hd__a22oi_4)
                                         _113_ (net)
                  0.12    0.00    2.78 v _192_/C (sky130_fd_sc_hd__or3_1)
     2    0.02    0.16    0.46    3.25 v _192_/X (sky130_fd_sc_hd__or3_1)
                                         _120_ (net)
                  0.16    0.00    3.25 v _197_/A1 (sky130_fd_sc_hd__a21o_1)
     2    0.01    0.08    0.26    3.51 v _197_/X (sky130_fd_sc_hd__a21o_1)
                                         _125_ (net)
                  0.08    0.00    3.51 v _199_/A3 (sky130_fd_sc_hd__a31o_1)
     2    0.02    0.12    0.32    3.82 v _199_/X (sky130_fd_sc_hd__a31o_1)
                                         _127_ (net)
                  0.12    0.00    3.83 v _201_/B (sky130_fd_sc_hd__xor2_2)
     2    0.02    0.32    0.32    4.15 ^ _201_/X (sky130_fd_sc_hd__xor2_2)
                                         _129_ (net)
                  0.32    0.00    4.15 ^ _210_/A (sky130_fd_sc_hd__nand3_2)
     3    0.03    0.20    0.24    4.39 v _210_/Y (sky130_fd_sc_hd__nand3_2)
                                         _138_ (net)
                  0.20    0.00    4.39 v _345_/A1 (sky130_fd_sc_hd__a31o_1)
     1    0.02    0.09    0.30    4.69 v _345_/X (sky130_fd_sc_hd__a31o_1)
                                         _096_ (net)
                  0.09    0.00    4.69 v _346_/C (sky130_fd_sc_hd__or3_1)
     1    0.02    0.15    0.44    5.14 v _346_/X (sky130_fd_sc_hd__or3_1)
                                         _097_ (net)
                  0.15    0.00    5.14 v _347_/A (sky130_fd_sc_hd__clkbuf_1)
     1    0.01    0.05    0.16    5.29 v _347_/X (sky130_fd_sc_hd__clkbuf_1)
                                         net24 (net)
                  0.05    0.00    5.29 v output24/A (sky130_fd_sc_hd__buf_2)
     1    0.03    0.09    0.19    5.48 v output24/X (sky130_fd_sc_hd__buf_2)
                                         OUT[4] (net)
                  0.09    0.00    5.48 v OUT[4] (out)
                                  5.48   data arrival time

                  0.00   10.00   10.00   clock __VIRTUAL_CLK__ (rise edge)
                          0.00   10.00   clock network delay (ideal)
                         -0.25    9.75   clock uncertainty
                          0.00    9.75   clock reconvergence pessimism
                         -2.00    7.75   output external delay
                                  7.75   data required time
-----------------------------------------------------------------------------
                                  7.75   data required time
                                 -5.48   data arrival time
-----------------------------------------------------------------------------
                                  2.27   slack (MET)


Startpoint: OPCODE[0] (input port clocked by __VIRTUAL_CLK__)
Endpoint: OUT[7] (output port clocked by __VIRTUAL_CLK__)
Path Group: __VIRTUAL_CLK__
Path Type: max
Corner: Typical

Fanout     Cap    Slew   Delay    Time   Description
-----------------------------------------------------------------------------
                  0.00    0.00    0.00   clock __VIRTUAL_CLK__ (rise edge)
                          0.00    0.00   clock network delay (ideal)
                          2.00    2.00 v input external delay
     1    0.00    0.01    0.00    2.00 v OPCODE[0] (in)
                                         OPCODE[0] (net)
                  0.01    0.00    2.00 v input17/A (sky130_fd_sc_hd__clkbuf_2)
     5    0.04    0.15    0.19    2.20 v input17/X (sky130_fd_sc_hd__clkbuf_2)
                                         net17 (net)
                  0.15    0.00    2.20 v _235_/A_N (sky130_fd_sc_hd__nand3b_4)
     7    0.04    0.15    0.28    2.48 v _235_/Y (sky130_fd_sc_hd__nand3b_4)
                                         _163_ (net)
                  0.15    0.00    2.48 v rebuffer1/A (sky130_fd_sc_hd__dlygate4sd1_1)
     2    0.01    0.05    0.31    2.79 v rebuffer1/X (sky130_fd_sc_hd__dlygate4sd1_1)
                                         net28 (net)
                  0.05    0.00    2.79 v _239_/A1 (sky130_fd_sc_hd__a21oi_2)
     2    0.03    0.40    0.37    3.16 ^ _239_/Y (sky130_fd_sc_hd__a21oi_2)
                                         _167_ (net)
                  0.40    0.00    3.16 ^ _248_/B (sky130_fd_sc_hd__or3_1)
     1    0.01    0.06    0.20    3.36 ^ _248_/X (sky130_fd_sc_hd__or3_1)
                                         _006_ (net)
                  0.06    0.00    3.36 ^ _249_/B (sky130_fd_sc_hd__and2_2)
     2    0.04    0.19    0.27    3.63 ^ _249_/X (sky130_fd_sc_hd__and2_2)
                                         _007_ (net)
                  0.19    0.00    3.63 ^ _250_/B1 (sky130_fd_sc_hd__o21ai_4)
     4    0.03    0.10    0.14    3.77 v _250_/Y (sky130_fd_sc_hd__o21ai_4)
                                         _008_ (net)
                  0.10    0.00    3.77 v _257_/A2 (sky130_fd_sc_hd__a311o_4)
     5    0.04    0.11    0.48    4.25 v _257_/X (sky130_fd_sc_hd__a311o_4)
                                         _015_ (net)
                  0.11    0.01    4.26 v _276_/A3 (sky130_fd_sc_hd__a311oi_4)
     3    0.02    0.39    0.47    4.73 ^ _276_/Y (sky130_fd_sc_hd__a311oi_4)
                                         _033_ (net)
                  0.39    0.00    4.73 ^ _295_/A2 (sky130_fd_sc_hd__o21ai_1)
     1    0.01    0.16    0.19    4.93 v _295_/Y (sky130_fd_sc_hd__o21ai_1)
                                         _051_ (net)
                  0.16    0.00    4.93 v _302_/A2 (sky130_fd_sc_hd__a31o_1)
     1    0.00    0.04    0.26    5.19 v _302_/X (sky130_fd_sc_hd__a31o_1)
                                         net27 (net)
                  0.04    0.00    5.19 v output27/A (sky130_fd_sc_hd__buf_2)
     1    0.03    0.09    0.19    5.38 v output27/X (sky130_fd_sc_hd__buf_2)
                                         OUT[7] (net)
                  0.09    0.00    5.38 v OUT[7] (out)
                                  5.38   data arrival time

                  0.00   10.00   10.00   clock __VIRTUAL_CLK__ (rise edge)
                          0.00   10.00   clock network delay (ideal)
                         -0.25    9.75   clock uncertainty
                          0.00    9.75   clock reconvergence pessimism
                         -2.00    7.75   output external delay
                                  7.75   data required time
-----------------------------------------------------------------------------
                                  7.75   data required time
                                 -5.38   data arrival time
-----------------------------------------------------------------------------
                                  2.37   slack (MET)


Startpoint: B[0] (input port clocked by __VIRTUAL_CLK__)
Endpoint: OUT[3] (output port clocked by __VIRTUAL_CLK__)
Path Group: __VIRTUAL_CLK__
Path Type: max
Corner: Typical

Fanout     Cap    Slew   Delay    Time   Description
-----------------------------------------------------------------------------
                  0.00    0.00    0.00   clock __VIRTUAL_CLK__ (rise edge)
                          0.00    0.00   clock network delay (ideal)
                          2.00    2.00 ^ input external delay
     1    0.00    0.02    0.01    2.01 ^ B[0] (in)
                                         B[0] (net)
                  0.02    0.00    2.01 ^ input9/A (sky130_fd_sc_hd__dlymetal6s2s_1)
     4    0.03    0.33    0.29    2.30 ^ input9/X (sky130_fd_sc_hd__dlymetal6s2s_1)
                                         net9 (net)
                  0.33    0.00    2.30 ^ _184_/A (sky130_fd_sc_hd__buf_4)
    10    0.08    0.22    0.33    2.63 ^ _184_/X (sky130_fd_sc_hd__buf_4)
                                         _112_ (net)
                  0.22    0.00    2.64 ^ _242_/A (sky130_fd_sc_hd__and3_1)
     2    0.02    0.21    0.33    2.96 ^ _242_/X (sky130_fd_sc_hd__and3_1)
                                         _000_ (net)
                  0.21    0.00    2.96 ^ _244_/A1 (sky130_fd_sc_hd__o21a_2)
     4    0.04    0.23    0.33    3.30 ^ _244_/X (sky130_fd_sc_hd__o21a_2)
                                         _002_ (net)
                  0.23    0.00    3.30 ^ _247_/A_N (sky130_fd_sc_hd__and3b_2)
     3    0.03    0.10    0.32    3.62 v _247_/X (sky130_fd_sc_hd__and3b_2)
                                         _005_ (net)
                  0.10    0.00    3.62 v _250_/A2 (sky130_fd_sc_hd__o21ai_4)
     4    0.03    0.26    0.27    3.89 ^ _250_/Y (sky130_fd_sc_hd__o21ai_4)
                                         _008_ (net)
                  0.26    0.00    3.89 ^ _328_/B (sky130_fd_sc_hd__nand2_1)
     1    0.01    0.11    0.15    4.04 v _328_/Y (sky130_fd_sc_hd__nand2_1)
                                         _080_ (net)
                  0.11    0.00    4.04 v _329_/B (sky130_fd_sc_hd__xnor2_1)
     1    0.01    0.11    0.21    4.25 v _329_/Y (sky130_fd_sc_hd__xnor2_1)
                                         _081_ (net)
                  0.11    0.00    4.25 v _335_/A2 (sky130_fd_sc_hd__a221o_1)
     1    0.02    0.13    0.47    4.72 v _335_/X (sky130_fd_sc_hd__a221o_1)
                                         net23 (net)
                  0.13    0.00    4.72 v output23/A (sky130_fd_sc_hd__buf_2)
     1    0.03    0.09    0.23    4.95 v output23/X (sky130_fd_sc_hd__buf_2)
                                         OUT[3] (net)
                  0.09    0.00    4.95 v OUT[3] (out)
                                  4.95   data arrival time

                  0.00   10.00   10.00   clock __VIRTUAL_CLK__ (rise edge)
                          0.00   10.00   clock network delay (ideal)
                         -0.25    9.75   clock uncertainty
                          0.00    9.75   clock reconvergence pessimism
                         -2.00    7.75   output external delay
                                  7.75   data required time
-----------------------------------------------------------------------------
                                  7.75   data required time
                                 -4.95   data arrival time
-----------------------------------------------------------------------------
                                  2.80   slack (MET)


Startpoint: B[0] (input port clocked by __VIRTUAL_CLK__)
Endpoint: OUT[1] (output port clocked by __VIRTUAL_CLK__)
Path Group: __VIRTUAL_CLK__
Path Type: max
Corner: Typical

Fanout     Cap    Slew   Delay    Time   Description
-----------------------------------------------------------------------------
                  0.00    0.00    0.00   clock __VIRTUAL_CLK__ (rise edge)
                          0.00    0.00   clock network delay (ideal)
                          2.00    2.00 ^ input external delay
     1    0.00    0.02    0.01    2.01 ^ B[0] (in)
                                         B[0] (net)
                  0.02    0.00    2.01 ^ input9/A (sky130_fd_sc_hd__dlymetal6s2s_1)
     4    0.03    0.33    0.29    2.30 ^ input9/X (sky130_fd_sc_hd__dlymetal6s2s_1)
                                         net9 (net)
                  0.33    0.00    2.30 ^ _184_/A (sky130_fd_sc_hd__buf_4)
    10    0.08    0.22    0.33    2.63 ^ _184_/X (sky130_fd_sc_hd__buf_4)
                                         _112_ (net)
                  0.22    0.00    2.64 ^ _242_/A (sky130_fd_sc_hd__and3_1)
     2    0.02    0.21    0.33    2.96 ^ _242_/X (sky130_fd_sc_hd__and3_1)
                                         _000_ (net)
                  0.21    0.00    2.96 ^ _244_/A1 (sky130_fd_sc_hd__o21a_2)
     4    0.04    0.23    0.33    3.30 ^ _244_/X (sky130_fd_sc_hd__o21a_2)
                                         _002_ (net)
                  0.23    0.00    3.30 ^ _314_/A_N (sky130_fd_sc_hd__and2b_1)
     1    0.02    0.12    0.31    3.61 v _314_/X (sky130_fd_sc_hd__and2b_1)
                                         _068_ (net)
                  0.12    0.00    3.61 v _315_/A (sky130_fd_sc_hd__nor2_1)
     1    0.01    0.23    0.25    3.86 ^ _315_/Y (sky130_fd_sc_hd__nor2_1)
                                         _069_ (net)
                  0.23    0.00    3.86 ^ _316_/B (sky130_fd_sc_hd__or3b_1)
     1    0.02    0.17    0.25    4.11 ^ _316_/X (sky130_fd_sc_hd__or3b_1)
                                         _070_ (net)
                  0.17    0.00    4.11 ^ _317_/D_N (sky130_fd_sc_hd__or4b_1)
     1    0.00    0.09    0.49    4.60 v _317_/X (sky130_fd_sc_hd__or4b_1)
                                         _071_ (net)
                  0.09    0.00    4.60 v _318_/A (sky130_fd_sc_hd__clkbuf_1)
     1    0.01    0.05    0.14    4.74 v _318_/X (sky130_fd_sc_hd__clkbuf_1)
                                         net21 (net)
                  0.05    0.00    4.74 v output21/A (sky130_fd_sc_hd__buf_2)
     1    0.03    0.09    0.19    4.93 v output21/X (sky130_fd_sc_hd__buf_2)
                                         OUT[1] (net)
                  0.09    0.00    4.93 v OUT[1] (out)
                                  4.93   data arrival time

                  0.00   10.00   10.00   clock __VIRTUAL_CLK__ (rise edge)
                          0.00   10.00   clock network delay (ideal)
                         -0.25    9.75   clock uncertainty
                          0.00    9.75   clock reconvergence pessimism
                         -2.00    7.75   output external delay
                                  7.75   data required time
-----------------------------------------------------------------------------
                                  7.75   data required time
                                 -4.93   data arrival time
-----------------------------------------------------------------------------
                                  2.82   slack (MET)


Startpoint: OPCODE[0] (input port clocked by __VIRTUAL_CLK__)
Endpoint: OUT[2] (output port clocked by __VIRTUAL_CLK__)
Path Group: __VIRTUAL_CLK__
Path Type: max
Corner: Typical

Fanout     Cap    Slew   Delay    Time   Description
-----------------------------------------------------------------------------
                  0.00    0.00    0.00   clock __VIRTUAL_CLK__ (rise edge)
                          0.00    0.00   clock network delay (ideal)
                          2.00    2.00 v input external delay
     1    0.00    0.01    0.00    2.00 v OPCODE[0] (in)
                                         OPCODE[0] (net)
                  0.01    0.00    2.00 v input17/A (sky130_fd_sc_hd__clkbuf_2)
     5    0.04    0.15    0.19    2.20 v input17/X (sky130_fd_sc_hd__clkbuf_2)
                                         net17 (net)
                  0.15    0.00    2.20 v _235_/A_N (sky130_fd_sc_hd__nand3b_4)
     7    0.04    0.15    0.28    2.48 v _235_/Y (sky130_fd_sc_hd__nand3b_4)
                                         _163_ (net)
                  0.15    0.00    2.48 v rebuffer1/A (sky130_fd_sc_hd__dlygate4sd1_1)
     2    0.01    0.05    0.31    2.79 v rebuffer1/X (sky130_fd_sc_hd__dlygate4sd1_1)
                                         net28 (net)
                  0.05    0.00    2.79 v _239_/A1 (sky130_fd_sc_hd__a21oi_2)
     2    0.03    0.40    0.37    3.16 ^ _239_/Y (sky130_fd_sc_hd__a21oi_2)
                                         _167_ (net)
                  0.40    0.00    3.16 ^ _241_/A1 (sky130_fd_sc_hd__o21ai_4)
     4    0.04    0.12    0.18    3.34 v _241_/Y (sky130_fd_sc_hd__o21ai_4)
                                         _169_ (net)
                  0.12    0.00    3.35 v _249_/A (sky130_fd_sc_hd__and2_2)
     2    0.04    0.10    0.29    3.64 v _249_/X (sky130_fd_sc_hd__and2_2)
                                         _007_ (net)
                  0.10    0.00    3.64 v _319_/A (sky130_fd_sc_hd__or3_1)
     1    0.01    0.12    0.47    4.11 v _319_/X (sky130_fd_sc_hd__or3_1)
                                         _072_ (net)
                  0.12    0.00    4.11 v _326_/A3 (sky130_fd_sc_hd__a31o_1)
     1    0.02    0.09    0.31    4.43 v _326_/X (sky130_fd_sc_hd__a31o_1)
                                         net22 (net)
                  0.09    0.00    4.43 v output22/A (sky130_fd_sc_hd__buf_2)
     1    0.03    0.09    0.21    4.64 v output22/X (sky130_fd_sc_hd__buf_2)
                                         OUT[2] (net)
                  0.09    0.00    4.64 v OUT[2] (out)
                                  4.64   data arrival time

                  0.00   10.00   10.00   clock __VIRTUAL_CLK__ (rise edge)
                          0.00   10.00   clock network delay (ideal)
                         -0.25    9.75   clock uncertainty
                          0.00    9.75   clock reconvergence pessimism
                         -2.00    7.75   output external delay
                                  7.75   data required time
-----------------------------------------------------------------------------
                                  7.75   data required time
                                 -4.64   data arrival time
-----------------------------------------------------------------------------
                                  3.11   slack (MET)


Startpoint: OPCODE[0] (input port clocked by __VIRTUAL_CLK__)
Endpoint: OUT[0] (output port clocked by __VIRTUAL_CLK__)
Path Group: __VIRTUAL_CLK__
Path Type: max
Corner: Typical

Fanout     Cap    Slew   Delay    Time   Description
-----------------------------------------------------------------------------
                  0.00    0.00    0.00   clock __VIRTUAL_CLK__ (rise edge)
                          0.00    0.00   clock network delay (ideal)
                          2.00    2.00 v input external delay
     1    0.00    0.01    0.00    2.00 v OPCODE[0] (in)
                                         OPCODE[0] (net)
                  0.01    0.00    2.00 v input17/A (sky130_fd_sc_hd__clkbuf_2)
     5    0.04    0.15    0.19    2.20 v input17/X (sky130_fd_sc_hd__clkbuf_2)
                                         net17 (net)
                  0.15    0.00    2.20 v _171_/A (sky130_fd_sc_hd__or2_2)
     4    0.03    0.13    0.45    2.65 v _171_/X (sky130_fd_sc_hd__or2_2)
                                         _099_ (net)
                  0.13    0.00    2.65 v _224_/B (sky130_fd_sc_hd__or2_1)
     1    0.00    0.05    0.25    2.90 v _224_/X (sky130_fd_sc_hd__or2_1)
                                         _152_ (net)
                  0.05    0.00    2.90 v _225_/A (sky130_fd_sc_hd__clkbuf_4)
     8    0.06    0.12    0.23    3.14 v _225_/X (sky130_fd_sc_hd__clkbuf_4)
                                         _153_ (net)
                  0.12    0.00    3.14 v _306_/A2 (sky130_fd_sc_hd__o21ai_1)
     1    0.01    0.24    0.26    3.40 ^ _306_/Y (sky130_fd_sc_hd__o21ai_1)
                                         _061_ (net)
                  0.24    0.00    3.40 ^ _307_/B1 (sky130_fd_sc_hd__a31o_1)
     1    0.02    0.20    0.26    3.66 ^ _307_/X (sky130_fd_sc_hd__a31o_1)
                                         net20 (net)
                  0.20    0.00    3.66 ^ output20/A (sky130_fd_sc_hd__buf_2)
     1    0.04    0.18    0.26    3.93 ^ output20/X (sky130_fd_sc_hd__buf_2)
                                         OUT[0] (net)
                  0.18    0.00    3.93 ^ OUT[0] (out)
                                  3.93   data arrival time

                  0.00   10.00   10.00   clock __VIRTUAL_CLK__ (rise edge)
                          0.00   10.00   clock network delay (ideal)
                         -0.25    9.75   clock uncertainty
                          0.00    9.75   clock reconvergence pessimism
                         -2.00    7.75   output external delay
                                  7.75   data required time
-----------------------------------------------------------------------------
                                  7.75   data required time
                                 -3.93   data arrival time
-----------------------------------------------------------------------------
                                  3.82   slack (MET)



worst slack corner Typical: 2.2477
