
===========================================================================
report_checks -path_delay min (Hold)
============================================================================
======================= Fastest Corner ===================================

Startpoint: B[5] (input port clocked by __VIRTUAL_CLK__)
Endpoint: OUT[5] (output port clocked by __VIRTUAL_CLK__)
Path Group: __VIRTUAL_CLK__
Path Type: min
Corner: Fastest

Fanout     Cap    Slew   Delay    Time   Description
-----------------------------------------------------------------------------
                  0.00    0.00    0.00   clock __VIRTUAL_CLK__ (rise edge)
                          0.00    0.00   clock network delay (ideal)
                          2.00    2.00 ^ input external delay
     1    0.00    0.01    0.01    2.01 ^ B[5] (in)
                                         B[5] (net)
                  0.01    0.00    2.01 ^ input14/A (sky130_fd_sc_hd__buf_2)
     5    0.05    0.17    0.15    2.16 ^ input14/X (sky130_fd_sc_hd__buf_2)
                                         net14 (net)
                  0.17    0.00    2.16 ^ _233_/A1 (sky130_fd_sc_hd__a311o_1)
     1    0.01    0.08    0.14    2.30 ^ _233_/X (sky130_fd_sc_hd__a311o_1)
                                         _161_ (net)
                  0.08    0.00    2.30 ^ _267_/B1 (sky130_fd_sc_hd__a211o_1)
     1    0.01    0.07    0.09    2.39 ^ _267_/X (sky130_fd_sc_hd__a211o_1)
                                         net25 (net)
                  0.07    0.00    2.39 ^ output25/A (sky130_fd_sc_hd__buf_2)
     1    0.03    0.13    0.14    2.53 ^ output25/X (sky130_fd_sc_hd__buf_2)
                                         OUT[5] (net)
                  0.13    0.00    2.53 ^ OUT[5] (out)
                                  2.53   data arrival time

                  0.00    0.00    0.00   clock __VIRTUAL_CLK__ (rise edge)
                          0.00    0.00   clock network delay (ideal)
                          0.25    0.25   clock uncertainty
                          0.00    0.25   clock reconvergence pessimism
                         -2.00   -1.75   output external delay
                                 -1.75   data required time
-----------------------------------------------------------------------------
                                 -1.75   data required time
                                 -2.53   data arrival time
-----------------------------------------------------------------------------
                                  4.28   slack (MET)


Startpoint: A[0] (input port clocked by __VIRTUAL_CLK__)
Endpoint: OUT[0] (output port clocked by __VIRTUAL_CLK__)
Path Group: __VIRTUAL_CLK__
Path Type: min
Corner: Fastest

Fanout     Cap    Slew   Delay    Time   Description
-----------------------------------------------------------------------------
                  0.00    0.00    0.00   clock __VIRTUAL_CLK__ (rise edge)
                          0.00    0.00   clock network delay (ideal)
                          2.00    2.00 v input external delay
     1    0.00    0.00    0.00    2.00 v A[0] (in)
                                         A[0] (net)
                  0.00    0.00    2.00 v input1/A (sky130_fd_sc_hd__buf_1)
     2    0.02    0.07    0.08    2.08 v input1/X (sky130_fd_sc_hd__buf_1)
                                         net1 (net)
                  0.07    0.00    2.08 v _190_/A (sky130_fd_sc_hd__clkbuf_4)
    10    0.07    0.09    0.16    2.25 v _190_/X (sky130_fd_sc_hd__clkbuf_4)
                                         _118_ (net)
                  0.09    0.00    2.25 v _307_/A2 (sky130_fd_sc_hd__a31o_1)
     1    0.02    0.07    0.19    2.44 v _307_/X (sky130_fd_sc_hd__a31o_1)
                                         net20 (net)
                  0.07    0.00    2.44 v output20/A (sky130_fd_sc_hd__buf_2)
     1    0.04    0.06    0.13    2.57 v output20/X (sky130_fd_sc_hd__buf_2)
                                         OUT[0] (net)
                  0.06    0.00    2.57 v OUT[0] (out)
                                  2.57   data arrival time

                  0.00    0.00    0.00   clock __VIRTUAL_CLK__ (rise edge)
                          0.00    0.00   clock network delay (ideal)
                          0.25    0.25   clock uncertainty
                          0.00    0.25   clock reconvergence pessimism
                         -2.00   -1.75   output external delay
                                 -1.75   data required time
-----------------------------------------------------------------------------
                                 -1.75   data required time
                                 -2.57   data arrival time
-----------------------------------------------------------------------------
                                  4.32   slack (MET)


Startpoint: OPCODE[2] (input port clocked by __VIRTUAL_CLK__)
Endpoint: OUT[7] (output port clocked by __VIRTUAL_CLK__)
Path Group: __VIRTUAL_CLK__
Path Type: min
Corner: Fastest

Fanout     Cap    Slew   Delay    Time   Description
-----------------------------------------------------------------------------
                  0.00    0.00    0.00   clock __VIRTUAL_CLK__ (rise edge)
                          0.00    0.00   clock network delay (ideal)
                          2.00    2.00 v input external delay
     1    0.00    0.00    0.00    2.00 v OPCODE[2] (in)
                                         OPCODE[2] (net)
                  0.00    0.00    2.00 v input19/A (sky130_fd_sc_hd__clkbuf_4)
     6    0.07    0.09    0.14    2.14 v input19/X (sky130_fd_sc_hd__clkbuf_4)
                                         net19 (net)
                  0.09    0.01    2.14 v _265_/A (sky130_fd_sc_hd__and3_2)
     7    0.05    0.09    0.19    2.33 v _265_/X (sky130_fd_sc_hd__and3_2)
                                         _023_ (net)
                  0.09    0.00    2.34 v _302_/A1 (sky130_fd_sc_hd__a31o_1)
     1    0.00    0.02    0.13    2.47 v _302_/X (sky130_fd_sc_hd__a31o_1)
                                         net27 (net)
                  0.02    0.00    2.47 v output27/A (sky130_fd_sc_hd__buf_2)
     1    0.03    0.06    0.11    2.57 v output27/X (sky130_fd_sc_hd__buf_2)
                                         OUT[7] (net)
                  0.06    0.00    2.58 v OUT[7] (out)
                                  2.58   data arrival time

                  0.00    0.00    0.00   clock __VIRTUAL_CLK__ (rise edge)
                          0.00    0.00   clock network delay (ideal)
                          0.25    0.25   clock uncertainty
                          0.00    0.25   clock reconvergence pessimism
                         -2.00   -1.75   output external delay
                                 -1.75   data required time
-----------------------------------------------------------------------------
                                 -1.75   data required time
                                 -2.58   data arrival time
-----------------------------------------------------------------------------
                                  4.33   slack (MET)


Startpoint: A[6] (input port clocked by __VIRTUAL_CLK__)
Endpoint: OUT[6] (output port clocked by __VIRTUAL_CLK__)
Path Group: __VIRTUAL_CLK__
Path Type: min
Corner: Fastest

Fanout     Cap    Slew   Delay    Time   Description
-----------------------------------------------------------------------------
                  0.00    0.00    0.00   clock __VIRTUAL_CLK__ (rise edge)
                          0.00    0.00   clock network delay (ideal)
                          2.00    2.00 ^ input external delay
     1    0.00    0.01    0.01    2.01 ^ A[6] (in)
                                         A[6] (net)
                  0.01    0.00    2.01 ^ input7/A (sky130_fd_sc_hd__buf_2)
     5    0.04    0.16    0.14    2.15 ^ input7/X (sky130_fd_sc_hd__buf_2)
                                         net7 (net)
                  0.16    0.00    2.15 ^ _289_/A1 (sky130_fd_sc_hd__o211ai_2)
     1    0.02    0.07    0.09    2.25 v _289_/Y (sky130_fd_sc_hd__o211ai_2)
                                         _046_ (net)
                  0.07    0.00    2.25 v _290_/B1 (sky130_fd_sc_hd__a31o_1)
     1    0.01    0.05    0.11    2.36 v _290_/X (sky130_fd_sc_hd__a31o_1)
                                         _047_ (net)
                  0.05    0.00    2.36 v _291_/B1 (sky130_fd_sc_hd__a21o_1)
     1    0.02    0.07    0.11    2.48 v _291_/X (sky130_fd_sc_hd__a21o_1)
                                         net26 (net)
                  0.07    0.00    2.48 v output26/A (sky130_fd_sc_hd__buf_2)
     1    0.03    0.06    0.13    2.60 v output26/X (sky130_fd_sc_hd__buf_2)
                                         OUT[6] (net)
                  0.06    0.00    2.60 v OUT[6] (out)
                                  2.60   data arrival time

                  0.00    0.00    0.00   clock __VIRTUAL_CLK__ (rise edge)
                          0.00    0.00   clock network delay (ideal)
                          0.25    0.25   clock uncertainty
                          0.00    0.25   clock reconvergence pessimism
                         -2.00   -1.75   output external delay
                                 -1.75   data required time
-----------------------------------------------------------------------------
                                 -1.75   data required time
                                 -2.60   data arrival time
-----------------------------------------------------------------------------
                                  4.35   slack (MET)


Startpoint: OPCODE[2] (input port clocked by __VIRTUAL_CLK__)
Endpoint: OUT[2] (output port clocked by __VIRTUAL_CLK__)
Path Group: __VIRTUAL_CLK__
Path Type: min
Corner: Fastest

Fanout     Cap    Slew   Delay    Time   Description
-----------------------------------------------------------------------------
                  0.00    0.00    0.00   clock __VIRTUAL_CLK__ (rise edge)
                          0.00    0.00   clock network delay (ideal)
                          2.00    2.00 v input external delay
     1    0.00    0.00    0.00    2.00 v OPCODE[2] (in)
                                         OPCODE[2] (net)
                  0.00    0.00    2.00 v input19/A (sky130_fd_sc_hd__clkbuf_4)
     6    0.07    0.09    0.14    2.14 v input19/X (sky130_fd_sc_hd__clkbuf_4)
                                         net19 (net)
                  0.09    0.01    2.14 v _265_/A (sky130_fd_sc_hd__and3_2)
     7    0.05    0.09    0.19    2.33 v _265_/X (sky130_fd_sc_hd__and3_2)
                                         _023_ (net)
                  0.09    0.00    2.34 v _326_/A2 (sky130_fd_sc_hd__a31o_1)
     1    0.02    0.06    0.18    2.52 v _326_/X (sky130_fd_sc_hd__a31o_1)
                                         net22 (net)
                  0.06    0.00    2.52 v output22/A (sky130_fd_sc_hd__buf_2)
     1    0.03    0.06    0.12    2.64 v output22/X (sky130_fd_sc_hd__buf_2)
                                         OUT[2] (net)
                  0.06    0.00    2.64 v OUT[2] (out)
                                  2.64   data arrival time

                  0.00    0.00    0.00   clock __VIRTUAL_CLK__ (rise edge)
                          0.00    0.00   clock network delay (ideal)
                          0.25    0.25   clock uncertainty
                          0.00    0.25   clock reconvergence pessimism
                         -2.00   -1.75   output external delay
                                 -1.75   data required time
-----------------------------------------------------------------------------
                                 -1.75   data required time
                                 -2.64   data arrival time
-----------------------------------------------------------------------------
                                  4.39   slack (MET)


Startpoint: OPCODE[2] (input port clocked by __VIRTUAL_CLK__)
Endpoint: OUT[3] (output port clocked by __VIRTUAL_CLK__)
Path Group: __VIRTUAL_CLK__
Path Type: min
Corner: Fastest

Fanout     Cap    Slew   Delay    Time   Description
-----------------------------------------------------------------------------
                  0.00    0.00    0.00   clock __VIRTUAL_CLK__ (rise edge)
                          0.00    0.00   clock network delay (ideal)
                          2.00    2.00 v input external delay
     1    0.00    0.00    0.00    2.00 v OPCODE[2] (in)
                                         OPCODE[2] (net)
                  0.00    0.00    2.00 v input19/A (sky130_fd_sc_hd__clkbuf_4)
     6    0.07    0.09    0.14    2.14 v input19/X (sky130_fd_sc_hd__clkbuf_4)
                                         net19 (net)
                  0.09    0.00    2.14 v _170_/A (sky130_fd_sc_hd__inv_2)
     2    0.04    0.13    0.13    2.27 ^ _170_/Y (sky130_fd_sc_hd__inv_2)
                                         _098_ (net)
                  0.13    0.00    2.27 ^ _172_/A (sky130_fd_sc_hd__nor2_4)
     8    0.05    0.07    0.07    2.34 v _172_/Y (sky130_fd_sc_hd__nor2_4)
                                         _100_ (net)
                  0.07    0.01    2.35 v _335_/B2 (sky130_fd_sc_hd__a221o_1)
     1    0.02    0.08    0.21    2.55 v _335_/X (sky130_fd_sc_hd__a221o_1)
                                         net23 (net)
                  0.08    0.00    2.56 v output23/A (sky130_fd_sc_hd__buf_2)
     1    0.03    0.06    0.13    2.68 v output23/X (sky130_fd_sc_hd__buf_2)
                                         OUT[3] (net)
                  0.06    0.00    2.68 v OUT[3] (out)
                                  2.68   data arrival time

                  0.00    0.00    0.00   clock __VIRTUAL_CLK__ (rise edge)
                          0.00    0.00   clock network delay (ideal)
                          0.25    0.25   clock uncertainty
                          0.00    0.25   clock reconvergence pessimism
                         -2.00   -1.75   output external delay
                                 -1.75   data required time
-----------------------------------------------------------------------------
                                 -1.75   data required time
                                 -2.68   data arrival time
-----------------------------------------------------------------------------
                                  4.43   slack (MET)


Startpoint: A[4] (input port clocked by __VIRTUAL_CLK__)
Endpoint: OUT[4] (output port clocked by __VIRTUAL_CLK__)
Path Group: __VIRTUAL_CLK__
Path Type: min
Corner: Fastest

Fanout     Cap    Slew   Delay    Time   Description
-----------------------------------------------------------------------------
                  0.00    0.00    0.00   clock __VIRTUAL_CLK__ (rise edge)
                          0.00    0.00   clock network delay (ideal)
                          2.00    2.00 ^ input external delay
     1    0.00    0.02    0.01    2.01 ^ A[4] (in)
                                         A[4] (net)
                  0.02    0.00    2.01 ^ input5/A (sky130_fd_sc_hd__clkbuf_4)
     6    0.06    0.13    0.15    2.16 ^ input5/X (sky130_fd_sc_hd__clkbuf_4)
                                         net5 (net)
                  0.13    0.00    2.16 ^ _341_/A2 (sky130_fd_sc_hd__a31o_1)
     1    0.02    0.15    0.17    2.33 ^ _341_/X (sky130_fd_sc_hd__a31o_1)
                                         _092_ (net)
                  0.15    0.00    2.33 ^ _346_/B (sky130_fd_sc_hd__or3_1)
     1    0.02    0.14    0.16    2.49 ^ _346_/X (sky130_fd_sc_hd__or3_1)
                                         _097_ (net)
                  0.14    0.00    2.49 ^ _347_/A (sky130_fd_sc_hd__clkbuf_1)
     1    0.01    0.07    0.08    2.57 ^ _347_/X (sky130_fd_sc_hd__clkbuf_1)
                                         net24 (net)
                  0.07    0.00    2.57 ^ output24/A (sky130_fd_sc_hd__buf_2)
     1    0.03    0.13    0.14    2.71 ^ output24/X (sky130_fd_sc_hd__buf_2)
                                         OUT[4] (net)
                  0.13    0.00    2.71 ^ OUT[4] (out)
                                  2.71   data arrival time

                  0.00    0.00    0.00   clock __VIRTUAL_CLK__ (rise edge)
                          0.00    0.00   clock network delay (ideal)
                          0.25    0.25   clock uncertainty
                          0.00    0.25   clock reconvergence pessimism
                         -2.00   -1.75   output external delay
                                 -1.75   data required time
-----------------------------------------------------------------------------
                                 -1.75   data required time
                                 -2.71   data arrival time
-----------------------------------------------------------------------------
                                  4.46   slack (MET)


Startpoint: A[1] (input port clocked by __VIRTUAL_CLK__)
Endpoint: OUT[1] (output port clocked by __VIRTUAL_CLK__)
Path Group: __VIRTUAL_CLK__
Path Type: min
Corner: Fastest

Fanout     Cap    Slew   Delay    Time   Description
-----------------------------------------------------------------------------
                  0.00    0.00    0.00   clock __VIRTUAL_CLK__ (rise edge)
                          0.00    0.00   clock network delay (ideal)
                          2.00    2.00 ^ input external delay
     1    0.00    0.02    0.01    2.01 ^ A[1] (in)
                                         A[1] (net)
                  0.02    0.00    2.01 ^ input2/A (sky130_fd_sc_hd__clkbuf_2)
     4    0.03    0.15    0.14    2.14 ^ input2/X (sky130_fd_sc_hd__clkbuf_2)
                                         net2 (net)
                  0.15    0.00    2.14 ^ _173_/A (sky130_fd_sc_hd__clkbuf_4)
    10    0.07    0.16    0.20    2.34 ^ _173_/X (sky130_fd_sc_hd__clkbuf_4)
                                         _101_ (net)
                  0.16    0.00    2.35 ^ _312_/A1 (sky130_fd_sc_hd__a31o_1)
     1    0.01    0.06    0.11    2.45 ^ _312_/X (sky130_fd_sc_hd__a31o_1)
                                         _066_ (net)
                  0.06    0.00    2.45 ^ _317_/B (sky130_fd_sc_hd__or4b_1)
     1    0.00    0.04    0.08    2.53 ^ _317_/X (sky130_fd_sc_hd__or4b_1)
                                         _071_ (net)
                  0.04    0.00    2.53 ^ _318_/A (sky130_fd_sc_hd__clkbuf_1)
     1    0.01    0.07    0.08    2.61 ^ _318_/X (sky130_fd_sc_hd__clkbuf_1)
                                         net21 (net)
                  0.07    0.00    2.61 ^ output21/A (sky130_fd_sc_hd__buf_2)
     1    0.03    0.13    0.14    2.75 ^ output21/X (sky130_fd_sc_hd__buf_2)
                                         OUT[1] (net)
                  0.13    0.00    2.75 ^ OUT[1] (out)
                                  2.75   data arrival time

                  0.00    0.00    0.00   clock __VIRTUAL_CLK__ (rise edge)
                          0.00    0.00   clock network delay (ideal)
                          0.25    0.25   clock uncertainty
                          0.00    0.25   clock reconvergence pessimism
                         -2.00   -1.75   output external delay
                                 -1.75   data required time
-----------------------------------------------------------------------------
                                 -1.75   data required time
                                 -2.75   data arrival time
-----------------------------------------------------------------------------
                                  4.50   slack (MET)



worst slack corner Fastest: 4.2816
======================= Slowest Corner ===================================

Startpoint: B[5] (input port clocked by __VIRTUAL_CLK__)
Endpoint: OUT[5] (output port clocked by __VIRTUAL_CLK__)
Path Group: __VIRTUAL_CLK__
Path Type: min
Corner: Slowest

Fanout     Cap    Slew   Delay    Time   Description
-----------------------------------------------------------------------------
                  0.00    0.00    0.00   clock __VIRTUAL_CLK__ (rise edge)
                          0.00    0.00   clock network delay (ideal)
                          2.00    2.00 ^ input external delay
     1    0.00    0.03    0.01    2.01 ^ B[5] (in)
                                         B[5] (net)
                  0.03    0.00    2.01 ^ input14/A (sky130_fd_sc_hd__buf_2)
     5    0.05    0.36    0.37    2.38 ^ input14/X (sky130_fd_sc_hd__buf_2)
                                         net14 (net)
                  0.36    0.00    2.38 ^ _233_/A1 (sky130_fd_sc_hd__a311o_1)
     1    0.01    0.18    0.48    2.87 ^ _233_/X (sky130_fd_sc_hd__a311o_1)
                                         _161_ (net)
                  0.18    0.00    2.87 ^ _267_/B1 (sky130_fd_sc_hd__a211o_1)
     1    0.01    0.15    0.26    3.13 ^ _267_/X (sky130_fd_sc_hd__a211o_1)
                                         net25 (net)
                  0.15    0.00    3.13 ^ output25/A (sky130_fd_sc_hd__buf_2)
     1    0.03    0.27    0.36    3.49 ^ output25/X (sky130_fd_sc_hd__buf_2)
                                         OUT[5] (net)
                  0.27    0.00    3.49 ^ OUT[5] (out)
                                  3.49   data arrival time

                  0.00    0.00    0.00   clock __VIRTUAL_CLK__ (rise edge)
                          0.00    0.00   clock network delay (ideal)
                          0.25    0.25   clock uncertainty
                          0.00    0.25   clock reconvergence pessimism
                         -2.00   -1.75   output external delay
                                 -1.75   data required time
-----------------------------------------------------------------------------
                                 -1.75   data required time
                                 -3.49   data arrival time
-----------------------------------------------------------------------------
                                  5.24   slack (MET)


Startpoint: A[0] (input port clocked by __VIRTUAL_CLK__)
Endpoint: OUT[0] (output port clocked by __VIRTUAL_CLK__)
Path Group: __VIRTUAL_CLK__
Path Type: min
Corner: Slowest

Fanout     Cap    Slew   Delay    Time   Description
-----------------------------------------------------------------------------
                  0.00    0.00    0.00   clock __VIRTUAL_CLK__ (rise edge)
                          0.00    0.00   clock network delay (ideal)
                          2.00    2.00 v input external delay
     1    0.00    0.02    0.01    2.01 v A[0] (in)
                                         A[0] (net)
                  0.02    0.00    2.01 v input1/A (sky130_fd_sc_hd__buf_1)
     2    0.02    0.19    0.23    2.24 v input1/X (sky130_fd_sc_hd__buf_1)
                                         net1 (net)
                  0.19    0.00    2.24 v _190_/A (sky130_fd_sc_hd__clkbuf_4)
    10    0.07    0.24    0.44    2.68 v _190_/X (sky130_fd_sc_hd__clkbuf_4)
                                         _118_ (net)
                  0.24    0.00    2.68 v _307_/A2 (sky130_fd_sc_hd__a31o_1)
     1    0.02    0.19    0.55    3.23 v _307_/X (sky130_fd_sc_hd__a31o_1)
                                         net20 (net)
                  0.19    0.00    3.23 v output20/A (sky130_fd_sc_hd__buf_2)
     1    0.04    0.17    0.39    3.61 v output20/X (sky130_fd_sc_hd__buf_2)
                                         OUT[0] (net)
                  0.17    0.00    3.61 v OUT[0] (out)
                                  3.61   data arrival time

                  0.00    0.00    0.00   clock __VIRTUAL_CLK__ (rise edge)
                          0.00    0.00   clock network delay (ideal)
                          0.25    0.25   clock uncertainty
                          0.00    0.25   clock reconvergence pessimism
                         -2.00   -1.75   output external delay
                                 -1.75   data required time
-----------------------------------------------------------------------------
                                 -1.75   data required time
                                 -3.61   data arrival time
-----------------------------------------------------------------------------
                                  5.36   slack (MET)


Startpoint: OPCODE[2] (input port clocked by __VIRTUAL_CLK__)
Endpoint: OUT[7] (output port clocked by __VIRTUAL_CLK__)
Path Group: __VIRTUAL_CLK__
Path Type: min
Corner: Slowest

Fanout     Cap    Slew   Delay    Time   Description
-----------------------------------------------------------------------------
                  0.00    0.00    0.00   clock __VIRTUAL_CLK__ (rise edge)
                          0.00    0.00   clock network delay (ideal)
                          2.00    2.00 v input external delay
     1    0.00    0.02    0.01    2.01 v OPCODE[2] (in)
                                         OPCODE[2] (net)
                  0.02    0.00    2.01 v input19/A (sky130_fd_sc_hd__clkbuf_4)
     6    0.07    0.24    0.36    2.37 v input19/X (sky130_fd_sc_hd__clkbuf_4)
                                         net19 (net)
                  0.24    0.01    2.37 v _265_/A (sky130_fd_sc_hd__and3_2)
     7    0.05    0.24    0.60    2.97 v _265_/X (sky130_fd_sc_hd__and3_2)
                                         _023_ (net)
                  0.24    0.00    2.97 v _302_/A1 (sky130_fd_sc_hd__a31o_1)
     1    0.00    0.07    0.38    3.36 v _302_/X (sky130_fd_sc_hd__a31o_1)
                                         net27 (net)
                  0.07    0.00    3.36 v output27/A (sky130_fd_sc_hd__buf_2)
     1    0.03    0.17    0.33    3.69 v output27/X (sky130_fd_sc_hd__buf_2)
                                         OUT[7] (net)
                  0.17    0.00    3.69 v OUT[7] (out)
                                  3.69   data arrival time

                  0.00    0.00    0.00   clock __VIRTUAL_CLK__ (rise edge)
                          0.00    0.00   clock network delay (ideal)
                          0.25    0.25   clock uncertainty
                          0.00    0.25   clock reconvergence pessimism
                         -2.00   -1.75   output external delay
                                 -1.75   data required time
-----------------------------------------------------------------------------
                                 -1.75   data required time
                                 -3.69   data arrival time
-----------------------------------------------------------------------------
                                  5.44   slack (MET)


Startpoint: OPCODE[2] (input port clocked by __VIRTUAL_CLK__)
Endpoint: OUT[2] (output port clocked by __VIRTUAL_CLK__)
Path Group: __VIRTUAL_CLK__
Path Type: min
Corner: Slowest

Fanout     Cap    Slew   Delay    Time   Description
-----------------------------------------------------------------------------
                  0.00    0.00    0.00   clock __VIRTUAL_CLK__ (rise edge)
                          0.00    0.00   clock network delay (ideal)
                          2.00    2.00 v input external delay
     1    0.00    0.02    0.01    2.01 v OPCODE[2] (in)
                                         OPCODE[2] (net)
                  0.02    0.00    2.01 v input19/A (sky130_fd_sc_hd__clkbuf_4)
     6    0.07    0.24    0.36    2.37 v input19/X (sky130_fd_sc_hd__clkbuf_4)
                                         net19 (net)
                  0.24    0.01    2.37 v _265_/A (sky130_fd_sc_hd__and3_2)
     7    0.05    0.24    0.60    2.97 v _265_/X (sky130_fd_sc_hd__and3_2)
                                         _023_ (net)
                  0.24    0.00    2.97 v _326_/A2 (sky130_fd_sc_hd__a31o_1)
     1    0.02    0.16    0.52    3.49 v _326_/X (sky130_fd_sc_hd__a31o_1)
                                         net22 (net)
                  0.16    0.00    3.49 v output22/A (sky130_fd_sc_hd__buf_2)
     1    0.03    0.17    0.37    3.86 v output22/X (sky130_fd_sc_hd__buf_2)
                                         OUT[2] (net)
                  0.17    0.00    3.86 v OUT[2] (out)
                                  3.86   data arrival time

                  0.00    0.00    0.00   clock __VIRTUAL_CLK__ (rise edge)
                          0.00    0.00   clock network delay (ideal)
                          0.25    0.25   clock uncertainty
                          0.00    0.25   clock reconvergence pessimism
                         -2.00   -1.75   output external delay
                                 -1.75   data required time
-----------------------------------------------------------------------------
                                 -1.75   data required time
                                 -3.86   data arrival time
-----------------------------------------------------------------------------
                                  5.61   slack (MET)


Startpoint: A[6] (input port clocked by __VIRTUAL_CLK__)
Endpoint: OUT[6] (output port clocked by __VIRTUAL_CLK__)
Path Group: __VIRTUAL_CLK__
Path Type: min
Corner: Slowest

Fanout     Cap    Slew   Delay    Time   Description
-----------------------------------------------------------------------------
                  0.00    0.00    0.00   clock __VIRTUAL_CLK__ (rise edge)
                          0.00    0.00   clock network delay (ideal)
                          2.00    2.00 v input external delay
     1    0.00    0.02    0.01    2.01 v A[6] (in)
                                         A[6] (net)
                  0.02    0.00    2.01 v input7/A (sky130_fd_sc_hd__buf_2)
     5    0.04    0.19    0.32    2.33 v input7/X (sky130_fd_sc_hd__buf_2)
                                         net7 (net)
                  0.19    0.00    2.33 v _289_/A1 (sky130_fd_sc_hd__o211ai_2)
     1    0.02    0.20    0.47    2.80 ^ _289_/Y (sky130_fd_sc_hd__o211ai_2)
                                         _046_ (net)
                  0.20    0.00    2.80 ^ _290_/B1 (sky130_fd_sc_hd__a31o_1)
     1    0.02    0.24    0.33    3.14 ^ _290_/X (sky130_fd_sc_hd__a31o_1)
                                         _047_ (net)
                  0.24    0.00    3.14 ^ _291_/B1 (sky130_fd_sc_hd__a21o_1)
     1    0.02    0.28    0.35    3.49 ^ _291_/X (sky130_fd_sc_hd__a21o_1)
                                         net26 (net)
                  0.28    0.00    3.49 ^ output26/A (sky130_fd_sc_hd__buf_2)
     1    0.03    0.27    0.42    3.91 ^ output26/X (sky130_fd_sc_hd__buf_2)
                                         OUT[6] (net)
                  0.27    0.00    3.91 ^ OUT[6] (out)
                                  3.91   data arrival time

                  0.00    0.00    0.00   clock __VIRTUAL_CLK__ (rise edge)
                          0.00    0.00   clock network delay (ideal)
                          0.25    0.25   clock uncertainty
                          0.00    0.25   clock reconvergence pessimism
                         -2.00   -1.75   output external delay
                                 -1.75   data required time
-----------------------------------------------------------------------------
                                 -1.75   data required time
                                 -3.91   data arrival time
-----------------------------------------------------------------------------
                                  5.66   slack (MET)


Startpoint: A[4] (input port clocked by __VIRTUAL_CLK__)
Endpoint: OUT[4] (output port clocked by __VIRTUAL_CLK__)
Path Group: __VIRTUAL_CLK__
Path Type: min
Corner: Slowest

Fanout     Cap    Slew   Delay    Time   Description
-----------------------------------------------------------------------------
                  0.00    0.00    0.00   clock __VIRTUAL_CLK__ (rise edge)
                          0.00    0.00   clock network delay (ideal)
                          2.00    2.00 ^ input external delay
     1    0.00    0.03    0.02    2.02 ^ A[4] (in)
                                         A[4] (net)
                  0.03    0.00    2.02 ^ input5/A (sky130_fd_sc_hd__clkbuf_4)
     6    0.06    0.28    0.37    2.38 ^ input5/X (sky130_fd_sc_hd__clkbuf_4)
                                         net5 (net)
                  0.28    0.00    2.39 ^ _341_/A2 (sky130_fd_sc_hd__a31o_1)
     1    0.02    0.33    0.54    2.92 ^ _341_/X (sky130_fd_sc_hd__a31o_1)
                                         _092_ (net)
                  0.33    0.00    2.92 ^ _346_/B (sky130_fd_sc_hd__or3_1)
     1    0.02    0.30    0.42    3.35 ^ _346_/X (sky130_fd_sc_hd__or3_1)
                                         _097_ (net)
                  0.30    0.00    3.35 ^ _347_/A (sky130_fd_sc_hd__clkbuf_1)
     1    0.01    0.14    0.27    3.62 ^ _347_/X (sky130_fd_sc_hd__clkbuf_1)
                                         net24 (net)
                  0.14    0.00    3.62 ^ output24/A (sky130_fd_sc_hd__buf_2)
     1    0.03    0.27    0.36    3.98 ^ output24/X (sky130_fd_sc_hd__buf_2)
                                         OUT[4] (net)
                  0.27    0.00    3.98 ^ OUT[4] (out)
                                  3.98   data arrival time

                  0.00    0.00    0.00   clock __VIRTUAL_CLK__ (rise edge)
                          0.00    0.00   clock network delay (ideal)
                          0.25    0.25   clock uncertainty
                          0.00    0.25   clock reconvergence pessimism
                         -2.00   -1.75   output external delay
                                 -1.75   data required time
-----------------------------------------------------------------------------
                                 -1.75   data required time
                                 -3.98   data arrival time
-----------------------------------------------------------------------------
                                  5.73   slack (MET)


Startpoint: OPCODE[2] (input port clocked by __VIRTUAL_CLK__)
Endpoint: OUT[3] (output port clocked by __VIRTUAL_CLK__)
Path Group: __VIRTUAL_CLK__
Path Type: min
Corner: Slowest

Fanout     Cap    Slew   Delay    Time   Description
-----------------------------------------------------------------------------
                  0.00    0.00    0.00   clock __VIRTUAL_CLK__ (rise edge)
                          0.00    0.00   clock network delay (ideal)
                          2.00    2.00 v input external delay
     1    0.00    0.02    0.01    2.01 v OPCODE[2] (in)
                                         OPCODE[2] (net)
                  0.02    0.00    2.01 v input19/A (sky130_fd_sc_hd__clkbuf_4)
     6    0.07    0.24    0.36    2.37 v input19/X (sky130_fd_sc_hd__clkbuf_4)
                                         net19 (net)
                  0.24    0.00    2.37 v _170_/A (sky130_fd_sc_hd__inv_2)
     2    0.04    0.28    0.30    2.68 ^ _170_/Y (sky130_fd_sc_hd__inv_2)
                                         _098_ (net)
                  0.28    0.00    2.68 ^ _172_/A (sky130_fd_sc_hd__nor2_4)
     8    0.05    0.14    0.22    2.90 v _172_/Y (sky130_fd_sc_hd__nor2_4)
                                         _100_ (net)
                  0.14    0.01    2.90 v _335_/B2 (sky130_fd_sc_hd__a221o_1)
     1    0.02    0.22    0.73    3.63 v _335_/X (sky130_fd_sc_hd__a221o_1)
                                         net23 (net)
                  0.22    0.00    3.63 v output23/A (sky130_fd_sc_hd__buf_2)
     1    0.03    0.16    0.40    4.03 v output23/X (sky130_fd_sc_hd__buf_2)
                                         OUT[3] (net)
                  0.16    0.00    4.03 v OUT[3] (out)
                                  4.03   data arrival time

                  0.00    0.00    0.00   clock __VIRTUAL_CLK__ (rise edge)
                          0.00    0.00   clock network delay (ideal)
                          0.25    0.25   clock uncertainty
                          0.00    0.25   clock reconvergence pessimism
                         -2.00   -1.75   output external delay
                                 -1.75   data required time
-----------------------------------------------------------------------------
                                 -1.75   data required time
                                 -4.03   data arrival time
-----------------------------------------------------------------------------
                                  5.78   slack (MET)


Startpoint: A[1] (input port clocked by __VIRTUAL_CLK__)
Endpoint: OUT[1] (output port clocked by __VIRTUAL_CLK__)
Path Group: __VIRTUAL_CLK__
Path Type: min
Corner: Slowest

Fanout     Cap    Slew   Delay    Time   Description
-----------------------------------------------------------------------------
                  0.00    0.00    0.00   clock __VIRTUAL_CLK__ (rise edge)
                          0.00    0.00   clock network delay (ideal)
                          2.00    2.00 v input external delay
     1    0.00    0.02    0.01    2.01 v A[1] (in)
                                         A[1] (net)
                  0.02    0.00    2.01 v input2/A (sky130_fd_sc_hd__clkbuf_2)
     4    0.03    0.24    0.30    2.31 v input2/X (sky130_fd_sc_hd__clkbuf_2)
                                         net2 (net)
                  0.24    0.00    2.31 v _173_/A (sky130_fd_sc_hd__clkbuf_4)
    10    0.07    0.25    0.46    2.77 v _173_/X (sky130_fd_sc_hd__clkbuf_4)
                                         _101_ (net)
                  0.25    0.00    2.77 v _313_/A (sky130_fd_sc_hd__nor2_1)
     1    0.01    0.36    0.39    3.17 ^ _313_/Y (sky130_fd_sc_hd__nor2_1)
                                         _067_ (net)
                  0.36    0.00    3.17 ^ _317_/C (sky130_fd_sc_hd__or4b_1)
     1    0.00    0.09    0.29    3.46 ^ _317_/X (sky130_fd_sc_hd__or4b_1)
                                         _071_ (net)
                  0.09    0.00    3.46 ^ _318_/A (sky130_fd_sc_hd__clkbuf_1)
     1    0.01    0.16    0.21    3.67 ^ _318_/X (sky130_fd_sc_hd__clkbuf_1)
                                         net21 (net)
                  0.16    0.00    3.67 ^ output21/A (sky130_fd_sc_hd__buf_2)
     1    0.03    0.27    0.37    4.04 ^ output21/X (sky130_fd_sc_hd__buf_2)
                                         OUT[1] (net)
                  0.27    0.00    4.04 ^ OUT[1] (out)
                                  4.04   data arrival time

                  0.00    0.00    0.00   clock __VIRTUAL_CLK__ (rise edge)
                          0.00    0.00   clock network delay (ideal)
                          0.25    0.25   clock uncertainty
                          0.00    0.25   clock reconvergence pessimism
                         -2.00   -1.75   output external delay
                                 -1.75   data required time
-----------------------------------------------------------------------------
                                 -1.75   data required time
                                 -4.04   data arrival time
-----------------------------------------------------------------------------
                                  5.79   slack (MET)



worst slack corner Slowest: 5.2435
======================= Typical Corner ===================================

Startpoint: B[5] (input port clocked by __VIRTUAL_CLK__)
Endpoint: OUT[5] (output port clocked by __VIRTUAL_CLK__)
Path Group: __VIRTUAL_CLK__
Path Type: min
Corner: Typical

Fanout     Cap    Slew   Delay    Time   Description
-----------------------------------------------------------------------------
                  0.00    0.00    0.00   clock __VIRTUAL_CLK__ (rise edge)
                          0.00    0.00   clock network delay (ideal)
                          2.00    2.00 ^ input external delay
     1    0.00    0.02    0.01    2.01 ^ B[5] (in)
                                         B[5] (net)
                  0.02    0.00    2.01 ^ input14/A (sky130_fd_sc_hd__buf_2)
     5    0.05    0.23    0.21    2.22 ^ input14/X (sky130_fd_sc_hd__buf_2)
                                         net14 (net)
                  0.23    0.00    2.23 ^ _233_/A1 (sky130_fd_sc_hd__a311o_1)
     1    0.01    0.11    0.24    2.46 ^ _233_/X (sky130_fd_sc_hd__a311o_1)
                                         _161_ (net)
                  0.11    0.00    2.46 ^ _267_/B1 (sky130_fd_sc_hd__a211o_1)
     1    0.01    0.09    0.14    2.61 ^ _267_/X (sky130_fd_sc_hd__a211o_1)
                                         net25 (net)
                  0.09    0.00    2.61 ^ output25/A (sky130_fd_sc_hd__buf_2)
     1    0.03    0.17    0.21    2.81 ^ output25/X (sky130_fd_sc_hd__buf_2)
                                         OUT[5] (net)
                  0.17    0.00    2.81 ^ OUT[5] (out)
                                  2.81   data arrival time

                  0.00    0.00    0.00   clock __VIRTUAL_CLK__ (rise edge)
                          0.00    0.00   clock network delay (ideal)
                          0.25    0.25   clock uncertainty
                          0.00    0.25   clock reconvergence pessimism
                         -2.00   -1.75   output external delay
                                 -1.75   data required time
-----------------------------------------------------------------------------
                                 -1.75   data required time
                                 -2.81   data arrival time
-----------------------------------------------------------------------------
                                  4.56   slack (MET)


Startpoint: A[0] (input port clocked by __VIRTUAL_CLK__)
Endpoint: OUT[0] (output port clocked by __VIRTUAL_CLK__)
Path Group: __VIRTUAL_CLK__
Path Type: min
Corner: Typical

Fanout     Cap    Slew   Delay    Time   Description
-----------------------------------------------------------------------------
                  0.00    0.00    0.00   clock __VIRTUAL_CLK__ (rise edge)
                          0.00    0.00   clock network delay (ideal)
                          2.00    2.00 v input external delay
     1    0.00    0.01    0.00    2.00 v A[0] (in)
                                         A[0] (net)
                  0.01    0.00    2.00 v input1/A (sky130_fd_sc_hd__buf_1)
     2    0.02    0.10    0.12    2.13 v input1/X (sky130_fd_sc_hd__buf_1)
                                         net1 (net)
                  0.10    0.00    2.13 v _190_/A (sky130_fd_sc_hd__clkbuf_4)
    10    0.07    0.13    0.24    2.37 v _190_/X (sky130_fd_sc_hd__clkbuf_4)
                                         _118_ (net)
                  0.13    0.00    2.37 v _307_/A2 (sky130_fd_sc_hd__a31o_1)
     1    0.02    0.11    0.29    2.66 v _307_/X (sky130_fd_sc_hd__a31o_1)
                                         net20 (net)
                  0.11    0.00    2.66 v output20/A (sky130_fd_sc_hd__buf_2)
     1    0.04    0.09    0.20    2.86 v output20/X (sky130_fd_sc_hd__buf_2)
                                         OUT[0] (net)
                  0.09    0.00    2.86 v OUT[0] (out)
                                  2.86   data arrival time

                  0.00    0.00    0.00   clock __VIRTUAL_CLK__ (rise edge)
                          0.00    0.00   clock network delay (ideal)
                          0.25    0.25   clock uncertainty
                          0.00    0.25   clock reconvergence pessimism
                         -2.00   -1.75   output external delay
                                 -1.75   data required time
-----------------------------------------------------------------------------
                                 -1.75   data required time
                                 -2.86   data arrival time
-----------------------------------------------------------------------------
                                  4.61   slack (MET)


Startpoint: OPCODE[2] (input port clocked by __VIRTUAL_CLK__)
Endpoint: OUT[7] (output port clocked by __VIRTUAL_CLK__)
Path Group: __VIRTUAL_CLK__
Path Type: min
Corner: Typical

Fanout     Cap    Slew   Delay    Time   Description
-----------------------------------------------------------------------------
                  0.00    0.00    0.00   clock __VIRTUAL_CLK__ (rise edge)
                          0.00    0.00   clock network delay (ideal)
                          2.00    2.00 v input external delay
     1    0.00    0.01    0.00    2.00 v OPCODE[2] (in)
                                         OPCODE[2] (net)
                  0.01    0.00    2.00 v input19/A (sky130_fd_sc_hd__clkbuf_4)
     6    0.07    0.13    0.20    2.20 v input19/X (sky130_fd_sc_hd__clkbuf_4)
                                         net19 (net)
                  0.13    0.01    2.21 v _265_/A (sky130_fd_sc_hd__and3_2)
     7    0.05    0.13    0.29    2.50 v _265_/X (sky130_fd_sc_hd__and3_2)
                                         _023_ (net)
                  0.13    0.00    2.51 v _302_/A1 (sky130_fd_sc_hd__a31o_1)
     1    0.00    0.04    0.20    2.70 v _302_/X (sky130_fd_sc_hd__a31o_1)
                                         net27 (net)
                  0.04    0.00    2.70 v output27/A (sky130_fd_sc_hd__buf_2)
     1    0.03    0.09    0.17    2.87 v output27/X (sky130_fd_sc_hd__buf_2)
                                         OUT[7] (net)
                  0.09    0.00    2.87 v OUT[7] (out)
                                  2.87   data arrival time

                  0.00    0.00    0.00   clock __VIRTUAL_CLK__ (rise edge)
                          0.00    0.00   clock network delay (ideal)
                          0.25    0.25   clock uncertainty
                          0.00    0.25   clock reconvergence pessimism
                         -2.00   -1.75   output external delay
                                 -1.75   data required time
-----------------------------------------------------------------------------
                                 -1.75   data required time
                                 -2.87   data arrival time
-----------------------------------------------------------------------------
                                  4.62   slack (MET)


Startpoint: OPCODE[2] (input port clocked by __VIRTUAL_CLK__)
Endpoint: OUT[2] (output port clocked by __VIRTUAL_CLK__)
Path Group: __VIRTUAL_CLK__
Path Type: min
Corner: Typical

Fanout     Cap    Slew   Delay    Time   Description
-----------------------------------------------------------------------------
                  0.00    0.00    0.00   clock __VIRTUAL_CLK__ (rise edge)
                          0.00    0.00   clock network delay (ideal)
                          2.00    2.00 v input external delay
     1    0.00    0.01    0.00    2.00 v OPCODE[2] (in)
                                         OPCODE[2] (net)
                  0.01    0.00    2.00 v input19/A (sky130_fd_sc_hd__clkbuf_4)
     6    0.07    0.13    0.20    2.20 v input19/X (sky130_fd_sc_hd__clkbuf_4)
                                         net19 (net)
                  0.13    0.01    2.21 v _265_/A (sky130_fd_sc_hd__and3_2)
     7    0.05    0.13    0.29    2.50 v _265_/X (sky130_fd_sc_hd__and3_2)
                                         _023_ (net)
                  0.13    0.00    2.50 v _326_/A2 (sky130_fd_sc_hd__a31o_1)
     1    0.02    0.09    0.28    2.78 v _326_/X (sky130_fd_sc_hd__a31o_1)
                                         net22 (net)
                  0.09    0.00    2.78 v output22/A (sky130_fd_sc_hd__buf_2)
     1    0.03    0.09    0.19    2.97 v output22/X (sky130_fd_sc_hd__buf_2)
                                         OUT[2] (net)
                  0.09    0.00    2.97 v OUT[2] (out)
                                  2.97   data arrival time

                  0.00    0.00    0.00   clock __VIRTUAL_CLK__ (rise edge)
                          0.00    0.00   clock network delay (ideal)
                          0.25    0.25   clock uncertainty
                          0.00    0.25   clock reconvergence pessimism
                         -2.00   -1.75   output external delay
                                 -1.75   data required time
-----------------------------------------------------------------------------
                                 -1.75   data required time
                                 -2.97   data arrival time
-----------------------------------------------------------------------------
                                  4.72   slack (MET)


Startpoint: A[4] (input port clocked by __VIRTUAL_CLK__)
Endpoint: OUT[6] (output port clocked by __VIRTUAL_CLK__)
Path Group: __VIRTUAL_CLK__
Path Type: min
Corner: Typical

Fanout     Cap    Slew   Delay    Time   Description
-----------------------------------------------------------------------------
                  0.00    0.00    0.00   clock __VIRTUAL_CLK__ (rise edge)
                          0.00    0.00   clock network delay (ideal)
                          2.00    2.00 v input external delay
     1    0.00    0.01    0.00    2.00 v A[4] (in)
                                         A[4] (net)
                  0.01    0.00    2.00 v input5/A (sky130_fd_sc_hd__clkbuf_4)
     6    0.06    0.12    0.19    2.19 v input5/X (sky130_fd_sc_hd__clkbuf_4)
                                         net5 (net)
                  0.12    0.00    2.20 v _238_/A (sky130_fd_sc_hd__nand2_4)
     5    0.04    0.13    0.15    2.34 ^ _238_/Y (sky130_fd_sc_hd__nand2_4)
                                         _166_ (net)
                  0.13    0.00    2.35 ^ _274_/A2 (sky130_fd_sc_hd__a31o_1)
     1    0.01    0.08    0.18    2.52 ^ _274_/X (sky130_fd_sc_hd__a31o_1)
                                         _031_ (net)
                  0.08    0.00    2.52 ^ _275_/B (sky130_fd_sc_hd__nand2_1)
     1    0.01    0.09    0.10    2.62 v _275_/Y (sky130_fd_sc_hd__nand2_1)
                                         _032_ (net)
                  0.09    0.00    2.62 v _291_/A1 (sky130_fd_sc_hd__a21o_1)
     1    0.02    0.10    0.22    2.85 v _291_/X (sky130_fd_sc_hd__a21o_1)
                                         net26 (net)
                  0.10    0.00    2.85 v output26/A (sky130_fd_sc_hd__buf_2)
     1    0.03    0.09    0.20    3.04 v output26/X (sky130_fd_sc_hd__buf_2)
                                         OUT[6] (net)
                  0.09    0.00    3.05 v OUT[6] (out)
                                  3.05   data arrival time

                  0.00    0.00    0.00   clock __VIRTUAL_CLK__ (rise edge)
                          0.00    0.00   clock network delay (ideal)
                          0.25    0.25   clock uncertainty
                          0.00    0.25   clock reconvergence pessimism
                         -2.00   -1.75   output external delay
                                 -1.75   data required time
-----------------------------------------------------------------------------
                                 -1.75   data required time
                                 -3.05   data arrival time
-----------------------------------------------------------------------------
                                  4.80   slack (MET)


Startpoint: A[4] (input port clocked by __VIRTUAL_CLK__)
Endpoint: OUT[4] (output port clocked by __VIRTUAL_CLK__)
Path Group: __VIRTUAL_CLK__
Path Type: min
Corner: Typical

Fanout     Cap    Slew   Delay    Time   Description
-----------------------------------------------------------------------------
                  0.00    0.00    0.00   clock __VIRTUAL_CLK__ (rise edge)
                          0.00    0.00   clock network delay (ideal)
                          2.00    2.00 ^ input external delay
     1    0.00    0.02    0.01    2.01 ^ A[4] (in)
                                         A[4] (net)
                  0.02    0.00    2.01 ^ input5/A (sky130_fd_sc_hd__clkbuf_4)
     6    0.06    0.18    0.21    2.22 ^ input5/X (sky130_fd_sc_hd__clkbuf_4)
                                         net5 (net)
                  0.18    0.00    2.22 ^ _341_/A2 (sky130_fd_sc_hd__a31o_1)
     1    0.02    0.21    0.27    2.50 ^ _341_/X (sky130_fd_sc_hd__a31o_1)
                                         _092_ (net)
                  0.21    0.00    2.50 ^ _346_/B (sky130_fd_sc_hd__or3_1)
     1    0.02    0.19    0.24    2.73 ^ _346_/X (sky130_fd_sc_hd__or3_1)
                                         _097_ (net)
                  0.19    0.00    2.73 ^ _347_/A (sky130_fd_sc_hd__clkbuf_1)
     1    0.01    0.09    0.14    2.87 ^ _347_/X (sky130_fd_sc_hd__clkbuf_1)
                                         net24 (net)
                  0.09    0.00    2.87 ^ output24/A (sky130_fd_sc_hd__buf_2)
     1    0.03    0.17    0.20    3.07 ^ output24/X (sky130_fd_sc_hd__buf_2)
                                         OUT[4] (net)
                  0.17    0.00    3.07 ^ OUT[4] (out)
                                  3.07   data arrival time

                  0.00    0.00    0.00   clock __VIRTUAL_CLK__ (rise edge)
                          0.00    0.00   clock network delay (ideal)
                          0.25    0.25   clock uncertainty
                          0.00    0.25   clock reconvergence pessimism
                         -2.00   -1.75   output external delay
                                 -1.75   data required time
-----------------------------------------------------------------------------
                                 -1.75   data required time
                                 -3.07   data arrival time
-----------------------------------------------------------------------------
                                  4.82   slack (MET)


Startpoint: OPCODE[2] (input port clocked by __VIRTUAL_CLK__)
Endpoint: OUT[3] (output port clocked by __VIRTUAL_CLK__)
Path Group: __VIRTUAL_CLK__
Path Type: min
Corner: Typical

Fanout     Cap    Slew   Delay    Time   Description
-----------------------------------------------------------------------------
                  0.00    0.00    0.00   clock __VIRTUAL_CLK__ (rise edge)
                          0.00    0.00   clock network delay (ideal)
                          2.00    2.00 v input external delay
     1    0.00    0.01    0.00    2.00 v OPCODE[2] (in)
                                         OPCODE[2] (net)
                  0.01    0.00    2.00 v input19/A (sky130_fd_sc_hd__clkbuf_4)
     6    0.07    0.13    0.20    2.20 v input19/X (sky130_fd_sc_hd__clkbuf_4)
                                         net19 (net)
                  0.13    0.00    2.21 v _170_/A (sky130_fd_sc_hd__inv_2)
     2    0.04    0.17    0.18    2.39 ^ _170_/Y (sky130_fd_sc_hd__inv_2)
                                         _098_ (net)
                  0.17    0.00    2.39 ^ _172_/A (sky130_fd_sc_hd__nor2_4)
     8    0.05    0.09    0.11    2.50 v _172_/Y (sky130_fd_sc_hd__nor2_4)
                                         _100_ (net)
                  0.09    0.01    2.50 v _335_/B2 (sky130_fd_sc_hd__a221o_1)
     1    0.02    0.12    0.39    2.90 v _335_/X (sky130_fd_sc_hd__a221o_1)
                                         net23 (net)
                  0.12    0.00    2.90 v output23/A (sky130_fd_sc_hd__buf_2)
     1    0.03    0.09    0.20    3.10 v output23/X (sky130_fd_sc_hd__buf_2)
                                         OUT[3] (net)
                  0.09    0.00    3.10 v OUT[3] (out)
                                  3.10   data arrival time

                  0.00    0.00    0.00   clock __VIRTUAL_CLK__ (rise edge)
                          0.00    0.00   clock network delay (ideal)
                          0.25    0.25   clock uncertainty
                          0.00    0.25   clock reconvergence pessimism
                         -2.00   -1.75   output external delay
                                 -1.75   data required time
-----------------------------------------------------------------------------
                                 -1.75   data required time
                                 -3.10   data arrival time
-----------------------------------------------------------------------------
                                  4.85   slack (MET)


Startpoint: A[1] (input port clocked by __VIRTUAL_CLK__)
Endpoint: OUT[1] (output port clocked by __VIRTUAL_CLK__)
Path Group: __VIRTUAL_CLK__
Path Type: min
Corner: Typical

Fanout     Cap    Slew   Delay    Time   Description
-----------------------------------------------------------------------------
                  0.00    0.00    0.00   clock __VIRTUAL_CLK__ (rise edge)
                          0.00    0.00   clock network delay (ideal)
                          2.00    2.00 v input external delay
     1    0.00    0.01    0.00    2.00 v A[1] (in)
                                         A[1] (net)
                  0.01    0.00    2.00 v input2/A (sky130_fd_sc_hd__clkbuf_2)
     4    0.03    0.13    0.16    2.17 v input2/X (sky130_fd_sc_hd__clkbuf_2)
                                         net2 (net)
                  0.13    0.00    2.17 v _173_/A (sky130_fd_sc_hd__clkbuf_4)
    10    0.07    0.14    0.25    2.42 v _173_/X (sky130_fd_sc_hd__clkbuf_4)
                                         _101_ (net)
                  0.14    0.00    2.43 v _313_/A (sky130_fd_sc_hd__nor2_1)
     1    0.01    0.22    0.23    2.65 ^ _313_/Y (sky130_fd_sc_hd__nor2_1)
                                         _067_ (net)
                  0.22    0.00    2.65 ^ _317_/C (sky130_fd_sc_hd__or4b_1)
     1    0.00    0.05    0.15    2.80 ^ _317_/X (sky130_fd_sc_hd__or4b_1)
                                         _071_ (net)
                  0.05    0.00    2.80 ^ _318_/A (sky130_fd_sc_hd__clkbuf_1)
     1    0.01    0.10    0.12    2.92 ^ _318_/X (sky130_fd_sc_hd__clkbuf_1)
                                         net21 (net)
                  0.10    0.00    2.92 ^ output21/A (sky130_fd_sc_hd__buf_2)
     1    0.03    0.17    0.21    3.12 ^ output21/X (sky130_fd_sc_hd__buf_2)
                                         OUT[1] (net)
                  0.17    0.00    3.12 ^ OUT[1] (out)
                                  3.12   data arrival time

                  0.00    0.00    0.00   clock __VIRTUAL_CLK__ (rise edge)
                          0.00    0.00   clock network delay (ideal)
                          0.25    0.25   clock uncertainty
                          0.00    0.25   clock reconvergence pessimism
                         -2.00   -1.75   output external delay
                                 -1.75   data required time
-----------------------------------------------------------------------------
                                 -1.75   data required time
                                 -3.12   data arrival time
-----------------------------------------------------------------------------
                                  4.87   slack (MET)



worst slack corner Typical: 4.5621
