
63. Printing statistics.

=== counter ===

   Number of wires:                 12
   Number of wire bits:             15
   Number of public wires:           3
   Number of public wire bits:       6
   Number of memories:               0
   Number of memory bits:            0
   Number of processes:              0
   Number of cells:                 13
     sky130_fd_sc_hd__a21o_2         1
     sky130_fd_sc_hd__and2b_2        1
     sky130_fd_sc_hd__and3_2         1
     sky130_fd_sc_hd__buf_1          2
     sky130_fd_sc_hd__dfrtp_2        4
     sky130_fd_sc_hd__nand3_2        1
     sky130_fd_sc_hd__or4b_2         1
     sky130_fd_sc_hd__xnor2_2        1
     sky130_fd_sc_hd__xor2_2         1

   Chip area for module '\counter': 190.182400

