
===========================================================================
report_checks -path_delay max (Setup)
============================================================================
======================= Typical Corner ===================================

Startpoint: _21_ (rising edge-triggered flip-flop clocked by core_clock)
Endpoint: _18_ (rising edge-triggered flip-flop clocked by core_clock)
Path Group: core_clock
Path Type: max

Fanout     Cap    Slew   Delay    Time   Description
-----------------------------------------------------------------------------
                  0.00    0.00    0.00   clock core_clock (rise edge)
                          0.00    0.00   clock network delay (ideal)
                  0.00    0.00    0.00 ^ _21_/CLK (sky130_fd_sc_hd__dfrtp_2)
     3    0.01    0.06    0.39    0.39 v _21_/Q (sky130_fd_sc_hd__dfrtp_2)
                                         count[3] (net)
                  0.06    0.00    0.39 v _09_/A (sky130_fd_sc_hd__or4b_2)
     2    0.00    0.10    0.66    1.05 v _09_/X (sky130_fd_sc_hd__or4b_2)
                                         _08_ (net)
                  0.10    0.00    1.05 v _10_/B (sky130_fd_sc_hd__and2b_2)
     1    0.00    0.03    0.21    1.26 v _10_/X (sky130_fd_sc_hd__and2b_2)
                                         _04_ (net)
                  0.03    0.00    1.26 v _11_/A (sky130_fd_sc_hd__buf_1)
     1    0.00    0.02    0.08    1.33 v _11_/X (sky130_fd_sc_hd__buf_1)
                                         _00_ (net)
                  0.02    0.00    1.33 v _18_/D (sky130_fd_sc_hd__dfrtp_2)
                                  1.33   data arrival time

                  0.00   10.00   10.00   clock core_clock (rise edge)
                          0.00   10.00   clock network delay (ideal)
                          0.00   10.00   clock reconvergence pessimism
                                 10.00 ^ _18_/CLK (sky130_fd_sc_hd__dfrtp_2)
                         -0.12    9.88   library setup time
                                  9.88   data required time
-----------------------------------------------------------------------------
                                  9.88   data required time
                                 -1.33   data arrival time
-----------------------------------------------------------------------------
                                  8.55   slack (MET)


Startpoint: _21_ (rising edge-triggered flip-flop clocked by core_clock)
Endpoint: _20_ (rising edge-triggered flip-flop clocked by core_clock)
Path Group: core_clock
Path Type: max

Fanout     Cap    Slew   Delay    Time   Description
-----------------------------------------------------------------------------
                  0.00    0.00    0.00   clock core_clock (rise edge)
                          0.00    0.00   clock network delay (ideal)
                  0.00    0.00    0.00 ^ _21_/CLK (sky130_fd_sc_hd__dfrtp_2)
     3    0.01    0.06    0.39    0.39 v _21_/Q (sky130_fd_sc_hd__dfrtp_2)
                                         count[3] (net)
                  0.06    0.00    0.39 v _09_/A (sky130_fd_sc_hd__or4b_2)
     2    0.00    0.10    0.66    1.05 v _09_/X (sky130_fd_sc_hd__or4b_2)
                                         _08_ (net)
                  0.10    0.00    1.05 v _15_/A (sky130_fd_sc_hd__and3_2)
     1    0.00    0.04    0.19    1.24 v _15_/X (sky130_fd_sc_hd__and3_2)
                                         _07_ (net)
                  0.04    0.00    1.24 v _16_/A (sky130_fd_sc_hd__buf_1)
     1    0.00    0.02    0.08    1.32 v _16_/X (sky130_fd_sc_hd__buf_1)
                                         _02_ (net)
                  0.02    0.00    1.32 v _20_/D (sky130_fd_sc_hd__dfrtp_2)
                                  1.32   data arrival time

                  0.00   10.00   10.00   clock core_clock (rise edge)
                          0.00   10.00   clock network delay (ideal)
                          0.00   10.00   clock reconvergence pessimism
                                 10.00 ^ _20_/CLK (sky130_fd_sc_hd__dfrtp_2)
                         -0.12    9.88   library setup time
                                  9.88   data required time
-----------------------------------------------------------------------------
                                  9.88   data required time
                                 -1.32   data arrival time
-----------------------------------------------------------------------------
                                  8.57   slack (MET)


Startpoint: _18_ (rising edge-triggered flip-flop clocked by core_clock)
Endpoint: _21_ (rising edge-triggered flip-flop clocked by core_clock)
Path Group: core_clock
Path Type: max

Fanout     Cap    Slew   Delay    Time   Description
-----------------------------------------------------------------------------
                  0.00    0.00    0.00   clock core_clock (rise edge)
                          0.00    0.00   clock network delay (ideal)
                  0.00    0.00    0.00 ^ _18_/CLK (sky130_fd_sc_hd__dfrtp_2)
     6    0.02    0.11    0.38    0.38 ^ _18_/Q (sky130_fd_sc_hd__dfrtp_2)
                                         count[0] (net)
                  0.11    0.00    0.38 ^ _13_/B (sky130_fd_sc_hd__nand3_2)
     2    0.01    0.08    0.11    0.49 v _13_/Y (sky130_fd_sc_hd__nand3_2)
                                         _05_ (net)
                  0.08    0.00    0.49 v _17_/B (sky130_fd_sc_hd__xnor2_2)
     1    0.00    0.04    0.13    0.62 v _17_/Y (sky130_fd_sc_hd__xnor2_2)
                                         _03_ (net)
                  0.04    0.00    0.62 v _21_/D (sky130_fd_sc_hd__dfrtp_2)
                                  0.62   data arrival time

                  0.00   10.00   10.00   clock core_clock (rise edge)
                          0.00   10.00   clock network delay (ideal)
                          0.00   10.00   clock reconvergence pessimism
                                 10.00 ^ _21_/CLK (sky130_fd_sc_hd__dfrtp_2)
                         -0.12    9.88   library setup time
                                  9.88   data required time
-----------------------------------------------------------------------------
                                  9.88   data required time
                                 -0.62   data arrival time
-----------------------------------------------------------------------------
                                  9.26   slack (MET)


Startpoint: _18_ (rising edge-triggered flip-flop clocked by core_clock)
Endpoint: _19_ (rising edge-triggered flip-flop clocked by core_clock)
Path Group: core_clock
Path Type: max

Fanout     Cap    Slew   Delay    Time   Description
-----------------------------------------------------------------------------
                  0.00    0.00    0.00   clock core_clock (rise edge)
                          0.00    0.00   clock network delay (ideal)
                  0.00    0.00    0.00 ^ _18_/CLK (sky130_fd_sc_hd__dfrtp_2)
     6    0.02    0.08    0.41    0.41 v _18_/Q (sky130_fd_sc_hd__dfrtp_2)
                                         count[0] (net)
                  0.08    0.00    0.41 v _12_/A (sky130_fd_sc_hd__xor2_2)
     1    0.00    0.04    0.17    0.58 v _12_/X (sky130_fd_sc_hd__xor2_2)
                                         _01_ (net)
                  0.04    0.00    0.58 v _19_/D (sky130_fd_sc_hd__dfrtp_2)
                                  0.58   data arrival time

                  0.00   10.00   10.00   clock core_clock (rise edge)
                          0.00   10.00   clock network delay (ideal)
                          0.00   10.00   clock reconvergence pessimism
                                 10.00 ^ _19_/CLK (sky130_fd_sc_hd__dfrtp_2)
                         -0.12    9.88   library setup time
                                  9.88   data required time
-----------------------------------------------------------------------------
                                  9.88   data required time
                                 -0.58   data arrival time
-----------------------------------------------------------------------------
                                  9.29   slack (MET)



worst slack corner Typical: 8.5499
