OpenROAD b16bda7e82721d10566ff7e2b68f1ff0be9f9e38 
Features included (+) or not (-): +Charts +GPU +GUI +Python
This program is licensed under the BSD-3 license. See the LICENSE file for details.
Components of this program may be licensed under more restrictive licenses which must be honored.
[INFO ODB-0227] LEF file: /openlane/lab3/runs/RUN_2025.05.19_13.29.44/tmp/merged.nom.lef, created 13 layers, 25 vias, 441 library cells
[INFO ODB-0127] Reading DEF file: /openlane/lab3/runs/RUN_2025.05.19_13.29.44/results/routing/counter.def
[INFO ODB-0128] Design: counter
[INFO ODB-0130]     Created 8 pins.
[INFO ODB-0131]     Created 112 components and 498 component-terminals.
[INFO ODB-0132]     Created 2 special nets and 434 connections.
[INFO ODB-0133]     Created 23 nets and 63 connections.
[INFO ODB-0134] Finished DEF file: /openlane/lab3/runs/RUN_2025.05.19_13.29.44/results/routing/counter.def
define_corners Typical
read_liberty -corner Typical /home/ceyhun/.volare/sky130A/libs.ref/sky130_fd_sc_hd/lib/sky130_fd_sc_hd__tt_025C_1v80.lib
Using 1e-12 for capacitance...
Using 1e+03 for resistance...
Using 1e-09 for time...
Using 1e+00 for voltage...
Using 1e-03 for current...
Using 1e-09 for power...
Using 1e-06 for distance...
Using RCX ruleset '/home/ceyhun/.volare/sky130A/libs.tech/openlane/rules.openrcx.sky130A.nom.calibre'...
[INFO RCX-0431] Defined process_corner X with ext_model_index 0
[INFO RCX-0029] Defined extraction corner X
[INFO RCX-0008] extracting parasitics of counter ...
[INFO RCX-0435] Reading extraction model file /home/ceyhun/.volare/sky130A/libs.tech/openlane/rules.openrcx.sky130A.nom.calibre ...
[INFO RCX-0436] RC segment generation counter (max_merge_res 50.0) ...
[INFO RCX-0040] Final 70 rc segments
[INFO RCX-0439] Coupling Cap extraction counter ...
[INFO RCX-0440] Coupling threshhold is 0.1000 fF, coupling capacitance less than 0.1000 fF will be grounded.
[INFO RCX-0043] 164 wires to be extracted
[INFO RCX-0442] 63% completion -- 104 wires have been extracted
[INFO RCX-0442] 100% completion -- 164 wires have been extracted
[INFO RCX-0045] Extract 23 nets, 93 rsegs, 93 caps, 97 ccs
[INFO RCX-0015] Finished extracting counter.
Writing result to /openlane/lab3/runs/RUN_2025.05.19_13.29.44/results/routing/mca/process_corner_nom/counter.spef...
Setting global connections for newly added cells…
[WARNING] Did not save OpenROAD database!
Writing extracted parasitics to '/openlane/lab3/runs/RUN_2025.05.19_13.29.44/results/routing/mca/process_corner_nom/counter.spef'…
[INFO RCX-0016] Writing SPEF ...
[INFO RCX-0443] 23 nets finished
[INFO RCX-0017] Finished writing SPEF ...
