OpenROAD b16bda7e82721d10566ff7e2b68f1ff0be9f9e38 
Features included (+) or not (-): +Charts +GPU +GUI +Python
This program is licensed under the BSD-3 license. See the LICENSE file for details.
Components of this program may be licensed under more restrictive licenses which must be honored.
define_corners Typical
read_liberty -corner Typical /home/ceyhun/.volare/sky130A/libs.ref/sky130_fd_sc_hd/lib/sky130_fd_sc_hd__tt_025C_1v80.lib
Using 1e-12 for capacitance...
Using 1e+03 for resistance...
Using 1e-09 for time...
Using 1e+00 for voltage...
Using 1e-03 for current...
Using 1e-09 for power...
Using 1e-06 for distance...
[INFO ODB-0227] LEF file: /openlane/lab3/runs/RUN_2025.05.19_13.29.44/tmp/merged.nom.lef, created 13 layers, 25 vias, 441 library cells
[INFO ODB-0127] Reading DEF file: /openlane/lab3/runs/RUN_2025.05.19_13.29.44/tmp/signoff/34-counter.p.def
[INFO ODB-0128] Design: counter
[INFO ODB-0130]     Created 8 pins.
[INFO ODB-0131]     Created 112 components and 498 component-terminals.
[INFO ODB-0132]     Created 2 special nets and 434 connections.
[INFO ODB-0133]     Created 23 nets and 63 connections.
[INFO ODB-0134] Finished DEF file: /openlane/lab3/runs/RUN_2025.05.19_13.29.44/tmp/signoff/34-counter.p.def
Reading design constraints file at '/openlane/lab3/src/counter.sdc'…
[WARNING] Did not save OpenROAD database!
Writing netlist to '/openlane/lab3/runs/RUN_2025.05.19_13.29.44/tmp/signoff/34-counter.nl.v'…
Writing powered netlist to '/openlane/lab3/runs/RUN_2025.05.19_13.29.44/tmp/signoff/34-counter.pnl.v'…
