OpenROAD b16bda7e82721d10566ff7e2b68f1ff0be9f9e38 
Features included (+) or not (-): +Charts +GPU +GUI +Python
This program is licensed under the BSD-3 license. See the LICENSE file for details.
Components of this program may be licensed under more restrictive licenses which must be honored.
define_corners Typical
read_liberty -corner Typical /home/ceyhun/.volare/sky130A/libs.ref/sky130_fd_sc_hd/lib/sky130_fd_sc_hd__tt_025C_1v80.lib
Using 1e-12 for capacitance...
Using 1e+03 for resistance...
Using 1e-09 for time...
Using 1e+00 for voltage...
Using 1e-03 for current...
Using 1e-09 for power...
Using 1e-06 for distance...
[INFO ODB-0227] LEF file: /openlane/lab3/runs/RUN_2025.05.19_13.29.44/tmp/merged.nom.lef, created 13 layers, 25 vias, 441 library cells
Reading netlist '/openlane/lab3/runs/RUN_2025.05.19_13.29.44/results/synthesis/counter.v'…
Reading design constraints file at '/openlane/lab3/src/counter.sdc'…
[INFO IFP-0001] Added 13 rows of 51 site unithd.
[INFO IFP-0030] Inserted 0 tiecells using sky130_fd_sc_hd__conb_1/LO.
[INFO IFP-0030] Inserted 0 tiecells using sky130_fd_sc_hd__conb_1/HI.
[INFO] Extracting DIE_AREA and CORE_AREA from the floorplan
[INFO] Floorplanned on a die area of 0.0 0.0 34.5 57.12 (microns). Saving to /openlane/lab3/runs/RUN_2025.05.19_13.29.44/reports/floorplan/3-initial_fp_die_area.rpt.
[INFO] Floorplanned on a core area of 5.52 10.88 28.98 46.24 (microns). Saving to /openlane/lab3/runs/RUN_2025.05.19_13.29.44/reports/floorplan/3-initial_fp_core_area.rpt.
Writing OpenROAD database to '/openlane/lab3/runs/RUN_2025.05.19_13.29.44/tmp/floorplan/3-initial_fp.odb'…
Writing layout to '/openlane/lab3/runs/RUN_2025.05.19_13.29.44/tmp/floorplan/3-initial_fp.def'…
Writing timing constraints to '/openlane/lab3/runs/RUN_2025.05.19_13.29.44/tmp/floorplan/3-initial_fp.sdc'…
