
===========================================================================
 report_power
============================================================================
======================= Fastest Corner ===================================

Group                  Internal  Switching    Leakage      Total
                          Power      Power      Power      Power (Watts)
----------------------------------------------------------------
Sequential             1.90e-05   0.00e+00   1.92e-08   1.90e-05  20.0%
Combinational          9.37e-16   3.51e-15   2.79e-11   2.79e-11   0.0%
Clock                  6.36e-05   1.26e-05   3.54e-10   7.62e-05  80.0%
Macro                  0.00e+00   0.00e+00   0.00e+00   0.00e+00   0.0%
Pad                    0.00e+00   0.00e+00   0.00e+00   0.00e+00   0.0%
----------------------------------------------------------------
Total                  8.26e-05   1.26e-05   1.96e-08   9.52e-05 100.0%
                          86.8%      13.2%       0.0%

======================= Slowest Corner ===================================

Group                  Internal  Switching    Leakage      Total
                          Power      Power      Power      Power (Watts)
----------------------------------------------------------------
Sequential             1.27e-05   0.00e+00   7.71e-08   1.28e-05  19.3%
Combinational          7.11e-16   2.18e-15   6.00e-08   6.00e-08   0.1%
Clock                  4.49e-05   8.22e-06   6.37e-08   5.32e-05  80.6%
Macro                  0.00e+00   0.00e+00   0.00e+00   0.00e+00   0.0%
Pad                    0.00e+00   0.00e+00   0.00e+00   0.00e+00   0.0%
----------------------------------------------------------------
Total                  5.76e-05   8.22e-06   2.01e-07   6.61e-05 100.0%
                          87.2%      12.4%       0.3%

======================= Typical Corner ===================================

Group                  Internal  Switching    Leakage      Total
                          Power      Power      Power      Power (Watts)
----------------------------------------------------------------
Sequential             1.63e-05   0.00e+00   1.92e-08   1.63e-05  19.9%
Combinational          8.59e-16   2.99e-15   2.62e-11   2.62e-11   0.0%
Clock                  5.53e-05   1.05e-05   1.89e-10   6.58e-05  80.1%
Macro                  0.00e+00   0.00e+00   0.00e+00   0.00e+00   0.0%
Pad                    0.00e+00   0.00e+00   0.00e+00   0.00e+00   0.0%
----------------------------------------------------------------
Total                  7.16e-05   1.05e-05   1.94e-08   8.21e-05 100.0%
                          87.1%      12.8%       0.0%

