
===========================================================================
report_checks -path_delay max (Setup)
============================================================================
======================= Typical Corner ===================================

Startpoint: in[1] (input port clocked by __VIRTUAL_CLK__)
Endpoint: out[6] (output port clocked by __VIRTUAL_CLK__)
Path Group: __VIRTUAL_CLK__
Path Type: max

Fanout     Cap    Slew   Delay    Time   Description
-----------------------------------------------------------------------------
                  0.00    0.00    0.00   clock __VIRTUAL_CLK__ (rise edge)
                          0.00    0.00   clock network delay (ideal)
                          2.00    2.00 v input external delay
     1    0.00    0.01    0.01    2.01 v in[1] (in)
                                         in[1] (net)
                  0.01    0.00    2.01 v input2/A (sky130_fd_sc_hd__buf_1)
     4    0.01    0.05    0.10    2.10 v input2/X (sky130_fd_sc_hd__buf_1)
                                         net2 (net)
                  0.05    0.00    2.10 v _13_/A (sky130_fd_sc_hd__or4_2)
     5    0.01    0.13    0.73    2.83 v _13_/X (sky130_fd_sc_hd__or4_2)
                                         _02_ (net)
                  0.13    0.00    2.83 v _20_/D (sky130_fd_sc_hd__or4_1)
     2    0.01    0.12    0.49    3.33 v _20_/X (sky130_fd_sc_hd__or4_1)
                                         _06_ (net)
                  0.12    0.00    3.33 v _22_/A (sky130_fd_sc_hd__and2_1)
     1    0.00    0.03    0.17    3.50 v _22_/X (sky130_fd_sc_hd__and2_1)
                                         _08_ (net)
                  0.03    0.00    3.50 v _23_/A (sky130_fd_sc_hd__clkbuf_1)
     1    0.00    0.03    0.09    3.58 v _23_/X (sky130_fd_sc_hd__clkbuf_1)
                                         net15 (net)
                  0.03    0.00    3.58 v output15/A (sky130_fd_sc_hd__buf_2)
     1    0.03    0.09    0.18    3.76 v output15/X (sky130_fd_sc_hd__buf_2)
                                         out[6] (net)
                  0.09    0.00    3.76 v out[6] (out)
                                  3.76   data arrival time

                  0.00   10.00   10.00   clock __VIRTUAL_CLK__ (rise edge)
                          0.00   10.00   clock network delay (ideal)
                         -0.25    9.75   clock uncertainty
                          0.00    9.75   clock reconvergence pessimism
                         -2.00    7.75   output external delay
                                  7.75   data required time
-----------------------------------------------------------------------------
                                  7.75   data required time
                                 -3.76   data arrival time
-----------------------------------------------------------------------------
                                  3.99   slack (MET)


Startpoint: in[1] (input port clocked by __VIRTUAL_CLK__)
Endpoint: out[7] (output port clocked by __VIRTUAL_CLK__)
Path Group: __VIRTUAL_CLK__
Path Type: max

Fanout     Cap    Slew   Delay    Time   Description
-----------------------------------------------------------------------------
                  0.00    0.00    0.00   clock __VIRTUAL_CLK__ (rise edge)
                          0.00    0.00   clock network delay (ideal)
                          2.00    2.00 v input external delay
     1    0.00    0.01    0.01    2.01 v in[1] (in)
                                         in[1] (net)
                  0.01    0.00    2.01 v input2/A (sky130_fd_sc_hd__buf_1)
     4    0.01    0.05    0.10    2.10 v input2/X (sky130_fd_sc_hd__buf_1)
                                         net2 (net)
                  0.05    0.00    2.10 v _13_/A (sky130_fd_sc_hd__or4_2)
     5    0.01    0.13    0.73    2.83 v _13_/X (sky130_fd_sc_hd__or4_2)
                                         _02_ (net)
                  0.13    0.00    2.83 v _20_/D (sky130_fd_sc_hd__or4_1)
     2    0.01    0.12    0.49    3.33 v _20_/X (sky130_fd_sc_hd__or4_1)
                                         _06_ (net)
                  0.12    0.00    3.33 v _24_/B (sky130_fd_sc_hd__xor2_1)
     1    0.00    0.12    0.16    3.49 ^ _24_/X (sky130_fd_sc_hd__xor2_1)
                                         net16 (net)
                  0.12    0.00    3.49 ^ output16/A (sky130_fd_sc_hd__clkbuf_4)
     1    0.04    0.12    0.23    3.72 ^ output16/X (sky130_fd_sc_hd__clkbuf_4)
                                         out[7] (net)
                  0.12    0.00    3.72 ^ out[7] (out)
                                  3.72   data arrival time

                  0.00   10.00   10.00   clock __VIRTUAL_CLK__ (rise edge)
                          0.00   10.00   clock network delay (ideal)
                         -0.25    9.75   clock uncertainty
                          0.00    9.75   clock reconvergence pessimism
                         -2.00    7.75   output external delay
                                  7.75   data required time
-----------------------------------------------------------------------------
                                  7.75   data required time
                                 -3.72   data arrival time
-----------------------------------------------------------------------------
                                  4.03   slack (MET)


Startpoint: in[1] (input port clocked by __VIRTUAL_CLK__)
Endpoint: out[5] (output port clocked by __VIRTUAL_CLK__)
Path Group: __VIRTUAL_CLK__
Path Type: max

Fanout     Cap    Slew   Delay    Time   Description
-----------------------------------------------------------------------------
                  0.00    0.00    0.00   clock __VIRTUAL_CLK__ (rise edge)
                          0.00    0.00   clock network delay (ideal)
                          2.00    2.00 v input external delay
     1    0.00    0.01    0.01    2.01 v in[1] (in)
                                         in[1] (net)
                  0.01    0.00    2.01 v input2/A (sky130_fd_sc_hd__buf_1)
     4    0.01    0.05    0.10    2.10 v input2/X (sky130_fd_sc_hd__buf_1)
                                         net2 (net)
                  0.05    0.00    2.10 v _13_/A (sky130_fd_sc_hd__or4_2)
     5    0.01    0.13    0.73    2.83 v _13_/X (sky130_fd_sc_hd__or4_2)
                                         _02_ (net)
                  0.13    0.00    2.83 v _16_/B (sky130_fd_sc_hd__nor2_1)
     2    0.01    0.15    0.17    3.01 ^ _16_/Y (sky130_fd_sc_hd__nor2_1)
                                         _04_ (net)
                  0.15    0.00    3.01 ^ _19_/B (sky130_fd_sc_hd__xnor2_1)
     1    0.00    0.12    0.14    3.15 ^ _19_/Y (sky130_fd_sc_hd__xnor2_1)
                                         net14 (net)
                  0.12    0.00    3.15 ^ output14/A (sky130_fd_sc_hd__buf_2)
     1    0.03    0.17    0.24    3.39 ^ output14/X (sky130_fd_sc_hd__buf_2)
                                         out[5] (net)
                  0.17    0.00    3.39 ^ out[5] (out)
                                  3.39   data arrival time

                  0.00   10.00   10.00   clock __VIRTUAL_CLK__ (rise edge)
                          0.00   10.00   clock network delay (ideal)
                         -0.25    9.75   clock uncertainty
                          0.00    9.75   clock reconvergence pessimism
                         -2.00    7.75   output external delay
                                  7.75   data required time
-----------------------------------------------------------------------------
                                  7.75   data required time
                                 -3.39   data arrival time
-----------------------------------------------------------------------------
                                  4.36   slack (MET)


Startpoint: in[1] (input port clocked by __VIRTUAL_CLK__)
Endpoint: out[4] (output port clocked by __VIRTUAL_CLK__)
Path Group: __VIRTUAL_CLK__
Path Type: max

Fanout     Cap    Slew   Delay    Time   Description
-----------------------------------------------------------------------------
                  0.00    0.00    0.00   clock __VIRTUAL_CLK__ (rise edge)
                          0.00    0.00   clock network delay (ideal)
                          2.00    2.00 v input external delay
     1    0.00    0.01    0.01    2.01 v in[1] (in)
                                         in[1] (net)
                  0.01    0.00    2.01 v input2/A (sky130_fd_sc_hd__buf_1)
     4    0.01    0.05    0.10    2.10 v input2/X (sky130_fd_sc_hd__buf_1)
                                         net2 (net)
                  0.05    0.00    2.10 v _13_/A (sky130_fd_sc_hd__or4_2)
     5    0.01    0.13    0.73    2.83 v _13_/X (sky130_fd_sc_hd__or4_2)
                                         _02_ (net)
                  0.13    0.00    2.83 v _17_/B (sky130_fd_sc_hd__and2_1)
     1    0.00    0.03    0.19    3.03 v _17_/X (sky130_fd_sc_hd__and2_1)
                                         _05_ (net)
                  0.03    0.00    3.03 v _18_/B (sky130_fd_sc_hd__nor2_1)
     1    0.00    0.08    0.08    3.11 ^ _18_/Y (sky130_fd_sc_hd__nor2_1)
                                         net13 (net)
                  0.08    0.00    3.11 ^ output13/A (sky130_fd_sc_hd__buf_2)
     1    0.03    0.17    0.22    3.33 ^ output13/X (sky130_fd_sc_hd__buf_2)
                                         out[4] (net)
                  0.17    0.00    3.33 ^ out[4] (out)
                                  3.33   data arrival time

                  0.00   10.00   10.00   clock __VIRTUAL_CLK__ (rise edge)
                          0.00   10.00   clock network delay (ideal)
                         -0.25    9.75   clock uncertainty
                          0.00    9.75   clock reconvergence pessimism
                         -2.00    7.75   output external delay
                                  7.75   data required time
-----------------------------------------------------------------------------
                                  7.75   data required time
                                 -3.33   data arrival time
-----------------------------------------------------------------------------
                                  4.42   slack (MET)


Startpoint: in[1] (input port clocked by __VIRTUAL_CLK__)
Endpoint: out[3] (output port clocked by __VIRTUAL_CLK__)
Path Group: __VIRTUAL_CLK__
Path Type: max

Fanout     Cap    Slew   Delay    Time   Description
-----------------------------------------------------------------------------
                  0.00    0.00    0.00   clock __VIRTUAL_CLK__ (rise edge)
                          0.00    0.00   clock network delay (ideal)
                          2.00    2.00 v input external delay
     1    0.00    0.01    0.01    2.01 v in[1] (in)
                                         in[1] (net)
                  0.01    0.00    2.01 v input2/A (sky130_fd_sc_hd__buf_1)
     4    0.01    0.05    0.10    2.10 v input2/X (sky130_fd_sc_hd__buf_1)
                                         net2 (net)
                  0.05    0.00    2.10 v _13_/A (sky130_fd_sc_hd__or4_2)
     5    0.01    0.13    0.73    2.83 v _13_/X (sky130_fd_sc_hd__or4_2)
                                         _02_ (net)
                  0.13    0.00    2.83 v _14_/B (sky130_fd_sc_hd__and2b_1)
     1    0.00    0.03    0.20    3.03 v _14_/X (sky130_fd_sc_hd__and2b_1)
                                         _03_ (net)
                  0.03    0.00    3.03 v _15_/A (sky130_fd_sc_hd__clkbuf_1)
     1    0.00    0.03    0.09    3.12 v _15_/X (sky130_fd_sc_hd__clkbuf_1)
                                         net12 (net)
                  0.03    0.00    3.12 v output12/A (sky130_fd_sc_hd__buf_2)
     1    0.03    0.09    0.18    3.30 v output12/X (sky130_fd_sc_hd__buf_2)
                                         out[3] (net)
                  0.09    0.00    3.30 v out[3] (out)
                                  3.30   data arrival time

                  0.00   10.00   10.00   clock __VIRTUAL_CLK__ (rise edge)
                          0.00   10.00   clock network delay (ideal)
                         -0.25    9.75   clock uncertainty
                          0.00    9.75   clock reconvergence pessimism
                         -2.00    7.75   output external delay
                                  7.75   data required time
-----------------------------------------------------------------------------
                                  7.75   data required time
                                 -3.30   data arrival time
-----------------------------------------------------------------------------
                                  4.45   slack (MET)


Startpoint: in[1] (input port clocked by __VIRTUAL_CLK__)
Endpoint: out[2] (output port clocked by __VIRTUAL_CLK__)
Path Group: __VIRTUAL_CLK__
Path Type: max

Fanout     Cap    Slew   Delay    Time   Description
-----------------------------------------------------------------------------
                  0.00    0.00    0.00   clock __VIRTUAL_CLK__ (rise edge)
                          0.00    0.00   clock network delay (ideal)
                          2.00    2.00 v input external delay
     1    0.00    0.01    0.01    2.01 v in[1] (in)
                                         in[1] (net)
                  0.01    0.00    2.01 v input2/A (sky130_fd_sc_hd__buf_1)
     4    0.01    0.05    0.10    2.10 v input2/X (sky130_fd_sc_hd__buf_1)
                                         net2 (net)
                  0.05    0.00    2.10 v _10_/A (sky130_fd_sc_hd__nor2_1)
     2    0.01    0.19    0.19    2.29 ^ _10_/Y (sky130_fd_sc_hd__nor2_1)
                                         _00_ (net)
                  0.19    0.00    2.29 ^ _11_/B (sky130_fd_sc_hd__xnor2_1)
     1    0.00    0.13    0.15    2.45 ^ _11_/Y (sky130_fd_sc_hd__xnor2_1)
                                         net11 (net)
                  0.13    0.00    2.45 ^ output11/A (sky130_fd_sc_hd__buf_2)
     1    0.03    0.17    0.24    2.69 ^ output11/X (sky130_fd_sc_hd__buf_2)
                                         out[2] (net)
                  0.17    0.00    2.69 ^ out[2] (out)
                                  2.69   data arrival time

                  0.00   10.00   10.00   clock __VIRTUAL_CLK__ (rise edge)
                          0.00   10.00   clock network delay (ideal)
                         -0.25    9.75   clock uncertainty
                          0.00    9.75   clock reconvergence pessimism
                         -2.00    7.75   output external delay
                                  7.75   data required time
-----------------------------------------------------------------------------
                                  7.75   data required time
                                 -2.69   data arrival time
-----------------------------------------------------------------------------
                                  5.06   slack (MET)


Startpoint: in[0] (input port clocked by __VIRTUAL_CLK__)
Endpoint: out[1] (output port clocked by __VIRTUAL_CLK__)
Path Group: __VIRTUAL_CLK__
Path Type: max

Fanout     Cap    Slew   Delay    Time   Description
-----------------------------------------------------------------------------
                  0.00    0.00    0.00   clock __VIRTUAL_CLK__ (rise edge)
                          0.00    0.00   clock network delay (ideal)
                          2.00    2.00 v input external delay
     1    0.00    0.01    0.00    2.00 v in[0] (in)
                                         in[0] (net)
                  0.01    0.00    2.00 v input1/A (sky130_fd_sc_hd__buf_1)
     5    0.01    0.06    0.11    2.11 v input1/X (sky130_fd_sc_hd__buf_1)
                                         net1 (net)
                  0.06    0.00    2.11 v _25_/B (sky130_fd_sc_hd__and2_1)
     1    0.00    0.04    0.17    2.28 v _25_/X (sky130_fd_sc_hd__and2_1)
                                         _09_ (net)
                  0.04    0.00    2.28 v _26_/B (sky130_fd_sc_hd__nor2_1)
     1    0.00    0.09    0.10    2.38 ^ _26_/Y (sky130_fd_sc_hd__nor2_1)
                                         net10 (net)
                  0.09    0.00    2.38 ^ output10/A (sky130_fd_sc_hd__buf_2)
     1    0.03    0.17    0.23    2.60 ^ output10/X (sky130_fd_sc_hd__buf_2)
                                         out[1] (net)
                  0.17    0.00    2.60 ^ out[1] (out)
                                  2.60   data arrival time

                  0.00   10.00   10.00   clock __VIRTUAL_CLK__ (rise edge)
                          0.00   10.00   clock network delay (ideal)
                         -0.25    9.75   clock uncertainty
                          0.00    9.75   clock reconvergence pessimism
                         -2.00    7.75   output external delay
                                  7.75   data required time
-----------------------------------------------------------------------------
                                  7.75   data required time
                                 -2.60   data arrival time
-----------------------------------------------------------------------------
                                  5.15   slack (MET)


Startpoint: in[0] (input port clocked by __VIRTUAL_CLK__)
Endpoint: out[0] (output port clocked by __VIRTUAL_CLK__)
Path Group: __VIRTUAL_CLK__
Path Type: max

Fanout     Cap    Slew   Delay    Time   Description
-----------------------------------------------------------------------------
                  0.00    0.00    0.00   clock __VIRTUAL_CLK__ (rise edge)
                          0.00    0.00   clock network delay (ideal)
                          2.00    2.00 ^ input external delay
     1    0.00    0.02    0.01    2.01 ^ in[0] (in)
                                         in[0] (net)
                  0.02    0.00    2.01 ^ input1/A (sky130_fd_sc_hd__buf_1)
     5    0.01    0.13    0.14    2.15 ^ input1/X (sky130_fd_sc_hd__buf_1)
                                         net1 (net)
                  0.13    0.00    2.15 ^ _27_/A (sky130_fd_sc_hd__clkbuf_1)
     1    0.00    0.04    0.11    2.26 ^ _27_/X (sky130_fd_sc_hd__clkbuf_1)
                                         net9 (net)
                  0.04    0.00    2.26 ^ output9/A (sky130_fd_sc_hd__buf_2)
     1    0.04    0.18    0.21    2.47 ^ output9/X (sky130_fd_sc_hd__buf_2)
                                         out[0] (net)
                  0.18    0.00    2.47 ^ out[0] (out)
                                  2.47   data arrival time

                  0.00   10.00   10.00   clock __VIRTUAL_CLK__ (rise edge)
                          0.00   10.00   clock network delay (ideal)
                         -0.25    9.75   clock uncertainty
                          0.00    9.75   clock reconvergence pessimism
                         -2.00    7.75   output external delay
                                  7.75   data required time
-----------------------------------------------------------------------------
                                  7.75   data required time
                                 -2.47   data arrival time
-----------------------------------------------------------------------------
                                  5.28   slack (MET)



worst slack corner Typical: 3.9864
