OpenROAD b16bda7e82721d10566ff7e2b68f1ff0be9f9e38 
Features included (+) or not (-): +Charts +GPU +GUI +Python
This program is licensed under the BSD-3 license. See the LICENSE file for details.
Components of this program may be licensed under more restrictive licenses which must be honored.
define_corners Typical
read_liberty -corner Typical /home/daslinux/.volare/sky130A/libs.ref/sky130_fd_sc_hd/lib/sky130_fd_sc_hd__tt_025C_1v80.lib
Using 1e-12 for capacitance...
Using 1e+03 for resistance...
Using 1e-09 for time...
Using 1e+00 for voltage...
Using 1e-03 for current...
Using 1e-09 for power...
Using 1e-06 for distance...
[INFO]: Reading ODB at '/openlane/designs/labwork2_src/runs/RUN_2025.05.02_17.16.36/tmp/16-labwork2_src.odb'…
Reading design constraints file at '/openlane/scripts/base.sdc'…
[INFO]: Setting output delay to: 2.0
[INFO]: Setting input delay to: 2.0
[WARNING STA-0366] port '__VIRTUAL_CLK__' not found.
[INFO]: Setting load to: 0.033442
[INFO]: Setting clock uncertainty to: 0.25
[INFO]: Setting clock transition to: 0.15
[WARNING STA-0419] transition time can not be specified for virtual clocks.
[INFO]: Setting timing derate to: 5.0 %
[INFO]: Propagating all clocks
[WARNING STA-0450] virtual clock __VIRTUAL_CLK__ can not be propagated.
[INFO]: Setting RC values...
[WARNING GRT-0026] Missing route to pin _252_/B.
[WARNING GRT-0026] Missing route to pin _276_/C1.
[WARNING GRT-0026] Missing route to pin _276_/B1.
[WARNING GRT-0026] Missing route to pin _252_/A.
[WARNING GRT-0026] Missing route to pin _233_/X.
min_report

===========================================================================
report_checks -path_delay min (Hold)
============================================================================
======================= Typical Corner ===================================

Startpoint: A[5] (input port clocked by __VIRTUAL_CLK__)
Endpoint: OUT[5] (output port clocked by __VIRTUAL_CLK__)
Path Group: __VIRTUAL_CLK__
Path Type: min

Fanout     Cap    Slew   Delay    Time   Description
-----------------------------------------------------------------------------
                  0.00    0.00    0.00   clock __VIRTUAL_CLK__ (rise edge)
                          0.00    0.00   clock network delay (ideal)
                          2.00    2.00 ^ input external delay
     1    0.00    0.02    0.01    2.01 ^ A[5] (in)
                                         A[5] (net)
                  0.02    0.00    2.01 ^ input6/A (sky130_fd_sc_hd__buf_2)
     6    0.02    0.13    0.15    2.16 ^ input6/X (sky130_fd_sc_hd__buf_2)
                                         net6 (net)
                  0.13    0.00    2.16 ^ _233_/A2 (sky130_fd_sc_hd__a311o_1)
     1    0.00    0.05    0.16    2.32 ^ _233_/X (sky130_fd_sc_hd__a311o_1)
                                         _161_ (net)
                  0.05    0.00    2.32 ^ _267_/B1 (sky130_fd_sc_hd__a211o_1)
     1    0.00    0.03    0.08    2.40 ^ _267_/X (sky130_fd_sc_hd__a211o_1)
                                         net25 (net)
                  0.03    0.00    2.40 ^ output25/A (sky130_fd_sc_hd__buf_2)
     1    0.04    0.18    0.19    2.59 ^ output25/X (sky130_fd_sc_hd__buf_2)
                                         OUT[5] (net)
                  0.18    0.00    2.59 ^ OUT[5] (out)
                                  2.59   data arrival time

                  0.00    0.00    0.00   clock __VIRTUAL_CLK__ (rise edge)
                          0.00    0.00   clock network delay (ideal)
                          0.25    0.25   clock uncertainty
                          0.00    0.25   clock reconvergence pessimism
                         -2.00   -1.75   output external delay
                                 -1.75   data required time
-----------------------------------------------------------------------------
                                 -1.75   data required time
                                 -2.59   data arrival time
-----------------------------------------------------------------------------
                                  4.34   slack (MET)


Startpoint: B[4] (input port clocked by __VIRTUAL_CLK__)
Endpoint: OUT[4] (output port clocked by __VIRTUAL_CLK__)
Path Group: __VIRTUAL_CLK__
Path Type: min

Fanout     Cap    Slew   Delay    Time   Description
-----------------------------------------------------------------------------
                  0.00    0.00    0.00   clock __VIRTUAL_CLK__ (rise edge)
                          0.00    0.00   clock network delay (ideal)
                          2.00    2.00 ^ input external delay
     1    0.00    0.02    0.01    2.01 ^ B[4] (in)
                                         B[4] (net)
                  0.02    0.00    2.01 ^ input13/A (sky130_fd_sc_hd__clkbuf_4)
     6    0.03    0.10    0.16    2.16 ^ input13/X (sky130_fd_sc_hd__clkbuf_4)
                                         net13 (net)
                  0.10    0.00    2.16 ^ _341_/A1 (sky130_fd_sc_hd__a31o_1)
     1    0.00    0.03    0.12    2.29 ^ _341_/X (sky130_fd_sc_hd__a31o_1)
                                         _092_ (net)
                  0.03    0.00    2.29 ^ _346_/B (sky130_fd_sc_hd__or3_1)
     1    0.00    0.03    0.08    2.37 ^ _346_/X (sky130_fd_sc_hd__or3_1)
                                         _097_ (net)
                  0.03    0.00    2.37 ^ _347_/A (sky130_fd_sc_hd__clkbuf_1)
     1    0.00    0.07    0.09    2.46 ^ _347_/X (sky130_fd_sc_hd__clkbuf_1)
                                         net24 (net)
                  0.07    0.00    2.46 ^ output24/A (sky130_fd_sc_hd__buf_2)
     1    0.03    0.17    0.19    2.65 ^ output24/X (sky130_fd_sc_hd__buf_2)
                                         OUT[4] (net)
                  0.17    0.00    2.65 ^ OUT[4] (out)
                                  2.65   data arrival time

                  0.00    0.00    0.00   clock __VIRTUAL_CLK__ (rise edge)
                          0.00    0.00   clock network delay (ideal)
                          0.25    0.25   clock uncertainty
                          0.00    0.25   clock reconvergence pessimism
                         -2.00   -1.75   output external delay
                                 -1.75   data required time
-----------------------------------------------------------------------------
                                 -1.75   data required time
                                 -2.65   data arrival time
-----------------------------------------------------------------------------
                                  4.40   slack (MET)


Startpoint: B[0] (input port clocked by __VIRTUAL_CLK__)
Endpoint: OUT[0] (output port clocked by __VIRTUAL_CLK__)
Path Group: __VIRTUAL_CLK__
Path Type: min

Fanout     Cap    Slew   Delay    Time   Description
-----------------------------------------------------------------------------
                  0.00    0.00    0.00   clock __VIRTUAL_CLK__ (rise edge)
                          0.00    0.00   clock network delay (ideal)
                          2.00    2.00 v input external delay
     1    0.00    0.01    0.00    2.00 v B[0] (in)
                                         B[0] (net)
                  0.01    0.00    2.00 v input9/A (sky130_fd_sc_hd__dlymetal6s2s_1)
     4    0.01    0.06    0.13    2.13 v input9/X (sky130_fd_sc_hd__dlymetal6s2s_1)
                                         net9 (net)
                  0.06    0.00    2.13 v _184_/A (sky130_fd_sc_hd__buf_4)
    10    0.03    0.05    0.16    2.29 v _184_/X (sky130_fd_sc_hd__buf_4)
                                         _112_ (net)
                  0.05    0.00    2.29 v _307_/A1 (sky130_fd_sc_hd__a31o_1)
     1    0.01    0.07    0.20    2.49 v _307_/X (sky130_fd_sc_hd__a31o_1)
                                         net20 (net)
                  0.07    0.00    2.49 v output20/A (sky130_fd_sc_hd__buf_2)
     1    0.04    0.09    0.18    2.68 v output20/X (sky130_fd_sc_hd__buf_2)
                                         OUT[0] (net)
                  0.09    0.00    2.68 v OUT[0] (out)
                                  2.68   data arrival time

                  0.00    0.00    0.00   clock __VIRTUAL_CLK__ (rise edge)
                          0.00    0.00   clock network delay (ideal)
                          0.25    0.25   clock uncertainty
                          0.00    0.25   clock reconvergence pessimism
                         -2.00   -1.75   output external delay
                                 -1.75   data required time
-----------------------------------------------------------------------------
                                 -1.75   data required time
                                 -2.68   data arrival time
-----------------------------------------------------------------------------
                                  4.43   slack (MET)


Startpoint: A[6] (input port clocked by __VIRTUAL_CLK__)
Endpoint: OUT[6] (output port clocked by __VIRTUAL_CLK__)
Path Group: __VIRTUAL_CLK__
Path Type: min

Fanout     Cap    Slew   Delay    Time   Description
-----------------------------------------------------------------------------
                  0.00    0.00    0.00   clock __VIRTUAL_CLK__ (rise edge)
                          0.00    0.00   clock network delay (ideal)
                          2.00    2.00 v input external delay
     1    0.00    0.01    0.01    2.01 v A[6] (in)
                                         A[6] (net)
                  0.01    0.00    2.01 v input7/A (sky130_fd_sc_hd__buf_2)
     5    0.03    0.08    0.14    2.15 v input7/X (sky130_fd_sc_hd__buf_2)
                                         net7 (net)
                  0.08    0.00    2.15 v _289_/A1 (sky130_fd_sc_hd__o211ai_2)
     1    0.00    0.04    0.15    2.30 ^ _289_/Y (sky130_fd_sc_hd__o211ai_2)
                                         _046_ (net)
                  0.04    0.00    2.30 ^ _290_/B1 (sky130_fd_sc_hd__a31o_1)
     1    0.01    0.06    0.10    2.40 ^ _290_/X (sky130_fd_sc_hd__a31o_1)
                                         _047_ (net)
                  0.06    0.00    2.40 ^ _291_/B1 (sky130_fd_sc_hd__a21o_1)
     1    0.01    0.07    0.10    2.50 ^ _291_/X (sky130_fd_sc_hd__a21o_1)
                                         net26 (net)
                  0.07    0.00    2.50 ^ output26/A (sky130_fd_sc_hd__buf_2)
     1    0.03    0.17    0.20    2.70 ^ output26/X (sky130_fd_sc_hd__buf_2)
                                         OUT[6] (net)
                  0.17    0.00    2.70 ^ OUT[6] (out)
                                  2.70   data arrival time

                  0.00    0.00    0.00   clock __VIRTUAL_CLK__ (rise edge)
                          0.00    0.00   clock network delay (ideal)
                          0.25    0.25   clock uncertainty
                          0.00    0.25   clock reconvergence pessimism
                         -2.00   -1.75   output external delay
                                 -1.75   data required time
-----------------------------------------------------------------------------
                                 -1.75   data required time
                                 -2.70   data arrival time
-----------------------------------------------------------------------------
                                  4.45   slack (MET)


Startpoint: OPCODE[2] (input port clocked by __VIRTUAL_CLK__)
Endpoint: OUT[7] (output port clocked by __VIRTUAL_CLK__)
Path Group: __VIRTUAL_CLK__
Path Type: min

Fanout     Cap    Slew   Delay    Time   Description
-----------------------------------------------------------------------------
                  0.00    0.00    0.00   clock __VIRTUAL_CLK__ (rise edge)
                          0.00    0.00   clock network delay (ideal)
                          2.00    2.00 v input external delay
     1    0.00    0.01    0.00    2.00 v OPCODE[2] (in)
                                         OPCODE[2] (net)
                  0.01    0.00    2.00 v input19/A (sky130_fd_sc_hd__clkbuf_4)
     6    0.02    0.06    0.14    2.15 v input19/X (sky130_fd_sc_hd__clkbuf_4)
                                         net19 (net)
                  0.06    0.00    2.15 v _265_/A (sky130_fd_sc_hd__and3_2)
     7    0.03    0.09    0.23    2.37 v _265_/X (sky130_fd_sc_hd__and3_2)
                                         _023_ (net)
                  0.09    0.00    2.38 v _302_/A1 (sky130_fd_sc_hd__a31o_1)
     1    0.00    0.03    0.17    2.55 v _302_/X (sky130_fd_sc_hd__a31o_1)
                                         net27 (net)
                  0.03    0.00    2.55 v output27/A (sky130_fd_sc_hd__buf_2)
     1    0.03    0.09    0.16    2.71 v output27/X (sky130_fd_sc_hd__buf_2)
                                         OUT[7] (net)
                  0.09    0.00    2.71 v OUT[7] (out)
                                  2.71   data arrival time

                  0.00    0.00    0.00   clock __VIRTUAL_CLK__ (rise edge)
                          0.00    0.00   clock network delay (ideal)
                          0.25    0.25   clock uncertainty
                          0.00    0.25   clock reconvergence pessimism
                         -2.00   -1.75   output external delay
                                 -1.75   data required time
-----------------------------------------------------------------------------
                                 -1.75   data required time
                                 -2.71   data arrival time
-----------------------------------------------------------------------------
                                  4.46   slack (MET)


Startpoint: OPCODE[2] (input port clocked by __VIRTUAL_CLK__)
Endpoint: OUT[2] (output port clocked by __VIRTUAL_CLK__)
Path Group: __VIRTUAL_CLK__
Path Type: min

Fanout     Cap    Slew   Delay    Time   Description
-----------------------------------------------------------------------------
                  0.00    0.00    0.00   clock __VIRTUAL_CLK__ (rise edge)
                          0.00    0.00   clock network delay (ideal)
                          2.00    2.00 v input external delay
     1    0.00    0.01    0.00    2.00 v OPCODE[2] (in)
                                         OPCODE[2] (net)
                  0.01    0.00    2.00 v input19/A (sky130_fd_sc_hd__clkbuf_4)
     6    0.02    0.06    0.14    2.15 v input19/X (sky130_fd_sc_hd__clkbuf_4)
                                         net19 (net)
                  0.06    0.00    2.15 v _170_/A (sky130_fd_sc_hd__inv_2)
     2    0.01    0.07    0.08    2.22 ^ _170_/Y (sky130_fd_sc_hd__inv_2)
                                         _098_ (net)
                  0.07    0.00    2.22 ^ _172_/A (sky130_fd_sc_hd__nor2_4)
     8    0.04    0.05    0.06    2.29 v _172_/Y (sky130_fd_sc_hd__nor2_4)
                                         _100_ (net)
                  0.05    0.00    2.29 v _320_/B1 (sky130_fd_sc_hd__o21ai_1)
     1    0.00    0.07    0.07    2.35 ^ _320_/Y (sky130_fd_sc_hd__o21ai_1)
                                         _073_ (net)
                  0.07    0.00    2.35 ^ _325_/A2 (sky130_fd_sc_hd__o21bai_1)
     1    0.00    0.03    0.06    2.41 v _325_/Y (sky130_fd_sc_hd__o21bai_1)
                                         _078_ (net)
                  0.03    0.00    2.41 v _326_/B1 (sky130_fd_sc_hd__a31o_1)
     1    0.01    0.06    0.19    2.60 v _326_/X (sky130_fd_sc_hd__a31o_1)
                                         net22 (net)
                  0.06    0.00    2.60 v output22/A (sky130_fd_sc_hd__buf_2)
     1    0.04    0.09    0.18    2.79 v output22/X (sky130_fd_sc_hd__buf_2)
                                         OUT[2] (net)
                  0.09    0.00    2.79 v OUT[2] (out)
                                  2.79   data arrival time

                  0.00    0.00    0.00   clock __VIRTUAL_CLK__ (rise edge)
                          0.00    0.00   clock network delay (ideal)
                          0.25    0.25   clock uncertainty
                          0.00    0.25   clock reconvergence pessimism
                         -2.00   -1.75   output external delay
                                 -1.75   data required time
-----------------------------------------------------------------------------
                                 -1.75   data required time
                                 -2.79   data arrival time
-----------------------------------------------------------------------------
                                  4.54   slack (MET)


Startpoint: B[1] (input port clocked by __VIRTUAL_CLK__)
Endpoint: OUT[1] (output port clocked by __VIRTUAL_CLK__)
Path Group: __VIRTUAL_CLK__
Path Type: min

Fanout     Cap    Slew   Delay    Time   Description
-----------------------------------------------------------------------------
                  0.00    0.00    0.00   clock __VIRTUAL_CLK__ (rise edge)
                          0.00    0.00   clock network delay (ideal)
                          2.00    2.00 ^ input external delay
     1    0.00    0.02    0.01    2.01 ^ B[1] (in)
                                         B[1] (net)
                  0.02    0.00    2.01 ^ input10/A (sky130_fd_sc_hd__clkbuf_2)
     5    0.01    0.07    0.11    2.12 ^ input10/X (sky130_fd_sc_hd__clkbuf_2)
                                         net10 (net)
                  0.07    0.00    2.12 ^ _175_/A (sky130_fd_sc_hd__buf_4)
    10    0.03    0.10    0.15    2.27 ^ _175_/X (sky130_fd_sc_hd__buf_4)
                                         _103_ (net)
                  0.10    0.00    2.27 ^ _309_/A2 (sky130_fd_sc_hd__o22a_1)
     1    0.01    0.07    0.15    2.42 ^ _309_/X (sky130_fd_sc_hd__o22a_1)
                                         _063_ (net)
                  0.07    0.00    2.42 ^ _317_/A (sky130_fd_sc_hd__or4b_1)
     1    0.00    0.05    0.11    2.52 ^ _317_/X (sky130_fd_sc_hd__or4b_1)
                                         _071_ (net)
                  0.05    0.00    2.52 ^ _318_/A (sky130_fd_sc_hd__clkbuf_1)
     1    0.01    0.08    0.10    2.62 ^ _318_/X (sky130_fd_sc_hd__clkbuf_1)
                                         net21 (net)
                  0.08    0.00    2.62 ^ output21/A (sky130_fd_sc_hd__buf_2)
     1    0.03    0.17    0.20    2.82 ^ output21/X (sky130_fd_sc_hd__buf_2)
                                         OUT[1] (net)
                  0.17    0.00    2.82 ^ OUT[1] (out)
                                  2.82   data arrival time

                  0.00    0.00    0.00   clock __VIRTUAL_CLK__ (rise edge)
                          0.00    0.00   clock network delay (ideal)
                          0.25    0.25   clock uncertainty
                          0.00    0.25   clock reconvergence pessimism
                         -2.00   -1.75   output external delay
                                 -1.75   data required time
-----------------------------------------------------------------------------
                                 -1.75   data required time
                                 -2.82   data arrival time
-----------------------------------------------------------------------------
                                  4.57   slack (MET)


Startpoint: OPCODE[2] (input port clocked by __VIRTUAL_CLK__)
Endpoint: OUT[3] (output port clocked by __VIRTUAL_CLK__)
Path Group: __VIRTUAL_CLK__
Path Type: min

Fanout     Cap    Slew   Delay    Time   Description
-----------------------------------------------------------------------------
                  0.00    0.00    0.00   clock __VIRTUAL_CLK__ (rise edge)
                          0.00    0.00   clock network delay (ideal)
                          2.00    2.00 v input external delay
     1    0.00    0.01    0.00    2.00 v OPCODE[2] (in)
                                         OPCODE[2] (net)
                  0.01    0.00    2.00 v input19/A (sky130_fd_sc_hd__clkbuf_4)
     6    0.02    0.06    0.14    2.15 v input19/X (sky130_fd_sc_hd__clkbuf_4)
                                         net19 (net)
                  0.06    0.00    2.15 v _170_/A (sky130_fd_sc_hd__inv_2)
     2    0.01    0.07    0.08    2.22 ^ _170_/Y (sky130_fd_sc_hd__inv_2)
                                         _098_ (net)
                  0.07    0.00    2.22 ^ _172_/A (sky130_fd_sc_hd__nor2_4)
     8    0.04    0.05    0.06    2.29 v _172_/Y (sky130_fd_sc_hd__nor2_4)
                                         _100_ (net)
                  0.05    0.00    2.29 v _335_/B2 (sky130_fd_sc_hd__a221o_1)
     1    0.01    0.09    0.35    2.64 v _335_/X (sky130_fd_sc_hd__a221o_1)
                                         net23 (net)
                  0.09    0.00    2.64 v output23/A (sky130_fd_sc_hd__buf_2)
     1    0.03    0.09    0.19    2.83 v output23/X (sky130_fd_sc_hd__buf_2)
                                         OUT[3] (net)
                  0.09    0.00    2.84 v OUT[3] (out)
                                  2.84   data arrival time

                  0.00    0.00    0.00   clock __VIRTUAL_CLK__ (rise edge)
                          0.00    0.00   clock network delay (ideal)
                          0.25    0.25   clock uncertainty
                          0.00    0.25   clock reconvergence pessimism
                         -2.00   -1.75   output external delay
                                 -1.75   data required time
-----------------------------------------------------------------------------
                                 -1.75   data required time
                                 -2.84   data arrival time
-----------------------------------------------------------------------------
                                  4.59   slack (MET)



worst slack corner Typical: 4.3430
min_report_end
max_report

===========================================================================
report_checks -path_delay max (Setup)
============================================================================
======================= Typical Corner ===================================

Startpoint: OPCODE[0] (input port clocked by __VIRTUAL_CLK__)
Endpoint: OUT[6] (output port clocked by __VIRTUAL_CLK__)
Path Group: __VIRTUAL_CLK__
Path Type: max

Fanout     Cap    Slew   Delay    Time   Description
-----------------------------------------------------------------------------
                  0.00    0.00    0.00   clock __VIRTUAL_CLK__ (rise edge)
                          0.00    0.00   clock network delay (ideal)
                          2.00    2.00 v input external delay
     1    0.00    0.01    0.01    2.01 v OPCODE[0] (in)
                                         OPCODE[0] (net)
                  0.01    0.00    2.01 v input17/A (sky130_fd_sc_hd__clkbuf_2)
     5    0.02    0.10    0.15    2.16 v input17/X (sky130_fd_sc_hd__clkbuf_2)
                                         net17 (net)
                  0.10    0.00    2.16 v _235_/A_N (sky130_fd_sc_hd__nand3b_4)
     7    0.03    0.11    0.23    2.39 v _235_/Y (sky130_fd_sc_hd__nand3b_4)
                                         _163_ (net)
                  0.11    0.00    2.39 v rebuffer1/A (sky130_fd_sc_hd__dlygate4sd1_1)
     2    0.01    0.05    0.29    2.68 v rebuffer1/X (sky130_fd_sc_hd__dlygate4sd1_1)
                                         net28 (net)
                  0.05    0.00    2.68 v rebuffer2/A (sky130_fd_sc_hd__dlygate4sd1_1)
     2    0.01    0.05    0.26    2.94 v rebuffer2/X (sky130_fd_sc_hd__dlygate4sd1_1)
                                         net29 (net)
                  0.05    0.00    2.94 v _251_/B1 (sky130_fd_sc_hd__o21a_1)
     1    0.01    0.06    0.13    3.08 v _251_/X (sky130_fd_sc_hd__o21a_1)
                                         _009_ (net)
                  0.06    0.00    3.08 v _252_/B (sky130_fd_sc_hd__xnor2_2)
     2    0.01    0.18    0.18    3.26 ^ _252_/Y (sky130_fd_sc_hd__xnor2_2)
                                         _010_ (net)
                  0.18    0.00    3.26 ^ _253_/B (sky130_fd_sc_hd__nand2_2)
     3    0.02    0.09    0.12    3.38 v _253_/Y (sky130_fd_sc_hd__nand2_2)
                                         _011_ (net)
                  0.09    0.00    3.38 v _257_/A3 (sky130_fd_sc_hd__a311o_4)
     5    0.02    0.08    0.46    3.85 v _257_/X (sky130_fd_sc_hd__a311o_4)
                                         _015_ (net)
                  0.08    0.00    3.85 v _276_/A3 (sky130_fd_sc_hd__a311oi_4)
     3    0.01    0.23    0.32    4.17 ^ _276_/Y (sky130_fd_sc_hd__a311oi_4)
                                         _033_ (net)
                  0.23    0.00    4.17 ^ _277_/A_N (sky130_fd_sc_hd__and2b_1)
     1    0.00    0.03    0.22    4.39 v _277_/X (sky130_fd_sc_hd__and2b_1)
                                         _034_ (net)
                  0.03    0.00    4.39 v _291_/A2 (sky130_fd_sc_hd__a21o_1)
     1    0.01    0.05    0.20    4.58 v _291_/X (sky130_fd_sc_hd__a21o_1)
                                         net26 (net)
                  0.05    0.00    4.58 v output26/A (sky130_fd_sc_hd__buf_2)
     1    0.03    0.09    0.19    4.78 v output26/X (sky130_fd_sc_hd__buf_2)
                                         OUT[6] (net)
                  0.09    0.00    4.78 v OUT[6] (out)
                                  4.78   data arrival time

                  0.00   10.00   10.00   clock __VIRTUAL_CLK__ (rise edge)
                          0.00   10.00   clock network delay (ideal)
                         -0.25    9.75   clock uncertainty
                          0.00    9.75   clock reconvergence pessimism
                         -2.00    7.75   output external delay
                                  7.75   data required time
-----------------------------------------------------------------------------
                                  7.75   data required time
                                 -4.78   data arrival time
-----------------------------------------------------------------------------
                                  2.97   slack (MET)


Startpoint: OPCODE[0] (input port clocked by __VIRTUAL_CLK__)
Endpoint: OUT[7] (output port clocked by __VIRTUAL_CLK__)
Path Group: __VIRTUAL_CLK__
Path Type: max

Fanout     Cap    Slew   Delay    Time   Description
-----------------------------------------------------------------------------
                  0.00    0.00    0.00   clock __VIRTUAL_CLK__ (rise edge)
                          0.00    0.00   clock network delay (ideal)
                          2.00    2.00 v input external delay
     1    0.00    0.01    0.01    2.01 v OPCODE[0] (in)
                                         OPCODE[0] (net)
                  0.01    0.00    2.01 v input17/A (sky130_fd_sc_hd__clkbuf_2)
     5    0.02    0.10    0.15    2.16 v input17/X (sky130_fd_sc_hd__clkbuf_2)
                                         net17 (net)
                  0.10    0.00    2.16 v _235_/A_N (sky130_fd_sc_hd__nand3b_4)
     7    0.03    0.11    0.23    2.39 v _235_/Y (sky130_fd_sc_hd__nand3b_4)
                                         _163_ (net)
                  0.11    0.00    2.39 v rebuffer1/A (sky130_fd_sc_hd__dlygate4sd1_1)
     2    0.01    0.05    0.29    2.68 v rebuffer1/X (sky130_fd_sc_hd__dlygate4sd1_1)
                                         net28 (net)
                  0.05    0.00    2.68 v rebuffer2/A (sky130_fd_sc_hd__dlygate4sd1_1)
     2    0.01    0.05    0.26    2.94 v rebuffer2/X (sky130_fd_sc_hd__dlygate4sd1_1)
                                         net29 (net)
                  0.05    0.00    2.94 v _251_/B1 (sky130_fd_sc_hd__o21a_1)
     1    0.01    0.06    0.13    3.08 v _251_/X (sky130_fd_sc_hd__o21a_1)
                                         _009_ (net)
                  0.06    0.00    3.08 v _252_/B (sky130_fd_sc_hd__xnor2_2)
     2    0.01    0.18    0.18    3.26 ^ _252_/Y (sky130_fd_sc_hd__xnor2_2)
                                         _010_ (net)
                  0.18    0.00    3.26 ^ _253_/B (sky130_fd_sc_hd__nand2_2)
     3    0.02    0.09    0.12    3.38 v _253_/Y (sky130_fd_sc_hd__nand2_2)
                                         _011_ (net)
                  0.09    0.00    3.38 v _257_/A3 (sky130_fd_sc_hd__a311o_4)
     5    0.02    0.08    0.46    3.85 v _257_/X (sky130_fd_sc_hd__a311o_4)
                                         _015_ (net)
                  0.08    0.00    3.85 v _276_/A3 (sky130_fd_sc_hd__a311oi_4)
     3    0.01    0.23    0.32    4.17 ^ _276_/Y (sky130_fd_sc_hd__a311oi_4)
                                         _033_ (net)
                  0.23    0.00    4.17 ^ _295_/A2 (sky130_fd_sc_hd__o21ai_1)
     1    0.01    0.09    0.13    4.30 v _295_/Y (sky130_fd_sc_hd__o21ai_1)
                                         _051_ (net)
                  0.09    0.00    4.30 v _302_/A2 (sky130_fd_sc_hd__a31o_1)
     1    0.00    0.03    0.22    4.52 v _302_/X (sky130_fd_sc_hd__a31o_1)
                                         net27 (net)
                  0.03    0.00    4.52 v output27/A (sky130_fd_sc_hd__buf_2)
     1    0.03    0.09    0.18    4.70 v output27/X (sky130_fd_sc_hd__buf_2)
                                         OUT[7] (net)
                  0.09    0.00    4.70 v OUT[7] (out)
                                  4.70   data arrival time

                  0.00   10.00   10.00   clock __VIRTUAL_CLK__ (rise edge)
                          0.00   10.00   clock network delay (ideal)
                         -0.25    9.75   clock uncertainty
                          0.00    9.75   clock reconvergence pessimism
                         -2.00    7.75   output external delay
                                  7.75   data required time
-----------------------------------------------------------------------------
                                  7.75   data required time
                                 -4.70   data arrival time
-----------------------------------------------------------------------------
                                  3.05   slack (MET)


Startpoint: OPCODE[0] (input port clocked by __VIRTUAL_CLK__)
Endpoint: OUT[4] (output port clocked by __VIRTUAL_CLK__)
Path Group: __VIRTUAL_CLK__
Path Type: max

Fanout     Cap    Slew   Delay    Time   Description
-----------------------------------------------------------------------------
                  0.00    0.00    0.00   clock __VIRTUAL_CLK__ (rise edge)
                          0.00    0.00   clock network delay (ideal)
                          2.00    2.00 v input external delay
     1    0.00    0.01    0.01    2.01 v OPCODE[0] (in)
                                         OPCODE[0] (net)
                  0.01    0.00    2.01 v input17/A (sky130_fd_sc_hd__clkbuf_2)
     5    0.02    0.10    0.15    2.16 v input17/X (sky130_fd_sc_hd__clkbuf_2)
                                         net17 (net)
                  0.10    0.00    2.16 v _235_/A_N (sky130_fd_sc_hd__nand3b_4)
     7    0.03    0.11    0.23    2.39 v _235_/Y (sky130_fd_sc_hd__nand3b_4)
                                         _163_ (net)
                  0.11    0.00    2.39 v rebuffer1/A (sky130_fd_sc_hd__dlygate4sd1_1)
     2    0.01    0.05    0.29    2.68 v rebuffer1/X (sky130_fd_sc_hd__dlygate4sd1_1)
                                         net28 (net)
                  0.05    0.00    2.68 v rebuffer2/A (sky130_fd_sc_hd__dlygate4sd1_1)
     2    0.01    0.05    0.26    2.94 v rebuffer2/X (sky130_fd_sc_hd__dlygate4sd1_1)
                                         net29 (net)
                  0.05    0.00    2.94 v _251_/B1 (sky130_fd_sc_hd__o21a_1)
     1    0.01    0.06    0.13    3.08 v _251_/X (sky130_fd_sc_hd__o21a_1)
                                         _009_ (net)
                  0.06    0.00    3.08 v _252_/B (sky130_fd_sc_hd__xnor2_2)
     2    0.01    0.18    0.18    3.26 ^ _252_/Y (sky130_fd_sc_hd__xnor2_2)
                                         _010_ (net)
                  0.18    0.00    3.26 ^ _253_/B (sky130_fd_sc_hd__nand2_2)
     3    0.02    0.09    0.12    3.38 v _253_/Y (sky130_fd_sc_hd__nand2_2)
                                         _011_ (net)
                  0.09    0.00    3.38 v _257_/A3 (sky130_fd_sc_hd__a311o_4)
     5    0.02    0.08    0.46    3.85 v _257_/X (sky130_fd_sc_hd__a311o_4)
                                         _015_ (net)
                  0.08    0.00    3.85 v _338_/A (sky130_fd_sc_hd__and3_1)
     1    0.00    0.04    0.16    4.01 v _338_/X (sky130_fd_sc_hd__and3_1)
                                         _089_ (net)
                  0.04    0.00    4.01 v _346_/A (sky130_fd_sc_hd__or3_1)
     1    0.00    0.06    0.37    4.37 v _346_/X (sky130_fd_sc_hd__or3_1)
                                         _097_ (net)
                  0.06    0.00    4.37 v _347_/A (sky130_fd_sc_hd__clkbuf_1)
     1    0.00    0.04    0.11    4.48 v _347_/X (sky130_fd_sc_hd__clkbuf_1)
                                         net24 (net)
                  0.04    0.00    4.48 v output24/A (sky130_fd_sc_hd__buf_2)
     1    0.03    0.09    0.18    4.67 v output24/X (sky130_fd_sc_hd__buf_2)
                                         OUT[4] (net)
                  0.09    0.00    4.67 v OUT[4] (out)
                                  4.67   data arrival time

                  0.00   10.00   10.00   clock __VIRTUAL_CLK__ (rise edge)
                          0.00   10.00   clock network delay (ideal)
                         -0.25    9.75   clock uncertainty
                          0.00    9.75   clock reconvergence pessimism
                         -2.00    7.75   output external delay
                                  7.75   data required time
-----------------------------------------------------------------------------
                                  7.75   data required time
                                 -4.67   data arrival time
-----------------------------------------------------------------------------
                                  3.08   slack (MET)


Startpoint: OPCODE[0] (input port clocked by __VIRTUAL_CLK__)
Endpoint: OUT[5] (output port clocked by __VIRTUAL_CLK__)
Path Group: __VIRTUAL_CLK__
Path Type: max

Fanout     Cap    Slew   Delay    Time   Description
-----------------------------------------------------------------------------
                  0.00    0.00    0.00   clock __VIRTUAL_CLK__ (rise edge)
                          0.00    0.00   clock network delay (ideal)
                          2.00    2.00 v input external delay
     1    0.00    0.01    0.01    2.01 v OPCODE[0] (in)
                                         OPCODE[0] (net)
                  0.01    0.00    2.01 v input17/A (sky130_fd_sc_hd__clkbuf_2)
     5    0.02    0.10    0.15    2.16 v input17/X (sky130_fd_sc_hd__clkbuf_2)
                                         net17 (net)
                  0.10    0.00    2.16 v _235_/A_N (sky130_fd_sc_hd__nand3b_4)
     7    0.03    0.11    0.23    2.39 v _235_/Y (sky130_fd_sc_hd__nand3b_4)
                                         _163_ (net)
                  0.11    0.00    2.39 v rebuffer1/A (sky130_fd_sc_hd__dlygate4sd1_1)
     2    0.01    0.05    0.29    2.68 v rebuffer1/X (sky130_fd_sc_hd__dlygate4sd1_1)
                                         net28 (net)
                  0.05    0.00    2.68 v rebuffer2/A (sky130_fd_sc_hd__dlygate4sd1_1)
     2    0.01    0.05    0.26    2.94 v rebuffer2/X (sky130_fd_sc_hd__dlygate4sd1_1)
                                         net29 (net)
                  0.05    0.00    2.94 v _251_/B1 (sky130_fd_sc_hd__o21a_1)
     1    0.01    0.06    0.13    3.08 v _251_/X (sky130_fd_sc_hd__o21a_1)
                                         _009_ (net)
                  0.06    0.00    3.08 v _252_/B (sky130_fd_sc_hd__xnor2_2)
     2    0.01    0.18    0.18    3.26 ^ _252_/Y (sky130_fd_sc_hd__xnor2_2)
                                         _010_ (net)
                  0.18    0.00    3.26 ^ _253_/B (sky130_fd_sc_hd__nand2_2)
     3    0.02    0.09    0.12    3.38 v _253_/Y (sky130_fd_sc_hd__nand2_2)
                                         _011_ (net)
                  0.09    0.00    3.38 v _257_/A3 (sky130_fd_sc_hd__a311o_4)
     5    0.02    0.08    0.46    3.85 v _257_/X (sky130_fd_sc_hd__a311o_4)
                                         _015_ (net)
                  0.08    0.00    3.85 v _263_/A2 (sky130_fd_sc_hd__a21o_1)
     1    0.00    0.03    0.18    4.03 v _263_/X (sky130_fd_sc_hd__a21o_1)
                                         _021_ (net)
                  0.03    0.00    4.03 v _266_/A (sky130_fd_sc_hd__and3_1)
     1    0.01    0.06    0.16    4.19 v _266_/X (sky130_fd_sc_hd__and3_1)
                                         _024_ (net)
                  0.06    0.00    4.19 v _267_/C1 (sky130_fd_sc_hd__a211o_1)
     1    0.00    0.04    0.23    4.42 v _267_/X (sky130_fd_sc_hd__a211o_1)
                                         net25 (net)
                  0.04    0.00    4.42 v output25/A (sky130_fd_sc_hd__buf_2)
     1    0.04    0.09    0.19    4.61 v output25/X (sky130_fd_sc_hd__buf_2)
                                         OUT[5] (net)
                  0.09    0.00    4.61 v OUT[5] (out)
                                  4.61   data arrival time

                  0.00   10.00   10.00   clock __VIRTUAL_CLK__ (rise edge)
                          0.00   10.00   clock network delay (ideal)
                         -0.25    9.75   clock uncertainty
                          0.00    9.75   clock reconvergence pessimism
                         -2.00    7.75   output external delay
                                  7.75   data required time
-----------------------------------------------------------------------------
                                  7.75   data required time
                                 -4.61   data arrival time
-----------------------------------------------------------------------------
                                  3.14   slack (MET)


Startpoint: OPCODE[0] (input port clocked by __VIRTUAL_CLK__)
Endpoint: OUT[3] (output port clocked by __VIRTUAL_CLK__)
Path Group: __VIRTUAL_CLK__
Path Type: max

Fanout     Cap    Slew   Delay    Time   Description
-----------------------------------------------------------------------------
                  0.00    0.00    0.00   clock __VIRTUAL_CLK__ (rise edge)
                          0.00    0.00   clock network delay (ideal)
                          2.00    2.00 v input external delay
     1    0.00    0.01    0.01    2.01 v OPCODE[0] (in)
                                         OPCODE[0] (net)
                  0.01    0.00    2.01 v input17/A (sky130_fd_sc_hd__clkbuf_2)
     5    0.02    0.10    0.15    2.16 v input17/X (sky130_fd_sc_hd__clkbuf_2)
                                         net17 (net)
                  0.10    0.00    2.16 v _235_/A_N (sky130_fd_sc_hd__nand3b_4)
     7    0.03    0.11    0.23    2.39 v _235_/Y (sky130_fd_sc_hd__nand3b_4)
                                         _163_ (net)
                  0.11    0.00    2.39 v rebuffer1/A (sky130_fd_sc_hd__dlygate4sd1_1)
     2    0.01    0.05    0.29    2.68 v rebuffer1/X (sky130_fd_sc_hd__dlygate4sd1_1)
                                         net28 (net)
                  0.05    0.00    2.68 v rebuffer2/A (sky130_fd_sc_hd__dlygate4sd1_1)
     2    0.01    0.05    0.26    2.94 v rebuffer2/X (sky130_fd_sc_hd__dlygate4sd1_1)
                                         net29 (net)
                  0.05    0.00    2.94 v _251_/B1 (sky130_fd_sc_hd__o21a_1)
     1    0.01    0.06    0.13    3.08 v _251_/X (sky130_fd_sc_hd__o21a_1)
                                         _009_ (net)
                  0.06    0.00    3.08 v _252_/B (sky130_fd_sc_hd__xnor2_2)
     2    0.01    0.07    0.15    3.23 v _252_/Y (sky130_fd_sc_hd__xnor2_2)
                                         _010_ (net)
                  0.07    0.00    3.23 v _253_/B (sky130_fd_sc_hd__nand2_2)
     3    0.02    0.11    0.13    3.36 ^ _253_/Y (sky130_fd_sc_hd__nand2_2)
                                         _011_ (net)
                  0.11    0.00    3.36 ^ _327_/B_N (sky130_fd_sc_hd__or2b_1)
     1    0.01    0.08    0.29    3.64 v _327_/X (sky130_fd_sc_hd__or2b_1)
                                         _079_ (net)
                  0.08    0.00    3.65 v _329_/A (sky130_fd_sc_hd__xnor2_1)
     1    0.01    0.07    0.17    3.81 v _329_/Y (sky130_fd_sc_hd__xnor2_1)
                                         _081_ (net)
                  0.07    0.00    3.81 v _335_/A2 (sky130_fd_sc_hd__a221o_1)
     1    0.01    0.10    0.42    4.24 v _335_/X (sky130_fd_sc_hd__a221o_1)
                                         net23 (net)
                  0.10    0.00    4.24 v output23/A (sky130_fd_sc_hd__buf_2)
     1    0.03    0.09    0.21    4.45 v output23/X (sky130_fd_sc_hd__buf_2)
                                         OUT[3] (net)
                  0.09    0.00    4.45 v OUT[3] (out)
                                  4.45   data arrival time

                  0.00   10.00   10.00   clock __VIRTUAL_CLK__ (rise edge)
                          0.00   10.00   clock network delay (ideal)
                         -0.25    9.75   clock uncertainty
                          0.00    9.75   clock reconvergence pessimism
                         -2.00    7.75   output external delay
                                  7.75   data required time
-----------------------------------------------------------------------------
                                  7.75   data required time
                                 -4.45   data arrival time
-----------------------------------------------------------------------------
                                  3.30   slack (MET)


Startpoint: OPCODE[0] (input port clocked by __VIRTUAL_CLK__)
Endpoint: OUT[1] (output port clocked by __VIRTUAL_CLK__)
Path Group: __VIRTUAL_CLK__
Path Type: max

Fanout     Cap    Slew   Delay    Time   Description
-----------------------------------------------------------------------------
                  0.00    0.00    0.00   clock __VIRTUAL_CLK__ (rise edge)
                          0.00    0.00   clock network delay (ideal)
                          2.00    2.00 v input external delay
     1    0.00    0.01    0.01    2.01 v OPCODE[0] (in)
                                         OPCODE[0] (net)
                  0.01    0.00    2.01 v input17/A (sky130_fd_sc_hd__clkbuf_2)
     5    0.02    0.10    0.15    2.16 v input17/X (sky130_fd_sc_hd__clkbuf_2)
                                         net17 (net)
                  0.10    0.00    2.16 v _235_/A_N (sky130_fd_sc_hd__nand3b_4)
     7    0.03    0.11    0.23    2.39 v _235_/Y (sky130_fd_sc_hd__nand3b_4)
                                         _163_ (net)
                  0.11    0.00    2.39 v _242_/C (sky130_fd_sc_hd__and3_1)
     2    0.00    0.05    0.22    2.62 v _242_/X (sky130_fd_sc_hd__and3_1)
                                         _000_ (net)
                  0.05    0.00    2.62 v _245_/B (sky130_fd_sc_hd__or3_4)
     2    0.01    0.08    0.40    3.02 v _245_/X (sky130_fd_sc_hd__or3_4)
                                         _003_ (net)
                  0.08    0.00    3.02 v _314_/B (sky130_fd_sc_hd__and2b_1)
     1    0.01    0.07    0.21    3.23 v _314_/X (sky130_fd_sc_hd__and2b_1)
                                         _068_ (net)
                  0.07    0.00    3.23 v _315_/A (sky130_fd_sc_hd__nor2_1)
     1    0.01    0.13    0.15    3.39 ^ _315_/Y (sky130_fd_sc_hd__nor2_1)
                                         _069_ (net)
                  0.13    0.00    3.39 ^ _316_/B (sky130_fd_sc_hd__or3b_1)
     1    0.00    0.03    0.12    3.51 ^ _316_/X (sky130_fd_sc_hd__or3b_1)
                                         _070_ (net)
                  0.03    0.00    3.51 ^ _317_/D_N (sky130_fd_sc_hd__or4b_1)
     1    0.00    0.09    0.45    3.96 v _317_/X (sky130_fd_sc_hd__or4b_1)
                                         _071_ (net)
                  0.09    0.00    3.96 v _318_/A (sky130_fd_sc_hd__clkbuf_1)
     1    0.01    0.04    0.13    4.08 v _318_/X (sky130_fd_sc_hd__clkbuf_1)
                                         net21 (net)
                  0.04    0.00    4.08 v output21/A (sky130_fd_sc_hd__buf_2)
     1    0.03    0.09    0.19    4.27 v output21/X (sky130_fd_sc_hd__buf_2)
                                         OUT[1] (net)
                  0.09    0.00    4.27 v OUT[1] (out)
                                  4.27   data arrival time

                  0.00   10.00   10.00   clock __VIRTUAL_CLK__ (rise edge)
                          0.00   10.00   clock network delay (ideal)
                         -0.25    9.75   clock uncertainty
                          0.00    9.75   clock reconvergence pessimism
                         -2.00    7.75   output external delay
                                  7.75   data required time
-----------------------------------------------------------------------------
                                  7.75   data required time
                                 -4.27   data arrival time
-----------------------------------------------------------------------------
                                  3.48   slack (MET)


Startpoint: OPCODE[0] (input port clocked by __VIRTUAL_CLK__)
Endpoint: OUT[2] (output port clocked by __VIRTUAL_CLK__)
Path Group: __VIRTUAL_CLK__
Path Type: max

Fanout     Cap    Slew   Delay    Time   Description
-----------------------------------------------------------------------------
                  0.00    0.00    0.00   clock __VIRTUAL_CLK__ (rise edge)
                          0.00    0.00   clock network delay (ideal)
                          2.00    2.00 ^ input external delay
     1    0.00    0.02    0.01    2.01 ^ OPCODE[0] (in)
                                         OPCODE[0] (net)
                  0.02    0.00    2.01 ^ input17/A (sky130_fd_sc_hd__clkbuf_2)
     5    0.03    0.14    0.18    2.19 ^ input17/X (sky130_fd_sc_hd__clkbuf_2)
                                         net17 (net)
                  0.14    0.00    2.19 ^ _235_/A_N (sky130_fd_sc_hd__nand3b_4)
     7    0.03    0.11    0.21    2.40 ^ _235_/Y (sky130_fd_sc_hd__nand3b_4)
                                         _163_ (net)
                  0.11    0.00    2.40 ^ rebuffer1/A (sky130_fd_sc_hd__dlygate4sd1_1)
     2    0.01    0.08    0.25    2.65 ^ rebuffer1/X (sky130_fd_sc_hd__dlygate4sd1_1)
                                         net28 (net)
                  0.08    0.00    2.65 ^ _239_/A1 (sky130_fd_sc_hd__a21oi_2)
     2    0.01    0.06    0.08    2.73 v _239_/Y (sky130_fd_sc_hd__a21oi_2)
                                         _167_ (net)
                  0.06    0.00    2.73 v _248_/B (sky130_fd_sc_hd__or3_1)
     1    0.00    0.06    0.34    3.07 v _248_/X (sky130_fd_sc_hd__or3_1)
                                         _006_ (net)
                  0.06    0.00    3.07 v _249_/B (sky130_fd_sc_hd__and2_2)
     2    0.01    0.05    0.22    3.29 v _249_/X (sky130_fd_sc_hd__and2_2)
                                         _007_ (net)
                  0.05    0.00    3.29 v _319_/A (sky130_fd_sc_hd__or3_1)
     1    0.01    0.09    0.42    3.71 v _319_/X (sky130_fd_sc_hd__or3_1)
                                         _072_ (net)
                  0.09    0.00    3.71 v _326_/A3 (sky130_fd_sc_hd__a31o_1)
     1    0.01    0.06    0.27    3.98 v _326_/X (sky130_fd_sc_hd__a31o_1)
                                         net22 (net)
                  0.06    0.00    3.98 v output22/A (sky130_fd_sc_hd__buf_2)
     1    0.04    0.09    0.20    4.19 v output22/X (sky130_fd_sc_hd__buf_2)
                                         OUT[2] (net)
                  0.09    0.00    4.19 v OUT[2] (out)
                                  4.19   data arrival time

                  0.00   10.00   10.00   clock __VIRTUAL_CLK__ (rise edge)
                          0.00   10.00   clock network delay (ideal)
                         -0.25    9.75   clock uncertainty
                          0.00    9.75   clock reconvergence pessimism
                         -2.00    7.75   output external delay
                                  7.75   data required time
-----------------------------------------------------------------------------
                                  7.75   data required time
                                 -4.19   data arrival time
-----------------------------------------------------------------------------
                                  3.56   slack (MET)


Startpoint: OPCODE[0] (input port clocked by __VIRTUAL_CLK__)
Endpoint: OUT[0] (output port clocked by __VIRTUAL_CLK__)
Path Group: __VIRTUAL_CLK__
Path Type: max

Fanout     Cap    Slew   Delay    Time   Description
-----------------------------------------------------------------------------
                  0.00    0.00    0.00   clock __VIRTUAL_CLK__ (rise edge)
                          0.00    0.00   clock network delay (ideal)
                          2.00    2.00 v input external delay
     1    0.00    0.01    0.01    2.01 v OPCODE[0] (in)
                                         OPCODE[0] (net)
                  0.01    0.00    2.01 v input17/A (sky130_fd_sc_hd__clkbuf_2)
     5    0.02    0.10    0.15    2.16 v input17/X (sky130_fd_sc_hd__clkbuf_2)
                                         net17 (net)
                  0.10    0.00    2.16 v _171_/A (sky130_fd_sc_hd__or2_2)
     4    0.02    0.11    0.40    2.56 v _171_/X (sky130_fd_sc_hd__or2_2)
                                         _099_ (net)
                  0.11    0.00    2.56 v _224_/B (sky130_fd_sc_hd__or2_1)
     1    0.00    0.05    0.24    2.80 v _224_/X (sky130_fd_sc_hd__or2_1)
                                         _152_ (net)
                  0.05    0.00    2.80 v _225_/A (sky130_fd_sc_hd__clkbuf_4)
     8    0.03    0.07    0.18    2.98 v _225_/X (sky130_fd_sc_hd__clkbuf_4)
                                         _153_ (net)
                  0.07    0.00    2.99 v _306_/A2 (sky130_fd_sc_hd__o21ai_1)
     1    0.01    0.17    0.18    3.17 ^ _306_/Y (sky130_fd_sc_hd__o21ai_1)
                                         _061_ (net)
                  0.17    0.00    3.17 ^ _307_/B1 (sky130_fd_sc_hd__a31o_1)
     1    0.01    0.11    0.18    3.35 ^ _307_/X (sky130_fd_sc_hd__a31o_1)
                                         net20 (net)
                  0.11    0.00    3.35 ^ output20/A (sky130_fd_sc_hd__buf_2)
     1    0.04    0.18    0.24    3.60 ^ output20/X (sky130_fd_sc_hd__buf_2)
                                         OUT[0] (net)
                  0.18    0.00    3.60 ^ OUT[0] (out)
                                  3.60   data arrival time

                  0.00   10.00   10.00   clock __VIRTUAL_CLK__ (rise edge)
                          0.00   10.00   clock network delay (ideal)
                         -0.25    9.75   clock uncertainty
                          0.00    9.75   clock reconvergence pessimism
                         -2.00    7.75   output external delay
                                  7.75   data required time
-----------------------------------------------------------------------------
                                  7.75   data required time
                                 -3.60   data arrival time
-----------------------------------------------------------------------------
                                  4.15   slack (MET)



worst slack corner Typical: 2.9719
max_report_end
checks_report

===========================================================================
report_checks -unconstrained
===========================================================================
======================= Typical Corner ===================================

Startpoint: OPCODE[0] (input port clocked by __VIRTUAL_CLK__)
Endpoint: OUT[6] (output port clocked by __VIRTUAL_CLK__)
Path Group: __VIRTUAL_CLK__
Path Type: max

Fanout     Cap    Slew   Delay    Time   Description
-----------------------------------------------------------------------------
                  0.00    0.00    0.00   clock __VIRTUAL_CLK__ (rise edge)
                          0.00    0.00   clock network delay (ideal)
                          2.00    2.00 v input external delay
     1    0.00    0.01    0.01    2.01 v OPCODE[0] (in)
                                         OPCODE[0] (net)
                  0.01    0.00    2.01 v input17/A (sky130_fd_sc_hd__clkbuf_2)
     5    0.02    0.10    0.15    2.16 v input17/X (sky130_fd_sc_hd__clkbuf_2)
                                         net17 (net)
                  0.10    0.00    2.16 v _235_/A_N (sky130_fd_sc_hd__nand3b_4)
     7    0.03    0.11    0.23    2.39 v _235_/Y (sky130_fd_sc_hd__nand3b_4)
                                         _163_ (net)
                  0.11    0.00    2.39 v rebuffer1/A (sky130_fd_sc_hd__dlygate4sd1_1)
     2    0.01    0.05    0.29    2.68 v rebuffer1/X (sky130_fd_sc_hd__dlygate4sd1_1)
                                         net28 (net)
                  0.05    0.00    2.68 v rebuffer2/A (sky130_fd_sc_hd__dlygate4sd1_1)
     2    0.01    0.05    0.26    2.94 v rebuffer2/X (sky130_fd_sc_hd__dlygate4sd1_1)
                                         net29 (net)
                  0.05    0.00    2.94 v _251_/B1 (sky130_fd_sc_hd__o21a_1)
     1    0.01    0.06    0.13    3.08 v _251_/X (sky130_fd_sc_hd__o21a_1)
                                         _009_ (net)
                  0.06    0.00    3.08 v _252_/B (sky130_fd_sc_hd__xnor2_2)
     2    0.01    0.18    0.18    3.26 ^ _252_/Y (sky130_fd_sc_hd__xnor2_2)
                                         _010_ (net)
                  0.18    0.00    3.26 ^ _253_/B (sky130_fd_sc_hd__nand2_2)
     3    0.02    0.09    0.12    3.38 v _253_/Y (sky130_fd_sc_hd__nand2_2)
                                         _011_ (net)
                  0.09    0.00    3.38 v _257_/A3 (sky130_fd_sc_hd__a311o_4)
     5    0.02    0.08    0.46    3.85 v _257_/X (sky130_fd_sc_hd__a311o_4)
                                         _015_ (net)
                  0.08    0.00    3.85 v _276_/A3 (sky130_fd_sc_hd__a311oi_4)
     3    0.01    0.23    0.32    4.17 ^ _276_/Y (sky130_fd_sc_hd__a311oi_4)
                                         _033_ (net)
                  0.23    0.00    4.17 ^ _277_/A_N (sky130_fd_sc_hd__and2b_1)
     1    0.00    0.03    0.22    4.39 v _277_/X (sky130_fd_sc_hd__and2b_1)
                                         _034_ (net)
                  0.03    0.00    4.39 v _291_/A2 (sky130_fd_sc_hd__a21o_1)
     1    0.01    0.05    0.20    4.58 v _291_/X (sky130_fd_sc_hd__a21o_1)
                                         net26 (net)
                  0.05    0.00    4.58 v output26/A (sky130_fd_sc_hd__buf_2)
     1    0.03    0.09    0.19    4.78 v output26/X (sky130_fd_sc_hd__buf_2)
                                         OUT[6] (net)
                  0.09    0.00    4.78 v OUT[6] (out)
                                  4.78   data arrival time

                  0.00   10.00   10.00   clock __VIRTUAL_CLK__ (rise edge)
                          0.00   10.00   clock network delay (ideal)
                         -0.25    9.75   clock uncertainty
                          0.00    9.75   clock reconvergence pessimism
                         -2.00    7.75   output external delay
                                  7.75   data required time
-----------------------------------------------------------------------------
                                  7.75   data required time
                                 -4.78   data arrival time
-----------------------------------------------------------------------------
                                  2.97   slack (MET)




===========================================================================
report_checks --slack_max -0.01
============================================================================
======================= Typical Corner ===================================

No paths found.


===========================================================================
 report_check_types -max_slew -max_cap -max_fanout -violators
============================================================================
======================= Typical Corner ===================================


max slew violations count Typical: 0
max fanout violations count Typical: 0
max cap violations count Typical: 0

===========================================================================
report_parasitic_annotation -report_unannotated
============================================================================
Found 0 unannotated drivers.
Found 125 partially unannotated drivers.
 B[0]
 B[1]
 B[4]
 _170_/Y
 _173_/X
 _174_/Y
 _175_/X
 _176_/X
 _178_/X
 _179_/X
 _180_/Y
 _181_/X
 _182_/Y
 _184_/X
 _185_/Y
 _186_/X
 _187_/Y
 _189_/Y
 _190_/X
 _191_/X
 _192_/X
 _194_/X
 _195_/X
 _196_/X
 _197_/X
 _198_/X
 _200_/Y
 _201_/X
 _202_/Y
 _203_/X
 _204_/Y
 _206_/X
 _207_/Y
 _210_/Y
 _211_/X
 _212_/X
 _213_/X
 _214_/Y
 _215_/Y
 _216_/Y
 _218_/X
 _220_/X
 _222_/Y
 _223_/Y
 _225_/X
 _226_/Y
 _227_/Y
 _228_/Y
 _230_/X
 _231_/Y
 _233_/X
 _234_/X
 _236_/X
 _237_/Y
 _239_/Y
 _240_/X
 _241_/Y
 _242_/X
 _243_/Y
 _244_/X
 _247_/X
 _248_/X
 _249_/X
 _250_/Y
 _251_/X
 _252_/Y
 _257_/X
 _259_/Y
 _260_/X
 _261_/Y
 _263_/X
 _264_/Y
 _266_/X
 _267_/X
 _269_/Y
 _271_/Y
 _272_/X
 _273_/Y
 _275_/Y
 _276_/Y
 _277_/X
 _281_/Y
 _282_/X
 _284_/Y
 _285_/Y
 _286_/Y
 _288_/X
 _289_/Y
 _290_/X
 _291_/X
 _292_/Y
 _294_/X
 _296_/X
 _298_/X
 _301_/X
 _302_/X
 _303_/X
 _309_/X
 _311_/X
 _316_/X
 _320_/Y
 _321_/Y
 _322_/X
 _333_/Y
 _334_/X
 _337_/Y
 _339_/Y
 _341_/X
 _342_/X
 _344_/Y
 _345_/X
 _346_/X
 input10/X
 input11/X
 input12/X
 input13/X
 input14/X
 input15/X
 input16/X
 input18/X
 input19/X
 input2/X
 input4/X
 input6/X
 input9/X

===========================================================================
max slew violation count 0
max fanout violation count 0
max cap violation count 0
============================================================================

===========================================================================
check_setup -verbose -unconstrained_endpoints -multiple_clock -no_clock -no_input_delay -loops -generated_clocks
===========================================================================
checks_report_end
power_report

===========================================================================
 report_power
============================================================================
======================= Typical Corner ===================================

Group                  Internal  Switching    Leakage      Total
                          Power      Power      Power      Power (Watts)
----------------------------------------------------------------
Sequential             0.00e+00   0.00e+00   0.00e+00   0.00e+00   0.0%
Combinational          4.72e-05   6.22e-05   8.10e-10   1.09e-04 100.0%
Clock                  0.00e+00   0.00e+00   1.81e-10   1.81e-10   0.0%
Macro                  0.00e+00   0.00e+00   0.00e+00   0.00e+00   0.0%
Pad                    0.00e+00   0.00e+00   0.00e+00   0.00e+00   0.0%
----------------------------------------------------------------
Total                  4.72e-05   6.22e-05   9.91e-10   1.09e-04 100.0%
                          43.1%      56.9%       0.0%

power_report_end
summary_report

===========================================================================
report_tns
============================================================================
tns 0.00

===========================================================================
report_wns
============================================================================
wns 0.00

===========================================================================
report_worst_slack -max (Setup)
============================================================================
worst slack 2.97

===========================================================================
report_worst_slack -min (Hold)
============================================================================
worst slack 4.34
summary_report_end
area_report

===========================================================================
report_design_area
============================================================================
Design area 1782 u^2 26% utilization.
area_report_end
check_nonpropagated_clocks
__VIRTUAL_CLK__
check_nonpropagated_clocks_end
[WARNING] Did not save OpenROAD database!
Writing SDF to '/openlane/designs/labwork2_src/runs/RUN_2025.05.02_17.16.36/results/signoff/labwork2_src.sdf'…
Writing timing model to '/openlane/designs/labwork2_src/runs/RUN_2025.05.02_17.16.36/results/signoff/labwork2_src.lib'…
