OpenROAD b16bda7e82721d10566ff7e2b68f1ff0be9f9e38 
Features included (+) or not (-): +Charts +GPU +GUI +Python
This program is licensed under the BSD-3 license. See the LICENSE file for details.
Components of this program may be licensed under more restrictive licenses which must be honored.
define_corners Typical
read_liberty -corner Typical /home/daslinux/.volare/sky130A/libs.ref/sky130_fd_sc_hd/lib/sky130_fd_sc_hd__tt_025C_1v80.lib
Using 1e-12 for capacitance...
Using 1e+03 for resistance...
Using 1e-09 for time...
Using 1e+00 for voltage...
Using 1e-03 for current...
Using 1e-09 for power...
Using 1e-06 for distance...
[INFO]: Reading ODB at '/openlane/designs/labwork2_src/runs/RUN_2025.05.02_17.16.36/tmp/routing/18-global.odb'…
Reading design constraints file at '/openlane/scripts/base.sdc'…
[INFO]: Setting output delay to: 2.0
[INFO]: Setting input delay to: 2.0
[WARNING STA-0366] port '__VIRTUAL_CLK__' not found.
[INFO]: Setting load to: 0.033442
[INFO]: Setting clock uncertainty to: 0.25
[INFO]: Setting clock transition to: 0.15
[WARNING STA-0419] transition time can not be specified for virtual clocks.
[INFO]: Setting timing derate to: 5.0 %
[INFO]: Propagating all clocks
[WARNING STA-0450] virtual clock __VIRTUAL_CLK__ can not be propagated.
min_report

===========================================================================
report_checks -path_delay min (Hold)
============================================================================
======================= Typical Corner ===================================

Startpoint: A[5] (input port clocked by __VIRTUAL_CLK__)
Endpoint: OUT[5] (output port clocked by __VIRTUAL_CLK__)
Path Group: __VIRTUAL_CLK__
Path Type: min

Fanout     Cap    Slew   Delay    Time   Description
-----------------------------------------------------------------------------
                  0.00    0.00    0.00   clock __VIRTUAL_CLK__ (rise edge)
                          0.00    0.00   clock network delay (ideal)
                          2.00    2.00 ^ input external delay
     1    0.00    0.02    0.01    2.01 ^ A[5] (in)
                                         A[5] (net)
                  0.02    0.00    2.01 ^ input6/A (sky130_fd_sc_hd__buf_2)
     6    0.02    0.09    0.12    2.13 ^ input6/X (sky130_fd_sc_hd__buf_2)
                                         net6 (net)
                  0.09    0.00    2.13 ^ _233_/A2 (sky130_fd_sc_hd__a311o_1)
     1    0.00    0.05    0.15    2.28 ^ _233_/X (sky130_fd_sc_hd__a311o_1)
                                         _161_ (net)
                  0.05    0.00    2.28 ^ _267_/B1 (sky130_fd_sc_hd__a211o_1)
     1    0.00    0.03    0.08    2.36 ^ _267_/X (sky130_fd_sc_hd__a211o_1)
                                         net25 (net)
                  0.03    0.00    2.36 ^ output25/A (sky130_fd_sc_hd__buf_2)
     1    0.03    0.17    0.18    2.54 ^ output25/X (sky130_fd_sc_hd__buf_2)
                                         OUT[5] (net)
                  0.17    0.00    2.54 ^ OUT[5] (out)
                                  2.54   data arrival time

                  0.00    0.00    0.00   clock __VIRTUAL_CLK__ (rise edge)
                          0.00    0.00   clock network delay (ideal)
                          0.25    0.25   clock uncertainty
                          0.00    0.25   clock reconvergence pessimism
                         -2.00   -1.75   output external delay
                                 -1.75   data required time
-----------------------------------------------------------------------------
                                 -1.75   data required time
                                 -2.54   data arrival time
-----------------------------------------------------------------------------
                                  4.29   slack (MET)


Startpoint: A[0] (input port clocked by __VIRTUAL_CLK__)
Endpoint: OUT[0] (output port clocked by __VIRTUAL_CLK__)
Path Group: __VIRTUAL_CLK__
Path Type: min

Fanout     Cap    Slew   Delay    Time   Description
-----------------------------------------------------------------------------
                  0.00    0.00    0.00   clock __VIRTUAL_CLK__ (rise edge)
                          0.00    0.00   clock network delay (ideal)
                          2.00    2.00 ^ input external delay
     1    0.00    0.02    0.01    2.01 ^ A[0] (in)
                                         A[0] (net)
                  0.02    0.00    2.01 ^ input1/A (sky130_fd_sc_hd__buf_1)
     2    0.00    0.07    0.08    2.09 ^ input1/X (sky130_fd_sc_hd__buf_1)
                                         net1 (net)
                  0.07    0.00    2.09 ^ _190_/A (sky130_fd_sc_hd__clkbuf_4)
    10    0.03    0.10    0.17    2.26 ^ _190_/X (sky130_fd_sc_hd__clkbuf_4)
                                         _118_ (net)
                  0.10    0.00    2.26 ^ _307_/A2 (sky130_fd_sc_hd__a31o_1)
     1    0.00    0.03    0.13    2.39 ^ _307_/X (sky130_fd_sc_hd__a31o_1)
                                         net20 (net)
                  0.03    0.00    2.39 ^ output20/A (sky130_fd_sc_hd__buf_2)
     1    0.03    0.17    0.18    2.57 ^ output20/X (sky130_fd_sc_hd__buf_2)
                                         OUT[0] (net)
                  0.17    0.00    2.57 ^ OUT[0] (out)
                                  2.57   data arrival time

                  0.00    0.00    0.00   clock __VIRTUAL_CLK__ (rise edge)
                          0.00    0.00   clock network delay (ideal)
                          0.25    0.25   clock uncertainty
                          0.00    0.25   clock reconvergence pessimism
                         -2.00   -1.75   output external delay
                                 -1.75   data required time
-----------------------------------------------------------------------------
                                 -1.75   data required time
                                 -2.57   data arrival time
-----------------------------------------------------------------------------
                                  4.32   slack (MET)


Startpoint: A[6] (input port clocked by __VIRTUAL_CLK__)
Endpoint: OUT[6] (output port clocked by __VIRTUAL_CLK__)
Path Group: __VIRTUAL_CLK__
Path Type: min

Fanout     Cap    Slew   Delay    Time   Description
-----------------------------------------------------------------------------
                  0.00    0.00    0.00   clock __VIRTUAL_CLK__ (rise edge)
                          0.00    0.00   clock network delay (ideal)
                          2.00    2.00 v input external delay
     1    0.00    0.01    0.00    2.00 v A[6] (in)
                                         A[6] (net)
                  0.01    0.00    2.00 v input7/A (sky130_fd_sc_hd__buf_2)
     5    0.01    0.05    0.12    2.12 v input7/X (sky130_fd_sc_hd__buf_2)
                                         net7 (net)
                  0.05    0.00    2.12 v _289_/A1 (sky130_fd_sc_hd__o211ai_2)
     1    0.00    0.04    0.14    2.26 ^ _289_/Y (sky130_fd_sc_hd__o211ai_2)
                                         _046_ (net)
                  0.04    0.00    2.26 ^ _290_/B1 (sky130_fd_sc_hd__a31o_1)
     1    0.00    0.04    0.08    2.34 ^ _290_/X (sky130_fd_sc_hd__a31o_1)
                                         _047_ (net)
                  0.04    0.00    2.34 ^ _291_/B1 (sky130_fd_sc_hd__a21o_1)
     1    0.00    0.03    0.06    2.40 ^ _291_/X (sky130_fd_sc_hd__a21o_1)
                                         net26 (net)
                  0.03    0.00    2.40 ^ output26/A (sky130_fd_sc_hd__buf_2)
     1    0.03    0.17    0.18    2.58 ^ output26/X (sky130_fd_sc_hd__buf_2)
                                         OUT[6] (net)
                  0.17    0.00    2.58 ^ OUT[6] (out)
                                  2.58   data arrival time

                  0.00    0.00    0.00   clock __VIRTUAL_CLK__ (rise edge)
                          0.00    0.00   clock network delay (ideal)
                          0.25    0.25   clock uncertainty
                          0.00    0.25   clock reconvergence pessimism
                         -2.00   -1.75   output external delay
                                 -1.75   data required time
-----------------------------------------------------------------------------
                                 -1.75   data required time
                                 -2.58   data arrival time
-----------------------------------------------------------------------------
                                  4.33   slack (MET)


Startpoint: A[4] (input port clocked by __VIRTUAL_CLK__)
Endpoint: OUT[4] (output port clocked by __VIRTUAL_CLK__)
Path Group: __VIRTUAL_CLK__
Path Type: min

Fanout     Cap    Slew   Delay    Time   Description
-----------------------------------------------------------------------------
                  0.00    0.00    0.00   clock __VIRTUAL_CLK__ (rise edge)
                          0.00    0.00   clock network delay (ideal)
                          2.00    2.00 ^ input external delay
     1    0.00    0.02    0.01    2.01 ^ A[4] (in)
                                         A[4] (net)
                  0.02    0.00    2.01 ^ input5/A (sky130_fd_sc_hd__clkbuf_4)
     6    0.02    0.08    0.14    2.15 ^ input5/X (sky130_fd_sc_hd__clkbuf_4)
                                         net5 (net)
                  0.08    0.00    2.15 ^ _341_/A2 (sky130_fd_sc_hd__a31o_1)
     1    0.00    0.03    0.12    2.27 ^ _341_/X (sky130_fd_sc_hd__a31o_1)
                                         _092_ (net)
                  0.03    0.00    2.27 ^ _346_/B (sky130_fd_sc_hd__or3_1)
     1    0.00    0.03    0.08    2.35 ^ _346_/X (sky130_fd_sc_hd__or3_1)
                                         _097_ (net)
                  0.03    0.00    2.35 ^ _347_/A (sky130_fd_sc_hd__clkbuf_1)
     1    0.00    0.03    0.07    2.41 ^ _347_/X (sky130_fd_sc_hd__clkbuf_1)
                                         net24 (net)
                  0.03    0.00    2.41 ^ output24/A (sky130_fd_sc_hd__buf_2)
     1    0.03    0.17    0.18    2.60 ^ output24/X (sky130_fd_sc_hd__buf_2)
                                         OUT[4] (net)
                  0.17    0.00    2.60 ^ OUT[4] (out)
                                  2.60   data arrival time

                  0.00    0.00    0.00   clock __VIRTUAL_CLK__ (rise edge)
                          0.00    0.00   clock network delay (ideal)
                          0.25    0.25   clock uncertainty
                          0.00    0.25   clock reconvergence pessimism
                         -2.00   -1.75   output external delay
                                 -1.75   data required time
-----------------------------------------------------------------------------
                                 -1.75   data required time
                                 -2.60   data arrival time
-----------------------------------------------------------------------------
                                  4.35   slack (MET)


Startpoint: A[6] (input port clocked by __VIRTUAL_CLK__)
Endpoint: OUT[7] (output port clocked by __VIRTUAL_CLK__)
Path Group: __VIRTUAL_CLK__
Path Type: min

Fanout     Cap    Slew   Delay    Time   Description
-----------------------------------------------------------------------------
                  0.00    0.00    0.00   clock __VIRTUAL_CLK__ (rise edge)
                          0.00    0.00   clock network delay (ideal)
                          2.00    2.00 ^ input external delay
     1    0.00    0.02    0.01    2.01 ^ A[6] (in)
                                         A[6] (net)
                  0.02    0.00    2.01 ^ input7/A (sky130_fd_sc_hd__buf_2)
     5    0.01    0.08    0.12    2.12 ^ input7/X (sky130_fd_sc_hd__buf_2)
                                         net7 (net)
                  0.08    0.00    2.12 ^ _270_/A (sky130_fd_sc_hd__and2_4)
     3    0.01    0.04    0.14    2.26 ^ _270_/X (sky130_fd_sc_hd__and2_4)
                                         _027_ (net)
                  0.04    0.00    2.26 ^ _296_/A (sky130_fd_sc_hd__or3_4)
     1    0.00    0.03    0.10    2.35 ^ _296_/X (sky130_fd_sc_hd__or3_4)
                                         _052_ (net)
                  0.03    0.00    2.35 ^ _302_/A3 (sky130_fd_sc_hd__a31o_1)
     1    0.00    0.03    0.11    2.47 ^ _302_/X (sky130_fd_sc_hd__a31o_1)
                                         net27 (net)
                  0.03    0.00    2.47 ^ output27/A (sky130_fd_sc_hd__buf_2)
     1    0.03    0.17    0.18    2.65 ^ output27/X (sky130_fd_sc_hd__buf_2)
                                         OUT[7] (net)
                  0.17    0.00    2.65 ^ OUT[7] (out)
                                  2.65   data arrival time

                  0.00    0.00    0.00   clock __VIRTUAL_CLK__ (rise edge)
                          0.00    0.00   clock network delay (ideal)
                          0.25    0.25   clock uncertainty
                          0.00    0.25   clock reconvergence pessimism
                         -2.00   -1.75   output external delay
                                 -1.75   data required time
-----------------------------------------------------------------------------
                                 -1.75   data required time
                                 -2.65   data arrival time
-----------------------------------------------------------------------------
                                  4.40   slack (MET)


Startpoint: OPCODE[2] (input port clocked by __VIRTUAL_CLK__)
Endpoint: OUT[3] (output port clocked by __VIRTUAL_CLK__)
Path Group: __VIRTUAL_CLK__
Path Type: min

Fanout     Cap    Slew   Delay    Time   Description
-----------------------------------------------------------------------------
                  0.00    0.00    0.00   clock __VIRTUAL_CLK__ (rise edge)
                          0.00    0.00   clock network delay (ideal)
                          2.00    2.00 ^ input external delay
     1    0.00    0.02    0.01    2.01 ^ OPCODE[2] (in)
                                         OPCODE[2] (net)
                  0.02    0.00    2.01 ^ input19/A (sky130_fd_sc_hd__clkbuf_4)
     6    0.02    0.08    0.14    2.15 ^ input19/X (sky130_fd_sc_hd__clkbuf_4)
                                         net19 (net)
                  0.08    0.00    2.15 ^ _170_/A (sky130_fd_sc_hd__inv_2)
     2    0.01    0.04    0.05    2.20 v _170_/Y (sky130_fd_sc_hd__inv_2)
                                         _098_ (net)
                  0.04    0.00    2.20 v _172_/A (sky130_fd_sc_hd__nor2_4)
     8    0.02    0.14    0.14    2.34 ^ _172_/Y (sky130_fd_sc_hd__nor2_4)
                                         _100_ (net)
                  0.14    0.00    2.34 ^ _335_/B2 (sky130_fd_sc_hd__a221o_1)
     1    0.00    0.03    0.14    2.48 ^ _335_/X (sky130_fd_sc_hd__a221o_1)
                                         net23 (net)
                  0.03    0.00    2.48 ^ output23/A (sky130_fd_sc_hd__buf_2)
     1    0.03    0.17    0.18    2.66 ^ output23/X (sky130_fd_sc_hd__buf_2)
                                         OUT[3] (net)
                  0.17    0.00    2.66 ^ OUT[3] (out)
                                  2.66   data arrival time

                  0.00    0.00    0.00   clock __VIRTUAL_CLK__ (rise edge)
                          0.00    0.00   clock network delay (ideal)
                          0.25    0.25   clock uncertainty
                          0.00    0.25   clock reconvergence pessimism
                         -2.00   -1.75   output external delay
                                 -1.75   data required time
-----------------------------------------------------------------------------
                                 -1.75   data required time
                                 -2.66   data arrival time
-----------------------------------------------------------------------------
                                  4.41   slack (MET)


Startpoint: OPCODE[2] (input port clocked by __VIRTUAL_CLK__)
Endpoint: OUT[2] (output port clocked by __VIRTUAL_CLK__)
Path Group: __VIRTUAL_CLK__
Path Type: min

Fanout     Cap    Slew   Delay    Time   Description
-----------------------------------------------------------------------------
                  0.00    0.00    0.00   clock __VIRTUAL_CLK__ (rise edge)
                          0.00    0.00   clock network delay (ideal)
                          2.00    2.00 ^ input external delay
     1    0.00    0.02    0.01    2.01 ^ OPCODE[2] (in)
                                         OPCODE[2] (net)
                  0.02    0.00    2.01 ^ input19/A (sky130_fd_sc_hd__clkbuf_4)
     6    0.02    0.08    0.14    2.15 ^ input19/X (sky130_fd_sc_hd__clkbuf_4)
                                         net19 (net)
                  0.08    0.00    2.15 ^ _265_/A (sky130_fd_sc_hd__and3_2)
     7    0.01    0.09    0.21    2.36 ^ _265_/X (sky130_fd_sc_hd__and3_2)
                                         _023_ (net)
                  0.09    0.00    2.36 ^ _326_/A2 (sky130_fd_sc_hd__a31o_1)
     1    0.00    0.03    0.13    2.49 ^ _326_/X (sky130_fd_sc_hd__a31o_1)
                                         net22 (net)
                  0.03    0.00    2.49 ^ output22/A (sky130_fd_sc_hd__buf_2)
     1    0.03    0.17    0.18    2.67 ^ output22/X (sky130_fd_sc_hd__buf_2)
                                         OUT[2] (net)
                  0.17    0.00    2.67 ^ OUT[2] (out)
                                  2.67   data arrival time

                  0.00    0.00    0.00   clock __VIRTUAL_CLK__ (rise edge)
                          0.00    0.00   clock network delay (ideal)
                          0.25    0.25   clock uncertainty
                          0.00    0.25   clock reconvergence pessimism
                         -2.00   -1.75   output external delay
                                 -1.75   data required time
-----------------------------------------------------------------------------
                                 -1.75   data required time
                                 -2.67   data arrival time
-----------------------------------------------------------------------------
                                  4.42   slack (MET)


Startpoint: A[1] (input port clocked by __VIRTUAL_CLK__)
Endpoint: OUT[1] (output port clocked by __VIRTUAL_CLK__)
Path Group: __VIRTUAL_CLK__
Path Type: min

Fanout     Cap    Slew   Delay    Time   Description
-----------------------------------------------------------------------------
                  0.00    0.00    0.00   clock __VIRTUAL_CLK__ (rise edge)
                          0.00    0.00   clock network delay (ideal)
                          2.00    2.00 v input external delay
     1    0.00    0.01    0.00    2.00 v A[1] (in)
                                         A[1] (net)
                  0.01    0.00    2.00 v input2/A (sky130_fd_sc_hd__clkbuf_2)
     4    0.01    0.05    0.10    2.10 v input2/X (sky130_fd_sc_hd__clkbuf_2)
                                         net2 (net)
                  0.05    0.00    2.10 v _173_/A (sky130_fd_sc_hd__clkbuf_4)
    10    0.02    0.06    0.16    2.26 v _173_/X (sky130_fd_sc_hd__clkbuf_4)
                                         _101_ (net)
                  0.06    0.00    2.26 v _313_/A (sky130_fd_sc_hd__nor2_1)
     1    0.00    0.06    0.08    2.35 ^ _313_/Y (sky130_fd_sc_hd__nor2_1)
                                         _067_ (net)
                  0.06    0.00    2.35 ^ _317_/C (sky130_fd_sc_hd__or4b_1)
     1    0.00    0.03    0.09    2.44 ^ _317_/X (sky130_fd_sc_hd__or4b_1)
                                         _071_ (net)
                  0.03    0.00    2.44 ^ _318_/A (sky130_fd_sc_hd__clkbuf_1)
     1    0.00    0.03    0.07    2.50 ^ _318_/X (sky130_fd_sc_hd__clkbuf_1)
                                         net21 (net)
                  0.03    0.00    2.50 ^ output21/A (sky130_fd_sc_hd__buf_2)
     1    0.03    0.17    0.18    2.68 ^ output21/X (sky130_fd_sc_hd__buf_2)
                                         OUT[1] (net)
                  0.17    0.00    2.68 ^ OUT[1] (out)
                                  2.68   data arrival time

                  0.00    0.00    0.00   clock __VIRTUAL_CLK__ (rise edge)
                          0.00    0.00   clock network delay (ideal)
                          0.25    0.25   clock uncertainty
                          0.00    0.25   clock reconvergence pessimism
                         -2.00   -1.75   output external delay
                                 -1.75   data required time
-----------------------------------------------------------------------------
                                 -1.75   data required time
                                 -2.68   data arrival time
-----------------------------------------------------------------------------
                                  4.43   slack (MET)



worst slack corner Typical: 4.2874
min_report_end
max_report

===========================================================================
report_checks -path_delay max (Setup)
============================================================================
======================= Typical Corner ===================================

Startpoint: OPCODE[0] (input port clocked by __VIRTUAL_CLK__)
Endpoint: OUT[6] (output port clocked by __VIRTUAL_CLK__)
Path Group: __VIRTUAL_CLK__
Path Type: max

Fanout     Cap    Slew   Delay    Time   Description
-----------------------------------------------------------------------------
                  0.00    0.00    0.00   clock __VIRTUAL_CLK__ (rise edge)
                          0.00    0.00   clock network delay (ideal)
                          2.00    2.00 v input external delay
     1    0.00    0.01    0.00    2.00 v OPCODE[0] (in)
                                         OPCODE[0] (net)
                  0.01    0.00    2.00 v input17/A (sky130_fd_sc_hd__clkbuf_2)
     5    0.01    0.05    0.12    2.12 v input17/X (sky130_fd_sc_hd__clkbuf_2)
                                         net17 (net)
                  0.05    0.00    2.12 v _235_/A_N (sky130_fd_sc_hd__nand3b_4)
     7    0.01    0.08    0.18    2.30 v _235_/Y (sky130_fd_sc_hd__nand3b_4)
                                         _163_ (net)
                  0.08    0.00    2.30 v rebuffer1/A (sky130_fd_sc_hd__dlygate4sd1_1)
     2    0.01    0.05    0.27    2.57 v rebuffer1/X (sky130_fd_sc_hd__dlygate4sd1_1)
                                         net28 (net)
                  0.05    0.00    2.57 v rebuffer2/A (sky130_fd_sc_hd__dlygate4sd1_1)
     2    0.00    0.04    0.25    2.81 v rebuffer2/X (sky130_fd_sc_hd__dlygate4sd1_1)
                                         net29 (net)
                  0.04    0.00    2.81 v _251_/B1 (sky130_fd_sc_hd__o21a_1)
     1    0.01    0.06    0.13    2.94 v _251_/X (sky130_fd_sc_hd__o21a_1)
                                         _009_ (net)
                  0.06    0.00    2.94 v _252_/B (sky130_fd_sc_hd__xnor2_2)
     2    0.01    0.18    0.18    3.12 ^ _252_/Y (sky130_fd_sc_hd__xnor2_2)
                                         _010_ (net)
                  0.18    0.00    3.12 ^ _253_/B (sky130_fd_sc_hd__nand2_2)
     3    0.01    0.06    0.09    3.21 v _253_/Y (sky130_fd_sc_hd__nand2_2)
                                         _011_ (net)
                  0.06    0.00    3.21 v _257_/A3 (sky130_fd_sc_hd__a311o_4)
     5    0.02    0.08    0.45    3.66 v _257_/X (sky130_fd_sc_hd__a311o_4)
                                         _015_ (net)
                  0.08    0.00    3.66 v _276_/A3 (sky130_fd_sc_hd__a311oi_4)
     3    0.01    0.23    0.32    3.98 ^ _276_/Y (sky130_fd_sc_hd__a311oi_4)
                                         _033_ (net)
                  0.23    0.00    3.98 ^ _277_/A_N (sky130_fd_sc_hd__and2b_1)
     1    0.00    0.03    0.22    4.20 v _277_/X (sky130_fd_sc_hd__and2b_1)
                                         _034_ (net)
                  0.03    0.00    4.20 v _291_/A2 (sky130_fd_sc_hd__a21o_1)
     1    0.00    0.03    0.17    4.37 v _291_/X (sky130_fd_sc_hd__a21o_1)
                                         net26 (net)
                  0.03    0.00    4.37 v output26/A (sky130_fd_sc_hd__buf_2)
     1    0.03    0.09    0.18    4.55 v output26/X (sky130_fd_sc_hd__buf_2)
                                         OUT[6] (net)
                  0.09    0.00    4.55 v OUT[6] (out)
                                  4.55   data arrival time

                  0.00   10.00   10.00   clock __VIRTUAL_CLK__ (rise edge)
                          0.00   10.00   clock network delay (ideal)
                         -0.25    9.75   clock uncertainty
                          0.00    9.75   clock reconvergence pessimism
                         -2.00    7.75   output external delay
                                  7.75   data required time
-----------------------------------------------------------------------------
                                  7.75   data required time
                                 -4.55   data arrival time
-----------------------------------------------------------------------------
                                  3.20   slack (MET)


Startpoint: OPCODE[0] (input port clocked by __VIRTUAL_CLK__)
Endpoint: OUT[7] (output port clocked by __VIRTUAL_CLK__)
Path Group: __VIRTUAL_CLK__
Path Type: max

Fanout     Cap    Slew   Delay    Time   Description
-----------------------------------------------------------------------------
                  0.00    0.00    0.00   clock __VIRTUAL_CLK__ (rise edge)
                          0.00    0.00   clock network delay (ideal)
                          2.00    2.00 v input external delay
     1    0.00    0.01    0.00    2.00 v OPCODE[0] (in)
                                         OPCODE[0] (net)
                  0.01    0.00    2.00 v input17/A (sky130_fd_sc_hd__clkbuf_2)
     5    0.01    0.05    0.12    2.12 v input17/X (sky130_fd_sc_hd__clkbuf_2)
                                         net17 (net)
                  0.05    0.00    2.12 v _235_/A_N (sky130_fd_sc_hd__nand3b_4)
     7    0.01    0.08    0.18    2.30 v _235_/Y (sky130_fd_sc_hd__nand3b_4)
                                         _163_ (net)
                  0.08    0.00    2.30 v rebuffer1/A (sky130_fd_sc_hd__dlygate4sd1_1)
     2    0.01    0.05    0.27    2.57 v rebuffer1/X (sky130_fd_sc_hd__dlygate4sd1_1)
                                         net28 (net)
                  0.05    0.00    2.57 v rebuffer2/A (sky130_fd_sc_hd__dlygate4sd1_1)
     2    0.00    0.04    0.25    2.81 v rebuffer2/X (sky130_fd_sc_hd__dlygate4sd1_1)
                                         net29 (net)
                  0.04    0.00    2.81 v _251_/B1 (sky130_fd_sc_hd__o21a_1)
     1    0.01    0.06    0.13    2.94 v _251_/X (sky130_fd_sc_hd__o21a_1)
                                         _009_ (net)
                  0.06    0.00    2.94 v _252_/B (sky130_fd_sc_hd__xnor2_2)
     2    0.01    0.18    0.18    3.12 ^ _252_/Y (sky130_fd_sc_hd__xnor2_2)
                                         _010_ (net)
                  0.18    0.00    3.12 ^ _253_/B (sky130_fd_sc_hd__nand2_2)
     3    0.01    0.06    0.09    3.21 v _253_/Y (sky130_fd_sc_hd__nand2_2)
                                         _011_ (net)
                  0.06    0.00    3.21 v _257_/A3 (sky130_fd_sc_hd__a311o_4)
     5    0.02    0.08    0.45    3.66 v _257_/X (sky130_fd_sc_hd__a311o_4)
                                         _015_ (net)
                  0.08    0.00    3.66 v _276_/A3 (sky130_fd_sc_hd__a311oi_4)
     3    0.01    0.23    0.32    3.98 ^ _276_/Y (sky130_fd_sc_hd__a311oi_4)
                                         _033_ (net)
                  0.23    0.00    3.98 ^ _296_/B (sky130_fd_sc_hd__or3_4)
     1    0.00    0.03    0.17    4.16 ^ _296_/X (sky130_fd_sc_hd__or3_4)
                                         _052_ (net)
                  0.03    0.00    4.16 ^ _302_/A3 (sky130_fd_sc_hd__a31o_1)
     1    0.00    0.04    0.13    4.28 ^ _302_/X (sky130_fd_sc_hd__a31o_1)
                                         net27 (net)
                  0.04    0.00    4.28 ^ output27/A (sky130_fd_sc_hd__buf_2)
     1    0.03    0.17    0.20    4.49 ^ output27/X (sky130_fd_sc_hd__buf_2)
                                         OUT[7] (net)
                  0.17    0.00    4.49 ^ OUT[7] (out)
                                  4.49   data arrival time

                  0.00   10.00   10.00   clock __VIRTUAL_CLK__ (rise edge)
                          0.00   10.00   clock network delay (ideal)
                         -0.25    9.75   clock uncertainty
                          0.00    9.75   clock reconvergence pessimism
                         -2.00    7.75   output external delay
                                  7.75   data required time
-----------------------------------------------------------------------------
                                  7.75   data required time
                                 -4.49   data arrival time
-----------------------------------------------------------------------------
                                  3.26   slack (MET)


Startpoint: OPCODE[0] (input port clocked by __VIRTUAL_CLK__)
Endpoint: OUT[4] (output port clocked by __VIRTUAL_CLK__)
Path Group: __VIRTUAL_CLK__
Path Type: max

Fanout     Cap    Slew   Delay    Time   Description
-----------------------------------------------------------------------------
                  0.00    0.00    0.00   clock __VIRTUAL_CLK__ (rise edge)
                          0.00    0.00   clock network delay (ideal)
                          2.00    2.00 v input external delay
     1    0.00    0.01    0.00    2.00 v OPCODE[0] (in)
                                         OPCODE[0] (net)
                  0.01    0.00    2.00 v input17/A (sky130_fd_sc_hd__clkbuf_2)
     5    0.01    0.05    0.12    2.12 v input17/X (sky130_fd_sc_hd__clkbuf_2)
                                         net17 (net)
                  0.05    0.00    2.12 v _235_/A_N (sky130_fd_sc_hd__nand3b_4)
     7    0.01    0.08    0.18    2.30 v _235_/Y (sky130_fd_sc_hd__nand3b_4)
                                         _163_ (net)
                  0.08    0.00    2.30 v rebuffer1/A (sky130_fd_sc_hd__dlygate4sd1_1)
     2    0.01    0.05    0.27    2.57 v rebuffer1/X (sky130_fd_sc_hd__dlygate4sd1_1)
                                         net28 (net)
                  0.05    0.00    2.57 v rebuffer2/A (sky130_fd_sc_hd__dlygate4sd1_1)
     2    0.00    0.04    0.25    2.81 v rebuffer2/X (sky130_fd_sc_hd__dlygate4sd1_1)
                                         net29 (net)
                  0.04    0.00    2.81 v _251_/B1 (sky130_fd_sc_hd__o21a_1)
     1    0.01    0.06    0.13    2.94 v _251_/X (sky130_fd_sc_hd__o21a_1)
                                         _009_ (net)
                  0.06    0.00    2.94 v _252_/B (sky130_fd_sc_hd__xnor2_2)
     2    0.01    0.18    0.18    3.12 ^ _252_/Y (sky130_fd_sc_hd__xnor2_2)
                                         _010_ (net)
                  0.18    0.00    3.12 ^ _253_/B (sky130_fd_sc_hd__nand2_2)
     3    0.01    0.06    0.09    3.21 v _253_/Y (sky130_fd_sc_hd__nand2_2)
                                         _011_ (net)
                  0.06    0.00    3.21 v _257_/A3 (sky130_fd_sc_hd__a311o_4)
     5    0.02    0.08    0.45    3.66 v _257_/X (sky130_fd_sc_hd__a311o_4)
                                         _015_ (net)
                  0.08    0.00    3.66 v _338_/A (sky130_fd_sc_hd__and3_1)
     1    0.00    0.03    0.15    3.81 v _338_/X (sky130_fd_sc_hd__and3_1)
                                         _089_ (net)
                  0.03    0.00    3.81 v _346_/A (sky130_fd_sc_hd__or3_1)
     1    0.00    0.06    0.37    4.18 v _346_/X (sky130_fd_sc_hd__or3_1)
                                         _097_ (net)
                  0.06    0.00    4.18 v _347_/A (sky130_fd_sc_hd__clkbuf_1)
     1    0.00    0.02    0.09    4.27 v _347_/X (sky130_fd_sc_hd__clkbuf_1)
                                         net24 (net)
                  0.02    0.00    4.27 v output24/A (sky130_fd_sc_hd__buf_2)
     1    0.03    0.09    0.18    4.45 v output24/X (sky130_fd_sc_hd__buf_2)
                                         OUT[4] (net)
                  0.09    0.00    4.45 v OUT[4] (out)
                                  4.45   data arrival time

                  0.00   10.00   10.00   clock __VIRTUAL_CLK__ (rise edge)
                          0.00   10.00   clock network delay (ideal)
                         -0.25    9.75   clock uncertainty
                          0.00    9.75   clock reconvergence pessimism
                         -2.00    7.75   output external delay
                                  7.75   data required time
-----------------------------------------------------------------------------
                                  7.75   data required time
                                 -4.45   data arrival time
-----------------------------------------------------------------------------
                                  3.30   slack (MET)


Startpoint: OPCODE[0] (input port clocked by __VIRTUAL_CLK__)
Endpoint: OUT[5] (output port clocked by __VIRTUAL_CLK__)
Path Group: __VIRTUAL_CLK__
Path Type: max

Fanout     Cap    Slew   Delay    Time   Description
-----------------------------------------------------------------------------
                  0.00    0.00    0.00   clock __VIRTUAL_CLK__ (rise edge)
                          0.00    0.00   clock network delay (ideal)
                          2.00    2.00 v input external delay
     1    0.00    0.01    0.00    2.00 v OPCODE[0] (in)
                                         OPCODE[0] (net)
                  0.01    0.00    2.00 v input17/A (sky130_fd_sc_hd__clkbuf_2)
     5    0.01    0.05    0.12    2.12 v input17/X (sky130_fd_sc_hd__clkbuf_2)
                                         net17 (net)
                  0.05    0.00    2.12 v _235_/A_N (sky130_fd_sc_hd__nand3b_4)
     7    0.01    0.08    0.18    2.30 v _235_/Y (sky130_fd_sc_hd__nand3b_4)
                                         _163_ (net)
                  0.08    0.00    2.30 v rebuffer1/A (sky130_fd_sc_hd__dlygate4sd1_1)
     2    0.01    0.05    0.27    2.57 v rebuffer1/X (sky130_fd_sc_hd__dlygate4sd1_1)
                                         net28 (net)
                  0.05    0.00    2.57 v rebuffer2/A (sky130_fd_sc_hd__dlygate4sd1_1)
     2    0.00    0.04    0.25    2.81 v rebuffer2/X (sky130_fd_sc_hd__dlygate4sd1_1)
                                         net29 (net)
                  0.04    0.00    2.81 v _251_/B1 (sky130_fd_sc_hd__o21a_1)
     1    0.01    0.06    0.13    2.94 v _251_/X (sky130_fd_sc_hd__o21a_1)
                                         _009_ (net)
                  0.06    0.00    2.94 v _252_/B (sky130_fd_sc_hd__xnor2_2)
     2    0.01    0.18    0.18    3.12 ^ _252_/Y (sky130_fd_sc_hd__xnor2_2)
                                         _010_ (net)
                  0.18    0.00    3.12 ^ _253_/B (sky130_fd_sc_hd__nand2_2)
     3    0.01    0.06    0.09    3.21 v _253_/Y (sky130_fd_sc_hd__nand2_2)
                                         _011_ (net)
                  0.06    0.00    3.21 v _257_/A3 (sky130_fd_sc_hd__a311o_4)
     5    0.02    0.08    0.45    3.66 v _257_/X (sky130_fd_sc_hd__a311o_4)
                                         _015_ (net)
                  0.08    0.00    3.66 v _263_/A2 (sky130_fd_sc_hd__a21o_1)
     1    0.00    0.03    0.18    3.84 v _263_/X (sky130_fd_sc_hd__a21o_1)
                                         _021_ (net)
                  0.03    0.00    3.84 v _266_/A (sky130_fd_sc_hd__and3_1)
     1    0.00    0.03    0.13    3.98 v _266_/X (sky130_fd_sc_hd__and3_1)
                                         _024_ (net)
                  0.03    0.00    3.98 v _267_/C1 (sky130_fd_sc_hd__a211o_1)
     1    0.00    0.04    0.22    4.20 v _267_/X (sky130_fd_sc_hd__a211o_1)
                                         net25 (net)
                  0.04    0.00    4.20 v output25/A (sky130_fd_sc_hd__buf_2)
     1    0.03    0.09    0.19    4.38 v output25/X (sky130_fd_sc_hd__buf_2)
                                         OUT[5] (net)
                  0.09    0.00    4.38 v OUT[5] (out)
                                  4.38   data arrival time

                  0.00   10.00   10.00   clock __VIRTUAL_CLK__ (rise edge)
                          0.00   10.00   clock network delay (ideal)
                         -0.25    9.75   clock uncertainty
                          0.00    9.75   clock reconvergence pessimism
                         -2.00    7.75   output external delay
                                  7.75   data required time
-----------------------------------------------------------------------------
                                  7.75   data required time
                                 -4.38   data arrival time
-----------------------------------------------------------------------------
                                  3.37   slack (MET)


Startpoint: OPCODE[0] (input port clocked by __VIRTUAL_CLK__)
Endpoint: OUT[3] (output port clocked by __VIRTUAL_CLK__)
Path Group: __VIRTUAL_CLK__
Path Type: max

Fanout     Cap    Slew   Delay    Time   Description
-----------------------------------------------------------------------------
                  0.00    0.00    0.00   clock __VIRTUAL_CLK__ (rise edge)
                          0.00    0.00   clock network delay (ideal)
                          2.00    2.00 v input external delay
     1    0.00    0.01    0.00    2.00 v OPCODE[0] (in)
                                         OPCODE[0] (net)
                  0.01    0.00    2.00 v input17/A (sky130_fd_sc_hd__clkbuf_2)
     5    0.01    0.05    0.12    2.12 v input17/X (sky130_fd_sc_hd__clkbuf_2)
                                         net17 (net)
                  0.05    0.00    2.12 v _235_/A_N (sky130_fd_sc_hd__nand3b_4)
     7    0.01    0.08    0.18    2.30 v _235_/Y (sky130_fd_sc_hd__nand3b_4)
                                         _163_ (net)
                  0.08    0.00    2.30 v rebuffer1/A (sky130_fd_sc_hd__dlygate4sd1_1)
     2    0.01    0.05    0.27    2.57 v rebuffer1/X (sky130_fd_sc_hd__dlygate4sd1_1)
                                         net28 (net)
                  0.05    0.00    2.57 v rebuffer2/A (sky130_fd_sc_hd__dlygate4sd1_1)
     2    0.00    0.04    0.25    2.81 v rebuffer2/X (sky130_fd_sc_hd__dlygate4sd1_1)
                                         net29 (net)
                  0.04    0.00    2.81 v _251_/B1 (sky130_fd_sc_hd__o21a_1)
     1    0.01    0.06    0.13    2.94 v _251_/X (sky130_fd_sc_hd__o21a_1)
                                         _009_ (net)
                  0.06    0.00    2.94 v _252_/B (sky130_fd_sc_hd__xnor2_2)
     2    0.01    0.07    0.15    3.09 v _252_/Y (sky130_fd_sc_hd__xnor2_2)
                                         _010_ (net)
                  0.07    0.00    3.09 v _253_/B (sky130_fd_sc_hd__nand2_2)
     3    0.01    0.07    0.09    3.18 ^ _253_/Y (sky130_fd_sc_hd__nand2_2)
                                         _011_ (net)
                  0.07    0.00    3.18 ^ _327_/B_N (sky130_fd_sc_hd__or2b_1)
     1    0.00    0.05    0.25    3.43 v _327_/X (sky130_fd_sc_hd__or2b_1)
                                         _079_ (net)
                  0.05    0.00    3.43 v _329_/A (sky130_fd_sc_hd__xnor2_1)
     1    0.00    0.04    0.13    3.56 v _329_/Y (sky130_fd_sc_hd__xnor2_1)
                                         _081_ (net)
                  0.04    0.00    3.56 v _335_/A2 (sky130_fd_sc_hd__a221o_1)
     1    0.00    0.05    0.34    3.90 v _335_/X (sky130_fd_sc_hd__a221o_1)
                                         net23 (net)
                  0.05    0.00    3.90 v output23/A (sky130_fd_sc_hd__buf_2)
     1    0.03    0.09    0.19    4.09 v output23/X (sky130_fd_sc_hd__buf_2)
                                         OUT[3] (net)
                  0.09    0.00    4.09 v OUT[3] (out)
                                  4.09   data arrival time

                  0.00   10.00   10.00   clock __VIRTUAL_CLK__ (rise edge)
                          0.00   10.00   clock network delay (ideal)
                         -0.25    9.75   clock uncertainty
                          0.00    9.75   clock reconvergence pessimism
                         -2.00    7.75   output external delay
                                  7.75   data required time
-----------------------------------------------------------------------------
                                  7.75   data required time
                                 -4.09   data arrival time
-----------------------------------------------------------------------------
                                  3.66   slack (MET)


Startpoint: B[0] (input port clocked by __VIRTUAL_CLK__)
Endpoint: OUT[2] (output port clocked by __VIRTUAL_CLK__)
Path Group: __VIRTUAL_CLK__
Path Type: max

Fanout     Cap    Slew   Delay    Time   Description
-----------------------------------------------------------------------------
                  0.00    0.00    0.00   clock __VIRTUAL_CLK__ (rise edge)
                          0.00    0.00   clock network delay (ideal)
                          2.00    2.00 v input external delay
     1    0.00    0.01    0.00    2.00 v B[0] (in)
                                         B[0] (net)
                  0.01    0.00    2.00 v input9/A (sky130_fd_sc_hd__dlymetal6s2s_1)
     4    0.01    0.06    0.15    2.15 v input9/X (sky130_fd_sc_hd__dlymetal6s2s_1)
                                         net9 (net)
                  0.06    0.00    2.15 v _234_/A (sky130_fd_sc_hd__or2_4)
     4    0.01    0.06    0.28    2.42 v _234_/X (sky130_fd_sc_hd__or2_4)
                                         _162_ (net)
                  0.06    0.00    2.42 v _240_/C (sky130_fd_sc_hd__and3_1)
     2    0.01    0.07    0.22    2.65 v _240_/X (sky130_fd_sc_hd__and3_1)
                                         _168_ (net)
                  0.07    0.00    2.65 v _248_/C (sky130_fd_sc_hd__or3_1)
     1    0.00    0.06    0.31    2.95 v _248_/X (sky130_fd_sc_hd__or3_1)
                                         _006_ (net)
                  0.06    0.00    2.95 v _249_/B (sky130_fd_sc_hd__and2_2)
     2    0.01    0.05    0.22    3.17 v _249_/X (sky130_fd_sc_hd__and2_2)
                                         _007_ (net)
                  0.05    0.00    3.17 v _319_/A (sky130_fd_sc_hd__or3_1)
     1    0.00    0.06    0.38    3.55 v _319_/X (sky130_fd_sc_hd__or3_1)
                                         _072_ (net)
                  0.06    0.00    3.55 v _326_/A3 (sky130_fd_sc_hd__a31o_1)
     1    0.00    0.03    0.22    3.77 v _326_/X (sky130_fd_sc_hd__a31o_1)
                                         net22 (net)
                  0.03    0.00    3.77 v output22/A (sky130_fd_sc_hd__buf_2)
     1    0.03    0.09    0.18    3.95 v output22/X (sky130_fd_sc_hd__buf_2)
                                         OUT[2] (net)
                  0.09    0.00    3.95 v OUT[2] (out)
                                  3.95   data arrival time

                  0.00   10.00   10.00   clock __VIRTUAL_CLK__ (rise edge)
                          0.00   10.00   clock network delay (ideal)
                         -0.25    9.75   clock uncertainty
                          0.00    9.75   clock reconvergence pessimism
                         -2.00    7.75   output external delay
                                  7.75   data required time
-----------------------------------------------------------------------------
                                  7.75   data required time
                                 -3.95   data arrival time
-----------------------------------------------------------------------------
                                  3.80   slack (MET)


Startpoint: OPCODE[0] (input port clocked by __VIRTUAL_CLK__)
Endpoint: OUT[1] (output port clocked by __VIRTUAL_CLK__)
Path Group: __VIRTUAL_CLK__
Path Type: max

Fanout     Cap    Slew   Delay    Time   Description
-----------------------------------------------------------------------------
                  0.00    0.00    0.00   clock __VIRTUAL_CLK__ (rise edge)
                          0.00    0.00   clock network delay (ideal)
                          2.00    2.00 v input external delay
     1    0.00    0.01    0.00    2.00 v OPCODE[0] (in)
                                         OPCODE[0] (net)
                  0.01    0.00    2.00 v input17/A (sky130_fd_sc_hd__clkbuf_2)
     5    0.01    0.05    0.12    2.12 v input17/X (sky130_fd_sc_hd__clkbuf_2)
                                         net17 (net)
                  0.05    0.00    2.12 v _235_/A_N (sky130_fd_sc_hd__nand3b_4)
     7    0.01    0.08    0.18    2.30 v _235_/Y (sky130_fd_sc_hd__nand3b_4)
                                         _163_ (net)
                  0.08    0.00    2.30 v _242_/C (sky130_fd_sc_hd__and3_1)
     2    0.00    0.05    0.21    2.51 v _242_/X (sky130_fd_sc_hd__and3_1)
                                         _000_ (net)
                  0.05    0.00    2.51 v _245_/B (sky130_fd_sc_hd__or3_4)
     2    0.00    0.06    0.37    2.88 v _245_/X (sky130_fd_sc_hd__or3_4)
                                         _003_ (net)
                  0.06    0.00    2.88 v _314_/B (sky130_fd_sc_hd__and2b_1)
     1    0.00    0.03    0.16    3.04 v _314_/X (sky130_fd_sc_hd__and2b_1)
                                         _068_ (net)
                  0.03    0.00    3.04 v _315_/A (sky130_fd_sc_hd__nor2_1)
     1    0.00    0.06    0.08    3.12 ^ _315_/Y (sky130_fd_sc_hd__nor2_1)
                                         _069_ (net)
                  0.06    0.00    3.12 ^ _316_/B (sky130_fd_sc_hd__or3b_1)
     1    0.00    0.03    0.09    3.22 ^ _316_/X (sky130_fd_sc_hd__or3b_1)
                                         _070_ (net)
                  0.03    0.00    3.22 ^ _317_/D_N (sky130_fd_sc_hd__or4b_1)
     1    0.00    0.08    0.43    3.65 v _317_/X (sky130_fd_sc_hd__or4b_1)
                                         _071_ (net)
                  0.08    0.00    3.65 v _318_/A (sky130_fd_sc_hd__clkbuf_1)
     1    0.00    0.02    0.10    3.75 v _318_/X (sky130_fd_sc_hd__clkbuf_1)
                                         net21 (net)
                  0.02    0.00    3.75 v output21/A (sky130_fd_sc_hd__buf_2)
     1    0.03    0.09    0.18    3.93 v output21/X (sky130_fd_sc_hd__buf_2)
                                         OUT[1] (net)
                  0.09    0.00    3.93 v OUT[1] (out)
                                  3.93   data arrival time

                  0.00   10.00   10.00   clock __VIRTUAL_CLK__ (rise edge)
                          0.00   10.00   clock network delay (ideal)
                         -0.25    9.75   clock uncertainty
                          0.00    9.75   clock reconvergence pessimism
                         -2.00    7.75   output external delay
                                  7.75   data required time
-----------------------------------------------------------------------------
                                  7.75   data required time
                                 -3.93   data arrival time
-----------------------------------------------------------------------------
                                  3.82   slack (MET)


Startpoint: OPCODE[1] (input port clocked by __VIRTUAL_CLK__)
Endpoint: OUT[0] (output port clocked by __VIRTUAL_CLK__)
Path Group: __VIRTUAL_CLK__
Path Type: max

Fanout     Cap    Slew   Delay    Time   Description
-----------------------------------------------------------------------------
                  0.00    0.00    0.00   clock __VIRTUAL_CLK__ (rise edge)
                          0.00    0.00   clock network delay (ideal)
                          2.00    2.00 v input external delay
     1    0.00    0.01    0.00    2.00 v OPCODE[1] (in)
                                         OPCODE[1] (net)
                  0.01    0.00    2.00 v input18/A (sky130_fd_sc_hd__clkbuf_4)
     6    0.02    0.06    0.15    2.16 v input18/X (sky130_fd_sc_hd__clkbuf_4)
                                         net18 (net)
                  0.06    0.00    2.16 v _171_/B (sky130_fd_sc_hd__or2_2)
     4    0.02    0.09    0.34    2.50 v _171_/X (sky130_fd_sc_hd__or2_2)
                                         _099_ (net)
                  0.09    0.00    2.50 v _224_/B (sky130_fd_sc_hd__or2_1)
     1    0.00    0.04    0.22    2.72 v _224_/X (sky130_fd_sc_hd__or2_1)
                                         _152_ (net)
                  0.04    0.00    2.72 v _225_/A (sky130_fd_sc_hd__clkbuf_4)
     8    0.02    0.06    0.17    2.89 v _225_/X (sky130_fd_sc_hd__clkbuf_4)
                                         _153_ (net)
                  0.06    0.00    2.89 v _306_/A2 (sky130_fd_sc_hd__o21ai_1)
     1    0.00    0.10    0.12    3.00 ^ _306_/Y (sky130_fd_sc_hd__o21ai_1)
                                         _061_ (net)
                  0.10    0.00    3.00 ^ _307_/B1 (sky130_fd_sc_hd__a31o_1)
     1    0.00    0.04    0.10    3.10 ^ _307_/X (sky130_fd_sc_hd__a31o_1)
                                         net20 (net)
                  0.04    0.00    3.10 ^ output20/A (sky130_fd_sc_hd__buf_2)
     1    0.03    0.17    0.20    3.31 ^ output20/X (sky130_fd_sc_hd__buf_2)
                                         OUT[0] (net)
                  0.17    0.00    3.31 ^ OUT[0] (out)
                                  3.31   data arrival time

                  0.00   10.00   10.00   clock __VIRTUAL_CLK__ (rise edge)
                          0.00   10.00   clock network delay (ideal)
                         -0.25    9.75   clock uncertainty
                          0.00    9.75   clock reconvergence pessimism
                         -2.00    7.75   output external delay
                                  7.75   data required time
-----------------------------------------------------------------------------
                                  7.75   data required time
                                 -3.31   data arrival time
-----------------------------------------------------------------------------
                                  4.44   slack (MET)



worst slack corner Typical: 3.2020
max_report_end
checks_report

===========================================================================
report_checks -unconstrained
===========================================================================
======================= Typical Corner ===================================

Startpoint: OPCODE[0] (input port clocked by __VIRTUAL_CLK__)
Endpoint: OUT[6] (output port clocked by __VIRTUAL_CLK__)
Path Group: __VIRTUAL_CLK__
Path Type: max

Fanout     Cap    Slew   Delay    Time   Description
-----------------------------------------------------------------------------
                  0.00    0.00    0.00   clock __VIRTUAL_CLK__ (rise edge)
                          0.00    0.00   clock network delay (ideal)
                          2.00    2.00 v input external delay
     1    0.00    0.01    0.00    2.00 v OPCODE[0] (in)
                                         OPCODE[0] (net)
                  0.01    0.00    2.00 v input17/A (sky130_fd_sc_hd__clkbuf_2)
     5    0.01    0.05    0.12    2.12 v input17/X (sky130_fd_sc_hd__clkbuf_2)
                                         net17 (net)
                  0.05    0.00    2.12 v _235_/A_N (sky130_fd_sc_hd__nand3b_4)
     7    0.01    0.08    0.18    2.30 v _235_/Y (sky130_fd_sc_hd__nand3b_4)
                                         _163_ (net)
                  0.08    0.00    2.30 v rebuffer1/A (sky130_fd_sc_hd__dlygate4sd1_1)
     2    0.01    0.05    0.27    2.57 v rebuffer1/X (sky130_fd_sc_hd__dlygate4sd1_1)
                                         net28 (net)
                  0.05    0.00    2.57 v rebuffer2/A (sky130_fd_sc_hd__dlygate4sd1_1)
     2    0.00    0.04    0.25    2.81 v rebuffer2/X (sky130_fd_sc_hd__dlygate4sd1_1)
                                         net29 (net)
                  0.04    0.00    2.81 v _251_/B1 (sky130_fd_sc_hd__o21a_1)
     1    0.01    0.06    0.13    2.94 v _251_/X (sky130_fd_sc_hd__o21a_1)
                                         _009_ (net)
                  0.06    0.00    2.94 v _252_/B (sky130_fd_sc_hd__xnor2_2)
     2    0.01    0.18    0.18    3.12 ^ _252_/Y (sky130_fd_sc_hd__xnor2_2)
                                         _010_ (net)
                  0.18    0.00    3.12 ^ _253_/B (sky130_fd_sc_hd__nand2_2)
     3    0.01    0.06    0.09    3.21 v _253_/Y (sky130_fd_sc_hd__nand2_2)
                                         _011_ (net)
                  0.06    0.00    3.21 v _257_/A3 (sky130_fd_sc_hd__a311o_4)
     5    0.02    0.08    0.45    3.66 v _257_/X (sky130_fd_sc_hd__a311o_4)
                                         _015_ (net)
                  0.08    0.00    3.66 v _276_/A3 (sky130_fd_sc_hd__a311oi_4)
     3    0.01    0.23    0.32    3.98 ^ _276_/Y (sky130_fd_sc_hd__a311oi_4)
                                         _033_ (net)
                  0.23    0.00    3.98 ^ _277_/A_N (sky130_fd_sc_hd__and2b_1)
     1    0.00    0.03    0.22    4.20 v _277_/X (sky130_fd_sc_hd__and2b_1)
                                         _034_ (net)
                  0.03    0.00    4.20 v _291_/A2 (sky130_fd_sc_hd__a21o_1)
     1    0.00    0.03    0.17    4.37 v _291_/X (sky130_fd_sc_hd__a21o_1)
                                         net26 (net)
                  0.03    0.00    4.37 v output26/A (sky130_fd_sc_hd__buf_2)
     1    0.03    0.09    0.18    4.55 v output26/X (sky130_fd_sc_hd__buf_2)
                                         OUT[6] (net)
                  0.09    0.00    4.55 v OUT[6] (out)
                                  4.55   data arrival time

                  0.00   10.00   10.00   clock __VIRTUAL_CLK__ (rise edge)
                          0.00   10.00   clock network delay (ideal)
                         -0.25    9.75   clock uncertainty
                          0.00    9.75   clock reconvergence pessimism
                         -2.00    7.75   output external delay
                                  7.75   data required time
-----------------------------------------------------------------------------
                                  7.75   data required time
                                 -4.55   data arrival time
-----------------------------------------------------------------------------
                                  3.20   slack (MET)




===========================================================================
report_checks --slack_max -0.01
============================================================================
======================= Typical Corner ===================================

No paths found.


===========================================================================
 report_check_types -max_slew -max_cap -max_fanout -violators
============================================================================
======================= Typical Corner ===================================


max slew violations count Typical: 0
max fanout violations count Typical: 0
max cap violations count Typical: 0

===========================================================================
report_parasitic_annotation -report_unannotated
============================================================================
Found 227 unannotated drivers.
 A[0]
 A[1]
 A[2]
 A[3]
 A[4]
 A[5]
 A[6]
 A[7]
 B[0]
 B[1]
 B[2]
 B[3]
 B[4]
 B[5]
 B[6]
 B[7]
 OPCODE[0]
 OPCODE[1]
 OPCODE[2]
 _170_/Y
 _171_/X
 _172_/Y
 _173_/X
 _174_/Y
 _175_/X
 _176_/X
 _177_/Y
 _178_/X
 _179_/X
 _180_/Y
 _181_/X
 _182_/Y
 _183_/Y
 _184_/X
 _185_/Y
 _186_/X
 _187_/Y
 _188_/Y
 _189_/Y
 _190_/X
 _191_/X
 _192_/X
 _193_/Y
 _194_/X
 _195_/X
 _196_/X
 _197_/X
 _198_/X
 _199_/X
 _200_/Y
 _201_/X
 _202_/Y
 _203_/X
 _204_/Y
 _205_/X
 _206_/X
 _207_/Y
 _208_/X
 _209_/Y
 _210_/Y
 _211_/X
 _212_/X
 _213_/X
 _214_/Y
 _215_/Y
 _216_/Y
 _217_/Y
 _218_/X
 _219_/Y
 _220_/X
 _221_/Y
 _222_/Y
 _223_/Y
 _224_/X
 _225_/X
 _226_/Y
 _227_/Y
 _228_/Y
 _229_/X
 _230_/X
 _231_/Y
 _232_/X
 _233_/X
 _234_/X
 _235_/Y
 _236_/X
 _237_/Y
 _238_/Y
 _239_/Y
 _240_/X
 _241_/Y
 _242_/X
 _243_/Y
 _244_/X
 _245_/X
 _246_/X
 _247_/X
 _248_/X
 _249_/X
 _250_/Y
 _251_/X
 _252_/Y
 _253_/Y
 _254_/Y
 _255_/X
 _256_/Y
 _257_/X
 _258_/X
 _259_/Y
 _260_/X
 _261_/Y
 _262_/Y
 _263_/X
 _264_/Y
 _265_/X
 _266_/X
 _267_/X
 _268_/X
 _269_/Y
 _270_/X
 _271_/Y
 _272_/X
 _273_/Y
 _274_/X
 _275_/Y
 _276_/Y
 _277_/X
 _278_/Y
 _279_/Y
 _280_/X
 _281_/Y
 _282_/X
 _283_/X
 _284_/Y
 _285_/Y
 _286_/Y
 _287_/X
 _288_/X
 _289_/Y
 _290_/X
 _291_/X
 _292_/Y
 _293_/X
 _294_/X
 _295_/Y
 _296_/X
 _297_/Y
 _298_/X
 _299_/Y
 _300_/X
 _301_/X
 _302_/X
 _303_/X
 _304_/Y
 _305_/X
 _306_/Y
 _307_/X
 _308_/Y
 _309_/X
 _310_/X
 _311_/X
 _312_/X
 _313_/Y
 _314_/X
 _315_/Y
 _316_/X
 _317_/X
 _318_/X
 _319_/X
 _320_/Y
 _321_/Y
 _322_/X
 _323_/Y
 _324_/X
 _325_/Y
 _326_/X
 _327_/X
 _328_/Y
 _329_/Y
 _330_/X
 _331_/Y
 _332_/X
 _333_/Y
 _334_/X
 _335_/X
 _336_/X
 _337_/Y
 _338_/X
 _339_/Y
 _340_/X
 _341_/X
 _342_/X
 _343_/X
 _344_/Y
 _345_/X
 _346_/X
 _347_/X
 input1/X
 input10/X
 input11/X
 input12/X
 input13/X
 input14/X
 input15/X
 input16/X
 input17/X
 input18/X
 input19/X
 input2/X
 input3/X
 input4/X
 input5/X
 input6/X
 input7/X
 input8/X
 input9/X
 output20/X
 output21/X
 output22/X
 output23/X
 output24/X
 output25/X
 output26/X
 output27/X
 rebuffer1/X
 rebuffer2/X
 rebuffer3/X
Found 0 partially unannotated drivers.

===========================================================================
max slew violation count 0
max fanout violation count 0
max cap violation count 0
============================================================================

===========================================================================
check_setup -verbose -unconstrained_endpoints -multiple_clock -no_clock -no_input_delay -loops -generated_clocks
===========================================================================
checks_report_end
power_report

===========================================================================
 report_power
============================================================================
======================= Typical Corner ===================================

Group                  Internal  Switching    Leakage      Total
                          Power      Power      Power      Power (Watts)
----------------------------------------------------------------
Sequential             0.00e+00   0.00e+00   0.00e+00   0.00e+00   0.0%
Combinational          4.68e-05   4.64e-05   8.10e-10   9.33e-05 100.0%
Clock                  0.00e+00   0.00e+00   1.81e-10   1.81e-10   0.0%
Macro                  0.00e+00   0.00e+00   0.00e+00   0.00e+00   0.0%
Pad                    0.00e+00   0.00e+00   0.00e+00   0.00e+00   0.0%
----------------------------------------------------------------
Total                  4.68e-05   4.64e-05   9.91e-10   9.33e-05 100.0%
                          50.2%      49.8%       0.0%

power_report_end
summary_report

===========================================================================
report_tns
============================================================================
tns 0.00

===========================================================================
report_wns
============================================================================
wns 0.00

===========================================================================
report_worst_slack -max (Setup)
============================================================================
worst slack 3.20

===========================================================================
report_worst_slack -min (Hold)
============================================================================
worst slack 4.29
summary_report_end
area_report

===========================================================================
report_design_area
============================================================================
Design area 1782 u^2 26% utilization.
area_report_end
check_nonpropagated_clocks
__VIRTUAL_CLK__
check_nonpropagated_clocks_end
[WARNING] Did not save OpenROAD database!
