Instance,Terminal,Layer,X location,Y location,Voltage
FILLER_0_12_44,VPWR,li1,25.9900,46.2400,1.799994
FILLER_0_12_32,VPWR,li1,23.0000,46.2400,1.799994
FILLER_0_12_27,VPWR,li1,18.1700,46.2400,1.799994
FILLER_0_12_21,VPWR,li1,16.5600,46.2400,1.799994
FILLER_0_12_9,VPWR,li1,12.4200,46.2400,1.799994
FILLER_0_11_46,VPWR,li1,27.1400,40.8000,1.799962
FILLER_0_11_38,VPWR,li1,24.8400,40.8000,1.799962
FILLER_0_11_15,VPWR,li1,13.1100,40.8000,1.799964
FILLER_0_11_3,VPWR,li1,7.8200,40.8000,1.799966
FILLER_0_10_47,VPWR,li1,27.3700,40.8000,1.799962
FILLER_0_10_43,VPWR,li1,26.2200,40.8000,1.799962
FILLER_0_10_35,VPWR,li1,21.8500,40.8000,1.799962
FILLER_0_10_27,VPWR,li1,18.1700,40.8000,1.799962
FILLER_0_10_23,VPWR,li1,17.0200,40.8000,1.799962
FILLER_0_9_43,VPWR,li1,25.7600,35.3600,1.799952
FILLER_0_8_40,VPWR,li1,25.7600,35.3600,1.799952
FILLER_0_8_29,VPWR,li1,20.7000,35.3600,1.799952
FILLER_0_8_7,VPWR,li1,8.9700,35.3600,1.799967
FILLER_0_8_3,VPWR,li1,7.8200,35.3600,1.799967
FILLER_0_7_46,VPWR,li1,27.1400,29.9200,1.799980
FILLER_0_7_3,VPWR,li1,7.3600,29.9200,1.799988
FILLER_0_6_42,VPWR,li1,26.2200,29.9200,1.799980
FILLER_0_6_37,VPWR,li1,22.7700,29.9200,1.799980
FILLER_0_6_29,VPWR,li1,20.7000,29.9200,1.799980
FILLER_0_6_27,VPWR,li1,18.1700,29.9200,1.799981
FILLER_0_6_19,VPWR,li1,16.1000,29.9200,1.799983
FILLER_0_6_15,VPWR,li1,12.6500,29.9200,1.799985
FILLER_0_6_3,VPWR,li1,9.6600,29.9200,1.799988
FILLER_0_5_47,VPWR,li1,27.3700,24.4800,1.800000
FILLER_0_5_39,VPWR,li1,25.3000,24.4800,1.800000
FILLER_0_5_27,VPWR,li1,20.7000,24.4800,1.800000
FILLER_0_5_15,VPWR,li1,15.1800,24.4800,1.800000
FILLER_0_5_3,VPWR,li1,9.6600,24.4800,1.800000
FILLER_0_4_41,VPWR,li1,25.3000,24.4800,1.800000
FILLER_0_4_29,VPWR,li1,21.6200,24.4800,1.800000
FILLER_0_4_27,VPWR,li1,18.1700,24.4800,1.800000
FILLER_0_4_15,VPWR,li1,15.1800,24.4800,1.800000
FILLER_0_4_3,VPWR,li1,9.6600,24.4800,1.800000
FILLER_0_3_39,VPWR,li1,24.1500,19.0400,1.800000
FILLER_0_3_27,VPWR,li1,20.7000,19.0400,1.800000
FILLER_0_3_15,VPWR,li1,15.1800,19.0400,1.800000
FILLER_0_3_3,VPWR,li1,9.6600,19.0400,1.800000
FILLER_0_2_47,VPWR,li1,27.3700,19.0400,1.800000
FILLER_0_2_41,VPWR,li1,25.7600,19.0400,1.800000
FILLER_0_2_29,VPWR,li1,21.6200,19.0400,1.800000
FILLER_0_2_27,VPWR,li1,18.1700,19.0400,1.800000
FILLER_0_2_15,VPWR,li1,15.1800,19.0400,1.800000
FILLER_0_2_3,VPWR,li1,9.6600,19.0400,1.800000
FILLER_0_1_45,VPWR,li1,26.9100,13.6000,1.800000
FILLER_0_1_37,VPWR,li1,24.3800,13.6000,1.800000
FILLER_0_1_25,VPWR,li1,19.7800,13.6000,1.800000
FILLER_0_1_13,VPWR,li1,14.2600,13.6000,1.800000
FILLER_0_1_3,VPWR,li1,7.5900,13.6000,1.800000
FILLER_0_0_41,VPWR,li1,25.3000,13.6000,1.800000
FILLER_0_0_29,VPWR,li1,21.6200,13.6000,1.800000
FILLER_0_0_20,VPWR,li1,16.5600,13.6000,1.800000
FILLER_0_0_8,VPWR,li1,11.9600,13.6000,1.800000
clkload0,VPWR,li1,8.2800,46.2400,1.799992
clkbuf_1_1__f_clk,VPWR,li1,13.8000,35.3600,1.799952
clkbuf_1_0__f_clk,VPWR,li1,11.5000,40.8000,1.799966
clkbuf_0_clk,VPWR,li1,20.7000,35.3600,1.799952
output5,VPWR,li1,26.9100,13.6000,1.800000
output4,VPWR,li1,26.9100,24.4800,1.800000
output3,VPWR,li1,26.9100,35.3600,1.799952
output2,VPWR,li1,26.9100,46.2400,1.799994
input1,VPWR,li1,19.5500,46.2400,1.799994
TAP_TAPCELL_ROW_12_32,VPWR,li1,18.6300,45.9330,1.799994
TAP_TAPCELL_ROW_10_31,VPWR,li1,18.6300,40.4930,1.799962
TAP_TAPCELL_ROW_8_30,VPWR,li1,18.6300,35.0530,1.799952
TAP_TAPCELL_ROW_6_29,VPWR,li1,18.6300,29.6130,1.799981
TAP_TAPCELL_ROW_4_28,VPWR,li1,18.6300,24.1730,1.800000
TAP_TAPCELL_ROW_2_27,VPWR,li1,18.6300,18.7330,1.800000
TAP_TAPCELL_ROW_0_26,VPWR,li1,18.6300,13.2930,1.800000
PHY_EDGE_ROW_12_Left_25,VPWR,li1,6.2100,46.2400,1.799992
PHY_EDGE_ROW_11_Left_24,VPWR,li1,6.2100,40.8000,1.799966
PHY_EDGE_ROW_10_Left_23,VPWR,li1,6.2100,40.8000,1.799966
PHY_EDGE_ROW_9_Left_22,VPWR,li1,6.2100,35.3600,1.799967
PHY_EDGE_ROW_8_Left_21,VPWR,li1,6.2100,35.3600,1.799967
PHY_EDGE_ROW_7_Left_20,VPWR,li1,6.2100,29.9200,1.799988
PHY_EDGE_ROW_6_Left_19,VPWR,li1,6.2100,29.9200,1.799988
PHY_EDGE_ROW_5_Left_18,VPWR,li1,6.2100,24.4800,1.800000
PHY_EDGE_ROW_4_Left_17,VPWR,li1,6.2100,24.4800,1.800000
PHY_EDGE_ROW_3_Left_16,VPWR,li1,6.2100,19.0400,1.800000
PHY_EDGE_ROW_2_Left_15,VPWR,li1,6.2100,19.0400,1.800000
PHY_EDGE_ROW_1_Left_14,VPWR,li1,6.2100,13.6000,1.800000
PHY_EDGE_ROW_0_Left_13,VPWR,li1,6.2100,13.6000,1.800000
PHY_EDGE_ROW_12_Right_12,VPWR,li1,28.2900,46.2400,1.799994
PHY_EDGE_ROW_11_Right_11,VPWR,li1,28.2900,40.8000,1.799962
PHY_EDGE_ROW_10_Right_10,VPWR,li1,28.2900,40.8000,1.799962
PHY_EDGE_ROW_9_Right_9,VPWR,li1,28.2900,35.3600,1.799952
PHY_EDGE_ROW_8_Right_8,VPWR,li1,28.2900,35.3600,1.799952
PHY_EDGE_ROW_7_Right_7,VPWR,li1,28.2900,29.9200,1.799980
PHY_EDGE_ROW_6_Right_6,VPWR,li1,28.2900,29.9200,1.799980
PHY_EDGE_ROW_5_Right_5,VPWR,li1,28.2900,24.4800,1.800000
PHY_EDGE_ROW_4_Right_4,VPWR,li1,28.2900,24.4800,1.800000
PHY_EDGE_ROW_3_Right_3,VPWR,li1,28.2900,19.0400,1.800000
PHY_EDGE_ROW_2_Right_2,VPWR,li1,28.2900,19.0400,1.800000
PHY_EDGE_ROW_1_Right_1,VPWR,li1,28.2900,13.6000,1.800000
PHY_EDGE_ROW_0_Right_0,VPWR,li1,28.2900,13.6000,1.800000
_21_,VPWR,li1,12.4200,29.9200,1.799985
_20_,VPWR,li1,11.5000,35.3600,1.799958
_19_,VPWR,li1,18.4000,40.8000,1.799962
_18_,VPWR,li1,21.8500,29.9200,1.799980
_17_,VPWR,li1,9.8900,13.6000,1.800000
_16_,VPWR,li1,23.2300,35.3600,1.799952
_15_,VPWR,li1,8.0500,13.6000,1.800000
_14_,VPWR,li1,20.2400,40.8000,1.799962
_13_,VPWR,li1,23.9200,29.9200,1.799980
_12_,VPWR,li1,23.6900,40.8000,1.799962
_11_,VPWR,li1,13.5700,29.9200,1.799985
_10_,VPWR,li1,26.2200,19.0400,1.800000
_09_,VPWR,li1,10.5800,40.8000,1.799966
