Instance,Terminal,Layer,X location,Y location,Voltage
FILLER_0_12_44,VGND,li1,25.9900,43.5200,0.000016
FILLER_0_12_32,VGND,li1,23.0000,43.5200,0.000016
FILLER_0_12_27,VGND,li1,18.1700,43.5200,0.000015
FILLER_0_12_21,VGND,li1,16.5600,43.5200,0.000015
FILLER_0_12_9,VGND,li1,12.4200,43.5200,0.000012
FILLER_0_11_46,VGND,li1,27.1400,43.5200,0.000016
FILLER_0_11_38,VGND,li1,24.8400,43.5200,0.000016
FILLER_0_11_15,VGND,li1,13.1100,43.5200,0.000012
FILLER_0_11_3,VGND,li1,7.8200,43.5200,0.000015
FILLER_0_10_47,VGND,li1,27.3700,38.0800,0.000084
FILLER_0_10_43,VGND,li1,26.2200,38.0800,0.000084
FILLER_0_10_35,VGND,li1,21.8500,38.0800,0.000084
FILLER_0_10_27,VGND,li1,18.1700,38.0800,0.000073
FILLER_0_10_23,VGND,li1,17.0200,38.0800,0.000073
FILLER_0_9_43,VGND,li1,25.7600,38.0800,0.000084
FILLER_0_8_40,VGND,li1,25.7600,32.6400,0.000044
FILLER_0_8_29,VGND,li1,20.7000,32.6400,0.000044
FILLER_0_8_7,VGND,li1,8.9700,32.6400,0.000039
FILLER_0_8_3,VGND,li1,7.8200,32.6400,0.000039
FILLER_0_7_46,VGND,li1,27.1400,32.6400,0.000044
FILLER_0_7_3,VGND,li1,7.3600,32.6400,0.000039
FILLER_0_6_42,VGND,li1,26.2200,27.2000,0.000000
FILLER_0_6_37,VGND,li1,22.7700,27.2000,0.000000
FILLER_0_6_29,VGND,li1,20.7000,27.2000,0.000000
FILLER_0_6_27,VGND,li1,18.1700,27.2000,0.000000
FILLER_0_6_19,VGND,li1,16.1000,27.2000,0.000000
FILLER_0_6_15,VGND,li1,12.6500,27.2000,0.000000
FILLER_0_6_3,VGND,li1,9.6600,27.2000,0.000000
FILLER_0_5_47,VGND,li1,27.3700,27.2000,0.000000
FILLER_0_5_39,VGND,li1,25.3000,27.2000,0.000000
FILLER_0_5_27,VGND,li1,20.7000,27.2000,0.000000
FILLER_0_5_15,VGND,li1,15.1800,27.2000,0.000000
FILLER_0_5_3,VGND,li1,9.6600,27.2000,0.000000
FILLER_0_4_41,VGND,li1,25.3000,21.7600,0.000000
FILLER_0_4_29,VGND,li1,21.6200,21.7600,0.000000
FILLER_0_4_27,VGND,li1,18.1700,21.7600,0.000000
FILLER_0_4_15,VGND,li1,15.1800,21.7600,0.000000
FILLER_0_4_3,VGND,li1,9.6600,21.7600,0.000000
FILLER_0_3_39,VGND,li1,24.1500,21.7600,0.000000
FILLER_0_3_27,VGND,li1,20.7000,21.7600,0.000000
FILLER_0_3_15,VGND,li1,15.1800,21.7600,0.000000
FILLER_0_3_3,VGND,li1,9.6600,21.7600,0.000000
FILLER_0_2_47,VGND,li1,27.3700,16.3200,0.000000
FILLER_0_2_41,VGND,li1,25.7600,16.3200,0.000000
FILLER_0_2_29,VGND,li1,21.6200,16.3200,0.000000
FILLER_0_2_27,VGND,li1,18.1700,16.3200,0.000000
FILLER_0_2_15,VGND,li1,15.1800,16.3200,0.000000
FILLER_0_2_3,VGND,li1,9.6600,16.3200,0.000000
FILLER_0_1_45,VGND,li1,26.9100,16.3200,0.000000
FILLER_0_1_37,VGND,li1,24.3800,16.3200,0.000000
FILLER_0_1_25,VGND,li1,19.7800,16.3200,0.000000
FILLER_0_1_13,VGND,li1,14.2600,16.3200,0.000000
FILLER_0_1_3,VGND,li1,7.5900,16.3200,0.000000
FILLER_0_0_41,VGND,li1,25.3000,10.8800,0.000000
FILLER_0_0_29,VGND,li1,21.6200,10.8800,0.000000
FILLER_0_0_20,VGND,li1,16.5600,10.8800,0.000000
FILLER_0_0_8,VGND,li1,11.9600,10.8800,0.000000
clkload0,VGND,li1,8.2800,43.5200,0.000015
clkbuf_1_1__f_clk,VGND,li1,13.8000,32.6400,0.000039
clkbuf_1_0__f_clk,VGND,li1,11.5000,38.0800,0.000069
clkbuf_0_clk,VGND,li1,20.7000,38.0800,0.000084
output5,VGND,li1,26.9100,10.8800,0.000000
output4,VGND,li1,26.9100,21.7600,0.000000
output3,VGND,li1,26.9100,38.0800,0.000084
output2,VGND,li1,26.9100,43.5200,0.000016
input1,VGND,li1,19.5500,43.5200,0.000016
TAP_TAPCELL_ROW_12_32,VGND,li1,18.6300,43.8110,0.000016
TAP_TAPCELL_ROW_10_31,VGND,li1,18.6300,38.3710,0.000073
TAP_TAPCELL_ROW_8_30,VGND,li1,18.6300,32.9310,0.000042
TAP_TAPCELL_ROW_6_29,VGND,li1,18.6300,27.4910,0.000000
TAP_TAPCELL_ROW_4_28,VGND,li1,18.6300,22.0510,0.000000
TAP_TAPCELL_ROW_2_27,VGND,li1,18.6300,16.6110,0.000000
TAP_TAPCELL_ROW_0_26,VGND,li1,18.6300,11.1710,0.000000
PHY_EDGE_ROW_12_Left_25,VGND,li1,6.2100,43.5200,0.000015
PHY_EDGE_ROW_11_Left_24,VGND,li1,6.2100,43.5200,0.000015
PHY_EDGE_ROW_10_Left_23,VGND,li1,6.2100,38.0800,0.000069
PHY_EDGE_ROW_9_Left_22,VGND,li1,6.2100,38.0800,0.000069
PHY_EDGE_ROW_8_Left_21,VGND,li1,6.2100,32.6400,0.000039
PHY_EDGE_ROW_7_Left_20,VGND,li1,6.2100,32.6400,0.000039
PHY_EDGE_ROW_6_Left_19,VGND,li1,6.2100,27.2000,0.000000
PHY_EDGE_ROW_5_Left_18,VGND,li1,6.2100,27.2000,0.000000
PHY_EDGE_ROW_4_Left_17,VGND,li1,6.2100,21.7600,0.000000
PHY_EDGE_ROW_3_Left_16,VGND,li1,6.2100,21.7600,0.000000
PHY_EDGE_ROW_2_Left_15,VGND,li1,6.2100,16.3200,0.000000
PHY_EDGE_ROW_1_Left_14,VGND,li1,6.2100,16.3200,0.000000
PHY_EDGE_ROW_0_Left_13,VGND,li1,6.2100,10.8800,0.000000
PHY_EDGE_ROW_12_Right_12,VGND,li1,28.2900,43.5200,0.000016
PHY_EDGE_ROW_11_Right_11,VGND,li1,28.2900,43.5200,0.000016
PHY_EDGE_ROW_10_Right_10,VGND,li1,28.2900,38.0800,0.000084
PHY_EDGE_ROW_9_Right_9,VGND,li1,28.2900,38.0800,0.000084
PHY_EDGE_ROW_8_Right_8,VGND,li1,28.2900,32.6400,0.000044
PHY_EDGE_ROW_7_Right_7,VGND,li1,28.2900,32.6400,0.000044
PHY_EDGE_ROW_6_Right_6,VGND,li1,28.2900,27.2000,0.000000
PHY_EDGE_ROW_5_Right_5,VGND,li1,28.2900,27.2000,0.000000
PHY_EDGE_ROW_4_Right_4,VGND,li1,28.2900,21.7600,0.000000
PHY_EDGE_ROW_3_Right_3,VGND,li1,28.2900,21.7600,0.000000
PHY_EDGE_ROW_2_Right_2,VGND,li1,28.2900,16.3200,0.000000
PHY_EDGE_ROW_1_Right_1,VGND,li1,28.2900,16.3200,0.000000
PHY_EDGE_ROW_0_Right_0,VGND,li1,28.2900,10.8800,0.000000
_21_,VGND,li1,12.4200,32.6400,0.000039
_20_,VGND,li1,11.5000,38.0800,0.000069
_19_,VGND,li1,18.4000,43.5200,0.000016
_18_,VGND,li1,21.8500,32.6400,0.000044
_17_,VGND,li1,9.8900,16.3200,0.000000
_16_,VGND,li1,23.2300,32.6400,0.000044
_15_,VGND,li1,8.0500,10.8800,0.000000
_14_,VGND,li1,20.2400,38.0800,0.000084
_13_,VGND,li1,23.9200,27.2000,0.000000
_12_,VGND,li1,23.6900,38.0800,0.000084
_11_,VGND,li1,13.5700,27.2000,0.000000
_10_,VGND,li1,26.2200,21.7600,0.000000
_09_,VGND,li1,10.5800,43.5200,0.000013
