OpenROAD b16bda7e82721d10566ff7e2b68f1ff0be9f9e38 
Features included (+) or not (-): +Charts +GPU +GUI +Python
This program is licensed under the BSD-3 license. See the LICENSE file for details.
Components of this program may be licensed under more restrictive licenses which must be honored.
define_corners Typical
read_liberty -corner Typical /home/ceyhun/.volare/sky130A/libs.ref/sky130_fd_sc_hd/lib/sky130_fd_sc_hd__tt_025C_1v80.lib
Using 1e-12 for capacitance...
Using 1e+03 for resistance...
Using 1e-09 for time...
Using 1e+00 for voltage...
Using 1e-03 for current...
Using 1e-09 for power...
Using 1e-06 for distance...
[INFO]: Reading ODB at '/openlane/lab3/runs/RUN_2025.05.19_13.29.44/tmp/16-counter.odb'…
Reading design constraints file at '/openlane/lab3/src/counter.sdc'…
[INFO]: No (un)set_propagated_clock found in /openlane/lab3/src/counter.sdc
[INFO]: Propagating all clocks
[INFO]: Setting RC values...
min_report

===========================================================================
report_checks -path_delay min (Hold)
============================================================================
======================= Typical Corner ===================================

Startpoint: _21_ (rising edge-triggered flip-flop clocked by core_clock)
Endpoint: _21_ (rising edge-triggered flip-flop clocked by core_clock)
Path Group: core_clock
Path Type: min

Fanout     Cap    Slew   Delay    Time   Description
-----------------------------------------------------------------------------
                          0.00    0.00   clock core_clock (rise edge)
                          0.00    0.00   clock source latency
     1    0.01    0.00    0.00    0.00 ^ clk (in)
                                         clk (net)
                  0.00    0.00    0.00 ^ clkbuf_0_clk/A (sky130_fd_sc_hd__clkbuf_16)
     2    0.02    0.04    0.11    0.11 ^ clkbuf_0_clk/X (sky130_fd_sc_hd__clkbuf_16)
                                         clknet_0_clk (net)
                  0.04    0.00    0.11 ^ clkbuf_1_0__f_clk/A (sky130_fd_sc_hd__clkbuf_16)
     3    0.01    0.03    0.11    0.22 ^ clkbuf_1_0__f_clk/X (sky130_fd_sc_hd__clkbuf_16)
                                         clknet_1_0__leaf_clk (net)
                  0.03    0.00    0.22 ^ _21_/CLK (sky130_fd_sc_hd__dfrtp_1)
     3    0.01    0.09    0.35    0.57 ^ _21_/Q (sky130_fd_sc_hd__dfrtp_1)
                                         net5 (net)
                  0.09    0.00    0.57 ^ _17_/A (sky130_fd_sc_hd__xnor2_1)
     1    0.00    0.04    0.08    0.65 v _17_/Y (sky130_fd_sc_hd__xnor2_1)
                                         _03_ (net)
                  0.04    0.00    0.65 v _21_/D (sky130_fd_sc_hd__dfrtp_1)
                                  0.65   data arrival time

                          0.00    0.00   clock core_clock (rise edge)
                          0.00    0.00   clock source latency
     1    0.01    0.00    0.00    0.00 ^ clk (in)
                                         clk (net)
                  0.00    0.00    0.00 ^ clkbuf_0_clk/A (sky130_fd_sc_hd__clkbuf_16)
     2    0.02    0.04    0.11    0.11 ^ clkbuf_0_clk/X (sky130_fd_sc_hd__clkbuf_16)
                                         clknet_0_clk (net)
                  0.04    0.00    0.11 ^ clkbuf_1_0__f_clk/A (sky130_fd_sc_hd__clkbuf_16)
     3    0.01    0.03    0.11    0.22 ^ clkbuf_1_0__f_clk/X (sky130_fd_sc_hd__clkbuf_16)
                                         clknet_1_0__leaf_clk (net)
                  0.03    0.00    0.22 ^ _21_/CLK (sky130_fd_sc_hd__dfrtp_1)
                          0.00    0.22   clock reconvergence pessimism
                         -0.05    0.17   library hold time
                                  0.17   data required time
-----------------------------------------------------------------------------
                                  0.17   data required time
                                 -0.65   data arrival time
-----------------------------------------------------------------------------
                                  0.47   slack (MET)


Startpoint: _18_ (rising edge-triggered flip-flop clocked by core_clock)
Endpoint: _19_ (rising edge-triggered flip-flop clocked by core_clock)
Path Group: core_clock
Path Type: min

Fanout     Cap    Slew   Delay    Time   Description
-----------------------------------------------------------------------------
                          0.00    0.00   clock core_clock (rise edge)
                          0.00    0.00   clock source latency
     1    0.01    0.00    0.00    0.00 ^ clk (in)
                                         clk (net)
                  0.00    0.00    0.00 ^ clkbuf_0_clk/A (sky130_fd_sc_hd__clkbuf_16)
     2    0.02    0.04    0.11    0.11 ^ clkbuf_0_clk/X (sky130_fd_sc_hd__clkbuf_16)
                                         clknet_0_clk (net)
                  0.04    0.00    0.11 ^ clkbuf_1_1__f_clk/A (sky130_fd_sc_hd__clkbuf_16)
     2    0.01    0.03    0.11    0.22 ^ clkbuf_1_1__f_clk/X (sky130_fd_sc_hd__clkbuf_16)
                                         clknet_1_1__leaf_clk (net)
                  0.03    0.00    0.22 ^ _18_/CLK (sky130_fd_sc_hd__dfrtp_2)
     6    0.02    0.10    0.39    0.60 ^ _18_/Q (sky130_fd_sc_hd__dfrtp_2)
                                         net2 (net)
                  0.10    0.00    0.60 ^ _12_/A (sky130_fd_sc_hd__xor2_1)
     1    0.00    0.04    0.08    0.68 v _12_/X (sky130_fd_sc_hd__xor2_1)
                                         _01_ (net)
                  0.04    0.00    0.68 v _19_/D (sky130_fd_sc_hd__dfrtp_1)
                                  0.68   data arrival time

                          0.00    0.00   clock core_clock (rise edge)
                          0.00    0.00   clock source latency
     1    0.01    0.00    0.00    0.00 ^ clk (in)
                                         clk (net)
                  0.00    0.00    0.00 ^ clkbuf_0_clk/A (sky130_fd_sc_hd__clkbuf_16)
     2    0.02    0.04    0.11    0.11 ^ clkbuf_0_clk/X (sky130_fd_sc_hd__clkbuf_16)
                                         clknet_0_clk (net)
                  0.04    0.00    0.11 ^ clkbuf_1_1__f_clk/A (sky130_fd_sc_hd__clkbuf_16)
     2    0.01    0.03    0.11    0.22 ^ clkbuf_1_1__f_clk/X (sky130_fd_sc_hd__clkbuf_16)
                                         clknet_1_1__leaf_clk (net)
                  0.03    0.00    0.22 ^ _19_/CLK (sky130_fd_sc_hd__dfrtp_1)
                          0.00    0.22   clock reconvergence pessimism
                         -0.05    0.17   library hold time
                                  0.17   data required time
-----------------------------------------------------------------------------
                                  0.17   data required time
                                 -0.68   data arrival time
-----------------------------------------------------------------------------
                                  0.51   slack (MET)


Startpoint: _18_ (rising edge-triggered flip-flop clocked by core_clock)
Endpoint: _18_ (rising edge-triggered flip-flop clocked by core_clock)
Path Group: core_clock
Path Type: min

Fanout     Cap    Slew   Delay    Time   Description
-----------------------------------------------------------------------------
                          0.00    0.00   clock core_clock (rise edge)
                          0.00    0.00   clock source latency
     1    0.01    0.00    0.00    0.00 ^ clk (in)
                                         clk (net)
                  0.00    0.00    0.00 ^ clkbuf_0_clk/A (sky130_fd_sc_hd__clkbuf_16)
     2    0.02    0.04    0.11    0.11 ^ clkbuf_0_clk/X (sky130_fd_sc_hd__clkbuf_16)
                                         clknet_0_clk (net)
                  0.04    0.00    0.11 ^ clkbuf_1_1__f_clk/A (sky130_fd_sc_hd__clkbuf_16)
     2    0.01    0.03    0.11    0.22 ^ clkbuf_1_1__f_clk/X (sky130_fd_sc_hd__clkbuf_16)
                                         clknet_1_1__leaf_clk (net)
                  0.03    0.00    0.22 ^ _18_/CLK (sky130_fd_sc_hd__dfrtp_2)
     6    0.02    0.10    0.39    0.60 ^ _18_/Q (sky130_fd_sc_hd__dfrtp_2)
                                         net2 (net)
                  0.10    0.00    0.60 ^ _10_/A_N (sky130_fd_sc_hd__and2b_1)
     1    0.00    0.03    0.18    0.78 v _10_/X (sky130_fd_sc_hd__and2b_1)
                                         _04_ (net)
                  0.03    0.00    0.78 v _11_/A (sky130_fd_sc_hd__clkbuf_1)
     1    0.00    0.03    0.08    0.86 v _11_/X (sky130_fd_sc_hd__clkbuf_1)
                                         _00_ (net)
                  0.03    0.00    0.86 v _18_/D (sky130_fd_sc_hd__dfrtp_2)
                                  0.86   data arrival time

                          0.00    0.00   clock core_clock (rise edge)
                          0.00    0.00   clock source latency
     1    0.01    0.00    0.00    0.00 ^ clk (in)
                                         clk (net)
                  0.00    0.00    0.00 ^ clkbuf_0_clk/A (sky130_fd_sc_hd__clkbuf_16)
     2    0.02    0.04    0.11    0.11 ^ clkbuf_0_clk/X (sky130_fd_sc_hd__clkbuf_16)
                                         clknet_0_clk (net)
                  0.04    0.00    0.11 ^ clkbuf_1_1__f_clk/A (sky130_fd_sc_hd__clkbuf_16)
     2    0.01    0.03    0.11    0.22 ^ clkbuf_1_1__f_clk/X (sky130_fd_sc_hd__clkbuf_16)
                                         clknet_1_1__leaf_clk (net)
                  0.03    0.00    0.22 ^ _18_/CLK (sky130_fd_sc_hd__dfrtp_2)
                          0.00    0.22   clock reconvergence pessimism
                         -0.04    0.18   library hold time
                                  0.18   data required time
-----------------------------------------------------------------------------
                                  0.18   data required time
                                 -0.86   data arrival time
-----------------------------------------------------------------------------
                                  0.69   slack (MET)


Startpoint: _21_ (rising edge-triggered flip-flop clocked by core_clock)
Endpoint: _20_ (rising edge-triggered flip-flop clocked by core_clock)
Path Group: core_clock
Path Type: min

Fanout     Cap    Slew   Delay    Time   Description
-----------------------------------------------------------------------------
                          0.00    0.00   clock core_clock (rise edge)
                          0.00    0.00   clock source latency
     1    0.01    0.00    0.00    0.00 ^ clk (in)
                                         clk (net)
                  0.00    0.00    0.00 ^ clkbuf_0_clk/A (sky130_fd_sc_hd__clkbuf_16)
     2    0.02    0.04    0.11    0.11 ^ clkbuf_0_clk/X (sky130_fd_sc_hd__clkbuf_16)
                                         clknet_0_clk (net)
                  0.04    0.00    0.11 ^ clkbuf_1_0__f_clk/A (sky130_fd_sc_hd__clkbuf_16)
     3    0.01    0.03    0.11    0.22 ^ clkbuf_1_0__f_clk/X (sky130_fd_sc_hd__clkbuf_16)
                                         clknet_1_0__leaf_clk (net)
                  0.03    0.00    0.22 ^ _21_/CLK (sky130_fd_sc_hd__dfrtp_1)
     3    0.01    0.09    0.35    0.57 ^ _21_/Q (sky130_fd_sc_hd__dfrtp_1)
                                         net5 (net)
                  0.09    0.00    0.57 ^ _09_/A (sky130_fd_sc_hd__or4b_1)
     2    0.00    0.04    0.12    0.68 ^ _09_/X (sky130_fd_sc_hd__or4b_1)
                                         _08_ (net)
                  0.04    0.00    0.68 ^ _15_/A (sky130_fd_sc_hd__and3_1)
     1    0.01    0.07    0.15    0.84 ^ _15_/X (sky130_fd_sc_hd__and3_1)
                                         _07_ (net)
                  0.07    0.00    0.84 ^ _16_/A (sky130_fd_sc_hd__clkbuf_1)
     1    0.00    0.06    0.10    0.94 ^ _16_/X (sky130_fd_sc_hd__clkbuf_1)
                                         _02_ (net)
                  0.06    0.00    0.94 ^ _20_/D (sky130_fd_sc_hd__dfrtp_1)
                                  0.94   data arrival time

                          0.00    0.00   clock core_clock (rise edge)
                          0.00    0.00   clock source latency
     1    0.01    0.00    0.00    0.00 ^ clk (in)
                                         clk (net)
                  0.00    0.00    0.00 ^ clkbuf_0_clk/A (sky130_fd_sc_hd__clkbuf_16)
     2    0.02    0.04    0.11    0.11 ^ clkbuf_0_clk/X (sky130_fd_sc_hd__clkbuf_16)
                                         clknet_0_clk (net)
                  0.04    0.00    0.11 ^ clkbuf_1_0__f_clk/A (sky130_fd_sc_hd__clkbuf_16)
     3    0.01    0.03    0.11    0.22 ^ clkbuf_1_0__f_clk/X (sky130_fd_sc_hd__clkbuf_16)
                                         clknet_1_0__leaf_clk (net)
                  0.03    0.00    0.22 ^ _20_/CLK (sky130_fd_sc_hd__dfrtp_1)
                          0.00    0.22   clock reconvergence pessimism
                         -0.04    0.18   library hold time
                                  0.18   data required time
-----------------------------------------------------------------------------
                                  0.18   data required time
                                 -0.94   data arrival time
-----------------------------------------------------------------------------
                                  0.76   slack (MET)



worst slack corner Typical: 0.4749
min_report_end
max_report

===========================================================================
report_checks -path_delay max (Setup)
============================================================================
======================= Typical Corner ===================================

Startpoint: _18_ (rising edge-triggered flip-flop clocked by core_clock)
Endpoint: _20_ (rising edge-triggered flip-flop clocked by core_clock)
Path Group: core_clock
Path Type: max

Fanout     Cap    Slew   Delay    Time   Description
-----------------------------------------------------------------------------
                          0.00    0.00   clock core_clock (rise edge)
                          0.00    0.00   clock source latency
     1    0.01    0.00    0.00    0.00 ^ clk (in)
                                         clk (net)
                  0.00    0.00    0.00 ^ clkbuf_0_clk/A (sky130_fd_sc_hd__clkbuf_16)
     2    0.02    0.04    0.11    0.11 ^ clkbuf_0_clk/X (sky130_fd_sc_hd__clkbuf_16)
                                         clknet_0_clk (net)
                  0.04    0.00    0.11 ^ clkbuf_1_1__f_clk/A (sky130_fd_sc_hd__clkbuf_16)
     2    0.01    0.03    0.11    0.22 ^ clkbuf_1_1__f_clk/X (sky130_fd_sc_hd__clkbuf_16)
                                         clknet_1_1__leaf_clk (net)
                  0.03    0.00    0.22 ^ _18_/CLK (sky130_fd_sc_hd__dfrtp_2)
     6    0.02    0.07    0.42    0.64 v _18_/Q (sky130_fd_sc_hd__dfrtp_2)
                                         net2 (net)
                  0.07    0.00    0.64 v _09_/B (sky130_fd_sc_hd__or4b_1)
     2    0.00    0.09    0.50    1.14 v _09_/X (sky130_fd_sc_hd__or4b_1)
                                         _08_ (net)
                  0.09    0.00    1.14 v _15_/A (sky130_fd_sc_hd__and3_1)
     1    0.01    0.05    0.17    1.31 v _15_/X (sky130_fd_sc_hd__and3_1)
                                         _07_ (net)
                  0.05    0.00    1.31 v _16_/A (sky130_fd_sc_hd__clkbuf_1)
     1    0.00    0.03    0.10    1.41 v _16_/X (sky130_fd_sc_hd__clkbuf_1)
                                         _02_ (net)
                  0.03    0.00    1.41 v _20_/D (sky130_fd_sc_hd__dfrtp_1)
                                  1.41   data arrival time

                         10.00   10.00   clock core_clock (rise edge)
                          0.00   10.00   clock source latency
     1    0.01    0.00    0.00   10.00 ^ clk (in)
                                         clk (net)
                  0.00    0.00   10.00 ^ clkbuf_0_clk/A (sky130_fd_sc_hd__clkbuf_16)
     2    0.02    0.04    0.11   10.11 ^ clkbuf_0_clk/X (sky130_fd_sc_hd__clkbuf_16)
                                         clknet_0_clk (net)
                  0.04    0.00   10.11 ^ clkbuf_1_0__f_clk/A (sky130_fd_sc_hd__clkbuf_16)
     3    0.01    0.03    0.11   10.22 ^ clkbuf_1_0__f_clk/X (sky130_fd_sc_hd__clkbuf_16)
                                         clknet_1_0__leaf_clk (net)
                  0.03    0.00   10.22 ^ _20_/CLK (sky130_fd_sc_hd__dfrtp_1)
                          0.00   10.22   clock reconvergence pessimism
                         -0.11   10.11   library setup time
                                 10.11   data required time
-----------------------------------------------------------------------------
                                 10.11   data required time
                                 -1.41   data arrival time
-----------------------------------------------------------------------------
                                  8.70   slack (MET)


Startpoint: _18_ (rising edge-triggered flip-flop clocked by core_clock)
Endpoint: _18_ (rising edge-triggered flip-flop clocked by core_clock)
Path Group: core_clock
Path Type: max

Fanout     Cap    Slew   Delay    Time   Description
-----------------------------------------------------------------------------
                          0.00    0.00   clock core_clock (rise edge)
                          0.00    0.00   clock source latency
     1    0.01    0.00    0.00    0.00 ^ clk (in)
                                         clk (net)
                  0.00    0.00    0.00 ^ clkbuf_0_clk/A (sky130_fd_sc_hd__clkbuf_16)
     2    0.02    0.04    0.11    0.11 ^ clkbuf_0_clk/X (sky130_fd_sc_hd__clkbuf_16)
                                         clknet_0_clk (net)
                  0.04    0.00    0.11 ^ clkbuf_1_1__f_clk/A (sky130_fd_sc_hd__clkbuf_16)
     2    0.01    0.03    0.11    0.22 ^ clkbuf_1_1__f_clk/X (sky130_fd_sc_hd__clkbuf_16)
                                         clknet_1_1__leaf_clk (net)
                  0.03    0.00    0.22 ^ _18_/CLK (sky130_fd_sc_hd__dfrtp_2)
     6    0.02    0.07    0.42    0.64 v _18_/Q (sky130_fd_sc_hd__dfrtp_2)
                                         net2 (net)
                  0.07    0.00    0.64 v _09_/B (sky130_fd_sc_hd__or4b_1)
     2    0.00    0.09    0.50    1.14 v _09_/X (sky130_fd_sc_hd__or4b_1)
                                         _08_ (net)
                  0.09    0.00    1.14 v _10_/B (sky130_fd_sc_hd__and2b_1)
     1    0.00    0.03    0.16    1.31 v _10_/X (sky130_fd_sc_hd__and2b_1)
                                         _04_ (net)
                  0.03    0.00    1.31 v _11_/A (sky130_fd_sc_hd__clkbuf_1)
     1    0.00    0.03    0.08    1.39 v _11_/X (sky130_fd_sc_hd__clkbuf_1)
                                         _00_ (net)
                  0.03    0.00    1.39 v _18_/D (sky130_fd_sc_hd__dfrtp_2)
                                  1.39   data arrival time

                         10.00   10.00   clock core_clock (rise edge)
                          0.00   10.00   clock source latency
     1    0.01    0.00    0.00   10.00 ^ clk (in)
                                         clk (net)
                  0.00    0.00   10.00 ^ clkbuf_0_clk/A (sky130_fd_sc_hd__clkbuf_16)
     2    0.02    0.04    0.11   10.11 ^ clkbuf_0_clk/X (sky130_fd_sc_hd__clkbuf_16)
                                         clknet_0_clk (net)
                  0.04    0.00   10.11 ^ clkbuf_1_1__f_clk/A (sky130_fd_sc_hd__clkbuf_16)
     2    0.01    0.03    0.11   10.22 ^ clkbuf_1_1__f_clk/X (sky130_fd_sc_hd__clkbuf_16)
                                         clknet_1_1__leaf_clk (net)
                  0.03    0.00   10.22 ^ _18_/CLK (sky130_fd_sc_hd__dfrtp_2)
                          0.00   10.22   clock reconvergence pessimism
                         -0.11   10.10   library setup time
                                 10.10   data required time
-----------------------------------------------------------------------------
                                 10.10   data required time
                                 -1.39   data arrival time
-----------------------------------------------------------------------------
                                  8.72   slack (MET)


Startpoint: _19_ (rising edge-triggered flip-flop clocked by core_clock)
Endpoint: _21_ (rising edge-triggered flip-flop clocked by core_clock)
Path Group: core_clock
Path Type: max

Fanout     Cap    Slew   Delay    Time   Description
-----------------------------------------------------------------------------
                          0.00    0.00   clock core_clock (rise edge)
                          0.00    0.00   clock source latency
     1    0.01    0.00    0.00    0.00 ^ clk (in)
                                         clk (net)
                  0.00    0.00    0.00 ^ clkbuf_0_clk/A (sky130_fd_sc_hd__clkbuf_16)
     2    0.02    0.04    0.11    0.11 ^ clkbuf_0_clk/X (sky130_fd_sc_hd__clkbuf_16)
                                         clknet_0_clk (net)
                  0.04    0.00    0.11 ^ clkbuf_1_1__f_clk/A (sky130_fd_sc_hd__clkbuf_16)
     2    0.01    0.03    0.11    0.22 ^ clkbuf_1_1__f_clk/X (sky130_fd_sc_hd__clkbuf_16)
                                         clknet_1_1__leaf_clk (net)
                  0.03    0.00    0.22 ^ _19_/CLK (sky130_fd_sc_hd__dfrtp_1)
     5    0.02    0.16    0.40    0.62 ^ _19_/Q (sky130_fd_sc_hd__dfrtp_1)
                                         net3 (net)
                  0.16    0.00    0.62 ^ _13_/C (sky130_fd_sc_hd__nand3_1)
     2    0.01    0.12    0.15    0.77 v _13_/Y (sky130_fd_sc_hd__nand3_1)
                                         _05_ (net)
                  0.12    0.00    0.77 v _17_/B (sky130_fd_sc_hd__xnor2_1)
     1    0.00    0.05    0.15    0.92 v _17_/Y (sky130_fd_sc_hd__xnor2_1)
                                         _03_ (net)
                  0.05    0.00    0.92 v _21_/D (sky130_fd_sc_hd__dfrtp_1)
                                  0.92   data arrival time

                         10.00   10.00   clock core_clock (rise edge)
                          0.00   10.00   clock source latency
     1    0.01    0.00    0.00   10.00 ^ clk (in)
                                         clk (net)
                  0.00    0.00   10.00 ^ clkbuf_0_clk/A (sky130_fd_sc_hd__clkbuf_16)
     2    0.02    0.04    0.11   10.11 ^ clkbuf_0_clk/X (sky130_fd_sc_hd__clkbuf_16)
                                         clknet_0_clk (net)
                  0.04    0.00   10.11 ^ clkbuf_1_0__f_clk/A (sky130_fd_sc_hd__clkbuf_16)
     3    0.01    0.03    0.11   10.22 ^ clkbuf_1_0__f_clk/X (sky130_fd_sc_hd__clkbuf_16)
                                         clknet_1_0__leaf_clk (net)
                  0.03    0.00   10.22 ^ _21_/CLK (sky130_fd_sc_hd__dfrtp_1)
                          0.00   10.22   clock reconvergence pessimism
                         -0.12   10.10   library setup time
                                 10.10   data required time
-----------------------------------------------------------------------------
                                 10.10   data required time
                                 -0.92   data arrival time
-----------------------------------------------------------------------------
                                  9.18   slack (MET)


Startpoint: _18_ (rising edge-triggered flip-flop clocked by core_clock)
Endpoint: _19_ (rising edge-triggered flip-flop clocked by core_clock)
Path Group: core_clock
Path Type: max

Fanout     Cap    Slew   Delay    Time   Description
-----------------------------------------------------------------------------
                          0.00    0.00   clock core_clock (rise edge)
                          0.00    0.00   clock source latency
     1    0.01    0.00    0.00    0.00 ^ clk (in)
                                         clk (net)
                  0.00    0.00    0.00 ^ clkbuf_0_clk/A (sky130_fd_sc_hd__clkbuf_16)
     2    0.02    0.04    0.11    0.11 ^ clkbuf_0_clk/X (sky130_fd_sc_hd__clkbuf_16)
                                         clknet_0_clk (net)
                  0.04    0.00    0.11 ^ clkbuf_1_1__f_clk/A (sky130_fd_sc_hd__clkbuf_16)
     2    0.01    0.03    0.11    0.22 ^ clkbuf_1_1__f_clk/X (sky130_fd_sc_hd__clkbuf_16)
                                         clknet_1_1__leaf_clk (net)
                  0.03    0.00    0.22 ^ _18_/CLK (sky130_fd_sc_hd__dfrtp_2)
     6    0.02    0.07    0.42    0.64 v _18_/Q (sky130_fd_sc_hd__dfrtp_2)
                                         net2 (net)
                  0.07    0.00    0.64 v _12_/A (sky130_fd_sc_hd__xor2_1)
     1    0.00    0.06    0.17    0.81 v _12_/X (sky130_fd_sc_hd__xor2_1)
                                         _01_ (net)
                  0.06    0.00    0.81 v _19_/D (sky130_fd_sc_hd__dfrtp_1)
                                  0.81   data arrival time

                         10.00   10.00   clock core_clock (rise edge)
                          0.00   10.00   clock source latency
     1    0.01    0.00    0.00   10.00 ^ clk (in)
                                         clk (net)
                  0.00    0.00   10.00 ^ clkbuf_0_clk/A (sky130_fd_sc_hd__clkbuf_16)
     2    0.02    0.04    0.11   10.11 ^ clkbuf_0_clk/X (sky130_fd_sc_hd__clkbuf_16)
                                         clknet_0_clk (net)
                  0.04    0.00   10.11 ^ clkbuf_1_1__f_clk/A (sky130_fd_sc_hd__clkbuf_16)
     2    0.01    0.03    0.11   10.22 ^ clkbuf_1_1__f_clk/X (sky130_fd_sc_hd__clkbuf_16)
                                         clknet_1_1__leaf_clk (net)
                  0.03    0.00   10.22 ^ _19_/CLK (sky130_fd_sc_hd__dfrtp_1)
                          0.00   10.22   clock reconvergence pessimism
                         -0.12   10.09   library setup time
                                 10.09   data required time
-----------------------------------------------------------------------------
                                 10.09   data required time
                                 -0.81   data arrival time
-----------------------------------------------------------------------------
                                  9.29   slack (MET)



worst slack corner Typical: 8.6975
max_report_end
checks_report

===========================================================================
report_checks -unconstrained
===========================================================================
======================= Typical Corner ===================================

Startpoint: _18_ (rising edge-triggered flip-flop clocked by core_clock)
Endpoint: _20_ (rising edge-triggered flip-flop clocked by core_clock)
Path Group: core_clock
Path Type: max

Fanout     Cap    Slew   Delay    Time   Description
-----------------------------------------------------------------------------
                          0.00    0.00   clock core_clock (rise edge)
                          0.00    0.00   clock source latency
     1    0.01    0.00    0.00    0.00 ^ clk (in)
                                         clk (net)
                  0.00    0.00    0.00 ^ clkbuf_0_clk/A (sky130_fd_sc_hd__clkbuf_16)
     2    0.02    0.04    0.11    0.11 ^ clkbuf_0_clk/X (sky130_fd_sc_hd__clkbuf_16)
                                         clknet_0_clk (net)
                  0.04    0.00    0.11 ^ clkbuf_1_1__f_clk/A (sky130_fd_sc_hd__clkbuf_16)
     2    0.01    0.03    0.11    0.22 ^ clkbuf_1_1__f_clk/X (sky130_fd_sc_hd__clkbuf_16)
                                         clknet_1_1__leaf_clk (net)
                  0.03    0.00    0.22 ^ _18_/CLK (sky130_fd_sc_hd__dfrtp_2)
     6    0.02    0.07    0.42    0.64 v _18_/Q (sky130_fd_sc_hd__dfrtp_2)
                                         net2 (net)
                  0.07    0.00    0.64 v _09_/B (sky130_fd_sc_hd__or4b_1)
     2    0.00    0.09    0.50    1.14 v _09_/X (sky130_fd_sc_hd__or4b_1)
                                         _08_ (net)
                  0.09    0.00    1.14 v _15_/A (sky130_fd_sc_hd__and3_1)
     1    0.01    0.05    0.17    1.31 v _15_/X (sky130_fd_sc_hd__and3_1)
                                         _07_ (net)
                  0.05    0.00    1.31 v _16_/A (sky130_fd_sc_hd__clkbuf_1)
     1    0.00    0.03    0.10    1.41 v _16_/X (sky130_fd_sc_hd__clkbuf_1)
                                         _02_ (net)
                  0.03    0.00    1.41 v _20_/D (sky130_fd_sc_hd__dfrtp_1)
                                  1.41   data arrival time

                         10.00   10.00   clock core_clock (rise edge)
                          0.00   10.00   clock source latency
     1    0.01    0.00    0.00   10.00 ^ clk (in)
                                         clk (net)
                  0.00    0.00   10.00 ^ clkbuf_0_clk/A (sky130_fd_sc_hd__clkbuf_16)
     2    0.02    0.04    0.11   10.11 ^ clkbuf_0_clk/X (sky130_fd_sc_hd__clkbuf_16)
                                         clknet_0_clk (net)
                  0.04    0.00   10.11 ^ clkbuf_1_0__f_clk/A (sky130_fd_sc_hd__clkbuf_16)
     3    0.01    0.03    0.11   10.22 ^ clkbuf_1_0__f_clk/X (sky130_fd_sc_hd__clkbuf_16)
                                         clknet_1_0__leaf_clk (net)
                  0.03    0.00   10.22 ^ _20_/CLK (sky130_fd_sc_hd__dfrtp_1)
                          0.00   10.22   clock reconvergence pessimism
                         -0.11   10.11   library setup time
                                 10.11   data required time
-----------------------------------------------------------------------------
                                 10.11   data required time
                                 -1.41   data arrival time
-----------------------------------------------------------------------------
                                  8.70   slack (MET)




===========================================================================
report_checks --slack_max -0.01
============================================================================
======================= Typical Corner ===================================

No paths found.


===========================================================================
 report_check_types -max_slew -max_cap -max_fanout -violators
============================================================================
======================= Typical Corner ===================================


max slew violations count Typical: 0
max fanout violations count Typical: 0
max cap violations count Typical: 0

===========================================================================
report_parasitic_annotation -report_unannotated
============================================================================
Found 1 unannotated drivers.
 clkload0/X
Found 6 partially unannotated drivers.
 clk
 _09_/X
 _10_/X
 _18_/Q
 _21_/Q
 clkbuf_0_clk/X

===========================================================================
max slew violation count 0
max fanout violation count 0
max cap violation count 0
============================================================================

===========================================================================
check_setup -verbose -unconstrained_endpoints -multiple_clock -no_clock -no_input_delay -loops -generated_clocks
===========================================================================
Warning: There is 1 input port missing set_input_delay.
  rst
Warning: There are 4 unconstrained endpoints.
  count[0]
  count[1]
  count[2]
  count[3]
checks_report_end
power_report

===========================================================================
 report_power
============================================================================
======================= Typical Corner ===================================

Group                  Internal  Switching    Leakage      Total
                          Power      Power      Power      Power (Watts)
----------------------------------------------------------------
Sequential             1.63e-05   0.00e+00   4.68e-11   1.63e-05  20.1%
Combinational          8.60e-16   2.82e-15   2.62e-11   2.62e-11   0.0%
Clock                  5.52e-05   9.68e-06   1.26e-10   6.49e-05  79.9%
Macro                  0.00e+00   0.00e+00   0.00e+00   0.00e+00   0.0%
Pad                    0.00e+00   0.00e+00   0.00e+00   0.00e+00   0.0%
----------------------------------------------------------------
Total                  7.15e-05   9.68e-06   1.99e-10   8.12e-05 100.0%
                          88.1%      11.9%       0.0%

power_report_end
skew_report

===========================================================================
report_clock_skew
============================================================================
Clock core_clock
   0.22 source latency _18_/CLK ^
  -0.22 target latency _21_/CLK ^
   0.00 CRPR
--------------
  -0.00 setup skew

skew_report_end
summary_report

===========================================================================
report_tns
============================================================================
tns 0.00

===========================================================================
report_wns
============================================================================
wns 0.00

===========================================================================
report_worst_slack -max (Setup)
============================================================================
worst slack 8.70

===========================================================================
report_worst_slack -min (Hold)
============================================================================
worst slack 0.47
summary_report_end
area_report

===========================================================================
report_design_area
============================================================================
Design area 273 u^2 33% utilization.
area_report_end
check_nonpropagated_clocks
check_nonpropagated_clocks_end
[WARNING] Did not save OpenROAD database!
Writing SDF to '/openlane/lab3/runs/RUN_2025.05.19_13.29.44/results/signoff/counter.sdf'…
Writing timing model to '/openlane/lab3/runs/RUN_2025.05.19_13.29.44/results/signoff/counter.lib'…
