OpenROAD b16bda7e82721d10566ff7e2b68f1ff0be9f9e38 
Features included (+) or not (-): +Charts +GPU +GUI +Python
This program is licensed under the BSD-3 license. See the LICENSE file for details.
Components of this program may be licensed under more restrictive licenses which must be honored.
define_corners Typical
read_liberty -corner Typical /home/ceyhun/.volare/sky130A/libs.ref/sky130_fd_sc_hd/lib/sky130_fd_sc_hd__tt_025C_1v80.lib
Using 1e-12 for capacitance...
Using 1e+03 for resistance...
Using 1e-09 for time...
Using 1e+00 for voltage...
Using 1e-03 for current...
Using 1e-09 for power...
Using 1e-06 for distance...
[INFO]: Reading ODB at '/openlane/lab3/runs/RUN_2025.05.19_13.29.44/tmp/16-counter.odb'…
Reading design constraints file at '/openlane/lab3/src/counter.sdc'…
[INFO]: Setting signal min routing layer to: met1 and clock min routing layer to met3. 
[INFO]: Setting signal max routing layer to: met5 and clock max routing layer to met5. 
-congestion_iterations 50 -verbose -congestion_report_file /openlane/lab3/runs/RUN_2025.05.19_13.29.44/tmp/routing/groute-congestion.rpt
[INFO GRT-0020] Min routing layer: met1
[INFO GRT-0021] Max routing layer: met5
[INFO GRT-0022] Global adjustment: 30%
[INFO GRT-0023] Grid origin: (0, 0)
[INFO GRT-0043] No OR_DEFAULT vias defined.
[INFO GRT-0088] Layer li1     Track-Pitch = 0.4600  line-2-Via Pitch: 0.3400
[INFO GRT-0088] Layer met1    Track-Pitch = 0.3400  line-2-Via Pitch: 0.3400
[INFO GRT-0088] Layer met2    Track-Pitch = 0.4600  line-2-Via Pitch: 0.3500
[INFO GRT-0088] Layer met3    Track-Pitch = 0.6800  line-2-Via Pitch: 0.6150
[INFO GRT-0088] Layer met4    Track-Pitch = 0.9200  line-2-Via Pitch: 1.0400
[INFO GRT-0088] Layer met5    Track-Pitch = 3.4000  line-2-Via Pitch: 3.1100
[INFO GRT-0019] Found 4 clock nets.
[INFO GRT-0001] Minimum degree: 2
[INFO GRT-0002] Maximum degree: 7
[INFO GRT-0003] Macros: 0
[INFO GRT-0043] No OR_DEFAULT vias defined.
[INFO GRT-0004] Blockages: 56

[INFO GRT-0053] Routing resources analysis:
          Routing      Original      Derated      Resource
Layer     Direction    Resources     Resources    Reduction (%)
---------------------------------------------------------------
li1        Vertical            0             0          0.00%
met1       Horizontal        765           362          52.68%
met2       Vertical          600           348          42.00%
met3       Horizontal        380           219          42.37%
met4       Vertical          240           125          47.92%
met5       Horizontal         74            32          56.76%
---------------------------------------------------------------

[INFO GRT-0197] Via related to pin nodes: 124
[INFO GRT-0198] Via related Steiner nodes: 3
[INFO GRT-0199] Via filling finished.
[INFO GRT-0111] Final number of vias: 166
[INFO GRT-0112] Final usage 3D: 574

[INFO GRT-0096] Final congestion report:
Layer         Resource        Demand        Usage (%)    Max H / Max V / Total Overflow
---------------------------------------------------------------------------------------
li1                  0             0            0.00%             0 /  0 /  0
met1               362            23            6.35%             0 /  0 /  0
met2               348            43           12.36%             0 /  0 /  0
met3               219             6            2.74%             0 /  0 /  0
met4               125             4            3.20%             0 /  0 /  0
met5                32             0            0.00%             0 /  0 /  0
---------------------------------------------------------------------------------------
Total             1086            76            7.00%             0 /  0 /  0

[INFO GRT-0018] Total wirelength: 931 um
[INFO GRT-0014] Routed nets: 23
[INFO GRT-0006] Repairing antennas, iteration 1.
[INFO GRT-0043] No OR_DEFAULT vias defined.
[INFO GRT-0012] Found 0 antenna violations.
Placement Analysis
---------------------------------
total displacement          0.0 u
average displacement        0.0 u
max displacement            0.0 u
original HPWL             529.2 u
legalized HPWL            544.4 u
delta HPWL                    3 %

[INFO DPL-0020] Mirrored 9 instances
[INFO DPL-0021] HPWL before             544.4 u
[INFO DPL-0022] HPWL after              529.2 u
[INFO DPL-0023] HPWL delta               -2.8 %
[INFO]: Setting signal min routing layer to: met1 and clock min routing layer to met3. 
[INFO]: Setting signal max routing layer to: met5 and clock max routing layer to met5. 
-congestion_iterations 50 -verbose -congestion_report_file /openlane/lab3/runs/RUN_2025.05.19_13.29.44/tmp/routing/groute-congestion.rpt
[INFO GRT-0020] Min routing layer: met1
[INFO GRT-0021] Max routing layer: met5
[INFO GRT-0022] Global adjustment: 30%
[INFO GRT-0023] Grid origin: (0, 0)
[INFO GRT-0043] No OR_DEFAULT vias defined.
[INFO GRT-0088] Layer li1     Track-Pitch = 0.4600  line-2-Via Pitch: 0.3400
[INFO GRT-0088] Layer met1    Track-Pitch = 0.3400  line-2-Via Pitch: 0.3400
[INFO GRT-0088] Layer met2    Track-Pitch = 0.4600  line-2-Via Pitch: 0.3500
[INFO GRT-0088] Layer met3    Track-Pitch = 0.6800  line-2-Via Pitch: 0.6150
[INFO GRT-0088] Layer met4    Track-Pitch = 0.9200  line-2-Via Pitch: 1.0400
[INFO GRT-0088] Layer met5    Track-Pitch = 3.4000  line-2-Via Pitch: 3.1100
[INFO GRT-0019] Found 4 clock nets.
[INFO GRT-0001] Minimum degree: 2
[INFO GRT-0002] Maximum degree: 7
[INFO GRT-0003] Macros: 0
[INFO GRT-0043] No OR_DEFAULT vias defined.
[INFO GRT-0004] Blockages: 56

[INFO GRT-0053] Routing resources analysis:
          Routing      Original      Derated      Resource
Layer     Direction    Resources     Resources    Reduction (%)
---------------------------------------------------------------
li1        Vertical            0             0          0.00%
met1       Horizontal        765           362          52.68%
met2       Vertical          600           348          42.00%
met3       Horizontal        380           219          42.37%
met4       Vertical          240           125          47.92%
met5       Horizontal         74            32          56.76%
---------------------------------------------------------------

[INFO GRT-0197] Via related to pin nodes: 124
[INFO GRT-0198] Via related Steiner nodes: 3
[INFO GRT-0199] Via filling finished.
[INFO GRT-0111] Final number of vias: 166
[INFO GRT-0112] Final usage 3D: 574

[INFO GRT-0096] Final congestion report:
Layer         Resource        Demand        Usage (%)    Max H / Max V / Total Overflow
---------------------------------------------------------------------------------------
li1                  0             0            0.00%             0 /  0 /  0
met1               362            23            6.35%             0 /  0 /  0
met2               348            43           12.36%             0 /  0 /  0
met3               219             6            2.74%             0 /  0 /  0
met4               125             4            3.20%             0 /  0 /  0
met5                32             0            0.00%             0 /  0 /  0
---------------------------------------------------------------------------------------
Total             1086            76            7.00%             0 /  0 /  0

[INFO GRT-0018] Total wirelength: 931 um
[INFO GRT-0014] Routed nets: 23
Setting global connections for newly added cells…
Writing OpenROAD database to '/openlane/lab3/runs/RUN_2025.05.19_13.29.44/tmp/routing/18-global.odb'…
Writing layout to '/openlane/lab3/runs/RUN_2025.05.19_13.29.44/tmp/routing/18-global.def'…
Writing routing guides to '/openlane/lab3/runs/RUN_2025.05.19_13.29.44/tmp/routing/18-global.guide'…
