OpenROAD b16bda7e82721d10566ff7e2b68f1ff0be9f9e38 
Features included (+) or not (-): +Charts +GPU +GUI +Python
This program is licensed under the BSD-3 license. See the LICENSE file for details.
Components of this program may be licensed under more restrictive licenses which must be honored.
define_corners Typical
read_liberty -corner Typical /home/daslinux/.volare/sky130A/libs.ref/sky130_fd_sc_hd/lib/sky130_fd_sc_hd__tt_025C_1v80.lib
Using 1e-12 for capacitance...
Using 1e+03 for resistance...
Using 1e-09 for time...
Using 1e+00 for voltage...
Using 1e-03 for current...
Using 1e-09 for power...
Using 1e-06 for distance...
[INFO]: Reading ODB at '/openlane/designs/labwork2_src/runs/RUN_2025.05.02_17.16.36/results/cts/labwork2_src.odb'…
Reading design constraints file at '/openlane/scripts/base.sdc'…
[INFO]: Setting output delay to: 2.0
[INFO]: Setting input delay to: 2.0
[WARNING STA-0366] port '__VIRTUAL_CLK__' not found.
[INFO]: Setting load to: 0.033442
[INFO]: Setting clock uncertainty to: 0.25
[INFO]: Setting clock transition to: 0.15
[WARNING STA-0419] transition time can not be specified for virtual clocks.
[INFO]: Setting timing derate to: 5.0 %
[INFO]: Propagating all clocks
[WARNING STA-0450] virtual clock __VIRTUAL_CLK__ can not be propagated.
[INFO]: Setting RC values...
min_report

===========================================================================
report_checks -path_delay min (Hold)
============================================================================
======================= Typical Corner ===================================

Startpoint: A[5] (input port clocked by __VIRTUAL_CLK__)
Endpoint: OUT[5] (output port clocked by __VIRTUAL_CLK__)
Path Group: __VIRTUAL_CLK__
Path Type: min

Fanout     Cap    Slew   Delay    Time   Description
-----------------------------------------------------------------------------
                  0.00    0.00    0.00   clock __VIRTUAL_CLK__ (rise edge)
                          0.00    0.00   clock network delay (ideal)
                          2.00    2.00 ^ input external delay
     1    0.00    0.02    0.01    2.01 ^ A[5] (in)
                                         A[5] (net)
                  0.02    0.00    2.01 ^ input6/A (sky130_fd_sc_hd__buf_2)
     6    0.03    0.14    0.16    2.16 ^ input6/X (sky130_fd_sc_hd__buf_2)
                                         net6 (net)
                  0.14    0.00    2.17 ^ _233_/A2 (sky130_fd_sc_hd__a311o_1)
     1    0.01    0.07    0.19    2.36 ^ _233_/X (sky130_fd_sc_hd__a311o_1)
                                         _161_ (net)
                  0.07    0.00    2.36 ^ _267_/B1 (sky130_fd_sc_hd__a211o_1)
     1    0.01    0.06    0.11    2.47 ^ _267_/X (sky130_fd_sc_hd__a211o_1)
                                         net25 (net)
                  0.06    0.00    2.47 ^ output25/A (sky130_fd_sc_hd__buf_2)
     1    0.03    0.17    0.19    2.66 ^ output25/X (sky130_fd_sc_hd__buf_2)
                                         OUT[5] (net)
                  0.17    0.00    2.66 ^ OUT[5] (out)
                                  2.66   data arrival time

                  0.00    0.00    0.00   clock __VIRTUAL_CLK__ (rise edge)
                          0.00    0.00   clock network delay (ideal)
                          0.25    0.25   clock uncertainty
                          0.00    0.25   clock reconvergence pessimism
                         -2.00   -1.75   output external delay
                                 -1.75   data required time
-----------------------------------------------------------------------------
                                 -1.75   data required time
                                 -2.66   data arrival time
-----------------------------------------------------------------------------
                                  4.41   slack (MET)


Startpoint: A[0] (input port clocked by __VIRTUAL_CLK__)
Endpoint: OUT[0] (output port clocked by __VIRTUAL_CLK__)
Path Group: __VIRTUAL_CLK__
Path Type: min

Fanout     Cap    Slew   Delay    Time   Description
-----------------------------------------------------------------------------
                  0.00    0.00    0.00   clock __VIRTUAL_CLK__ (rise edge)
                          0.00    0.00   clock network delay (ideal)
                          2.00    2.00 v input external delay
     1    0.00    0.01    0.00    2.00 v A[0] (in)
                                         A[0] (net)
                  0.01    0.00    2.00 v input1/A (sky130_fd_sc_hd__buf_1)
     2    0.01    0.06    0.10    2.10 v input1/X (sky130_fd_sc_hd__buf_1)
                                         net1 (net)
                  0.06    0.00    2.10 v _190_/A (sky130_fd_sc_hd__clkbuf_4)
    10    0.04    0.09    0.19    2.29 v _190_/X (sky130_fd_sc_hd__clkbuf_4)
                                         _118_ (net)
                  0.09    0.00    2.29 v _307_/A2 (sky130_fd_sc_hd__a31o_1)
     1    0.01    0.06    0.24    2.53 v _307_/X (sky130_fd_sc_hd__a31o_1)
                                         net20 (net)
                  0.06    0.00    2.53 v output20/A (sky130_fd_sc_hd__buf_2)
     1    0.03    0.09    0.18    2.71 v output20/X (sky130_fd_sc_hd__buf_2)
                                         OUT[0] (net)
                  0.09    0.00    2.71 v OUT[0] (out)
                                  2.71   data arrival time

                  0.00    0.00    0.00   clock __VIRTUAL_CLK__ (rise edge)
                          0.00    0.00   clock network delay (ideal)
                          0.25    0.25   clock uncertainty
                          0.00    0.25   clock reconvergence pessimism
                         -2.00   -1.75   output external delay
                                 -1.75   data required time
-----------------------------------------------------------------------------
                                 -1.75   data required time
                                 -2.71   data arrival time
-----------------------------------------------------------------------------
                                  4.46   slack (MET)


Startpoint: OPCODE[2] (input port clocked by __VIRTUAL_CLK__)
Endpoint: OUT[7] (output port clocked by __VIRTUAL_CLK__)
Path Group: __VIRTUAL_CLK__
Path Type: min

Fanout     Cap    Slew   Delay    Time   Description
-----------------------------------------------------------------------------
                  0.00    0.00    0.00   clock __VIRTUAL_CLK__ (rise edge)
                          0.00    0.00   clock network delay (ideal)
                          2.00    2.00 v input external delay
     1    0.00    0.01    0.00    2.00 v OPCODE[2] (in)
                                         OPCODE[2] (net)
                  0.01    0.00    2.00 v input19/A (sky130_fd_sc_hd__clkbuf_4)
     6    0.04    0.09    0.17    2.17 v input19/X (sky130_fd_sc_hd__clkbuf_4)
                                         net19 (net)
                  0.09    0.00    2.17 v _265_/A (sky130_fd_sc_hd__and3_2)
     7    0.03    0.09    0.24    2.41 v _265_/X (sky130_fd_sc_hd__and3_2)
                                         _023_ (net)
                  0.09    0.00    2.41 v _302_/A1 (sky130_fd_sc_hd__a31o_1)
     1    0.00    0.04    0.18    2.59 v _302_/X (sky130_fd_sc_hd__a31o_1)
                                         net27 (net)
                  0.04    0.00    2.59 v output27/A (sky130_fd_sc_hd__buf_2)
     1    0.03    0.09    0.17    2.76 v output27/X (sky130_fd_sc_hd__buf_2)
                                         OUT[7] (net)
                  0.09    0.00    2.76 v OUT[7] (out)
                                  2.76   data arrival time

                  0.00    0.00    0.00   clock __VIRTUAL_CLK__ (rise edge)
                          0.00    0.00   clock network delay (ideal)
                          0.25    0.25   clock uncertainty
                          0.00    0.25   clock reconvergence pessimism
                         -2.00   -1.75   output external delay
                                 -1.75   data required time
-----------------------------------------------------------------------------
                                 -1.75   data required time
                                 -2.76   data arrival time
-----------------------------------------------------------------------------
                                  4.51   slack (MET)


Startpoint: A[6] (input port clocked by __VIRTUAL_CLK__)
Endpoint: OUT[6] (output port clocked by __VIRTUAL_CLK__)
Path Group: __VIRTUAL_CLK__
Path Type: min

Fanout     Cap    Slew   Delay    Time   Description
-----------------------------------------------------------------------------
                  0.00    0.00    0.00   clock __VIRTUAL_CLK__ (rise edge)
                          0.00    0.00   clock network delay (ideal)
                          2.00    2.00 v input external delay
     1    0.00    0.01    0.00    2.00 v A[6] (in)
                                         A[6] (net)
                  0.01    0.00    2.00 v input7/A (sky130_fd_sc_hd__buf_2)
     5    0.02    0.07    0.14    2.14 v input7/X (sky130_fd_sc_hd__buf_2)
                                         net7 (net)
                  0.07    0.00    2.14 v _289_/A1 (sky130_fd_sc_hd__o211ai_2)
     1    0.01    0.08    0.19    2.34 ^ _289_/Y (sky130_fd_sc_hd__o211ai_2)
                                         _046_ (net)
                  0.08    0.00    2.34 ^ _290_/B1 (sky130_fd_sc_hd__a31o_1)
     1    0.01    0.08    0.12    2.46 ^ _290_/X (sky130_fd_sc_hd__a31o_1)
                                         _047_ (net)
                  0.08    0.00    2.46 ^ _291_/B1 (sky130_fd_sc_hd__a21o_1)
     1    0.01    0.08    0.12    2.58 ^ _291_/X (sky130_fd_sc_hd__a21o_1)
                                         net26 (net)
                  0.08    0.00    2.58 ^ output26/A (sky130_fd_sc_hd__buf_2)
     1    0.03    0.17    0.20    2.78 ^ output26/X (sky130_fd_sc_hd__buf_2)
                                         OUT[6] (net)
                  0.17    0.00    2.78 ^ OUT[6] (out)
                                  2.78   data arrival time

                  0.00    0.00    0.00   clock __VIRTUAL_CLK__ (rise edge)
                          0.00    0.00   clock network delay (ideal)
                          0.25    0.25   clock uncertainty
                          0.00    0.25   clock reconvergence pessimism
                         -2.00   -1.75   output external delay
                                 -1.75   data required time
-----------------------------------------------------------------------------
                                 -1.75   data required time
                                 -2.78   data arrival time
-----------------------------------------------------------------------------
                                  4.53   slack (MET)


Startpoint: A[4] (input port clocked by __VIRTUAL_CLK__)
Endpoint: OUT[4] (output port clocked by __VIRTUAL_CLK__)
Path Group: __VIRTUAL_CLK__
Path Type: min

Fanout     Cap    Slew   Delay    Time   Description
-----------------------------------------------------------------------------
                  0.00    0.00    0.00   clock __VIRTUAL_CLK__ (rise edge)
                          0.00    0.00   clock network delay (ideal)
                          2.00    2.00 ^ input external delay
     1    0.00    0.02    0.01    2.01 ^ A[4] (in)
                                         A[4] (net)
                  0.02    0.00    2.01 ^ input5/A (sky130_fd_sc_hd__clkbuf_4)
     6    0.04    0.12    0.17    2.18 ^ input5/X (sky130_fd_sc_hd__clkbuf_4)
                                         net5 (net)
                  0.12    0.00    2.18 ^ _341_/A2 (sky130_fd_sc_hd__a31o_1)
     1    0.01    0.10    0.19    2.37 ^ _341_/X (sky130_fd_sc_hd__a31o_1)
                                         _092_ (net)
                  0.10    0.00    2.37 ^ _346_/B (sky130_fd_sc_hd__or3_1)
     1    0.01    0.08    0.14    2.51 ^ _346_/X (sky130_fd_sc_hd__or3_1)
                                         _097_ (net)
                  0.08    0.00    2.51 ^ _347_/A (sky130_fd_sc_hd__clkbuf_1)
     1    0.00    0.05    0.09    2.60 ^ _347_/X (sky130_fd_sc_hd__clkbuf_1)
                                         net24 (net)
                  0.05    0.00    2.60 ^ output24/A (sky130_fd_sc_hd__buf_2)
     1    0.03    0.17    0.19    2.79 ^ output24/X (sky130_fd_sc_hd__buf_2)
                                         OUT[4] (net)
                  0.17    0.00    2.79 ^ OUT[4] (out)
                                  2.79   data arrival time

                  0.00    0.00    0.00   clock __VIRTUAL_CLK__ (rise edge)
                          0.00    0.00   clock network delay (ideal)
                          0.25    0.25   clock uncertainty
                          0.00    0.25   clock reconvergence pessimism
                         -2.00   -1.75   output external delay
                                 -1.75   data required time
-----------------------------------------------------------------------------
                                 -1.75   data required time
                                 -2.79   data arrival time
-----------------------------------------------------------------------------
                                  4.54   slack (MET)


Startpoint: OPCODE[2] (input port clocked by __VIRTUAL_CLK__)
Endpoint: OUT[2] (output port clocked by __VIRTUAL_CLK__)
Path Group: __VIRTUAL_CLK__
Path Type: min

Fanout     Cap    Slew   Delay    Time   Description
-----------------------------------------------------------------------------
                  0.00    0.00    0.00   clock __VIRTUAL_CLK__ (rise edge)
                          0.00    0.00   clock network delay (ideal)
                          2.00    2.00 v input external delay
     1    0.00    0.01    0.00    2.00 v OPCODE[2] (in)
                                         OPCODE[2] (net)
                  0.01    0.00    2.00 v input19/A (sky130_fd_sc_hd__clkbuf_4)
     6    0.04    0.09    0.17    2.17 v input19/X (sky130_fd_sc_hd__clkbuf_4)
                                         net19 (net)
                  0.09    0.00    2.17 v _265_/A (sky130_fd_sc_hd__and3_2)
     7    0.03    0.09    0.24    2.41 v _265_/X (sky130_fd_sc_hd__and3_2)
                                         _023_ (net)
                  0.09    0.00    2.41 v _326_/A2 (sky130_fd_sc_hd__a31o_1)
     1    0.01    0.05    0.22    2.64 v _326_/X (sky130_fd_sc_hd__a31o_1)
                                         net22 (net)
                  0.05    0.00    2.64 v output22/A (sky130_fd_sc_hd__buf_2)
     1    0.03    0.09    0.17    2.81 v output22/X (sky130_fd_sc_hd__buf_2)
                                         OUT[2] (net)
                  0.09    0.00    2.81 v OUT[2] (out)
                                  2.81   data arrival time

                  0.00    0.00    0.00   clock __VIRTUAL_CLK__ (rise edge)
                          0.00    0.00   clock network delay (ideal)
                          0.25    0.25   clock uncertainty
                          0.00    0.25   clock reconvergence pessimism
                         -2.00   -1.75   output external delay
                                 -1.75   data required time
-----------------------------------------------------------------------------
                                 -1.75   data required time
                                 -2.81   data arrival time
-----------------------------------------------------------------------------
                                  4.56   slack (MET)


Startpoint: A[1] (input port clocked by __VIRTUAL_CLK__)
Endpoint: OUT[1] (output port clocked by __VIRTUAL_CLK__)
Path Group: __VIRTUAL_CLK__
Path Type: min

Fanout     Cap    Slew   Delay    Time   Description
-----------------------------------------------------------------------------
                  0.00    0.00    0.00   clock __VIRTUAL_CLK__ (rise edge)
                          0.00    0.00   clock network delay (ideal)
                          2.00    2.00 v input external delay
     1    0.00    0.01    0.00    2.00 v A[1] (in)
                                         A[1] (net)
                  0.01    0.00    2.00 v input2/A (sky130_fd_sc_hd__clkbuf_2)
     4    0.02    0.08    0.12    2.13 v input2/X (sky130_fd_sc_hd__clkbuf_2)
                                         net2 (net)
                  0.08    0.00    2.13 v _173_/A (sky130_fd_sc_hd__clkbuf_4)
    10    0.04    0.09    0.20    2.32 v _173_/X (sky130_fd_sc_hd__clkbuf_4)
                                         _101_ (net)
                  0.09    0.00    2.32 v _313_/A (sky130_fd_sc_hd__nor2_1)
     1    0.01    0.12    0.14    2.46 ^ _313_/Y (sky130_fd_sc_hd__nor2_1)
                                         _067_ (net)
                  0.12    0.00    2.46 ^ _317_/C (sky130_fd_sc_hd__or4b_1)
     1    0.00    0.04    0.12    2.58 ^ _317_/X (sky130_fd_sc_hd__or4b_1)
                                         _071_ (net)
                  0.04    0.00    2.58 ^ _318_/A (sky130_fd_sc_hd__clkbuf_1)
     1    0.01    0.07    0.09    2.67 ^ _318_/X (sky130_fd_sc_hd__clkbuf_1)
                                         net21 (net)
                  0.07    0.00    2.67 ^ output21/A (sky130_fd_sc_hd__buf_2)
     1    0.03    0.17    0.20    2.87 ^ output21/X (sky130_fd_sc_hd__buf_2)
                                         OUT[1] (net)
                  0.17    0.00    2.87 ^ OUT[1] (out)
                                  2.87   data arrival time

                  0.00    0.00    0.00   clock __VIRTUAL_CLK__ (rise edge)
                          0.00    0.00   clock network delay (ideal)
                          0.25    0.25   clock uncertainty
                          0.00    0.25   clock reconvergence pessimism
                         -2.00   -1.75   output external delay
                                 -1.75   data required time
-----------------------------------------------------------------------------
                                 -1.75   data required time
                                 -2.87   data arrival time
-----------------------------------------------------------------------------
                                  4.62   slack (MET)


Startpoint: OPCODE[2] (input port clocked by __VIRTUAL_CLK__)
Endpoint: OUT[3] (output port clocked by __VIRTUAL_CLK__)
Path Group: __VIRTUAL_CLK__
Path Type: min

Fanout     Cap    Slew   Delay    Time   Description
-----------------------------------------------------------------------------
                  0.00    0.00    0.00   clock __VIRTUAL_CLK__ (rise edge)
                          0.00    0.00   clock network delay (ideal)
                          2.00    2.00 ^ input external delay
     1    0.00    0.02    0.01    2.01 ^ OPCODE[2] (in)
                                         OPCODE[2] (net)
                  0.02    0.00    2.01 ^ input19/A (sky130_fd_sc_hd__clkbuf_4)
     6    0.04    0.14    0.18    2.19 ^ input19/X (sky130_fd_sc_hd__clkbuf_4)
                                         net19 (net)
                  0.14    0.00    2.20 ^ _265_/A (sky130_fd_sc_hd__and3_2)
     7    0.03    0.15    0.27    2.47 ^ _265_/X (sky130_fd_sc_hd__and3_2)
                                         _023_ (net)
                  0.15    0.00    2.47 ^ _335_/A1 (sky130_fd_sc_hd__a221o_1)
     1    0.01    0.11    0.21    2.68 ^ _335_/X (sky130_fd_sc_hd__a221o_1)
                                         net23 (net)
                  0.11    0.00    2.68 ^ output23/A (sky130_fd_sc_hd__buf_2)
     1    0.03    0.17    0.21    2.89 ^ output23/X (sky130_fd_sc_hd__buf_2)
                                         OUT[3] (net)
                  0.17    0.00    2.89 ^ OUT[3] (out)
                                  2.89   data arrival time

                  0.00    0.00    0.00   clock __VIRTUAL_CLK__ (rise edge)
                          0.00    0.00   clock network delay (ideal)
                          0.25    0.25   clock uncertainty
                          0.00    0.25   clock reconvergence pessimism
                         -2.00   -1.75   output external delay
                                 -1.75   data required time
-----------------------------------------------------------------------------
                                 -1.75   data required time
                                 -2.89   data arrival time
-----------------------------------------------------------------------------
                                  4.64   slack (MET)



worst slack corner Typical: 4.4109
min_report_end
max_report

===========================================================================
report_checks -path_delay max (Setup)
============================================================================
======================= Typical Corner ===================================

Startpoint: B[0] (input port clocked by __VIRTUAL_CLK__)
Endpoint: OUT[6] (output port clocked by __VIRTUAL_CLK__)
Path Group: __VIRTUAL_CLK__
Path Type: max

Fanout     Cap    Slew   Delay    Time   Description
-----------------------------------------------------------------------------
                  0.00    0.00    0.00   clock __VIRTUAL_CLK__ (rise edge)
                          0.00    0.00   clock network delay (ideal)
                          2.00    2.00 v input external delay
     1    0.00    0.01    0.00    2.00 v B[0] (in)
                                         B[0] (net)
                  0.01    0.00    2.00 v input9/A (sky130_fd_sc_hd__dlymetal6s2s_1)
     4    0.02    0.10    0.18    2.19 v input9/X (sky130_fd_sc_hd__dlymetal6s2s_1)
                                         net9 (net)
                  0.10    0.00    2.19 v _234_/A (sky130_fd_sc_hd__or2_2)
     4    0.02    0.10    0.39    2.58 v _234_/X (sky130_fd_sc_hd__or2_2)
                                         _162_ (net)
                  0.10    0.00    2.58 v _236_/A3 (sky130_fd_sc_hd__o31a_2)
     3    0.03    0.11    0.39    2.97 v _236_/X (sky130_fd_sc_hd__o31a_2)
                                         _164_ (net)
                  0.11    0.00    2.97 v _268_/A3 (sky130_fd_sc_hd__o31a_1)
     2    0.01    0.10    0.33    3.30 v _268_/X (sky130_fd_sc_hd__o31a_1)
                                         _025_ (net)
                  0.10    0.00    3.30 v _269_/B (sky130_fd_sc_hd__xnor2_1)
     2    0.01    0.10    0.19    3.49 v _269_/Y (sky130_fd_sc_hd__xnor2_1)
                                         _026_ (net)
                  0.10    0.00    3.49 v _270_/B (sky130_fd_sc_hd__and2_1)
     3    0.01    0.07    0.23    3.72 v _270_/X (sky130_fd_sc_hd__and2_1)
                                         _027_ (net)
                  0.07    0.00    3.72 v _272_/A (sky130_fd_sc_hd__or2_1)
     2    0.01    0.09    0.30    4.02 v _272_/X (sky130_fd_sc_hd__or2_1)
                                         _029_ (net)
                  0.09    0.00    4.02 v _276_/B1 (sky130_fd_sc_hd__a311oi_4)
     3    0.01    0.28    0.35    4.37 ^ _276_/Y (sky130_fd_sc_hd__a311oi_4)
                                         _033_ (net)
                  0.28    0.00    4.37 ^ _277_/A_N (sky130_fd_sc_hd__and2b_1)
     1    0.01    0.05    0.25    4.61 v _277_/X (sky130_fd_sc_hd__and2b_1)
                                         _034_ (net)
                  0.05    0.00    4.61 v _291_/A2 (sky130_fd_sc_hd__a21o_1)
     1    0.01    0.06    0.21    4.82 v _291_/X (sky130_fd_sc_hd__a21o_1)
                                         net26 (net)
                  0.06    0.00    4.82 v output26/A (sky130_fd_sc_hd__buf_2)
     1    0.03    0.09    0.20    5.02 v output26/X (sky130_fd_sc_hd__buf_2)
                                         OUT[6] (net)
                  0.09    0.00    5.02 v OUT[6] (out)
                                  5.02   data arrival time

                  0.00   10.00   10.00   clock __VIRTUAL_CLK__ (rise edge)
                          0.00   10.00   clock network delay (ideal)
                         -0.25    9.75   clock uncertainty
                          0.00    9.75   clock reconvergence pessimism
                         -2.00    7.75   output external delay
                                  7.75   data required time
-----------------------------------------------------------------------------
                                  7.75   data required time
                                 -5.02   data arrival time
-----------------------------------------------------------------------------
                                  2.73   slack (MET)


Startpoint: B[0] (input port clocked by __VIRTUAL_CLK__)
Endpoint: OUT[7] (output port clocked by __VIRTUAL_CLK__)
Path Group: __VIRTUAL_CLK__
Path Type: max

Fanout     Cap    Slew   Delay    Time   Description
-----------------------------------------------------------------------------
                  0.00    0.00    0.00   clock __VIRTUAL_CLK__ (rise edge)
                          0.00    0.00   clock network delay (ideal)
                          2.00    2.00 v input external delay
     1    0.00    0.01    0.00    2.00 v B[0] (in)
                                         B[0] (net)
                  0.01    0.00    2.00 v input9/A (sky130_fd_sc_hd__dlymetal6s2s_1)
     4    0.02    0.10    0.18    2.19 v input9/X (sky130_fd_sc_hd__dlymetal6s2s_1)
                                         net9 (net)
                  0.10    0.00    2.19 v _234_/A (sky130_fd_sc_hd__or2_2)
     4    0.02    0.10    0.39    2.58 v _234_/X (sky130_fd_sc_hd__or2_2)
                                         _162_ (net)
                  0.10    0.00    2.58 v _236_/A3 (sky130_fd_sc_hd__o31a_2)
     3    0.03    0.11    0.39    2.97 v _236_/X (sky130_fd_sc_hd__o31a_2)
                                         _164_ (net)
                  0.11    0.00    2.97 v _268_/A3 (sky130_fd_sc_hd__o31a_1)
     2    0.01    0.10    0.33    3.30 v _268_/X (sky130_fd_sc_hd__o31a_1)
                                         _025_ (net)
                  0.10    0.00    3.30 v _269_/B (sky130_fd_sc_hd__xnor2_1)
     2    0.01    0.28    0.28    3.59 ^ _269_/Y (sky130_fd_sc_hd__xnor2_1)
                                         _026_ (net)
                  0.28    0.00    3.59 ^ _270_/B (sky130_fd_sc_hd__and2_1)
     3    0.01    0.13    0.25    3.83 ^ _270_/X (sky130_fd_sc_hd__and2_1)
                                         _027_ (net)
                  0.13    0.00    3.83 ^ _272_/A (sky130_fd_sc_hd__or2_1)
     2    0.01    0.14    0.20    4.04 ^ _272_/X (sky130_fd_sc_hd__or2_1)
                                         _029_ (net)
                  0.14    0.00    4.04 ^ _276_/B1 (sky130_fd_sc_hd__a311oi_4)
     3    0.01    0.10    0.08    4.11 v _276_/Y (sky130_fd_sc_hd__a311oi_4)
                                         _033_ (net)
                  0.10    0.00    4.11 v _296_/B (sky130_fd_sc_hd__or3_1)
     1    0.01    0.10    0.43    4.54 v _296_/X (sky130_fd_sc_hd__or3_1)
                                         _052_ (net)
                  0.10    0.00    4.54 v _302_/A3 (sky130_fd_sc_hd__a31o_1)
     1    0.00    0.04    0.25    4.79 v _302_/X (sky130_fd_sc_hd__a31o_1)
                                         net27 (net)
                  0.04    0.00    4.79 v output27/A (sky130_fd_sc_hd__buf_2)
     1    0.03    0.09    0.19    4.97 v output27/X (sky130_fd_sc_hd__buf_2)
                                         OUT[7] (net)
                  0.09    0.00    4.97 v OUT[7] (out)
                                  4.97   data arrival time

                  0.00   10.00   10.00   clock __VIRTUAL_CLK__ (rise edge)
                          0.00   10.00   clock network delay (ideal)
                         -0.25    9.75   clock uncertainty
                          0.00    9.75   clock reconvergence pessimism
                         -2.00    7.75   output external delay
                                  7.75   data required time
-----------------------------------------------------------------------------
                                  7.75   data required time
                                 -4.97   data arrival time
-----------------------------------------------------------------------------
                                  2.78   slack (MET)


Startpoint: B[0] (input port clocked by __VIRTUAL_CLK__)
Endpoint: OUT[4] (output port clocked by __VIRTUAL_CLK__)
Path Group: __VIRTUAL_CLK__
Path Type: max

Fanout     Cap    Slew   Delay    Time   Description
-----------------------------------------------------------------------------
                  0.00    0.00    0.00   clock __VIRTUAL_CLK__ (rise edge)
                          0.00    0.00   clock network delay (ideal)
                          2.00    2.00 v input external delay
     1    0.00    0.01    0.00    2.00 v B[0] (in)
                                         B[0] (net)
                  0.01    0.00    2.00 v input9/A (sky130_fd_sc_hd__dlymetal6s2s_1)
     4    0.02    0.10    0.18    2.19 v input9/X (sky130_fd_sc_hd__dlymetal6s2s_1)
                                         net9 (net)
                  0.10    0.00    2.19 v _234_/A (sky130_fd_sc_hd__or2_2)
     4    0.02    0.10    0.39    2.58 v _234_/X (sky130_fd_sc_hd__or2_2)
                                         _162_ (net)
                  0.10    0.00    2.58 v _236_/A3 (sky130_fd_sc_hd__o31a_2)
     3    0.03    0.11    0.39    2.97 v _236_/X (sky130_fd_sc_hd__o31a_2)
                                         _164_ (net)
                  0.11    0.00    2.97 v _237_/B (sky130_fd_sc_hd__xnor2_4)
     2    0.02    0.20    0.23    3.20 ^ _237_/Y (sky130_fd_sc_hd__xnor2_4)
                                         _165_ (net)
                  0.20    0.00    3.20 ^ _255_/B (sky130_fd_sc_hd__or2_1)
     1    0.01    0.10    0.18    3.38 ^ _255_/X (sky130_fd_sc_hd__or2_1)
                                         _013_ (net)
                  0.10    0.00    3.38 ^ _256_/B (sky130_fd_sc_hd__nand2_2)
     2    0.02    0.07    0.10    3.48 v _256_/Y (sky130_fd_sc_hd__nand2_2)
                                         _014_ (net)
                  0.07    0.00    3.48 v _257_/C1 (sky130_fd_sc_hd__a311o_4)
     5    0.03    0.09    0.39    3.88 v _257_/X (sky130_fd_sc_hd__a311o_4)
                                         _015_ (net)
                  0.09    0.00    3.88 v _338_/A (sky130_fd_sc_hd__and3_1)
     1    0.00    0.04    0.17    4.04 v _338_/X (sky130_fd_sc_hd__and3_1)
                                         _089_ (net)
                  0.04    0.00    4.04 v _346_/A (sky130_fd_sc_hd__or3_1)
     1    0.01    0.10    0.42    4.46 v _346_/X (sky130_fd_sc_hd__or3_1)
                                         _097_ (net)
                  0.10    0.00    4.46 v _347_/A (sky130_fd_sc_hd__clkbuf_1)
     1    0.00    0.03    0.12    4.58 v _347_/X (sky130_fd_sc_hd__clkbuf_1)
                                         net24 (net)
                  0.03    0.00    4.58 v output24/A (sky130_fd_sc_hd__buf_2)
     1    0.03    0.09    0.18    4.77 v output24/X (sky130_fd_sc_hd__buf_2)
                                         OUT[4] (net)
                  0.09    0.00    4.77 v OUT[4] (out)
                                  4.77   data arrival time

                  0.00   10.00   10.00   clock __VIRTUAL_CLK__ (rise edge)
                          0.00   10.00   clock network delay (ideal)
                         -0.25    9.75   clock uncertainty
                          0.00    9.75   clock reconvergence pessimism
                         -2.00    7.75   output external delay
                                  7.75   data required time
-----------------------------------------------------------------------------
                                  7.75   data required time
                                 -4.77   data arrival time
-----------------------------------------------------------------------------
                                  2.98   slack (MET)


Startpoint: B[0] (input port clocked by __VIRTUAL_CLK__)
Endpoint: OUT[5] (output port clocked by __VIRTUAL_CLK__)
Path Group: __VIRTUAL_CLK__
Path Type: max

Fanout     Cap    Slew   Delay    Time   Description
-----------------------------------------------------------------------------
                  0.00    0.00    0.00   clock __VIRTUAL_CLK__ (rise edge)
                          0.00    0.00   clock network delay (ideal)
                          2.00    2.00 v input external delay
     1    0.00    0.01    0.00    2.00 v B[0] (in)
                                         B[0] (net)
                  0.01    0.00    2.00 v input9/A (sky130_fd_sc_hd__dlymetal6s2s_1)
     4    0.02    0.10    0.18    2.19 v input9/X (sky130_fd_sc_hd__dlymetal6s2s_1)
                                         net9 (net)
                  0.10    0.00    2.19 v _234_/A (sky130_fd_sc_hd__or2_2)
     4    0.02    0.10    0.39    2.58 v _234_/X (sky130_fd_sc_hd__or2_2)
                                         _162_ (net)
                  0.10    0.00    2.58 v _236_/A3 (sky130_fd_sc_hd__o31a_2)
     3    0.03    0.11    0.39    2.97 v _236_/X (sky130_fd_sc_hd__o31a_2)
                                         _164_ (net)
                  0.11    0.00    2.97 v _237_/B (sky130_fd_sc_hd__xnor2_4)
     2    0.02    0.20    0.23    3.20 ^ _237_/Y (sky130_fd_sc_hd__xnor2_4)
                                         _165_ (net)
                  0.20    0.00    3.20 ^ _255_/B (sky130_fd_sc_hd__or2_1)
     1    0.01    0.10    0.18    3.38 ^ _255_/X (sky130_fd_sc_hd__or2_1)
                                         _013_ (net)
                  0.10    0.00    3.38 ^ _256_/B (sky130_fd_sc_hd__nand2_2)
     2    0.02    0.07    0.10    3.48 v _256_/Y (sky130_fd_sc_hd__nand2_2)
                                         _014_ (net)
                  0.07    0.00    3.48 v _257_/C1 (sky130_fd_sc_hd__a311o_4)
     5    0.03    0.09    0.39    3.88 v _257_/X (sky130_fd_sc_hd__a311o_4)
                                         _015_ (net)
                  0.09    0.00    3.88 v _263_/A2 (sky130_fd_sc_hd__a21o_1)
     1    0.00    0.04    0.21    4.09 v _263_/X (sky130_fd_sc_hd__a21o_1)
                                         _021_ (net)
                  0.04    0.00    4.09 v _266_/A (sky130_fd_sc_hd__and3_1)
     1    0.01    0.06    0.18    4.26 v _266_/X (sky130_fd_sc_hd__and3_1)
                                         _024_ (net)
                  0.06    0.00    4.26 v _267_/C1 (sky130_fd_sc_hd__a211o_1)
     1    0.01    0.06    0.26    4.52 v _267_/X (sky130_fd_sc_hd__a211o_1)
                                         net25 (net)
                  0.06    0.00    4.52 v output25/A (sky130_fd_sc_hd__buf_2)
     1    0.03    0.09    0.20    4.72 v output25/X (sky130_fd_sc_hd__buf_2)
                                         OUT[5] (net)
                  0.09    0.00    4.72 v OUT[5] (out)
                                  4.72   data arrival time

                  0.00   10.00   10.00   clock __VIRTUAL_CLK__ (rise edge)
                          0.00   10.00   clock network delay (ideal)
                         -0.25    9.75   clock uncertainty
                          0.00    9.75   clock reconvergence pessimism
                         -2.00    7.75   output external delay
                                  7.75   data required time
-----------------------------------------------------------------------------
                                  7.75   data required time
                                 -4.72   data arrival time
-----------------------------------------------------------------------------
                                  3.03   slack (MET)


Startpoint: OPCODE[0] (input port clocked by __VIRTUAL_CLK__)
Endpoint: OUT[3] (output port clocked by __VIRTUAL_CLK__)
Path Group: __VIRTUAL_CLK__
Path Type: max

Fanout     Cap    Slew   Delay    Time   Description
-----------------------------------------------------------------------------
                  0.00    0.00    0.00   clock __VIRTUAL_CLK__ (rise edge)
                          0.00    0.00   clock network delay (ideal)
                          2.00    2.00 v input external delay
     1    0.00    0.01    0.00    2.00 v OPCODE[0] (in)
                                         OPCODE[0] (net)
                  0.01    0.00    2.00 v input17/A (sky130_fd_sc_hd__clkbuf_2)
     5    0.02    0.09    0.15    2.15 v input17/X (sky130_fd_sc_hd__clkbuf_2)
                                         net17 (net)
                  0.09    0.00    2.15 v _235_/A_N (sky130_fd_sc_hd__nand3b_4)
     9    0.03    0.13    0.24    2.40 v _235_/Y (sky130_fd_sc_hd__nand3b_4)
                                         _163_ (net)
                  0.13    0.00    2.40 v _242_/C (sky130_fd_sc_hd__and3_1)
     2    0.01    0.07    0.26    2.66 v _242_/X (sky130_fd_sc_hd__and3_1)
                                         _000_ (net)
                  0.07    0.00    2.66 v _245_/B (sky130_fd_sc_hd__or3_1)
     2    0.01    0.11    0.42    3.08 v _245_/X (sky130_fd_sc_hd__or3_1)
                                         _003_ (net)
                  0.11    0.00    3.08 v _247_/B (sky130_fd_sc_hd__and3b_2)
     3    0.02    0.07    0.28    3.36 v _247_/X (sky130_fd_sc_hd__and3b_2)
                                         _005_ (net)
                  0.07    0.00    3.36 v _250_/A2 (sky130_fd_sc_hd__o21ai_4)
     4    0.02    0.19    0.20    3.56 ^ _250_/Y (sky130_fd_sc_hd__o21ai_4)
                                         _008_ (net)
                  0.19    0.00    3.56 ^ _328_/B (sky130_fd_sc_hd__nand2_1)
     1    0.01    0.08    0.11    3.67 v _328_/Y (sky130_fd_sc_hd__nand2_1)
                                         _080_ (net)
                  0.08    0.00    3.67 v _329_/B (sky130_fd_sc_hd__xnor2_1)
     1    0.01    0.07    0.16    3.83 v _329_/Y (sky130_fd_sc_hd__xnor2_1)
                                         _081_ (net)
                  0.07    0.00    3.83 v _335_/A2 (sky130_fd_sc_hd__a221o_1)
     1    0.01    0.09    0.42    4.25 v _335_/X (sky130_fd_sc_hd__a221o_1)
                                         net23 (net)
                  0.09    0.00    4.25 v output23/A (sky130_fd_sc_hd__buf_2)
     1    0.03    0.09    0.21    4.46 v output23/X (sky130_fd_sc_hd__buf_2)
                                         OUT[3] (net)
                  0.09    0.00    4.46 v OUT[3] (out)
                                  4.46   data arrival time

                  0.00   10.00   10.00   clock __VIRTUAL_CLK__ (rise edge)
                          0.00   10.00   clock network delay (ideal)
                         -0.25    9.75   clock uncertainty
                          0.00    9.75   clock reconvergence pessimism
                         -2.00    7.75   output external delay
                                  7.75   data required time
-----------------------------------------------------------------------------
                                  7.75   data required time
                                 -4.46   data arrival time
-----------------------------------------------------------------------------
                                  3.29   slack (MET)


Startpoint: OPCODE[0] (input port clocked by __VIRTUAL_CLK__)
Endpoint: OUT[1] (output port clocked by __VIRTUAL_CLK__)
Path Group: __VIRTUAL_CLK__
Path Type: max

Fanout     Cap    Slew   Delay    Time   Description
-----------------------------------------------------------------------------
                  0.00    0.00    0.00   clock __VIRTUAL_CLK__ (rise edge)
                          0.00    0.00   clock network delay (ideal)
                          2.00    2.00 v input external delay
     1    0.00    0.01    0.00    2.00 v OPCODE[0] (in)
                                         OPCODE[0] (net)
                  0.01    0.00    2.00 v input17/A (sky130_fd_sc_hd__clkbuf_2)
     5    0.02    0.09    0.15    2.15 v input17/X (sky130_fd_sc_hd__clkbuf_2)
                                         net17 (net)
                  0.09    0.00    2.15 v _235_/A_N (sky130_fd_sc_hd__nand3b_4)
     9    0.03    0.13    0.24    2.40 v _235_/Y (sky130_fd_sc_hd__nand3b_4)
                                         _163_ (net)
                  0.13    0.00    2.40 v _242_/C (sky130_fd_sc_hd__and3_1)
     2    0.01    0.07    0.26    2.66 v _242_/X (sky130_fd_sc_hd__and3_1)
                                         _000_ (net)
                  0.07    0.00    2.66 v _245_/B (sky130_fd_sc_hd__or3_1)
     2    0.01    0.11    0.42    3.08 v _245_/X (sky130_fd_sc_hd__or3_1)
                                         _003_ (net)
                  0.11    0.00    3.08 v _314_/B (sky130_fd_sc_hd__and2b_1)
     1    0.01    0.06    0.22    3.30 v _314_/X (sky130_fd_sc_hd__and2b_1)
                                         _068_ (net)
                  0.06    0.00    3.30 v _315_/A (sky130_fd_sc_hd__nor2_1)
     1    0.01    0.13    0.15    3.45 ^ _315_/Y (sky130_fd_sc_hd__nor2_1)
                                         _069_ (net)
                  0.13    0.00    3.45 ^ _316_/B (sky130_fd_sc_hd__or3b_1)
     1    0.01    0.08    0.16    3.61 ^ _316_/X (sky130_fd_sc_hd__or3b_1)
                                         _070_ (net)
                  0.08    0.00    3.61 ^ _317_/D_N (sky130_fd_sc_hd__or4b_1)
     1    0.00    0.08    0.46    4.07 v _317_/X (sky130_fd_sc_hd__or4b_1)
                                         _071_ (net)
                  0.08    0.00    4.07 v _318_/A (sky130_fd_sc_hd__clkbuf_1)
     1    0.00    0.04    0.12    4.19 v _318_/X (sky130_fd_sc_hd__clkbuf_1)
                                         net21 (net)
                  0.04    0.00    4.19 v output21/A (sky130_fd_sc_hd__buf_2)
     1    0.03    0.09    0.19    4.38 v output21/X (sky130_fd_sc_hd__buf_2)
                                         OUT[1] (net)
                  0.09    0.00    4.38 v OUT[1] (out)
                                  4.38   data arrival time

                  0.00   10.00   10.00   clock __VIRTUAL_CLK__ (rise edge)
                          0.00   10.00   clock network delay (ideal)
                         -0.25    9.75   clock uncertainty
                          0.00    9.75   clock reconvergence pessimism
                         -2.00    7.75   output external delay
                                  7.75   data required time
-----------------------------------------------------------------------------
                                  7.75   data required time
                                 -4.38   data arrival time
-----------------------------------------------------------------------------
                                  3.37   slack (MET)


Startpoint: B[0] (input port clocked by __VIRTUAL_CLK__)
Endpoint: OUT[2] (output port clocked by __VIRTUAL_CLK__)
Path Group: __VIRTUAL_CLK__
Path Type: max

Fanout     Cap    Slew   Delay    Time   Description
-----------------------------------------------------------------------------
                  0.00    0.00    0.00   clock __VIRTUAL_CLK__ (rise edge)
                          0.00    0.00   clock network delay (ideal)
                          2.00    2.00 v input external delay
     1    0.00    0.01    0.00    2.00 v B[0] (in)
                                         B[0] (net)
                  0.01    0.00    2.00 v input9/A (sky130_fd_sc_hd__dlymetal6s2s_1)
     4    0.02    0.10    0.18    2.19 v input9/X (sky130_fd_sc_hd__dlymetal6s2s_1)
                                         net9 (net)
                  0.10    0.00    2.19 v _234_/A (sky130_fd_sc_hd__or2_2)
     4    0.02    0.10    0.39    2.58 v _234_/X (sky130_fd_sc_hd__or2_2)
                                         _162_ (net)
                  0.10    0.00    2.58 v _240_/C (sky130_fd_sc_hd__and3_1)
     2    0.01    0.08    0.26    2.84 v _240_/X (sky130_fd_sc_hd__and3_1)
                                         _168_ (net)
                  0.08    0.00    2.84 v _248_/C (sky130_fd_sc_hd__or3_1)
     1    0.00    0.07    0.33    3.18 v _248_/X (sky130_fd_sc_hd__or3_1)
                                         _006_ (net)
                  0.07    0.00    3.18 v _249_/B (sky130_fd_sc_hd__and2_2)
     2    0.02    0.07    0.25    3.43 v _249_/X (sky130_fd_sc_hd__and2_2)
                                         _007_ (net)
                  0.07    0.00    3.43 v _319_/A (sky130_fd_sc_hd__or3_1)
     1    0.01    0.09    0.42    3.85 v _319_/X (sky130_fd_sc_hd__or3_1)
                                         _072_ (net)
                  0.09    0.00    3.85 v _326_/A3 (sky130_fd_sc_hd__a31o_1)
     1    0.01    0.05    0.26    4.11 v _326_/X (sky130_fd_sc_hd__a31o_1)
                                         net22 (net)
                  0.05    0.00    4.11 v output22/A (sky130_fd_sc_hd__buf_2)
     1    0.03    0.09    0.19    4.31 v output22/X (sky130_fd_sc_hd__buf_2)
                                         OUT[2] (net)
                  0.09    0.00    4.31 v OUT[2] (out)
                                  4.31   data arrival time

                  0.00   10.00   10.00   clock __VIRTUAL_CLK__ (rise edge)
                          0.00   10.00   clock network delay (ideal)
                         -0.25    9.75   clock uncertainty
                          0.00    9.75   clock reconvergence pessimism
                         -2.00    7.75   output external delay
                                  7.75   data required time
-----------------------------------------------------------------------------
                                  7.75   data required time
                                 -4.31   data arrival time
-----------------------------------------------------------------------------
                                  3.44   slack (MET)


Startpoint: OPCODE[1] (input port clocked by __VIRTUAL_CLK__)
Endpoint: OUT[0] (output port clocked by __VIRTUAL_CLK__)
Path Group: __VIRTUAL_CLK__
Path Type: max

Fanout     Cap    Slew   Delay    Time   Description
-----------------------------------------------------------------------------
                  0.00    0.00    0.00   clock __VIRTUAL_CLK__ (rise edge)
                          0.00    0.00   clock network delay (ideal)
                          2.00    2.00 v input external delay
     1    0.00    0.01    0.00    2.00 v OPCODE[1] (in)
                                         OPCODE[1] (net)
                  0.01    0.00    2.00 v input18/A (sky130_fd_sc_hd__clkbuf_4)
     6    0.03    0.08    0.18    2.18 v input18/X (sky130_fd_sc_hd__clkbuf_4)
                                         net18 (net)
                  0.08    0.00    2.18 v _171_/B (sky130_fd_sc_hd__or2_2)
     4    0.02    0.10    0.37    2.55 v _171_/X (sky130_fd_sc_hd__or2_2)
                                         _099_ (net)
                  0.10    0.00    2.55 v _224_/B (sky130_fd_sc_hd__or2_1)
     1    0.00    0.05    0.24    2.79 v _224_/X (sky130_fd_sc_hd__or2_1)
                                         _152_ (net)
                  0.05    0.00    2.79 v _225_/A (sky130_fd_sc_hd__clkbuf_4)
     8    0.03    0.08    0.19    2.98 v _225_/X (sky130_fd_sc_hd__clkbuf_4)
                                         _153_ (net)
                  0.08    0.00    2.98 v _306_/A2 (sky130_fd_sc_hd__o21ai_1)
     1    0.01    0.15    0.17    3.15 ^ _306_/Y (sky130_fd_sc_hd__o21ai_1)
                                         _061_ (net)
                  0.15    0.00    3.15 ^ _307_/B1 (sky130_fd_sc_hd__a31o_1)
     1    0.01    0.11    0.17    3.33 ^ _307_/X (sky130_fd_sc_hd__a31o_1)
                                         net20 (net)
                  0.11    0.00    3.33 ^ output20/A (sky130_fd_sc_hd__buf_2)
     1    0.03    0.17    0.23    3.56 ^ output20/X (sky130_fd_sc_hd__buf_2)
                                         OUT[0] (net)
                  0.17    0.00    3.56 ^ OUT[0] (out)
                                  3.56   data arrival time

                  0.00   10.00   10.00   clock __VIRTUAL_CLK__ (rise edge)
                          0.00   10.00   clock network delay (ideal)
                         -0.25    9.75   clock uncertainty
                          0.00    9.75   clock reconvergence pessimism
                         -2.00    7.75   output external delay
                                  7.75   data required time
-----------------------------------------------------------------------------
                                  7.75   data required time
                                 -3.56   data arrival time
-----------------------------------------------------------------------------
                                  4.19   slack (MET)



worst slack corner Typical: 2.7293
max_report_end
checks_report

===========================================================================
report_checks -unconstrained
===========================================================================
======================= Typical Corner ===================================

Startpoint: B[0] (input port clocked by __VIRTUAL_CLK__)
Endpoint: OUT[6] (output port clocked by __VIRTUAL_CLK__)
Path Group: __VIRTUAL_CLK__
Path Type: max

Fanout     Cap    Slew   Delay    Time   Description
-----------------------------------------------------------------------------
                  0.00    0.00    0.00   clock __VIRTUAL_CLK__ (rise edge)
                          0.00    0.00   clock network delay (ideal)
                          2.00    2.00 v input external delay
     1    0.00    0.01    0.00    2.00 v B[0] (in)
                                         B[0] (net)
                  0.01    0.00    2.00 v input9/A (sky130_fd_sc_hd__dlymetal6s2s_1)
     4    0.02    0.10    0.18    2.19 v input9/X (sky130_fd_sc_hd__dlymetal6s2s_1)
                                         net9 (net)
                  0.10    0.00    2.19 v _234_/A (sky130_fd_sc_hd__or2_2)
     4    0.02    0.10    0.39    2.58 v _234_/X (sky130_fd_sc_hd__or2_2)
                                         _162_ (net)
                  0.10    0.00    2.58 v _236_/A3 (sky130_fd_sc_hd__o31a_2)
     3    0.03    0.11    0.39    2.97 v _236_/X (sky130_fd_sc_hd__o31a_2)
                                         _164_ (net)
                  0.11    0.00    2.97 v _268_/A3 (sky130_fd_sc_hd__o31a_1)
     2    0.01    0.10    0.33    3.30 v _268_/X (sky130_fd_sc_hd__o31a_1)
                                         _025_ (net)
                  0.10    0.00    3.30 v _269_/B (sky130_fd_sc_hd__xnor2_1)
     2    0.01    0.10    0.19    3.49 v _269_/Y (sky130_fd_sc_hd__xnor2_1)
                                         _026_ (net)
                  0.10    0.00    3.49 v _270_/B (sky130_fd_sc_hd__and2_1)
     3    0.01    0.07    0.23    3.72 v _270_/X (sky130_fd_sc_hd__and2_1)
                                         _027_ (net)
                  0.07    0.00    3.72 v _272_/A (sky130_fd_sc_hd__or2_1)
     2    0.01    0.09    0.30    4.02 v _272_/X (sky130_fd_sc_hd__or2_1)
                                         _029_ (net)
                  0.09    0.00    4.02 v _276_/B1 (sky130_fd_sc_hd__a311oi_4)
     3    0.01    0.28    0.35    4.37 ^ _276_/Y (sky130_fd_sc_hd__a311oi_4)
                                         _033_ (net)
                  0.28    0.00    4.37 ^ _277_/A_N (sky130_fd_sc_hd__and2b_1)
     1    0.01    0.05    0.25    4.61 v _277_/X (sky130_fd_sc_hd__and2b_1)
                                         _034_ (net)
                  0.05    0.00    4.61 v _291_/A2 (sky130_fd_sc_hd__a21o_1)
     1    0.01    0.06    0.21    4.82 v _291_/X (sky130_fd_sc_hd__a21o_1)
                                         net26 (net)
                  0.06    0.00    4.82 v output26/A (sky130_fd_sc_hd__buf_2)
     1    0.03    0.09    0.20    5.02 v output26/X (sky130_fd_sc_hd__buf_2)
                                         OUT[6] (net)
                  0.09    0.00    5.02 v OUT[6] (out)
                                  5.02   data arrival time

                  0.00   10.00   10.00   clock __VIRTUAL_CLK__ (rise edge)
                          0.00   10.00   clock network delay (ideal)
                         -0.25    9.75   clock uncertainty
                          0.00    9.75   clock reconvergence pessimism
                         -2.00    7.75   output external delay
                                  7.75   data required time
-----------------------------------------------------------------------------
                                  7.75   data required time
                                 -5.02   data arrival time
-----------------------------------------------------------------------------
                                  2.73   slack (MET)




===========================================================================
report_checks --slack_max -0.01
============================================================================
======================= Typical Corner ===================================

No paths found.


===========================================================================
 report_check_types -max_slew -max_cap -max_fanout -violators
============================================================================
======================= Typical Corner ===================================


max slew violations count Typical: 0
max fanout violations count Typical: 0
max cap violations count Typical: 0

===========================================================================
report_parasitic_annotation -report_unannotated
============================================================================
Found 0 unannotated drivers.
Found 0 partially unannotated drivers.

===========================================================================
max slew violation count 0
max fanout violation count 0
max cap violation count 0
============================================================================

===========================================================================
check_setup -verbose -unconstrained_endpoints -multiple_clock -no_clock -no_input_delay -loops -generated_clocks
===========================================================================
checks_report_end
power_report

===========================================================================
 report_power
============================================================================
======================= Typical Corner ===================================

Group                  Internal  Switching    Leakage      Total
                          Power      Power      Power      Power (Watts)
----------------------------------------------------------------
Sequential             0.00e+00   0.00e+00   0.00e+00   0.00e+00   0.0%
Combinational          4.51e-05   7.59e-05   7.77e-10   1.21e-04 100.0%
Clock                  0.00e+00   0.00e+00   1.81e-10   1.81e-10   0.0%
Macro                  0.00e+00   0.00e+00   0.00e+00   0.00e+00   0.0%
Pad                    0.00e+00   0.00e+00   0.00e+00   0.00e+00   0.0%
----------------------------------------------------------------
Total                  4.51e-05   7.59e-05   9.58e-10   1.21e-04 100.0%
                          37.3%      62.7%       0.0%

power_report_end
summary_report

===========================================================================
report_tns
============================================================================
tns 0.00

===========================================================================
report_wns
============================================================================
wns 0.00

===========================================================================
report_worst_slack -max (Setup)
============================================================================
worst slack 2.73

===========================================================================
report_worst_slack -min (Hold)
============================================================================
worst slack 4.41
summary_report_end
area_report

===========================================================================
report_design_area
============================================================================
Design area 1722 u^2 25% utilization.
area_report_end
check_nonpropagated_clocks
__VIRTUAL_CLK__
check_nonpropagated_clocks_end
[WARNING] Did not save OpenROAD database!
Writing SDF to '/openlane/designs/labwork2_src/runs/RUN_2025.05.02_17.16.36/results/signoff/labwork2_src.sdf'…
Writing timing model to '/openlane/designs/labwork2_src/runs/RUN_2025.05.02_17.16.36/results/signoff/labwork2_src.lib'…
